[ 2016-08-25T20:05:33+08:00 ] ::1 /meizushangchengtpnew/index.php/home
INFO: [ app_init ] --START--
INFO: Run Behavior\BuildLiteBehavior [ RunTime:0.001000s ]
INFO: [ app_init ] --END-- [ RunTime:0.027002s ]
INFO: [ app_begin ] --START--
INFO: Run Behavior\ReadHtmlCacheBehavior [ RunTime:0.007000s ]
INFO: [ app_begin ] --END-- [ RunTime:0.007000s ]
SQL: select * from shop_category where pid = 0 order by sort  [ RunTime:0.0440s ]
SQL: select good_id,good_name,good_pic,good_marketprice,isnew from shop_goods where cate_id = '1' and ispublish = 1 order by good_id desc limit 6 [ RunTime:0.0760s ]
SQL: select good_id,good_name,good_pic,good_marketprice,isnew from shop_goods where cate_id = '28' and ispublish = 1 order by good_id desc limit 6 [ RunTime:0.0020s ]
SQL: select good_id,good_name,good_pic,good_marketprice,isnew from shop_goods where cate_id = '7' and ispublish = 1 order by good_id desc limit 6 [ RunTime:0.0020s ]
SQL: select good_id,good_name,good_pic,good_marketprice,isnew from shop_goods where cate_id = '36' and ispublish = 1 order by good_id desc limit 6 [ RunTime:0.0000s ]
SQL: select good_id,good_name,good_pic,good_marketprice,isnew from shop_goods where cate_id = '30' and ispublish = 1 order by good_id desc limit 6 [ RunTime:0.0010s ]
SQL: select good_id,good_name,good_pic,good_marketprice,isnew from shop_goods where cate_id = '37' and ispublish = 1 order by good_id desc limit 6 [ RunTime:0.0000s ]
SQL: select good_id,good_name,good_pic,good_marketprice,isnew from shop_goods where cate_id = '38' and ispublish = 1 order by good_id desc limit 6 [ RunTime:0.0000s ]
SQL: select * from shop_category where pid = 0 order by sort limit 7 [ RunTime:0.0010s ]
SQL: select good_id,good_name,good_pic from shop_goods where cate_id = '1' and ispublish = 1 order by good_id desc limit 10 [ RunTime:0.0010s ]
SQL: select good_id,good_name,good_pic from shop_goods where cate_id = '28' and ispublish = 1 order by good_id desc limit 10 [ RunTime:0.0010s ]
SQL: select good_id,good_name,good_pic from shop_goods where cate_id = '7' and ispublish = 1 order by good_id desc limit 10 [ RunTime:0.0010s ]
SQL: select good_id,good_name,good_pic from shop_goods where cate_id = '36' and ispublish = 1 order by good_id desc limit 10 [ RunTime:0.0010s ]
SQL: select good_id,good_name,good_pic from shop_goods where cate_id = '30' and ispublish = 1 order by good_id desc limit 10 [ RunTime:0.0010s ]
SQL: select good_id,good_name,good_pic from shop_goods where cate_id = '37' and ispublish = 1 order by good_id desc limit 10 [ RunTime:0.0010s ]
SQL: select good_id,good_name,good_pic from shop_goods where cate_id = '38' and ispublish = 1 order by good_id desc limit 10 [ RunTime:0.0010s ]
SQL: select * from banner where status = 1 limit 5 [ RunTime:0.0380s ]
SQL: select * from shop_goods where ispublish = 1 and isnew = 1 order  by good_id desc limit 15 [ RunTime:0.0020s ]
SQL: select * from shop_category where pid = 0 order by sort [ RunTime:0.0000s ]
SQL: select good_id,good_name,good_pic,good_marketprice,isnew from shop_goods where cate_id = '1' and ispublish = 1 order by good_id desc limit 10 [ RunTime:0.0010s ]
SQL: select good_id,good_name,good_pic,good_marketprice,isnew from shop_goods where cate_id = '28' and ispublish = 1 order by good_id desc limit 10 [ RunTime:0.0020s ]
SQL: select good_id,good_name,good_pic,good_marketprice,isnew from shop_goods where cate_id = '7' and ispublish = 1 order by good_id desc limit 10 [ RunTime:0.0010s ]
SQL: select good_id,good_name,good_pic,good_marketprice,isnew from shop_goods where cate_id = '36' and ispublish = 1 order by good_id desc limit 10 [ RunTime:0.0000s ]
SQL: select good_id,good_name,good_pic,good_marketprice,isnew from shop_goods where cate_id = '38' and ispublish = 1 order by good_id desc limit 10 [ RunTime:0.0000s ]
INFO: [ view_parse ] --START--
INFO: [ template_filter ] --START--
INFO: Run Behavior\ContentReplaceBehavior [ RunTime:0.008001s ]
INFO: [ template_filter ] --END-- [ RunTime:0.009001s ]
NOTIC: [8] Undefined index: good_pic E:\wamp\www\meizushangchengtpnew\meizu\Runtime\Cache\Home\9bb6c74632b0adeb99049304361bfc53.php 第 184 行.
NOTIC: [8] Undefined index: good_pic E:\wamp\www\meizushangchengtpnew\meizu\Runtime\Cache\Home\9bb6c74632b0adeb99049304361bfc53.php 第 184 行.
NOTIC: [8] Undefined index: good_pic E:\wamp\www\meizushangchengtpnew\meizu\Runtime\Cache\Home\9bb6c74632b0adeb99049304361bfc53.php 第 184 行.
NOTIC: [8] Undefined index: good_pic E:\wamp\www\meizushangchengtpnew\meizu\Runtime\Cache\Home\9bb6c74632b0adeb99049304361bfc53.php 第 184 行.
NOTIC: [8] Undefined index: good_pic E:\wamp\www\meizushangchengtpnew\meizu\Runtime\Cache\Home\9bb6c74632b0adeb99049304361bfc53.php 第 184 行.
NOTIC: [8] Undefined index: good_pic E:\wamp\www\meizushangchengtpnew\meizu\Runtime\Cache\Home\9bb6c74632b0adeb99049304361bfc53.php 第 184 行.
NOTIC: [8] Undefined index: good_pic E:\wamp\www\meizushangchengtpnew\meizu\Runtime\Cache\Home\9bb6c74632b0adeb99049304361bfc53.php 第 184 行.
NOTIC: [8] Undefined index: desc E:\wamp\www\meizushangchengtpnew\meizu\Runtime\Cache\Home\9bb6c74632b0adeb99049304361bfc53.php 第 345 行.
NOTIC: [8] Undefined index: desc E:\wamp\www\meizushangchengtpnew\meizu\Runtime\Cache\Home\9bb6c74632b0adeb99049304361bfc53.php 第 345 行.
NOTIC: [8] Undefined index: desc E:\wamp\www\meizushangchengtpnew\meizu\Runtime\Cache\Home\9bb6c74632b0adeb99049304361bfc53.php 第 345 行.
NOTIC: [8] Undefined index: desc E:\wamp\www\meizushangchengtpnew\meizu\Runtime\Cache\Home\9bb6c74632b0adeb99049304361bfc53.php 第 345 行.
NOTIC: [8] Undefined index: desc E:\wamp\www\meizushangchengtpnew\meizu\Runtime\Cache\Home\9bb6c74632b0adeb99049304361bfc53.php 第 345 行.
NOTIC: [8] Undefined index: desc E:\wamp\www\meizushangchengtpnew\meizu\Runtime\Cache\Home\9bb6c74632b0adeb99049304361bfc53.php 第 345 行.
NOTIC: [8] Undefined index: desc E:\wamp\www\meizushangchengtpnew\meizu\Runtime\Cache\Home\9bb6c74632b0adeb99049304361bfc53.php 第 345 行.
NOTIC: [8] Undefined index: desc E:\wamp\www\meizushangchengtpnew\meizu\Runtime\Cache\Home\9bb6c74632b0adeb99049304361bfc53.php 第 345 行.
NOTIC: [8] Undefined index: desc E:\wamp\www\meizushangchengtpnew\meizu\Runtime\Cache\Home\9bb6c74632b0adeb99049304361bfc53.php 第 345 行.
NOTIC: [8] Undefined index: desc E:\wamp\www\meizushangchengtpnew\meizu\Runtime\Cache\Home\9bb6c74632b0adeb99049304361bfc53.php 第 345 行.
NOTIC: [8] Undefined index: desc E:\wamp\www\meizushangchengtpnew\meizu\Runtime\Cache\Home\9bb6c74632b0adeb99049304361bfc53.php 第 345 行.
NOTIC: [8] Undefined index: desc E:\wamp\www\meizushangchengtpnew\meizu\Runtime\Cache\Home\9bb6c74632b0adeb99049304361bfc53.php 第 345 行.
NOTIC: [8] Undefined index: desc E:\wamp\www\meizushangchengtpnew\meizu\Runtime\Cache\Home\9bb6c74632b0adeb99049304361bfc53.php 第 345 行.
NOTIC: [8] Undefined index: desc E:\wamp\www\meizushangchengtpnew\meizu\Runtime\Cache\Home\9bb6c74632b0adeb99049304361bfc53.php 第 345 行.
NOTIC: [8] Undefined index: desc E:\wamp\www\meizushangchengtpnew\meizu\Runtime\Cache\Home\9bb6c74632b0adeb99049304361bfc53.php 第 345 行.
NOTIC: [8] Undefined index: good_desc E:\wamp\www\meizushangchengtpnew\meizu\Runtime\Cache\Home\9bb6c74632b0adeb99049304361bfc53.php 第 428 行.
NOTIC: [8] Undefined index: good_desc E:\wamp\www\meizushangchengtpnew\meizu\Runtime\Cache\Home\9bb6c74632b0adeb99049304361bfc53.php 第 428 行.
NOTIC: [8] Undefined index: good_desc E:\wamp\www\meizushangchengtpnew\meizu\Runtime\Cache\Home\9bb6c74632b0adeb99049304361bfc53.php 第 428 行.
NOTIC: [8] Undefined index: good_desc E:\wamp\www\meizushangchengtpnew\meizu\Runtime\Cache\Home\9bb6c74632b0adeb99049304361bfc53.php 第 428 行.
NOTIC: [8] Undefined index: good_desc E:\wamp\www\meizushangchengtpnew\meizu\Runtime\Cache\Home\9bb6c74632b0adeb99049304361bfc53.php 第 428 行.
NOTIC: [8] Undefined index: good_desc E:\wamp\www\meizushangchengtpnew\meizu\Runtime\Cache\Home\9bb6c74632b0adeb99049304361bfc53.php 第 428 行.
NOTIC: [8] Undefined index: good_desc E:\wamp\www\meizushangchengtpnew\meizu\Runtime\Cache\Home\9bb6c74632b0adeb99049304361bfc53.php 第 428 行.
NOTIC: [8] Undefined index: good_desc E:\wamp\www\meizushangchengtpnew\meizu\Runtime\Cache\Home\9bb6c74632b0adeb99049304361bfc53.php 第 428 行.
NOTIC: [8] Undefined index: good_desc E:\wamp\www\meizushangchengtpnew\meizu\Runtime\Cache\Home\9bb6c74632b0adeb99049304361bfc53.php 第 428 行.
NOTIC: [8] Undefined index: good_desc E:\wamp\www\meizushangchengtpnew\meizu\Runtime\Cache\Home\9bb6c74632b0adeb99049304361bfc53.php 第 428 行.
NOTIC: [8] Undefined index: good_desc E:\wamp\www\meizushangchengtpnew\meizu\Runtime\Cache\Home\9bb6c74632b0adeb99049304361bfc53.php 第 428 行.
NOTIC: [8] Undefined index: good_desc E:\wamp\www\meizushangchengtpnew\meizu\Runtime\Cache\Home\9bb6c74632b0adeb99049304361bfc53.php 第 428 行.
NOTIC: [8] Undefined index: good_desc E:\wamp\www\meizushangchengtpnew\meizu\Runtime\Cache\Home\9bb6c74632b0adeb99049304361bfc53.php 第 428 行.
NOTIC: [8] Undefined index: good_desc E:\wamp\www\meizushangchengtpnew\meizu\Runtime\Cache\Home\9bb6c74632b0adeb99049304361bfc53.php 第 428 行.
NOTIC: [8] Undefined index: good_desc E:\wamp\www\meizushangchengtpnew\meizu\Runtime\Cache\Home\9bb6c74632b0adeb99049304361bfc53.php 第 428 行.
NOTIC: [8] Undefined index: good_desc E:\wamp\www\meizushangchengtpnew\meizu\Runtime\Cache\Home\9bb6c74632b0adeb99049304361bfc53.php 第 428 行.
NOTIC: [8] Undefined index: good_desc E:\wamp\www\meizushangchengtpnew\meizu\Runtime\Cache\Home\9bb6c74632b0adeb99049304361bfc53.php 第 428 行.
NOTIC: [8] Undefined index: good_desc E:\wamp\www\meizushangchengtpnew\meizu\Runtime\Cache\Home\9bb6c74632b0adeb99049304361bfc53.php 第 428 行.
NOTIC: [8] Undefined index: good_desc E:\wamp\www\meizushangchengtpnew\meizu\Runtime\Cache\Home\9bb6c74632b0adeb99049304361bfc53.php 第 428 行.
NOTIC: [8] Undefined index: good_desc E:\wamp\www\meizushangchengtpnew\meizu\Runtime\Cache\Home\9bb6c74632b0adeb99049304361bfc53.php 第 428 行.
NOTIC: [8] Undefined index: good_desc E:\wamp\www\meizushangchengtpnew\meizu\Runtime\Cache\Home\9bb6c74632b0adeb99049304361bfc53.php 第 428 行.
NOTIC: [8] Undefined index: good_desc E:\wamp\www\meizushangchengtpnew\meizu\Runtime\Cache\Home\9bb6c74632b0adeb99049304361bfc53.php 第 428 行.
NOTIC: [8] Undefined index: good_desc E:\wamp\www\meizushangchengtpnew\meizu\Runtime\Cache\Home\9bb6c74632b0adeb99049304361bfc53.php 第 428 行.
NOTIC: [8] Undefined index: good_desc E:\wamp\www\meizushangchengtpnew\meizu\Runtime\Cache\Home\9bb6c74632b0adeb99049304361bfc53.php 第 428 行.
NOTIC: [8] Undefined index: good_desc E:\wamp\www\meizushangchengtpnew\meizu\Runtime\Cache\Home\9bb6c74632b0adeb99049304361bfc53.php 第 428 行.
NOTIC: [8] Undefined index: good_desc E:\wamp\www\meizushangchengtpnew\meizu\Runtime\Cache\Home\9bb6c74632b0adeb99049304361bfc53.php 第 428 行.
NOTIC: [8] Undefined index: good_desc E:\wamp\www\meizushangchengtpnew\meizu\Runtime\Cache\Home\9bb6c74632b0adeb99049304361bfc53.php 第 428 行.
NOTIC: [8] Undefined index: good_desc E:\wamp\www\meizushangchengtpnew\meizu\Runtime\Cache\Home\9bb6c74632b0adeb99049304361bfc53.php 第 428 行.
NOTIC: [8] Undefined index: good_desc E:\wamp\www\meizushangchengtpnew\meizu\Runtime\Cache\Home\9bb6c74632b0adeb99049304361bfc53.php 第 428 行.
NOTIC: [8] Undefined index: good_desc E:\wamp\www\meizushangchengtpnew\meizu\Runtime\Cache\Home\9bb6c74632b0adeb99049304361bfc53.php 第 428 行.
NOTIC: [8] Undefined index: good_desc E:\wamp\www\meizushangchengtpnew\meizu\Runtime\Cache\Home\9bb6c74632b0adeb99049304361bfc53.php 第 428 行.
NOTIC: [8] Undefined index: good_desc E:\wamp\www\meizushangchengtpnew\meizu\Runtime\Cache\Home\9bb6c74632b0adeb99049304361bfc53.php 第 428 行.
NOTIC: [8] Undefined index: good_desc E:\wamp\www\meizushangchengtpnew\meizu\Runtime\Cache\Home\9bb6c74632b0adeb99049304361bfc53.php 第 428 行.
NOTIC: [8] Undefined index: good_desc E:\wamp\www\meizushangchengtpnew\meizu\Runtime\Cache\Home\9bb6c74632b0adeb99049304361bfc53.php 第 428 行.
NOTIC: [8] Undefined index: good_desc E:\wamp\www\meizushangchengtpnew\meizu\Runtime\Cache\Home\9bb6c74632b0adeb99049304361bfc53.php 第 428 行.
INFO: Run Behavior\ParseTemplateBehavior [ RunTime:0.124007s ]
INFO: [ view_parse ] --END-- [ RunTime:0.124007s ]
INFO: [ view_filter ] --START--
INFO: Run Behavior\WriteHtmlCacheBehavior [ RunTime:0.003001s ]
INFO: [ view_filter ] --END-- [ RunTime:0.003001s ]
INFO: [ app_end ] --START--
INFO: Run Behavior\ShowPageTraceBehavior [ RunTime:0.078004s ]
INFO: [ app_end ] --END-- [ RunTime:0.078004s ]

[ 2016-08-25T20:05:46+08:00 ] ::1 /meizushangchengtpnew/index.php/home
INFO: [ app_init ] --START--
INFO: Run Behavior\BuildLiteBehavior [ RunTime:0.000000s ]
INFO: [ app_init ] --END-- [ RunTime:0.001000s ]
INFO: [ app_begin ] --START--
INFO: Run Behavior\ReadHtmlCacheBehavior [ RunTime:0.001000s ]
INFO: [ app_begin ] --END-- [ RunTime:0.001000s ]
SQL: select * from shop_category where pid = 0 order by sort  [ RunTime:0.0020s ]
SQL: select good_id,good_name,good_pic,good_marketprice,isnew from shop_goods where cate_id = '1' and ispublish = 1 order by good_id desc limit 6 [ RunTime:0.0030s ]
SQL: select good_id,good_name,good_pic,good_marketprice,isnew from shop_goods where cate_id = '28' and ispublish = 1 order by good_id desc limit 6 [ RunTime:0.0020s ]
SQL: select good_id,good_name,good_pic,good_marketprice,isnew from shop_goods where cate_id = '7' and ispublish = 1 order by good_id desc limit 6 [ RunTime:0.0000s ]
SQL: select good_id,good_name,good_pic,good_marketprice,isnew from shop_goods where cate_id = '36' and ispublish = 1 order by good_id desc limit 6 [ RunTime:0.0000s ]
SQL: select good_id,good_name,good_pic,good_marketprice,isnew from shop_goods where cate_id = '30' and ispublish = 1 order by good_id desc limit 6 [ RunTime:0.0000s ]
SQL: select good_id,good_name,good_pic,good_marketprice,isnew from shop_goods where cate_id = '37' and ispublish = 1 order by good_id desc limit 6 [ RunTime:0.0000s ]
SQL: select good_id,good_name,good_pic,good_marketprice,isnew from shop_goods where cate_id = '38' and ispublish = 1 order by good_id desc limit 6 [ RunTime:0.0020s ]
SQL: select * from shop_category where pid = 0 order by sort limit 7 [ RunTime:0.0030s ]
SQL: select good_id,good_name,good_pic from shop_goods where cate_id = '1' and ispublish = 1 order by good_id desc limit 10 [ RunTime:0.0020s ]
SQL: select good_id,good_name,good_pic from shop_goods where cate_id = '28' and ispublish = 1 order by good_id desc limit 10 [ RunTime:0.0020s ]
SQL: select good_id,good_name,good_pic from shop_goods where cate_id = '7' and ispublish = 1 order by good_id desc limit 10 [ RunTime:0.0020s ]
SQL: select good_id,good_name,good_pic from shop_goods where cate_id = '36' and ispublish = 1 order by good_id desc limit 10 [ RunTime:0.0000s ]
SQL: select good_id,good_name,good_pic from shop_goods where cate_id = '30' and ispublish = 1 order by good_id desc limit 10 [ RunTime:0.0000s ]
SQL: select good_id,good_name,good_pic from shop_goods where cate_id = '37' and ispublish = 1 order by good_id desc limit 10 [ RunTime:0.0000s ]
SQL: select good_id,good_name,good_pic from shop_goods where cate_id = '38' and ispublish = 1 order by good_id desc limit 10 [ RunTime:0.0000s ]
SQL: select * from banner where status = 1 limit 5 [ RunTime:0.0010s ]
SQL: select * from shop_goods where ispublish = 1 and isnew = 1 order  by good_id desc limit 15 [ RunTime:0.0020s ]
SQL: select * from shop_category where pid = 0 order by sort [ RunTime:0.0020s ]
SQL: select good_id,good_name,good_pic,good_marketprice,isnew from shop_goods where cate_id = '1' and ispublish = 1 order by good_id desc limit 10 [ RunTime:0.0010s ]
SQL: select good_id,good_name,good_pic,good_marketprice,isnew from shop_goods where cate_id = '28' and ispublish = 1 order by good_id desc limit 10 [ RunTime:0.0010s ]
SQL: select good_id,good_name,good_pic,good_marketprice,isnew from shop_goods where cate_id = '7' and ispublish = 1 order by good_id desc limit 10 [ RunTime:0.0010s ]
SQL: select good_id,good_name,good_pic,good_marketprice,isnew from shop_goods where cate_id = '36' and ispublish = 1 order by good_id desc limit 10 [ RunTime:0.0010s ]
SQL: select good_id,good_name,good_pic,good_marketprice,isnew from shop_goods where cate_id = '38' and ispublish = 1 order by good_id desc limit 10 [ RunTime:0.0010s ]
INFO: [ view_parse ] --START--
INFO: [ template_filter ] --START--
INFO: Run Behavior\ContentReplaceBehavior [ RunTime:0.000000s ]
INFO: [ template_filter ] --END-- [ RunTime:0.000000s ]
NOTIC: [8] Undefined index: good_pic E:\wamp\www\meizushangchengtpnew\meizu\Runtime\Cache\Home\9bb6c74632b0adeb99049304361bfc53.php 第 184 行.
NOTIC: [8] Undefined index: good_pic E:\wamp\www\meizushangchengtpnew\meizu\Runtime\Cache\Home\9bb6c74632b0adeb99049304361bfc53.php 第 184 行.
NOTIC: [8] Undefined index: good_pic E:\wamp\www\meizushangchengtpnew\meizu\Runtime\Cache\Home\9bb6c74632b0adeb99049304361bfc53.php 第 184 行.
NOTIC: [8] Undefined index: good_pic E:\wamp\www\meizushangchengtpnew\meizu\Runtime\Cache\Home\9bb6c74632b0adeb99049304361bfc53.php 第 184 行.
NOTIC: [8] Undefined index: good_pic E:\wamp\www\meizushangchengtpnew\meizu\Runtime\Cache\Home\9bb6c74632b0adeb99049304361bfc53.php 第 184 行.
NOTIC: [8] Undefined index: good_pic E:\wamp\www\meizushangchengtpnew\meizu\Runtime\Cache\Home\9bb6c74632b0adeb99049304361bfc53.php 第 184 行.
NOTIC: [8] Undefined index: good_pic E:\wamp\www\meizushangchengtpnew\meizu\Runtime\Cache\Home\9bb6c74632b0adeb99049304361bfc53.php 第 184 行.
NOTIC: [8] Undefined index: desc E:\wamp\www\meizushangchengtpnew\meizu\Runtime\Cache\Home\9bb6c74632b0adeb99049304361bfc53.php 第 345 行.
NOTIC: [8] Undefined index: desc E:\wamp\www\meizushangchengtpnew\meizu\Runtime\Cache\Home\9bb6c74632b0adeb99049304361bfc53.php 第 345 行.
NOTIC: [8] Undefined index: desc E:\wamp\www\meizushangchengtpnew\meizu\Runtime\Cache\Home\9bb6c74632b0adeb99049304361bfc53.php 第 345 行.
NOTIC: [8] Undefined index: desc E:\wamp\www\meizushangchengtpnew\meizu\Runtime\Cache\Home\9bb6c74632b0adeb99049304361bfc53.php 第 345 行.
NOTIC: [8] Undefined index: desc E:\wamp\www\meizushangchengtpnew\meizu\Runtime\Cache\Home\9bb6c74632b0adeb99049304361bfc53.php 第 345 行.
NOTIC: [8] Undefined index: desc E:\wamp\www\meizushangchengtpnew\meizu\Runtime\Cache\Home\9bb6c74632b0adeb99049304361bfc53.php 第 345 行.
NOTIC: [8] Undefined index: desc E:\wamp\www\meizushangchengtpnew\meizu\Runtime\Cache\Home\9bb6c74632b0adeb99049304361bfc53.php 第 345 行.
NOTIC: [8] Undefined index: desc E:\wamp\www\meizushangchengtpnew\meizu\Runtime\Cache\Home\9bb6c74632b0adeb99049304361bfc53.php 第 345 行.
NOTIC: [8] Undefined index: desc E:\wamp\www\meizushangchengtpnew\meizu\Runtime\Cache\Home\9bb6c74632b0adeb99049304361bfc53.php 第 345 行.
NOTIC: [8] Undefined index: desc E:\wamp\www\meizushangchengtpnew\meizu\Runtime\Cache\Home\9bb6c74632b0adeb99049304361bfc53.php 第 345 行.
NOTIC: [8] Undefined index: desc E:\wamp\www\meizushangchengtpnew\meizu\Runtime\Cache\Home\9bb6c74632b0adeb99049304361bfc53.php 第 345 行.
NOTIC: [8] Undefined index: desc E:\wamp\www\meizushangchengtpnew\meizu\Runtime\Cache\Home\9bb6c74632b0adeb99049304361bfc53.php 第 345 行.
NOTIC: [8] Undefined index: desc E:\wamp\www\meizushangchengtpnew\meizu\Runtime\Cache\Home\9bb6c74632b0adeb99049304361bfc53.php 第 345 行.
NOTIC: [8] Undefined index: desc E:\wamp\www\meizushangchengtpnew\meizu\Runtime\Cache\Home\9bb6c74632b0adeb99049304361bfc53.php 第 345 行.
NOTIC: [8] Undefined index: desc E:\wamp\www\meizushangchengtpnew\meizu\Runtime\Cache\Home\9bb6c74632b0adeb99049304361bfc53.php 第 345 行.
NOTIC: [8] Undefined index: good_desc E:\wamp\www\meizushangchengtpnew\meizu\Runtime\Cache\Home\9bb6c74632b0adeb99049304361bfc53.php 第 428 行.
NOTIC: [8] Undefined index: good_desc E:\wamp\www\meizushangchengtpnew\meizu\Runtime\Cache\Home\9bb6c74632b0adeb99049304361bfc53.php 第 428 行.
NOTIC: [8] Undefined index: good_desc E:\wamp\www\meizushangchengtpnew\meizu\Runtime\Cache\Home\9bb6c74632b0adeb99049304361bfc53.php 第 428 行.
NOTIC: [8] Undefined index: good_desc E:\wamp\www\meizushangchengtpnew\meizu\Runtime\Cache\Home\9bb6c74632b0adeb99049304361bfc53.php 第 428 行.
NOTIC: [8] Undefined index: good_desc E:\wamp\www\meizushangchengtpnew\meizu\Runtime\Cache\Home\9bb6c74632b0adeb99049304361bfc53.php 第 428 行.
NOTIC: [8] Undefined index: good_desc E:\wamp\www\meizushangchengtpnew\meizu\Runtime\Cache\Home\9bb6c74632b0adeb99049304361bfc53.php 第 428 行.
NOTIC: [8] Undefined index: good_desc E:\wamp\www\meizushangchengtpnew\meizu\Runtime\Cache\Home\9bb6c74632b0adeb99049304361bfc53.php 第 428 行.
NOTIC: [8] Undefined index: good_desc E:\wamp\www\meizushangchengtpnew\meizu\Runtime\Cache\Home\9bb6c74632b0adeb99049304361bfc53.php 第 428 行.
NOTIC: [8] Undefined index: good_desc E:\wamp\www\meizushangchengtpnew\meizu\Runtime\Cache\Home\9bb6c74632b0adeb99049304361bfc53.php 第 428 行.
NOTIC: [8] Undefined index: good_desc E:\wamp\www\meizushangchengtpnew\meizu\Runtime\Cache\Home\9bb6c74632b0adeb99049304361bfc53.php 第 428 行.
NOTIC: [8] Undefined index: good_desc E:\wamp\www\meizushangchengtpnew\meizu\Runtime\Cache\Home\9bb6c74632b0adeb99049304361bfc53.php 第 428 行.
NOTIC: [8] Undefined index: good_desc E:\wamp\www\meizushangchengtpnew\meizu\Runtime\Cache\Home\9bb6c74632b0adeb99049304361bfc53.php 第 428 行.
NOTIC: [8] Undefined index: good_desc E:\wamp\www\meizushangchengtpnew\meizu\Runtime\Cache\Home\9bb6c74632b0adeb99049304361bfc53.php 第 428 行.
NOTIC: [8] Undefined index: good_desc E:\wamp\www\meizushangchengtpnew\meizu\Runtime\Cache\Home\9bb6c74632b0adeb99049304361bfc53.php 第 428 行.
NOTIC: [8] Undefined index: good_desc E:\wamp\www\meizushangchengtpnew\meizu\Runtime\Cache\Home\9bb6c74632b0adeb99049304361bfc53.php 第 428 行.
NOTIC: [8] Undefined index: good_desc E:\wamp\www\meizushangchengtpnew\meizu\Runtime\Cache\Home\9bb6c74632b0adeb99049304361bfc53.php 第 428 行.
NOTIC: [8] Undefined index: good_desc E:\wamp\www\meizushangchengtpnew\meizu\Runtime\Cache\Home\9bb6c74632b0adeb99049304361bfc53.php 第 428 行.
NOTIC: [8] Undefined index: good_desc E:\wamp\www\meizushangchengtpnew\meizu\Runtime\Cache\Home\9bb6c74632b0adeb99049304361bfc53.php 第 428 行.
NOTIC: [8] Undefined index: good_desc E:\wamp\www\meizushangchengtpnew\meizu\Runtime\Cache\Home\9bb6c74632b0adeb99049304361bfc53.php 第 428 行.
NOTIC: [8] Undefined index: good_desc E:\wamp\www\meizushangchengtpnew\meizu\Runtime\Cache\Home\9bb6c74632b0adeb99049304361bfc53.php 第 428 行.
NOTIC: [8] Undefined index: good_desc E:\wamp\www\meizushangchengtpnew\meizu\Runtime\Cache\Home\9bb6c74632b0adeb99049304361bfc53.php 第 428 行.
NOTIC: [8] Undefined index: good_desc E:\wamp\www\meizushangchengtpnew\meizu\Runtime\Cache\Home\9bb6c74632b0adeb99049304361bfc53.php 第 428 行.
NOTIC: [8] Undefined index: good_desc E:\wamp\www\meizushangchengtpnew\meizu\Runtime\Cache\Home\9bb6c74632b0adeb99049304361bfc53.php 第 428 行.
NOTIC: [8] Undefined index: good_desc E:\wamp\www\meizushangchengtpnew\meizu\Runtime\Cache\Home\9bb6c74632b0adeb99049304361bfc53.php 第 428 行.
NOTIC: [8] Undefined index: good_desc E:\wamp\www\meizushangchengtpnew\meizu\Runtime\Cache\Home\9bb6c74632b0adeb99049304361bfc53.php 第 428 行.
NOTIC: [8] Undefined index: good_desc E:\wamp\www\meizushangchengtpnew\meizu\Runtime\Cache\Home\9bb6c74632b0adeb99049304361bfc53.php 第 428 行.
NOTIC: [8] Undefined index: good_desc E:\wamp\www\meizushangchengtpnew\meizu\Runtime\Cache\Home\9bb6c74632b0adeb99049304361bfc53.php 第 428 行.
NOTIC: [8] Undefined index: good_desc E:\wamp\www\meizushangchengtpnew\meizu\Runtime\Cache\Home\9bb6c74632b0adeb99049304361bfc53.php 第 428 行.
NOTIC: [8] Undefined index: good_desc E:\wamp\www\meizushangchengtpnew\meizu\Runtime\Cache\Home\9bb6c74632b0adeb99049304361bfc53.php 第 428 行.
NOTIC: [8] Undefined index: good_desc E:\wamp\www\meizushangchengtpnew\meizu\Runtime\Cache\Home\9bb6c74632b0adeb99049304361bfc53.php 第 428 行.
NOTIC: [8] Undefined index: good_desc E:\wamp\www\meizushangchengtpnew\meizu\Runtime\Cache\Home\9bb6c74632b0adeb99049304361bfc53.php 第 428 行.
NOTIC: [8] Undefined index: good_desc E:\wamp\www\meizushangchengtpnew\meizu\Runtime\Cache\Home\9bb6c74632b0adeb99049304361bfc53.php 第 428 行.
NOTIC: [8] Undefined index: good_desc E:\wamp\www\meizushangchengtpnew\meizu\Runtime\Cache\Home\9bb6c74632b0adeb99049304361bfc53.php 第 428 行.
NOTIC: [8] Undefined index: good_desc E:\wamp\www\meizushangchengtpnew\meizu\Runtime\Cache\Home\9bb6c74632b0adeb99049304361bfc53.php 第 428 行.
NOTIC: [8] Undefined index: good_desc E:\wamp\www\meizushangchengtpnew\meizu\Runtime\Cache\Home\9bb6c74632b0adeb99049304361bfc53.php 第 428 行.
INFO: Run Behavior\ParseTemplateBehavior [ RunTime:0.073005s ]
INFO: [ view_parse ] --END-- [ RunTime:0.073005s ]
INFO: [ view_filter ] --START--
INFO: Run Behavior\WriteHtmlCacheBehavior [ RunTime:0.001000s ]
INFO: [ view_filter ] --END-- [ RunTime:0.002000s ]
INFO: [ app_end ] --START--
INFO: Run Behavior\ShowPageTraceBehavior [ RunTime:0.001000s ]
INFO: [ app_end ] --END-- [ RunTime:0.002000s ]

[ 2016-08-25T20:06:11+08:00 ] ::1 /meizushangchengtpnew/index.php/home
INFO: [ app_init ] --START--
INFO: Run Behavior\BuildLiteBehavior [ RunTime:0.000000s ]
INFO: [ app_init ] --END-- [ RunTime:0.001000s ]
INFO: [ app_begin ] --START--
INFO: Run Behavior\ReadHtmlCacheBehavior [ RunTime:0.001000s ]
INFO: [ app_begin ] --END-- [ RunTime:0.002000s ]
SQL: select * from shop_category where pid = 0 order by sort  [ RunTime:0.0000s ]
SQL: select good_id,good_name,good_pic,good_marketprice,isnew from shop_goods where cate_id = '1' and ispublish = 1 order by good_id desc limit 6 [ RunTime:0.0000s ]
SQL: select good_id,good_name,good_pic,good_marketprice,isnew from shop_goods where cate_id = '28' and ispublish = 1 order by good_id desc limit 6 [ RunTime:0.0000s ]
SQL: select good_id,good_name,good_pic,good_marketprice,isnew from shop_goods where cate_id = '7' and ispublish = 1 order by good_id desc limit 6 [ RunTime:0.0000s ]
SQL: select good_id,good_name,good_pic,good_marketprice,isnew from shop_goods where cate_id = '36' and ispublish = 1 order by good_id desc limit 6 [ RunTime:0.0000s ]
SQL: select good_id,good_name,good_pic,good_marketprice,isnew from shop_goods where cate_id = '30' and ispublish = 1 order by good_id desc limit 6 [ RunTime:0.0000s ]
SQL: select good_id,good_name,good_pic,good_marketprice,isnew from shop_goods where cate_id = '37' and ispublish = 1 order by good_id desc limit 6 [ RunTime:0.0000s ]
SQL: select good_id,good_name,good_pic,good_marketprice,isnew from shop_goods where cate_id = '38' and ispublish = 1 order by good_id desc limit 6 [ RunTime:0.0000s ]
SQL: select * from shop_category where pid = 0 order by sort limit 7 [ RunTime:0.0000s ]
SQL: select good_id,good_name,good_pic from shop_goods where cate_id = '1' and ispublish = 1 order by good_id desc limit 10 [ RunTime:0.0020s ]
SQL: select good_id,good_name,good_pic from shop_goods where cate_id = '28' and ispublish = 1 order by good_id desc limit 10 [ RunTime:0.0010s ]
SQL: select good_id,good_name,good_pic from shop_goods where cate_id = '7' and ispublish = 1 order by good_id desc limit 10 [ RunTime:0.0010s ]
SQL: select good_id,good_name,good_pic from shop_goods where cate_id = '36' and ispublish = 1 order by good_id desc limit 10 [ RunTime:0.0010s ]
SQL: select good_id,good_name,good_pic from shop_goods where cate_id = '30' and ispublish = 1 order by good_id desc limit 10 [ RunTime:0.0000s ]
SQL: select good_id,good_name,good_pic from shop_goods where cate_id = '37' and ispublish = 1 order by good_id desc limit 10 [ RunTime:0.0000s ]
SQL: select good_id,good_name,good_pic from shop_goods where cate_id = '38' and ispublish = 1 order by good_id desc limit 10 [ RunTime:0.0010s ]
SQL: select * from banner where status = 1 limit 5 [ RunTime:0.0010s ]
SQL: select * from shop_goods where ispublish = 1 and isnew = 1 order  by good_id desc limit 15 [ RunTime:0.0020s ]
SQL: select * from shop_category where pid = 0 order by sort [ RunTime:0.0010s ]
SQL: select good_id,good_name,good_pic,good_marketprice,isnew from shop_goods where cate_id = '1' and ispublish = 1 order by good_id desc limit 10 [ RunTime:0.0010s ]
SQL: select good_id,good_name,good_pic,good_marketprice,isnew from shop_goods where cate_id = '28' and ispublish = 1 order by good_id desc limit 10 [ RunTime:0.0000s ]
SQL: select good_id,good_name,good_pic,good_marketprice,isnew from shop_goods where cate_id = '7' and ispublish = 1 order by good_id desc limit 10 [ RunTime:0.0010s ]
SQL: select good_id,good_name,good_pic,good_marketprice,isnew from shop_goods where cate_id = '36' and ispublish = 1 order by good_id desc limit 10 [ RunTime:0.0020s ]
SQL: select good_id,good_name,good_pic,good_marketprice,isnew from shop_goods where cate_id = '38' and ispublish = 1 order by good_id desc limit 10 [ RunTime:0.0010s ]
INFO: [ view_parse ] --START--
INFO: [ template_filter ] --START--
INFO: Run Behavior\ContentReplaceBehavior [ RunTime:0.001000s ]
INFO: [ template_filter ] --END-- [ RunTime:0.001000s ]
NOTIC: [8] Undefined index: good_pic E:\wamp\www\meizushangchengtpnew\meizu\Runtime\Cache\Home\9bb6c74632b0adeb99049304361bfc53.php 第 184 行.
NOTIC: [8] Undefined index: good_pic E:\wamp\www\meizushangchengtpnew\meizu\Runtime\Cache\Home\9bb6c74632b0adeb99049304361bfc53.php 第 184 行.
NOTIC: [8] Undefined index: good_pic E:\wamp\www\meizushangchengtpnew\meizu\Runtime\Cache\Home\9bb6c74632b0adeb99049304361bfc53.php 第 184 行.
NOTIC: [8] Undefined index: good_pic E:\wamp\www\meizushangchengtpnew\meizu\Runtime\Cache\Home\9bb6c74632b0adeb99049304361bfc53.php 第 184 行.
NOTIC: [8] Undefined index: good_pic E:\wamp\www\meizushangchengtpnew\meizu\Runtime\Cache\Home\9bb6c74632b0adeb99049304361bfc53.php 第 184 行.
NOTIC: [8] Undefined index: good_pic E:\wamp\www\meizushangchengtpnew\meizu\Runtime\Cache\Home\9bb6c74632b0adeb99049304361bfc53.php 第 184 行.
NOTIC: [8] Undefined index: good_pic E:\wamp\www\meizushangchengtpnew\meizu\Runtime\Cache\Home\9bb6c74632b0adeb99049304361bfc53.php 第 184 行.
NOTIC: [8] Undefined index: desc E:\wamp\www\meizushangchengtpnew\meizu\Runtime\Cache\Home\9bb6c74632b0adeb99049304361bfc53.php 第 345 行.
NOTIC: [8] Undefined index: desc E:\wamp\www\meizushangchengtpnew\meizu\Runtime\Cache\Home\9bb6c74632b0adeb99049304361bfc53.php 第 345 行.
NOTIC: [8] Undefined index: desc E:\wamp\www\meizushangchengtpnew\meizu\Runtime\Cache\Home\9bb6c74632b0adeb99049304361bfc53.php 第 345 行.
NOTIC: [8] Undefined index: desc E:\wamp\www\meizushangchengtpnew\meizu\Runtime\Cache\Home\9bb6c74632b0adeb99049304361bfc53.php 第 345 行.
NOTIC: [8] Undefined index: desc E:\wamp\www\meizushangchengtpnew\meizu\Runtime\Cache\Home\9bb6c74632b0adeb99049304361bfc53.php 第 345 行.
NOTIC: [8] Undefined index: desc E:\wamp\www\meizushangchengtpnew\meizu\Runtime\Cache\Home\9bb6c74632b0adeb99049304361bfc53.php 第 345 行.
NOTIC: [8] Undefined index: desc E:\wamp\www\meizushangchengtpnew\meizu\Runtime\Cache\Home\9bb6c74632b0adeb99049304361bfc53.php 第 345 行.
NOTIC: [8] Undefined index: desc E:\wamp\www\meizushangchengtpnew\meizu\Runtime\Cache\Home\9bb6c74632b0adeb99049304361bfc53.php 第 345 行.
NOTIC: [8] Undefined index: desc E:\wamp\www\meizushangchengtpnew\meizu\Runtime\Cache\Home\9bb6c74632b0adeb99049304361bfc53.php 第 345 行.
NOTIC: [8] Undefined index: desc E:\wamp\www\meizushangchengtpnew\meizu\Runtime\Cache\Home\9bb6c74632b0adeb99049304361bfc53.php 第 345 行.
NOTIC: [8] Undefined index: desc E:\wamp\www\meizushangchengtpnew\meizu\Runtime\Cache\Home\9bb6c74632b0adeb99049304361bfc53.php 第 345 行.
NOTIC: [8] Undefined index: desc E:\wamp\www\meizushangchengtpnew\meizu\Runtime\Cache\Home\9bb6c74632b0adeb99049304361bfc53.php 第 345 行.
NOTIC: [8] Undefined index: desc E:\wamp\www\meizushangchengtpnew\meizu\Runtime\Cache\Home\9bb6c74632b0adeb99049304361bfc53.php 第 345 行.
NOTIC: [8] Undefined index: desc E:\wamp\www\meizushangchengtpnew\meizu\Runtime\Cache\Home\9bb6c74632b0adeb99049304361bfc53.php 第 345 行.
NOTIC: [8] Undefined index: desc E:\wamp\www\meizushangchengtpnew\meizu\Runtime\Cache\Home\9bb6c74632b0adeb99049304361bfc53.php 第 345 行.
NOTIC: [8] Undefined index: good_desc E:\wamp\www\meizushangchengtpnew\meizu\Runtime\Cache\Home\9bb6c74632b0adeb99049304361bfc53.php 第 428 行.
NOTIC: [8] Undefined index: good_desc E:\wamp\www\meizushangchengtpnew\meizu\Runtime\Cache\Home\9bb6c74632b0adeb99049304361bfc53.php 第 428 行.
NOTIC: [8] Undefined index: good_desc E:\wamp\www\meizushangchengtpnew\meizu\Runtime\Cache\Home\9bb6c74632b0adeb99049304361bfc53.php 第 428 行.
NOTIC: [8] Undefined index: good_desc E:\wamp\www\meizushangchengtpnew\meizu\Runtime\Cache\Home\9bb6c74632b0adeb99049304361bfc53.php 第 428 行.
NOTIC: [8] Undefined index: good_desc E:\wamp\www\meizushangchengtpnew\meizu\Runtime\Cache\Home\9bb6c74632b0adeb99049304361bfc53.php 第 428 行.
NOTIC: [8] Undefined index: good_desc E:\wamp\www\meizushangchengtpnew\meizu\Runtime\Cache\Home\9bb6c74632b0adeb99049304361bfc53.php 第 428 行.
NOTIC: [8] Undefined index: good_desc E:\wamp\www\meizushangchengtpnew\meizu\Runtime\Cache\Home\9bb6c74632b0adeb99049304361bfc53.php 第 428 行.
NOTIC: [8] Undefined index: good_desc E:\wamp\www\meizushangchengtpnew\meizu\Runtime\Cache\Home\9bb6c74632b0adeb99049304361bfc53.php 第 428 行.
NOTIC: [8] Undefined index: good_desc E:\wamp\www\meizushangchengtpnew\meizu\Runtime\Cache\Home\9bb6c74632b0adeb99049304361bfc53.php 第 428 行.
NOTIC: [8] Undefined index: good_desc E:\wamp\www\meizushangchengtpnew\meizu\Runtime\Cache\Home\9bb6c74632b0adeb99049304361bfc53.php 第 428 行.
NOTIC: [8] Undefined index: good_desc E:\wamp\www\meizushangchengtpnew\meizu\Runtime\Cache\Home\9bb6c74632b0adeb99049304361bfc53.php 第 428 行.
NOTIC: [8] Undefined index: good_desc E:\wamp\www\meizushangchengtpnew\meizu\Runtime\Cache\Home\9bb6c74632b0adeb99049304361bfc53.php 第 428 行.
NOTIC: [8] Undefined index: good_desc E:\wamp\www\meizushangchengtpnew\meizu\Runtime\Cache\Home\9bb6c74632b0adeb99049304361bfc53.php 第 428 行.
NOTIC: [8] Undefined index: good_desc E:\wamp\www\meizushangchengtpnew\meizu\Runtime\Cache\Home\9bb6c74632b0adeb99049304361bfc53.php 第 428 行.
NOTIC: [8] Undefined index: good_desc E:\wamp\www\meizushangchengtpnew\meizu\Runtime\Cache\Home\9bb6c74632b0adeb99049304361bfc53.php 第 428 行.
NOTIC: [8] Undefined index: good_desc E:\wamp\www\meizushangchengtpnew\meizu\Runtime\Cache\Home\9bb6c74632b0adeb99049304361bfc53.php 第 428 行.
NOTIC: [8] Undefined index: good_desc E:\wamp\www\meizushangchengtpnew\meizu\Runtime\Cache\Home\9bb6c74632b0adeb99049304361bfc53.php 第 428 行.
NOTIC: [8] Undefined index: good_desc E:\wamp\www\meizushangchengtpnew\meizu\Runtime\Cache\Home\9bb6c74632b0adeb99049304361bfc53.php 第 428 行.
NOTIC: [8] Undefined index: good_desc E:\wamp\www\meizushangchengtpnew\meizu\Runtime\Cache\Home\9bb6c74632b0adeb99049304361bfc53.php 第 428 行.
NOTIC: [8] Undefined index: good_desc E:\wamp\www\meizushangchengtpnew\meizu\Runtime\Cache\Home\9bb6c74632b0adeb99049304361bfc53.php 第 428 行.
NOTIC: [8] Undefined index: good_desc E:\wamp\www\meizushangchengtpnew\meizu\Runtime\Cache\Home\9bb6c74632b0adeb99049304361bfc53.php 第 428 行.
NOTIC: [8] Undefined index: good_desc E:\wamp\www\meizushangchengtpnew\meizu\Runtime\Cache\Home\9bb6c74632b0adeb99049304361bfc53.php 第 428 行.
NOTIC: [8] Undefined index: good_desc E:\wamp\www\meizushangchengtpnew\meizu\Runtime\Cache\Home\9bb6c74632b0adeb99049304361bfc53.php 第 428 行.
NOTIC: [8] Undefined index: good_desc E:\wamp\www\meizushangchengtpnew\meizu\Runtime\Cache\Home\9bb6c74632b0adeb99049304361bfc53.php 第 428 行.
NOTIC: [8] Undefined index: good_desc E:\wamp\www\meizushangchengtpnew\meizu\Runtime\Cache\Home\9bb6c74632b0adeb99049304361bfc53.php 第 428 行.
NOTIC: [8] Undefined index: good_desc E:\wamp\www\meizushangchengtpnew\meizu\Runtime\Cache\Home\9bb6c74632b0adeb99049304361bfc53.php 第 428 行.
NOTIC: [8] Undefined index: good_desc E:\wamp\www\meizushangchengtpnew\meizu\Runtime\Cache\Home\9bb6c74632b0adeb99049304361bfc53.php 第 428 行.
NOTIC: [8] Undefined index: good_desc E:\wamp\www\meizushangchengtpnew\meizu\Runtime\Cache\Home\9bb6c74632b0adeb99049304361bfc53.php 第 428 行.
NOTIC: [8] Undefined index: good_desc E:\wamp\www\meizushangchengtpnew\meizu\Runtime\Cache\Home\9bb6c74632b0adeb99049304361bfc53.php 第 428 行.
NOTIC: [8] Undefined index: good_desc E:\wamp\www\meizushangchengtpnew\meizu\Runtime\Cache\Home\9bb6c74632b0adeb99049304361bfc53.php 第 428 行.
NOTIC: [8] Undefined index: good_desc E:\wamp\www\meizushangchengtpnew\meizu\Runtime\Cache\Home\9bb6c74632b0adeb99049304361bfc53.php 第 428 行.
NOTIC: [8] Undefined index: good_desc E:\wamp\www\meizushangchengtpnew\meizu\Runtime\Cache\Home\9bb6c74632b0adeb99049304361bfc53.php 第 428 行.
NOTIC: [8] Undefined index: good_desc E:\wamp\www\meizushangchengtpnew\meizu\Runtime\Cache\Home\9bb6c74632b0adeb99049304361bfc53.php 第 428 行.
NOTIC: [8] Undefined index: good_desc E:\wamp\www\meizushangchengtpnew\meizu\Runtime\Cache\Home\9bb6c74632b0adeb99049304361bfc53.php 第 428 行.
NOTIC: [8] Undefined index: good_desc E:\wamp\www\meizushangchengtpnew\meizu\Runtime\Cache\Home\9bb6c74632b0adeb99049304361bfc53.php 第 428 行.
INFO: Run Behavior\ParseTemplateBehavior [ RunTime:0.098005s ]
INFO: [ view_parse ] --END-- [ RunTime:0.099006s ]
INFO: [ view_filter ] --START--
INFO: Run Behavior\WriteHtmlCacheBehavior [ RunTime:0.002000s ]
INFO: [ view_filter ] --END-- [ RunTime:0.004000s ]
INFO: [ app_end ] --START--
INFO: Run Behavior\ShowPageTraceBehavior [ RunTime:0.001000s ]
INFO: [ app_end ] --END-- [ RunTime:0.002000s ]

[ 2016-08-25T20:06:20+08:00 ] ::1 /meizushangchengtpnew/index.php/home
INFO: [ app_init ] --START--
INFO: Run Behavior\BuildLiteBehavior [ RunTime:0.000000s ]
INFO: [ app_init ] --END-- [ RunTime:0.001000s ]
INFO: [ app_begin ] --START--
INFO: Run Behavior\ReadHtmlCacheBehavior [ RunTime:0.000000s ]
INFO: [ app_begin ] --END-- [ RunTime:0.001000s ]
SQL: select * from shop_category where pid = 0 order by sort  [ RunTime:0.0000s ]
SQL: select good_id,good_name,good_pic,good_marketprice,isnew from shop_goods where cate_id = '1' and ispublish = 1 order by good_id desc limit 6 [ RunTime:0.0010s ]
SQL: select good_id,good_name,good_pic,good_marketprice,isnew from shop_goods where cate_id = '28' and ispublish = 1 order by good_id desc limit 6 [ RunTime:0.0000s ]
SQL: select good_id,good_name,good_pic,good_marketprice,isnew from shop_goods where cate_id = '7' and ispublish = 1 order by good_id desc limit 6 [ RunTime:0.0010s ]
SQL: select good_id,good_name,good_pic,good_marketprice,isnew from shop_goods where cate_id = '36' and ispublish = 1 order by good_id desc limit 6 [ RunTime:0.0000s ]
SQL: select good_id,good_name,good_pic,good_marketprice,isnew from shop_goods where cate_id = '30' and ispublish = 1 order by good_id desc limit 6 [ RunTime:0.0000s ]
SQL: select good_id,good_name,good_pic,good_marketprice,isnew from shop_goods where cate_id = '37' and ispublish = 1 order by good_id desc limit 6 [ RunTime:0.0000s ]
SQL: select good_id,good_name,good_pic,good_marketprice,isnew from shop_goods where cate_id = '38' and ispublish = 1 order by good_id desc limit 6 [ RunTime:0.0000s ]
SQL: select * from shop_category where pid = 0 order by sort limit 7 [ RunTime:0.0000s ]
SQL: select good_id,good_name,good_pic from shop_goods where cate_id = '1' and ispublish = 1 order by good_id desc limit 10 [ RunTime:0.0000s ]
SQL: select good_id,good_name,good_pic from shop_goods where cate_id = '28' and ispublish = 1 order by good_id desc limit 10 [ RunTime:0.0000s ]
SQL: select good_id,good_name,good_pic from shop_goods where cate_id = '7' and ispublish = 1 order by good_id desc limit 10 [ RunTime:0.0000s ]
SQL: select good_id,good_name,good_pic from shop_goods where cate_id = '36' and ispublish = 1 order by good_id desc limit 10 [ RunTime:0.0000s ]
SQL: select good_id,good_name,good_pic from shop_goods where cate_id = '30' and ispublish = 1 order by good_id desc limit 10 [ RunTime:0.0000s ]
SQL: select good_id,good_name,good_pic from shop_goods where cate_id = '37' and ispublish = 1 order by good_id desc limit 10 [ RunTime:0.0000s ]
SQL: select good_id,good_name,good_pic from shop_goods where cate_id = '38' and ispublish = 1 order by good_id desc limit 10 [ RunTime:0.0000s ]
SQL: select * from banner where status = 1 limit 5 [ RunTime:0.0000s ]
SQL: select * from shop_goods where ispublish = 1 and isnew = 1 order  by good_id desc limit 15 [ RunTime:0.0000s ]
SQL: select * from shop_category where pid = 0 order by sort [ RunTime:0.0000s ]
SQL: select good_id,good_name,good_pic,good_marketprice,isnew from shop_goods where cate_id = '1' and ispublish = 1 order by good_id desc limit 10 [ RunTime:0.0000s ]
SQL: select good_id,good_name,good_pic,good_marketprice,isnew from shop_goods where cate_id = '28' and ispublish = 1 order by good_id desc limit 10 [ RunTime:0.0000s ]
SQL: select good_id,good_name,good_pic,good_marketprice,isnew from shop_goods where cate_id = '7' and ispublish = 1 order by good_id desc limit 10 [ RunTime:0.0000s ]
SQL: select good_id,good_name,good_pic,good_marketprice,isnew from shop_goods where cate_id = '36' and ispublish = 1 order by good_id desc limit 10 [ RunTime:0.0010s ]
SQL: select good_id,good_name,good_pic,good_marketprice,isnew from shop_goods where cate_id = '38' and ispublish = 1 order by good_id desc limit 10 [ RunTime:0.0000s ]
INFO: [ view_parse ] --START--
INFO: [ template_filter ] --START--
INFO: Run Behavior\ContentReplaceBehavior [ RunTime:0.000000s ]
INFO: [ template_filter ] --END-- [ RunTime:0.000000s ]
NOTIC: [8] Undefined index: good_pic E:\wamp\www\meizushangchengtpnew\meizu\Runtime\Cache\Home\9bb6c74632b0adeb99049304361bfc53.php 第 184 行.
NOTIC: [8] Undefined index: good_pic E:\wamp\www\meizushangchengtpnew\meizu\Runtime\Cache\Home\9bb6c74632b0adeb99049304361bfc53.php 第 184 行.
NOTIC: [8] Undefined index: good_pic E:\wamp\www\meizushangchengtpnew\meizu\Runtime\Cache\Home\9bb6c74632b0adeb99049304361bfc53.php 第 184 行.
NOTIC: [8] Undefined index: good_pic E:\wamp\www\meizushangchengtpnew\meizu\Runtime\Cache\Home\9bb6c74632b0adeb99049304361bfc53.php 第 184 行.
NOTIC: [8] Undefined index: good_pic E:\wamp\www\meizushangchengtpnew\meizu\Runtime\Cache\Home\9bb6c74632b0adeb99049304361bfc53.php 第 184 行.
NOTIC: [8] Undefined index: good_pic E:\wamp\www\meizushangchengtpnew\meizu\Runtime\Cache\Home\9bb6c74632b0adeb99049304361bfc53.php 第 184 行.
NOTIC: [8] Undefined index: good_pic E:\wamp\www\meizushangchengtpnew\meizu\Runtime\Cache\Home\9bb6c74632b0adeb99049304361bfc53.php 第 184 行.
NOTIC: [8] Undefined index: desc E:\wamp\www\meizushangchengtpnew\meizu\Runtime\Cache\Home\9bb6c74632b0adeb99049304361bfc53.php 第 345 行.
NOTIC: [8] Undefined index: desc E:\wamp\www\meizushangchengtpnew\meizu\Runtime\Cache\Home\9bb6c74632b0adeb99049304361bfc53.php 第 345 行.
NOTIC: [8] Undefined index: desc E:\wamp\www\meizushangchengtpnew\meizu\Runtime\Cache\Home\9bb6c74632b0adeb99049304361bfc53.php 第 345 行.
NOTIC: [8] Undefined index: desc E:\wamp\www\meizushangchengtpnew\meizu\Runtime\Cache\Home\9bb6c74632b0adeb99049304361bfc53.php 第 345 行.
NOTIC: [8] Undefined index: desc E:\wamp\www\meizushangchengtpnew\meizu\Runtime\Cache\Home\9bb6c74632b0adeb99049304361bfc53.php 第 345 行.
NOTIC: [8] Undefined index: desc E:\wamp\www\meizushangchengtpnew\meizu\Runtime\Cache\Home\9bb6c74632b0adeb99049304361bfc53.php 第 345 行.
NOTIC: [8] Undefined index: desc E:\wamp\www\meizushangchengtpnew\meizu\Runtime\Cache\Home\9bb6c74632b0adeb99049304361bfc53.php 第 345 行.
NOTIC: [8] Undefined index: desc E:\wamp\www\meizushangchengtpnew\meizu\Runtime\Cache\Home\9bb6c74632b0adeb99049304361bfc53.php 第 345 行.
NOTIC: [8] Undefined index: desc E:\wamp\www\meizushangchengtpnew\meizu\Runtime\Cache\Home\9bb6c74632b0adeb99049304361bfc53.php 第 345 行.
NOTIC: [8] Undefined index: desc E:\wamp\www\meizushangchengtpnew\meizu\Runtime\Cache\Home\9bb6c74632b0adeb99049304361bfc53.php 第 345 行.
NOTIC: [8] Undefined index: desc E:\wamp\www\meizushangchengtpnew\meizu\Runtime\Cache\Home\9bb6c74632b0adeb99049304361bfc53.php 第 345 行.
NOTIC: [8] Undefined index: desc E:\wamp\www\meizushangchengtpnew\meizu\Runtime\Cache\Home\9bb6c74632b0adeb99049304361bfc53.php 第 345 行.
NOTIC: [8] Undefined index: desc E:\wamp\www\meizushangchengtpnew\meizu\Runtime\Cache\Home\9bb6c74632b0adeb99049304361bfc53.php 第 345 行.
NOTIC: [8] Undefined index: desc E:\wamp\www\meizushangchengtpnew\meizu\Runtime\Cache\Home\9bb6c74632b0adeb99049304361bfc53.php 第 345 行.
NOTIC: [8] Undefined index: desc E:\wamp\www\meizushangchengtpnew\meizu\Runtime\Cache\Home\9bb6c74632b0adeb99049304361bfc53.php 第 345 行.
NOTIC: [8] Undefined index: good_desc E:\wamp\www\meizushangchengtpnew\meizu\Runtime\Cache\Home\9bb6c74632b0adeb99049304361bfc53.php 第 428 行.
NOTIC: [8] Undefined index: good_desc E:\wamp\www\meizushangchengtpnew\meizu\Runtime\Cache\Home\9bb6c74632b0adeb99049304361bfc53.php 第 428 行.
NOTIC: [8] Undefined index: good_desc E:\wamp\www\meizushangchengtpnew\meizu\Runtime\Cache\Home\9bb6c74632b0adeb99049304361bfc53.php 第 428 行.
NOTIC: [8] Undefined index: good_desc E:\wamp\www\meizushangchengtpnew\meizu\Runtime\Cache\Home\9bb6c74632b0adeb99049304361bfc53.php 第 428 行.
NOTIC: [8] Undefined index: good_desc E:\wamp\www\meizushangchengtpnew\meizu\Runtime\Cache\Home\9bb6c74632b0adeb99049304361bfc53.php 第 428 行.
NOTIC: [8] Undefined index: good_desc E:\wamp\www\meizushangchengtpnew\meizu\Runtime\Cache\Home\9bb6c74632b0adeb99049304361bfc53.php 第 428 行.
NOTIC: [8] Undefined index: good_desc E:\wamp\www\meizushangchengtpnew\meizu\Runtime\Cache\Home\9bb6c74632b0adeb99049304361bfc53.php 第 428 行.
NOTIC: [8] Undefined index: good_desc E:\wamp\www\meizushangchengtpnew\meizu\Runtime\Cache\Home\9bb6c74632b0adeb99049304361bfc53.php 第 428 行.
NOTIC: [8] Undefined index: good_desc E:\wamp\www\meizushangchengtpnew\meizu\Runtime\Cache\Home\9bb6c74632b0adeb99049304361bfc53.php 第 428 行.
NOTIC: [8] Undefined index: good_desc E:\wamp\www\meizushangchengtpnew\meizu\Runtime\Cache\Home\9bb6c74632b0adeb99049304361bfc53.php 第 428 行.
NOTIC: [8] Undefined index: good_desc E:\wamp\www\meizushangchengtpnew\meizu\Runtime\Cache\Home\9bb6c74632b0adeb99049304361bfc53.php 第 428 行.
NOTIC: [8] Undefined index: good_desc E:\wamp\www\meizushangchengtpnew\meizu\Runtime\Cache\Home\9bb6c74632b0adeb99049304361bfc53.php 第 428 行.
NOTIC: [8] Undefined index: good_desc E:\wamp\www\meizushangchengtpnew\meizu\Runtime\Cache\Home\9bb6c74632b0adeb99049304361bfc53.php 第 428 行.
NOTIC: [8] Undefined index: good_desc E:\wamp\www\meizushangchengtpnew\meizu\Runtime\Cache\Home\9bb6c74632b0adeb99049304361bfc53.php 第 428 行.
NOTIC: [8] Undefined index: good_desc E:\wamp\www\meizushangchengtpnew\meizu\Runtime\Cache\Home\9bb6c74632b0adeb99049304361bfc53.php 第 428 行.
NOTIC: [8] Undefined index: good_desc E:\wamp\www\meizushangchengtpnew\meizu\Runtime\Cache\Home\9bb6c74632b0adeb99049304361bfc53.php 第 428 行.
NOTIC: [8] Undefined index: good_desc E:\wamp\www\meizushangchengtpnew\meizu\Runtime\Cache\Home\9bb6c74632b0adeb99049304361bfc53.php 第 428 行.
NOTIC: [8] Undefined index: good_desc E:\wamp\www\meizushangchengtpnew\meizu\Runtime\Cache\Home\9bb6c74632b0adeb99049304361bfc53.php 第 428 行.
NOTIC: [8] Undefined index: good_desc E:\wamp\www\meizushangchengtpnew\meizu\Runtime\Cache\Home\9bb6c74632b0adeb99049304361bfc53.php 第 428 行.
NOTIC: [8] Undefined index: good_desc E:\wamp\www\meizushangchengtpnew\meizu\Runtime\Cache\Home\9bb6c74632b0adeb99049304361bfc53.php 第 428 行.
NOTIC: [8] Undefined index: good_desc E:\wamp\www\meizushangchengtpnew\meizu\Runtime\Cache\Home\9bb6c74632b0adeb99049304361bfc53.php 第 428 行.
NOTIC: [8] Undefined index: good_desc E:\wamp\www\meizushangchengtpnew\meizu\Runtime\Cache\Home\9bb6c74632b0adeb99049304361bfc53.php 第 428 行.
NOTIC: [8] Undefined index: good_desc E:\wamp\www\meizushangchengtpnew\meizu\Runtime\Cache\Home\9bb6c74632b0adeb99049304361bfc53.php 第 428 行.
NOTIC: [8] Undefined index: good_desc E:\wamp\www\meizushangchengtpnew\meizu\Runtime\Cache\Home\9bb6c74632b0adeb99049304361bfc53.php 第 428 行.
NOTIC: [8] Undefined index: good_desc E:\wamp\www\meizushangchengtpnew\meizu\Runtime\Cache\Home\9bb6c74632b0adeb99049304361bfc53.php 第 428 行.
NOTIC: [8] Undefined index: good_desc E:\wamp\www\meizushangchengtpnew\meizu\Runtime\Cache\Home\9bb6c74632b0adeb99049304361bfc53.php 第 428 行.
NOTIC: [8] Undefined index: good_desc E:\wamp\www\meizushangchengtpnew\meizu\Runtime\Cache\Home\9bb6c74632b0adeb99049304361bfc53.php 第 428 行.
NOTIC: [8] Undefined index: good_desc E:\wamp\www\meizushangchengtpnew\meizu\Runtime\Cache\Home\9bb6c74632b0adeb99049304361bfc53.php 第 428 行.
NOTIC: [8] Undefined index: good_desc E:\wamp\www\meizushangchengtpnew\meizu\Runtime\Cache\Home\9bb6c74632b0adeb99049304361bfc53.php 第 428 行.
NOTIC: [8] Undefined index: good_desc E:\wamp\www\meizushangchengtpnew\meizu\Runtime\Cache\Home\9bb6c74632b0adeb99049304361bfc53.php 第 428 行.
NOTIC: [8] Undefined index: good_desc E:\wamp\www\meizushangchengtpnew\meizu\Runtime\Cache\Home\9bb6c74632b0adeb99049304361bfc53.php 第 428 行.
NOTIC: [8] Undefined index: good_desc E:\wamp\www\meizushangchengtpnew\meizu\Runtime\Cache\Home\9bb6c74632b0adeb99049304361bfc53.php 第 428 行.
NOTIC: [8] Undefined index: good_desc E:\wamp\www\meizushangchengtpnew\meizu\Runtime\Cache\Home\9bb6c74632b0adeb99049304361bfc53.php 第 428 行.
NOTIC: [8] Undefined index: good_desc E:\wamp\www\meizushangchengtpnew\meizu\Runtime\Cache\Home\9bb6c74632b0adeb99049304361bfc53.php 第 428 行.
NOTIC: [8] Undefined index: good_desc E:\wamp\www\meizushangchengtpnew\meizu\Runtime\Cache\Home\9bb6c74632b0adeb99049304361bfc53.php 第 428 行.
INFO: Run Behavior\ParseTemplateBehavior [ RunTime:0.047003s ]
INFO: [ view_parse ] --END-- [ RunTime:0.047003s ]
INFO: [ view_filter ] --START--
INFO: Run Behavior\WriteHtmlCacheBehavior [ RunTime:0.001000s ]
INFO: [ view_filter ] --END-- [ RunTime:0.001000s ]
INFO: [ app_end ] --START--
INFO: Run Behavior\ShowPageTraceBehavior [ RunTime:0.001000s ]
INFO: [ app_end ] --END-- [ RunTime:0.001000s ]

[ 2016-08-25T20:06:43+08:00 ] ::1 /meizushangchengtpnew/index.php/home
INFO: [ app_init ] --START--
INFO: Run Behavior\BuildLiteBehavior [ RunTime:0.000000s ]
INFO: [ app_init ] --END-- [ RunTime:0.000000s ]
INFO: [ app_begin ] --START--
INFO: Run Behavior\ReadHtmlCacheBehavior [ RunTime:0.001000s ]
INFO: [ app_begin ] --END-- [ RunTime:0.001000s ]
SQL: select * from shop_category where pid = 0 order by sort  [ RunTime:0.0000s ]
SQL: select good_id,good_name,good_pic,good_marketprice,isnew from shop_goods where cate_id = '1' and ispublish = 1 order by good_id desc limit 6 [ RunTime:0.0000s ]
SQL: select good_id,good_name,good_pic,good_marketprice,isnew from shop_goods where cate_id = '28' and ispublish = 1 order by good_id desc limit 6 [ RunTime:0.0000s ]
SQL: select good_id,good_name,good_pic,good_marketprice,isnew from shop_goods where cate_id = '7' and ispublish = 1 order by good_id desc limit 6 [ RunTime:0.0000s ]
SQL: select good_id,good_name,good_pic,good_marketprice,isnew from shop_goods where cate_id = '36' and ispublish = 1 order by good_id desc limit 6 [ RunTime:0.0000s ]
SQL: select good_id,good_name,good_pic,good_marketprice,isnew from shop_goods where cate_id = '30' and ispublish = 1 order by good_id desc limit 6 [ RunTime:0.0000s ]
SQL: select good_id,good_name,good_pic,good_marketprice,isnew from shop_goods where cate_id = '37' and ispublish = 1 order by good_id desc limit 6 [ RunTime:0.0000s ]
SQL: select good_id,good_name,good_pic,good_marketprice,isnew from shop_goods where cate_id = '38' and ispublish = 1 order by good_id desc limit 6 [ RunTime:0.0000s ]
NOTIC: [8] Undefined variable: _GLOBALS E:\wamp\www\meizushangchengtpnew\meizu\Home\Controller\IndexController.class.php 第 6 行.
SQL: select * from shop_category where pid = 0 order by sort limit 7 [ RunTime:0.0010s ]
SQL: select good_id,good_name,good_pic from shop_goods where cate_id = '1' and ispublish = 1 order by good_id desc limit 10 [ RunTime:0.0010s ]
SQL: select good_id,good_name,good_pic from shop_goods where cate_id = '28' and ispublish = 1 order by good_id desc limit 10 [ RunTime:0.0000s ]
SQL: select good_id,good_name,good_pic from shop_goods where cate_id = '7' and ispublish = 1 order by good_id desc limit 10 [ RunTime:0.0010s ]
SQL: select good_id,good_name,good_pic from shop_goods where cate_id = '36' and ispublish = 1 order by good_id desc limit 10 [ RunTime:0.0000s ]
SQL: select good_id,good_name,good_pic from shop_goods where cate_id = '30' and ispublish = 1 order by good_id desc limit 10 [ RunTime:0.0010s ]
SQL: select good_id,good_name,good_pic from shop_goods where cate_id = '37' and ispublish = 1 order by good_id desc limit 10 [ RunTime:0.0000s ]
SQL: select good_id,good_name,good_pic from shop_goods where cate_id = '38' and ispublish = 1 order by good_id desc limit 10 [ RunTime:0.0010s ]
SQL: select * from banner where status = 1 limit 5 [ RunTime:0.0000s ]
SQL: select * from shop_goods where ispublish = 1 and isnew = 1 order  by good_id desc limit 15 [ RunTime:0.0010s ]
SQL: select * from shop_category where pid = 0 order by sort [ RunTime:0.0000s ]
SQL: select good_id,good_name,good_pic,good_marketprice,isnew from shop_goods where cate_id = '1' and ispublish = 1 order by good_id desc limit 10 [ RunTime:0.0010s ]
SQL: select good_id,good_name,good_pic,good_marketprice,isnew from shop_goods where cate_id = '28' and ispublish = 1 order by good_id desc limit 10 [ RunTime:0.0000s ]
SQL: select good_id,good_name,good_pic,good_marketprice,isnew from shop_goods where cate_id = '7' and ispublish = 1 order by good_id desc limit 10 [ RunTime:0.0010s ]
SQL: select good_id,good_name,good_pic,good_marketprice,isnew from shop_goods where cate_id = '36' and ispublish = 1 order by good_id desc limit 10 [ RunTime:0.0000s ]
SQL: select good_id,good_name,good_pic,good_marketprice,isnew from shop_goods where cate_id = '38' and ispublish = 1 order by good_id desc limit 10 [ RunTime:0.0000s ]
INFO: [ view_parse ] --START--
INFO: [ template_filter ] --START--
INFO: Run Behavior\ContentReplaceBehavior [ RunTime:0.000000s ]
INFO: [ template_filter ] --END-- [ RunTime:0.000000s ]
NOTIC: [8] Undefined index: good_pic E:\wamp\www\meizushangchengtpnew\meizu\Runtime\Cache\Home\9bb6c74632b0adeb99049304361bfc53.php 第 184 行.
NOTIC: [8] Undefined index: good_pic E:\wamp\www\meizushangchengtpnew\meizu\Runtime\Cache\Home\9bb6c74632b0adeb99049304361bfc53.php 第 184 行.
NOTIC: [8] Undefined index: good_pic E:\wamp\www\meizushangchengtpnew\meizu\Runtime\Cache\Home\9bb6c74632b0adeb99049304361bfc53.php 第 184 行.
NOTIC: [8] Undefined index: good_pic E:\wamp\www\meizushangchengtpnew\meizu\Runtime\Cache\Home\9bb6c74632b0adeb99049304361bfc53.php 第 184 行.
NOTIC: [8] Undefined index: good_pic E:\wamp\www\meizushangchengtpnew\meizu\Runtime\Cache\Home\9bb6c74632b0adeb99049304361bfc53.php 第 184 行.
NOTIC: [8] Undefined index: good_pic E:\wamp\www\meizushangchengtpnew\meizu\Runtime\Cache\Home\9bb6c74632b0adeb99049304361bfc53.php 第 184 行.
NOTIC: [8] Undefined index: good_pic E:\wamp\www\meizushangchengtpnew\meizu\Runtime\Cache\Home\9bb6c74632b0adeb99049304361bfc53.php 第 184 行.
NOTIC: [8] Undefined index: desc E:\wamp\www\meizushangchengtpnew\meizu\Runtime\Cache\Home\9bb6c74632b0adeb99049304361bfc53.php 第 345 行.
NOTIC: [8] Undefined index: desc E:\wamp\www\meizushangchengtpnew\meizu\Runtime\Cache\Home\9bb6c74632b0adeb99049304361bfc53.php 第 345 行.
NOTIC: [8] Undefined index: desc E:\wamp\www\meizushangchengtpnew\meizu\Runtime\Cache\Home\9bb6c74632b0adeb99049304361bfc53.php 第 345 行.
NOTIC: [8] Undefined index: desc E:\wamp\www\meizushangchengtpnew\meizu\Runtime\Cache\Home\9bb6c74632b0adeb99049304361bfc53.php 第 345 行.
NOTIC: [8] Undefined index: desc E:\wamp\www\meizushangchengtpnew\meizu\Runtime\Cache\Home\9bb6c74632b0adeb99049304361bfc53.php 第 345 行.
NOTIC: [8] Undefined index: desc E:\wamp\www\meizushangchengtpnew\meizu\Runtime\Cache\Home\9bb6c74632b0adeb99049304361bfc53.php 第 345 行.
NOTIC: [8] Undefined index: desc E:\wamp\www\meizushangchengtpnew\meizu\Runtime\Cache\Home\9bb6c74632b0adeb99049304361bfc53.php 第 345 行.
NOTIC: [8] Undefined index: desc E:\wamp\www\meizushangchengtpnew\meizu\Runtime\Cache\Home\9bb6c74632b0adeb99049304361bfc53.php 第 345 行.
NOTIC: [8] Undefined index: desc E:\wamp\www\meizushangchengtpnew\meizu\Runtime\Cache\Home\9bb6c74632b0adeb99049304361bfc53.php 第 345 行.
NOTIC: [8] Undefined index: desc E:\wamp\www\meizushangchengtpnew\meizu\Runtime\Cache\Home\9bb6c74632b0adeb99049304361bfc53.php 第 345 行.
NOTIC: [8] Undefined index: desc E:\wamp\www\meizushangchengtpnew\meizu\Runtime\Cache\Home\9bb6c74632b0adeb99049304361bfc53.php 第 345 行.
NOTIC: [8] Undefined index: desc E:\wamp\www\meizushangchengtpnew\meizu\Runtime\Cache\Home\9bb6c74632b0adeb99049304361bfc53.php 第 345 行.
NOTIC: [8] Undefined index: desc E:\wamp\www\meizushangchengtpnew\meizu\Runtime\Cache\Home\9bb6c74632b0adeb99049304361bfc53.php 第 345 行.
NOTIC: [8] Undefined index: desc E:\wamp\www\meizushangchengtpnew\meizu\Runtime\Cache\Home\9bb6c74632b0adeb99049304361bfc53.php 第 345 行.
NOTIC: [8] Undefined index: desc E:\wamp\www\meizushangchengtpnew\meizu\Runtime\Cache\Home\9bb6c74632b0adeb99049304361bfc53.php 第 345 行.
NOTIC: [8] Undefined index: good_desc E:\wamp\www\meizushangchengtpnew\meizu\Runtime\Cache\Home\9bb6c74632b0adeb99049304361bfc53.php 第 428 行.
NOTIC: [8] Undefined index: good_desc E:\wamp\www\meizushangchengtpnew\meizu\Runtime\Cache\Home\9bb6c74632b0adeb99049304361bfc53.php 第 428 行.
NOTIC: [8] Undefined index: good_desc E:\wamp\www\meizushangchengtpnew\meizu\Runtime\Cache\Home\9bb6c74632b0adeb99049304361bfc53.php 第 428 行.
NOTIC: [8] Undefined index: good_desc E:\wamp\www\meizushangchengtpnew\meizu\Runtime\Cache\Home\9bb6c74632b0adeb99049304361bfc53.php 第 428 行.
NOTIC: [8] Undefined index: good_desc E:\wamp\www\meizushangchengtpnew\meizu\Runtime\Cache\Home\9bb6c74632b0adeb99049304361bfc53.php 第 428 行.
NOTIC: [8] Undefined index: good_desc E:\wamp\www\meizushangchengtpnew\meizu\Runtime\Cache\Home\9bb6c74632b0adeb99049304361bfc53.php 第 428 行.
NOTIC: [8] Undefined index: good_desc E:\wamp\www\meizushangchengtpnew\meizu\Runtime\Cache\Home\9bb6c74632b0adeb99049304361bfc53.php 第 428 行.
NOTIC: [8] Undefined index: good_desc E:\wamp\www\meizushangchengtpnew\meizu\Runtime\Cache\Home\9bb6c74632b0adeb99049304361bfc53.php 第 428 行.
NOTIC: [8] Undefined index: good_desc E:\wamp\www\meizushangchengtpnew\meizu\Runtime\Cache\Home\9bb6c74632b0adeb99049304361bfc53.php 第 428 行.
NOTIC: [8] Undefined index: good_desc E:\wamp\www\meizushangchengtpnew\meizu\Runtime\Cache\Home\9bb6c74632b0adeb99049304361bfc53.php 第 428 行.
NOTIC: [8] Undefined index: good_desc E:\wamp\www\meizushangchengtpnew\meizu\Runtime\Cache\Home\9bb6c74632b0adeb99049304361bfc53.php 第 428 行.
NOTIC: [8] Undefined index: good_desc E:\wamp\www\meizushangchengtpnew\meizu\Runtime\Cache\Home\9bb6c74632b0adeb99049304361bfc53.php 第 428 行.
NOTIC: [8] Undefined index: good_desc E:\wamp\www\meizushangchengtpnew\meizu\Runtime\Cache\Home\9bb6c74632b0adeb99049304361bfc53.php 第 428 行.
NOTIC: [8] Undefined index: good_desc E:\wamp\www\meizushangchengtpnew\meizu\Runtime\Cache\Home\9bb6c74632b0adeb99049304361bfc53.php 第 428 行.
NOTIC: [8] Undefined index: good_desc E:\wamp\www\meizushangchengtpnew\meizu\Runtime\Cache\Home\9bb6c74632b0adeb99049304361bfc53.php 第 428 行.
NOTIC: [8] Undefined index: good_desc E:\wamp\www\meizushangchengtpnew\meizu\Runtime\Cache\Home\9bb6c74632b0adeb99049304361bfc53.php 第 428 行.
NOTIC: [8] Undefined index: good_desc E:\wamp\www\meizushangchengtpnew\meizu\Runtime\Cache\Home\9bb6c74632b0adeb99049304361bfc53.php 第 428 行.
NOTIC: [8] Undefined index: good_desc E:\wamp\www\meizushangchengtpnew\meizu\Runtime\Cache\Home\9bb6c74632b0adeb99049304361bfc53.php 第 428 行.
NOTIC: [8] Undefined index: good_desc E:\wamp\www\meizushangchengtpnew\meizu\Runtime\Cache\Home\9bb6c74632b0adeb99049304361bfc53.php 第 428 行.
NOTIC: [8] Undefined index: good_desc E:\wamp\www\meizushangchengtpnew\meizu\Runtime\Cache\Home\9bb6c74632b0adeb99049304361bfc53.php 第 428 行.
NOTIC: [8] Undefined index: good_desc E:\wamp\www\meizushangchengtpnew\meizu\Runtime\Cache\Home\9bb6c74632b0adeb99049304361bfc53.php 第 428 行.
NOTIC: [8] Undefined index: good_desc E:\wamp\www\meizushangchengtpnew\meizu\Runtime\Cache\Home\9bb6c74632b0adeb99049304361bfc53.php 第 428 行.
NOTIC: [8] Undefined index: good_desc E:\wamp\www\meizushangchengtpnew\meizu\Runtime\Cache\Home\9bb6c74632b0adeb99049304361bfc53.php 第 428 行.
NOTIC: [8] Undefined index: good_desc E:\wamp\www\meizushangchengtpnew\meizu\Runtime\Cache\Home\9bb6c74632b0adeb99049304361bfc53.php 第 428 行.
NOTIC: [8] Undefined index: good_desc E:\wamp\www\meizushangchengtpnew\meizu\Runtime\Cache\Home\9bb6c74632b0adeb99049304361bfc53.php 第 428 行.
NOTIC: [8] Undefined index: good_desc E:\wamp\www\meizushangchengtpnew\meizu\Runtime\Cache\Home\9bb6c74632b0adeb99049304361bfc53.php 第 428 行.
NOTIC: [8] Undefined index: good_desc E:\wamp\www\meizushangchengtpnew\meizu\Runtime\Cache\Home\9bb6c74632b0adeb99049304361bfc53.php 第 428 行.
NOTIC: [8] Undefined index: good_desc E:\wamp\www\meizushangchengtpnew\meizu\Runtime\Cache\Home\9bb6c74632b0adeb99049304361bfc53.php 第 428 行.
NOTIC: [8] Undefined index: good_desc E:\wamp\www\meizushangchengtpnew\meizu\Runtime\Cache\Home\9bb6c74632b0adeb99049304361bfc53.php 第 428 行.
NOTIC: [8] Undefined index: good_desc E:\wamp\www\meizushangchengtpnew\meizu\Runtime\Cache\Home\9bb6c74632b0adeb99049304361bfc53.php 第 428 行.
NOTIC: [8] Undefined index: good_desc E:\wamp\www\meizushangchengtpnew\meizu\Runtime\Cache\Home\9bb6c74632b0adeb99049304361bfc53.php 第 428 行.
NOTIC: [8] Undefined index: good_desc E:\wamp\www\meizushangchengtpnew\meizu\Runtime\Cache\Home\9bb6c74632b0adeb99049304361bfc53.php 第 428 行.
NOTIC: [8] Undefined index: good_desc E:\wamp\www\meizushangchengtpnew\meizu\Runtime\Cache\Home\9bb6c74632b0adeb99049304361bfc53.php 第 428 行.
NOTIC: [8] Undefined index: good_desc E:\wamp\www\meizushangchengtpnew\meizu\Runtime\Cache\Home\9bb6c74632b0adeb99049304361bfc53.php 第 428 行.
NOTIC: [8] Undefined index: good_desc E:\wamp\www\meizushangchengtpnew\meizu\Runtime\Cache\Home\9bb6c74632b0adeb99049304361bfc53.php 第 428 行.
INFO: Run Behavior\ParseTemplateBehavior [ RunTime:0.048003s ]
INFO: [ view_parse ] --END-- [ RunTime:0.048003s ]
INFO: [ view_filter ] --START--
INFO: Run Behavior\WriteHtmlCacheBehavior [ RunTime:0.000000s ]
INFO: [ view_filter ] --END-- [ RunTime:0.001000s ]
INFO: [ app_end ] --START--
INFO: Run Behavior\ShowPageTraceBehavior [ RunTime:0.001000s ]
INFO: [ app_end ] --END-- [ RunTime:0.001000s ]

[ 2016-08-25T20:06:49+08:00 ] ::1 /meizushangchengtpnew/index.php/home
INFO: [ app_init ] --START--
INFO: Run Behavior\BuildLiteBehavior [ RunTime:0.000000s ]
INFO: [ app_init ] --END-- [ RunTime:0.001001s ]
INFO: [ app_begin ] --START--
INFO: Run Behavior\ReadHtmlCacheBehavior [ RunTime:0.000000s ]
INFO: [ app_begin ] --END-- [ RunTime:0.000000s ]
SQL: select * from shop_category where pid = 0 order by sort  [ RunTime:0.0000s ]
SQL: select good_id,good_name,good_pic,good_marketprice,isnew from shop_goods where cate_id = '1' and ispublish = 1 order by good_id desc limit 6 [ RunTime:0.0000s ]
SQL: select good_id,good_name,good_pic,good_marketprice,isnew from shop_goods where cate_id = '28' and ispublish = 1 order by good_id desc limit 6 [ RunTime:0.0010s ]
SQL: select good_id,good_name,good_pic,good_marketprice,isnew from shop_goods where cate_id = '7' and ispublish = 1 order by good_id desc limit 6 [ RunTime:0.0000s ]
SQL: select good_id,good_name,good_pic,good_marketprice,isnew from shop_goods where cate_id = '36' and ispublish = 1 order by good_id desc limit 6 [ RunTime:0.0010s ]
SQL: select good_id,good_name,good_pic,good_marketprice,isnew from shop_goods where cate_id = '30' and ispublish = 1 order by good_id desc limit 6 [ RunTime:0.0000s ]
SQL: select good_id,good_name,good_pic,good_marketprice,isnew from shop_goods where cate_id = '37' and ispublish = 1 order by good_id desc limit 6 [ RunTime:0.0010s ]
SQL: select good_id,good_name,good_pic,good_marketprice,isnew from shop_goods where cate_id = '38' and ispublish = 1 order by good_id desc limit 6 [ RunTime:0.0000s ]
SQL: select * from shop_category where pid = 0 order by sort limit 7 [ RunTime:0.0000s ]
SQL: select good_id,good_name,good_pic from shop_goods where cate_id = '1' and ispublish = 1 order by good_id desc limit 10 [ RunTime:0.0000s ]
SQL: select good_id,good_name,good_pic from shop_goods where cate_id = '28' and ispublish = 1 order by good_id desc limit 10 [ RunTime:0.0000s ]
SQL: select good_id,good_name,good_pic from shop_goods where cate_id = '7' and ispublish = 1 order by good_id desc limit 10 [ RunTime:0.0010s ]
SQL: select good_id,good_name,good_pic from shop_goods where cate_id = '36' and ispublish = 1 order by good_id desc limit 10 [ RunTime:0.0010s ]
SQL: select good_id,good_name,good_pic from shop_goods where cate_id = '30' and ispublish = 1 order by good_id desc limit 10 [ RunTime:0.0010s ]
SQL: select good_id,good_name,good_pic from shop_goods where cate_id = '37' and ispublish = 1 order by good_id desc limit 10 [ RunTime:0.0000s ]
SQL: select good_id,good_name,good_pic from shop_goods where cate_id = '38' and ispublish = 1 order by good_id desc limit 10 [ RunTime:0.0010s ]
SQL: select * from banner where status = 1 limit 5 [ RunTime:0.0000s ]
SQL: select * from shop_goods where ispublish = 1 and isnew = 1 order  by good_id desc limit 15 [ RunTime:0.0010s ]
SQL: select * from shop_category where pid = 0 order by sort [ RunTime:0.0000s ]
SQL: select good_id,good_name,good_pic,good_marketprice,isnew from shop_goods where cate_id = '1' and ispublish = 1 order by good_id desc limit 10 [ RunTime:0.0000s ]
SQL: select good_id,good_name,good_pic,good_marketprice,isnew from shop_goods where cate_id = '28' and ispublish = 1 order by good_id desc limit 10 [ RunTime:0.0010s ]
SQL: select good_id,good_name,good_pic,good_marketprice,isnew from shop_goods where cate_id = '7' and ispublish = 1 order by good_id desc limit 10 [ RunTime:0.0000s ]
SQL: select good_id,good_name,good_pic,good_marketprice,isnew from shop_goods where cate_id = '36' and ispublish = 1 order by good_id desc limit 10 [ RunTime:0.0000s ]
SQL: select good_id,good_name,good_pic,good_marketprice,isnew from shop_goods where cate_id = '38' and ispublish = 1 order by good_id desc limit 10 [ RunTime:0.0000s ]
INFO: [ view_parse ] --START--
INFO: [ template_filter ] --START--
INFO: Run Behavior\ContentReplaceBehavior [ RunTime:0.000000s ]
INFO: [ template_filter ] --END-- [ RunTime:0.000000s ]
NOTIC: [8] Undefined index: good_pic E:\wamp\www\meizushangchengtpnew\meizu\Runtime\Cache\Home\9bb6c74632b0adeb99049304361bfc53.php 第 184 行.
NOTIC: [8] Undefined index: good_pic E:\wamp\www\meizushangchengtpnew\meizu\Runtime\Cache\Home\9bb6c74632b0adeb99049304361bfc53.php 第 184 行.
NOTIC: [8] Undefined index: good_pic E:\wamp\www\meizushangchengtpnew\meizu\Runtime\Cache\Home\9bb6c74632b0adeb99049304361bfc53.php 第 184 行.
NOTIC: [8] Undefined index: good_pic E:\wamp\www\meizushangchengtpnew\meizu\Runtime\Cache\Home\9bb6c74632b0adeb99049304361bfc53.php 第 184 行.
NOTIC: [8] Undefined index: good_pic E:\wamp\www\meizushangchengtpnew\meizu\Runtime\Cache\Home\9bb6c74632b0adeb99049304361bfc53.php 第 184 行.
NOTIC: [8] Undefined index: good_pic E:\wamp\www\meizushangchengtpnew\meizu\Runtime\Cache\Home\9bb6c74632b0adeb99049304361bfc53.php 第 184 行.
NOTIC: [8] Undefined index: good_pic E:\wamp\www\meizushangchengtpnew\meizu\Runtime\Cache\Home\9bb6c74632b0adeb99049304361bfc53.php 第 184 行.
NOTIC: [8] Undefined index: desc E:\wamp\www\meizushangchengtpnew\meizu\Runtime\Cache\Home\9bb6c74632b0adeb99049304361bfc53.php 第 345 行.
NOTIC: [8] Undefined index: desc E:\wamp\www\meizushangchengtpnew\meizu\Runtime\Cache\Home\9bb6c74632b0adeb99049304361bfc53.php 第 345 行.
NOTIC: [8] Undefined index: desc E:\wamp\www\meizushangchengtpnew\meizu\Runtime\Cache\Home\9bb6c74632b0adeb99049304361bfc53.php 第 345 行.
NOTIC: [8] Undefined index: desc E:\wamp\www\meizushangchengtpnew\meizu\Runtime\Cache\Home\9bb6c74632b0adeb99049304361bfc53.php 第 345 行.
NOTIC: [8] Undefined index: desc E:\wamp\www\meizushangchengtpnew\meizu\Runtime\Cache\Home\9bb6c74632b0adeb99049304361bfc53.php 第 345 行.
NOTIC: [8] Undefined index: desc E:\wamp\www\meizushangchengtpnew\meizu\Runtime\Cache\Home\9bb6c74632b0adeb99049304361bfc53.php 第 345 行.
NOTIC: [8] Undefined index: desc E:\wamp\www\meizushangchengtpnew\meizu\Runtime\Cache\Home\9bb6c74632b0adeb99049304361bfc53.php 第 345 行.
NOTIC: [8] Undefined index: desc E:\wamp\www\meizushangchengtpnew\meizu\Runtime\Cache\Home\9bb6c74632b0adeb99049304361bfc53.php 第 345 行.
NOTIC: [8] Undefined index: desc E:\wamp\www\meizushangchengtpnew\meizu\Runtime\Cache\Home\9bb6c74632b0adeb99049304361bfc53.php 第 345 行.
NOTIC: [8] Undefined index: desc E:\wamp\www\meizushangchengtpnew\meizu\Runtime\Cache\Home\9bb6c74632b0adeb99049304361bfc53.php 第 345 行.
NOTIC: [8] Undefined index: desc E:\wamp\www\meizushangchengtpnew\meizu\Runtime\Cache\Home\9bb6c74632b0adeb99049304361bfc53.php 第 345 行.
NOTIC: [8] Undefined index: desc E:\wamp\www\meizushangchengtpnew\meizu\Runtime\Cache\Home\9bb6c74632b0adeb99049304361bfc53.php 第 345 行.
NOTIC: [8] Undefined index: desc E:\wamp\www\meizushangchengtpnew\meizu\Runtime\Cache\Home\9bb6c74632b0adeb99049304361bfc53.php 第 345 行.
NOTIC: [8] Undefined index: desc E:\wamp\www\meizushangchengtpnew\meizu\Runtime\Cache\Home\9bb6c74632b0adeb99049304361bfc53.php 第 345 行.
NOTIC: [8] Undefined index: desc E:\wamp\www\meizushangchengtpnew\meizu\Runtime\Cache\Home\9bb6c74632b0adeb99049304361bfc53.php 第 345 行.
NOTIC: [8] Undefined index: good_desc E:\wamp\www\meizushangchengtpnew\meizu\Runtime\Cache\Home\9bb6c74632b0adeb99049304361bfc53.php 第 428 行.
NOTIC: [8] Undefined index: good_desc E:\wamp\www\meizushangchengtpnew\meizu\Runtime\Cache\Home\9bb6c74632b0adeb99049304361bfc53.php 第 428 行.
NOTIC: [8] Undefined index: good_desc E:\wamp\www\meizushangchengtpnew\meizu\Runtime\Cache\Home\9bb6c74632b0adeb99049304361bfc53.php 第 428 行.
NOTIC: [8] Undefined index: good_desc E:\wamp\www\meizushangchengtpnew\meizu\Runtime\Cache\Home\9bb6c74632b0adeb99049304361bfc53.php 第 428 行.
NOTIC: [8] Undefined index: good_desc E:\wamp\www\meizushangchengtpnew\meizu\Runtime\Cache\Home\9bb6c74632b0adeb99049304361bfc53.php 第 428 行.
NOTIC: [8] Undefined index: good_desc E:\wamp\www\meizushangchengtpnew\meizu\Runtime\Cache\Home\9bb6c74632b0adeb99049304361bfc53.php 第 428 行.
NOTIC: [8] Undefined index: good_desc E:\wamp\www\meizushangchengtpnew\meizu\Runtime\Cache\Home\9bb6c74632b0adeb99049304361bfc53.php 第 428 行.
NOTIC: [8] Undefined index: good_desc E:\wamp\www\meizushangchengtpnew\meizu\Runtime\Cache\Home\9bb6c74632b0adeb99049304361bfc53.php 第 428 行.
NOTIC: [8] Undefined index: good_desc E:\wamp\www\meizushangchengtpnew\meizu\Runtime\Cache\Home\9bb6c74632b0adeb99049304361bfc53.php 第 428 行.
NOTIC: [8] Undefined index: good_desc E:\wamp\www\meizushangchengtpnew\meizu\Runtime\Cache\Home\9bb6c74632b0adeb99049304361bfc53.php 第 428 行.
NOTIC: [8] Undefined index: good_desc E:\wamp\www\meizushangchengtpnew\meizu\Runtime\Cache\Home\9bb6c74632b0adeb99049304361bfc53.php 第 428 行.
NOTIC: [8] Undefined index: good_desc E:\wamp\www\meizushangchengtpnew\meizu\Runtime\Cache\Home\9bb6c74632b0adeb99049304361bfc53.php 第 428 行.
NOTIC: [8] Undefined index: good_desc E:\wamp\www\meizushangchengtpnew\meizu\Runtime\Cache\Home\9bb6c74632b0adeb99049304361bfc53.php 第 428 行.
NOTIC: [8] Undefined index: good_desc E:\wamp\www\meizushangchengtpnew\meizu\Runtime\Cache\Home\9bb6c74632b0adeb99049304361bfc53.php 第 428 行.
NOTIC: [8] Undefined index: good_desc E:\wamp\www\meizushangchengtpnew\meizu\Runtime\Cache\Home\9bb6c74632b0adeb99049304361bfc53.php 第 428 行.
NOTIC: [8] Undefined index: good_desc E:\wamp\www\meizushangchengtpnew\meizu\Runtime\Cache\Home\9bb6c74632b0adeb99049304361bfc53.php 第 428 行.
NOTIC: [8] Undefined index: good_desc E:\wamp\www\meizushangchengtpnew\meizu\Runtime\Cache\Home\9bb6c74632b0adeb99049304361bfc53.php 第 428 行.
NOTIC: [8] Undefined index: good_desc E:\wamp\www\meizushangchengtpnew\meizu\Runtime\Cache\Home\9bb6c74632b0adeb99049304361bfc53.php 第 428 行.
NOTIC: [8] Undefined index: good_desc E:\wamp\www\meizushangchengtpnew\meizu\Runtime\Cache\Home\9bb6c74632b0adeb99049304361bfc53.php 第 428 行.
NOTIC: [8] Undefined index: good_desc E:\wamp\www\meizushangchengtpnew\meizu\Runtime\Cache\Home\9bb6c74632b0adeb99049304361bfc53.php 第 428 行.
NOTIC: [8] Undefined index: good_desc E:\wamp\www\meizushangchengtpnew\meizu\Runtime\Cache\Home\9bb6c74632b0adeb99049304361bfc53.php 第 428 行.
NOTIC: [8] Undefined index: good_desc E:\wamp\www\meizushangchengtpnew\meizu\Runtime\Cache\Home\9bb6c74632b0adeb99049304361bfc53.php 第 428 行.
NOTIC: [8] Undefined index: good_desc E:\wamp\www\meizushangchengtpnew\meizu\Runtime\Cache\Home\9bb6c74632b0adeb99049304361bfc53.php 第 428 行.
NOTIC: [8] Undefined index: good_desc E:\wamp\www\meizushangchengtpnew\meizu\Runtime\Cache\Home\9bb6c74632b0adeb99049304361bfc53.php 第 428 行.
NOTIC: [8] Undefined index: good_desc E:\wamp\www\meizushangchengtpnew\meizu\Runtime\Cache\Home\9bb6c74632b0adeb99049304361bfc53.php 第 428 行.
NOTIC: [8] Undefined index: good_desc E:\wamp\www\meizushangchengtpnew\meizu\Runtime\Cache\Home\9bb6c74632b0adeb99049304361bfc53.php 第 428 行.
NOTIC: [8] Undefined index: good_desc E:\wamp\www\meizushangchengtpnew\meizu\Runtime\Cache\Home\9bb6c74632b0adeb99049304361bfc53.php 第 428 行.
NOTIC: [8] Undefined index: good_desc E:\wamp\www\meizushangchengtpnew\meizu\Runtime\Cache\Home\9bb6c74632b0adeb99049304361bfc53.php 第 428 行.
NOTIC: [8] Undefined index: good_desc E:\wamp\www\meizushangchengtpnew\meizu\Runtime\Cache\Home\9bb6c74632b0adeb99049304361bfc53.php 第 428 行.
NOTIC: [8] Undefined index: good_desc E:\wamp\www\meizushangchengtpnew\meizu\Runtime\Cache\Home\9bb6c74632b0adeb99049304361bfc53.php 第 428 行.
NOTIC: [8] Undefined index: good_desc E:\wamp\www\meizushangchengtpnew\meizu\Runtime\Cache\Home\9bb6c74632b0adeb99049304361bfc53.php 第 428 行.
NOTIC: [8] Undefined index: good_desc E:\wamp\www\meizushangchengtpnew\meizu\Runtime\Cache\Home\9bb6c74632b0adeb99049304361bfc53.php 第 428 行.
NOTIC: [8] Undefined index: good_desc E:\wamp\www\meizushangchengtpnew\meizu\Runtime\Cache\Home\9bb6c74632b0adeb99049304361bfc53.php 第 428 行.
NOTIC: [8] Undefined index: good_desc E:\wamp\www\meizushangchengtpnew\meizu\Runtime\Cache\Home\9bb6c74632b0adeb99049304361bfc53.php 第 428 行.
NOTIC: [8] Undefined index: good_desc E:\wamp\www\meizushangchengtpnew\meizu\Runtime\Cache\Home\9bb6c74632b0adeb99049304361bfc53.php 第 428 行.
INFO: Run Behavior\ParseTemplateBehavior [ RunTime:0.048003s ]
INFO: [ view_parse ] --END-- [ RunTime:0.048003s ]
INFO: [ view_filter ] --START--
INFO: Run Behavior\WriteHtmlCacheBehavior [ RunTime:0.000000s ]
INFO: [ view_filter ] --END-- [ RunTime:0.000000s ]
INFO: [ app_end ] --START--
INFO: Run Behavior\ShowPageTraceBehavior [ RunTime:0.001000s ]
INFO: [ app_end ] --END-- [ RunTime:0.001000s ]

[ 2016-08-25T20:06:52+08:00 ] ::1 /meizushangchengtpnew/index.php/home/shopdetail/index/good_id/54.html
INFO: [ app_init ] --START--
INFO: Run Behavior\BuildLiteBehavior [ RunTime:0.000000s ]
INFO: [ app_init ] --END-- [ RunTime:0.001000s ]
INFO: [ app_begin ] --START--
INFO: Run Behavior\ReadHtmlCacheBehavior [ RunTime:0.000000s ]
INFO: [ app_begin ] --END-- [ RunTime:0.001000s ]
SQL: select * from shop_category where pid = 0 order by sort  [ RunTime:0.0000s ]
SQL: select good_id,good_name,good_pic,good_marketprice,isnew from shop_goods where cate_id = '1' and ispublish = 1 order by good_id desc limit 6 [ RunTime:0.0000s ]
SQL: select good_id,good_name,good_pic,good_marketprice,isnew from shop_goods where cate_id = '28' and ispublish = 1 order by good_id desc limit 6 [ RunTime:0.0010s ]
SQL: select good_id,good_name,good_pic,good_marketprice,isnew from shop_goods where cate_id = '7' and ispublish = 1 order by good_id desc limit 6 [ RunTime:0.0000s ]
SQL: select good_id,good_name,good_pic,good_marketprice,isnew from shop_goods where cate_id = '36' and ispublish = 1 order by good_id desc limit 6 [ RunTime:0.0010s ]
SQL: select good_id,good_name,good_pic,good_marketprice,isnew from shop_goods where cate_id = '30' and ispublish = 1 order by good_id desc limit 6 [ RunTime:0.0000s ]
SQL: select good_id,good_name,good_pic,good_marketprice,isnew from shop_goods where cate_id = '37' and ispublish = 1 order by good_id desc limit 6 [ RunTime:0.0010s ]
SQL: select good_id,good_name,good_pic,good_marketprice,isnew from shop_goods where cate_id = '38' and ispublish = 1 order by good_id desc limit 6 [ RunTime:0.0000s ]
SQL: select * from shop_goods_attr where good_id = 54 [ RunTime:0.0630s ]
SQL: select * from shop_type_attr where isbeselected = 1 [ RunTime:0.0660s ]
SQL: select * from shop_goods_list where good_id = 54 and good_stock > 0 limit 1 [ RunTime:0.0780s ]
SQL: select attr_combine from shop_goods_list where good_id = '54' [ RunTime:0.0010s ]
SQL: select * from shop_goods_list where (good_id = 54 and good_stock != 0) and (attr_combine = '106') [ RunTime:0.0010s ]
SQL: select * from shop_goods where good_id = 54 [ RunTime:0.0000s ]
SQL: select attr_value from shop_type_attr where attr_name = '规格参数' and type_id = '3' [ RunTime:0.0000s ]
INFO: [ view_parse ] --START--
INFO: [ template_filter ] --START--
INFO: Run Behavior\ContentReplaceBehavior [ RunTime:0.001000s ]
INFO: [ template_filter ] --END-- [ RunTime:0.001000s ]
NOTIC: [8] Undefined index: uid E:\wamp\www\meizushangchengtpnew\meizu\Runtime\Cache\Home\231db1fdd3b2382afb7523293b0f7c5f.php 第 171 行.
INFO: Run Behavior\ParseTemplateBehavior [ RunTime:0.055003s ]
INFO: [ view_parse ] --END-- [ RunTime:0.055003s ]
INFO: [ view_filter ] --START--
INFO: Run Behavior\WriteHtmlCacheBehavior [ RunTime:0.000000s ]
INFO: [ view_filter ] --END-- [ RunTime:0.001000s ]
INFO: [ app_end ] --START--
INFO: Run Behavior\ShowPageTraceBehavior [ RunTime:0.001000s ]
INFO: [ app_end ] --END-- [ RunTime:0.001000s ]

[ 2016-08-25T20:06:52+08:00 ] ::1 /meizushangchengtpnew/index.php/home/shopdetail/index/good_id/good_detail_files/1450928272@126x126.png
INFO: [ app_init ] --START--
INFO: Run Behavior\BuildLiteBehavior [ RunTime:0.000000s ]
INFO: [ app_init ] --END-- [ RunTime:0.000000s ]

[ 2016-08-25T20:06:52+08:00 ] ::1 /meizushangchengtpnew/index.php/home/shopdetail/index/good_id/good_detail_files/Cix_s1eN3IiASxVXAA9IpQ8-shg169_126x126.png
INFO: [ app_init ] --START--
INFO: Run Behavior\BuildLiteBehavior [ RunTime:0.000000s ]
INFO: [ app_init ] --END-- [ RunTime:0.001000s ]

[ 2016-08-25T20:06:52+08:00 ] ::1 /meizushangchengtpnew/index.php/home/shopdetail/index/good_id/good_detail_files/1466996090@126x126.png
INFO: [ app_init ] --START--
INFO: Run Behavior\BuildLiteBehavior [ RunTime:0.000000s ]
INFO: [ app_init ] --END-- [ RunTime:0.000000s ]

[ 2016-08-25T20:06:52+08:00 ] ::1 /meizushangchengtpnew/index.php/home/shopdetail/index/good_id/good_detail_files/weixin.png
INFO: [ app_init ] --START--
INFO: Run Behavior\BuildLiteBehavior [ RunTime:0.000000s ]
INFO: [ app_init ] --END-- [ RunTime:0.001000s ]

[ 2016-08-25T20:07:08+08:00 ] ::1 /meizushangchengtpnew/index.php/home/shopdetail/checkstock.html
INFO: [ app_init ] --START--
INFO: Run Behavior\BuildLiteBehavior [ RunTime:0.000000s ]
INFO: [ app_init ] --END-- [ RunTime:0.001000s ]
INFO: [ app_begin ] --START--
INFO: Run Behavior\ReadHtmlCacheBehavior [ RunTime:0.001000s ]
INFO: [ app_begin ] --END-- [ RunTime:0.001000s ]
SQL: select * from shop_category where pid = 0 order by sort  [ RunTime:0.0010s ]
SQL: select good_id,good_name,good_pic,good_marketprice,isnew from shop_goods where cate_id = '1' and ispublish = 1 order by good_id desc limit 6 [ RunTime:0.0010s ]
SQL: select good_id,good_name,good_pic,good_marketprice,isnew from shop_goods where cate_id = '28' and ispublish = 1 order by good_id desc limit 6 [ RunTime:0.0000s ]
SQL: select good_id,good_name,good_pic,good_marketprice,isnew from shop_goods where cate_id = '7' and ispublish = 1 order by good_id desc limit 6 [ RunTime:0.0010s ]
SQL: select good_id,good_name,good_pic,good_marketprice,isnew from shop_goods where cate_id = '36' and ispublish = 1 order by good_id desc limit 6 [ RunTime:0.0000s ]
SQL: select good_id,good_name,good_pic,good_marketprice,isnew from shop_goods where cate_id = '30' and ispublish = 1 order by good_id desc limit 6 [ RunTime:0.0000s ]
SQL: select good_id,good_name,good_pic,good_marketprice,isnew from shop_goods where cate_id = '37' and ispublish = 1 order by good_id desc limit 6 [ RunTime:0.0000s ]
SQL: select good_id,good_name,good_pic,good_marketprice,isnew from shop_goods where cate_id = '38' and ispublish = 1 order by good_id desc limit 6 [ RunTime:0.0010s ]
SQL: select * from shop_goods_list where good_id = '54' and attr_combine = '106' and good_stock >= 78 [ RunTime:0.0000s ]

[ 2016-08-25T20:07:08+08:00 ] ::1 /meizushangchengtpnew/index.php/home/order/confirm.html
INFO: [ app_init ] --START--
INFO: Run Behavior\BuildLiteBehavior [ RunTime:0.000000s ]
INFO: [ app_init ] --END-- [ RunTime:0.001000s ]
INFO: [ app_begin ] --START--
INFO: Run Behavior\ReadHtmlCacheBehavior [ RunTime:0.000000s ]
INFO: [ app_begin ] --END-- [ RunTime:0.001000s ]
INFO: [ view_parse ] --START--
INFO: [ template_filter ] --START--
INFO: Run Behavior\ContentReplaceBehavior [ RunTime:0.000000s ]
INFO: [ template_filter ] --END-- [ RunTime:0.001000s ]
INFO: Run Behavior\ParseTemplateBehavior [ RunTime:0.019001s ]
INFO: [ view_parse ] --END-- [ RunTime:0.019001s ]
INFO: [ view_filter ] --START--
INFO: Run Behavior\WriteHtmlCacheBehavior [ RunTime:0.001000s ]
INFO: [ view_filter ] --END-- [ RunTime:0.001000s ]

[ 2016-08-25T20:07:13+08:00 ] ::1 /meizushangchengtpnew/index.php/home/shopdetail/index/good_id/37.html
INFO: [ app_init ] --START--
INFO: Run Behavior\BuildLiteBehavior [ RunTime:0.000000s ]
INFO: [ app_init ] --END-- [ RunTime:0.001000s ]
INFO: [ app_begin ] --START--
INFO: Run Behavior\ReadHtmlCacheBehavior [ RunTime:0.001000s ]
INFO: [ app_begin ] --END-- [ RunTime:0.001000s ]
SQL: select * from shop_category where pid = 0 order by sort  [ RunTime:0.0000s ]
SQL: select good_id,good_name,good_pic,good_marketprice,isnew from shop_goods where cate_id = '1' and ispublish = 1 order by good_id desc limit 6 [ RunTime:0.0030s ]
SQL: select good_id,good_name,good_pic,good_marketprice,isnew from shop_goods where cate_id = '28' and ispublish = 1 order by good_id desc limit 6 [ RunTime:0.0010s ]
SQL: select good_id,good_name,good_pic,good_marketprice,isnew from shop_goods where cate_id = '7' and ispublish = 1 order by good_id desc limit 6 [ RunTime:0.0020s ]
SQL: select good_id,good_name,good_pic,good_marketprice,isnew from shop_goods where cate_id = '36' and ispublish = 1 order by good_id desc limit 6 [ RunTime:0.0010s ]
SQL: select good_id,good_name,good_pic,good_marketprice,isnew from shop_goods where cate_id = '30' and ispublish = 1 order by good_id desc limit 6 [ RunTime:0.0000s ]
SQL: select good_id,good_name,good_pic,good_marketprice,isnew from shop_goods where cate_id = '37' and ispublish = 1 order by good_id desc limit 6 [ RunTime:0.0000s ]
SQL: select good_id,good_name,good_pic,good_marketprice,isnew from shop_goods where cate_id = '38' and ispublish = 1 order by good_id desc limit 6 [ RunTime:0.0010s ]
SQL: select * from shop_goods_attr where good_id = 37 [ RunTime:0.0000s ]
SQL: select * from shop_type_attr where isbeselected = 1 [ RunTime:0.0000s ]
SQL: select * from shop_goods_list where good_id = 37 and good_stock > 0 limit 1 [ RunTime:0.0000s ]
SQL: select attr_combine from shop_goods_list where good_id = '37' [ RunTime:0.0000s ]
SQL: select * from shop_goods_list where (good_id = 37 and good_stock != 0) and (attr_combine = '34') [ RunTime:0.0000s ]
SQL: select * from shop_goods where good_id = 37 [ RunTime:0.0010s ]
SQL: select attr_value from shop_type_attr where attr_name = '规格参数' and type_id = '7' [ RunTime:0.0000s ]
INFO: [ view_parse ] --START--
INFO: [ template_filter ] --START--
INFO: Run Behavior\ContentReplaceBehavior [ RunTime:0.001000s ]
INFO: [ template_filter ] --END-- [ RunTime:0.001000s ]
NOTIC: [8] Undefined index: uid E:\wamp\www\meizushangchengtpnew\meizu\Runtime\Cache\Home\231db1fdd3b2382afb7523293b0f7c5f.php 第 171 行.
INFO: Run Behavior\ParseTemplateBehavior [ RunTime:0.029002s ]
INFO: [ view_parse ] --END-- [ RunTime:0.029002s ]
INFO: [ view_filter ] --START--
INFO: Run Behavior\WriteHtmlCacheBehavior [ RunTime:0.000000s ]
INFO: [ view_filter ] --END-- [ RunTime:0.000000s ]
INFO: [ app_end ] --START--
INFO: Run Behavior\ShowPageTraceBehavior [ RunTime:0.000000s ]
INFO: [ app_end ] --END-- [ RunTime:0.001000s ]

[ 2016-08-25T20:07:13+08:00 ] ::1 /meizushangchengtpnew/index.php/home/shopdetail/index/good_id/good_detail_files/Cix_s1eN3IiASxVXAA9IpQ8-shg169_126x126.png
INFO: [ app_init ] --START--
INFO: Run Behavior\BuildLiteBehavior [ RunTime:0.000000s ]
INFO: [ app_init ] --END-- [ RunTime:0.001001s ]

[ 2016-08-25T20:07:13+08:00 ] ::1 /meizushangchengtpnew/index.php/home/shopdetail/index/good_id/good_detail_files/1466996090@126x126.png
INFO: [ app_init ] --START--
INFO: Run Behavior\BuildLiteBehavior [ RunTime:0.000000s ]
INFO: [ app_init ] --END-- [ RunTime:0.001000s ]

[ 2016-08-25T20:07:13+08:00 ] ::1 /meizushangchengtpnew/index.php/home/shopdetail/index/good_id/good_detail_files/1450928272@126x126.png
INFO: [ app_init ] --START--
INFO: Run Behavior\BuildLiteBehavior [ RunTime:0.000000s ]
INFO: [ app_init ] --END-- [ RunTime:0.000000s ]

[ 2016-08-25T20:07:13+08:00 ] ::1 /meizushangchengtpnew/index.php/home/shopdetail/index/good_id/good_detail_files/weixin.png
INFO: [ app_init ] --START--
INFO: Run Behavior\BuildLiteBehavior [ RunTime:0.000000s ]
INFO: [ app_init ] --END-- [ RunTime:0.001000s ]

