[ 2016-08-24T10:36:09+08:00 ] ::1 /meizushangchengtpnew/index.php/home
INFO: [ app_init ] --START--
INFO: Run Behavior\BuildLiteBehavior [ RunTime:0.000000s ]
INFO: [ app_init ] --END-- [ RunTime:0.032500s ]
INFO: [ app_begin ] --START--
INFO: Run Behavior\ReadHtmlCacheBehavior [ RunTime:0.035000s ]
INFO: [ app_begin ] --END-- [ RunTime:0.035000s ]
SQL: select * from shop_category where pid = 0 order by sort  [ RunTime:0.3200s ]
SQL: select good_id,good_name,good_pic,good_marketprice,isnew from shop_goods where cate_id = '1' and ispublish = 1 order by good_id desc limit 6 [ RunTime:0.1525s ]
SQL: select good_id,good_name,good_pic,good_marketprice,isnew from shop_goods where cate_id = '28' and ispublish = 1 order by good_id desc limit 6 [ RunTime:0.0000s ]
SQL: select good_id,good_name,good_pic,good_marketprice,isnew from shop_goods where cate_id = '7' and ispublish = 1 order by good_id desc limit 6 [ RunTime:0.0000s ]
SQL: select good_id,good_name,good_pic,good_marketprice,isnew from shop_goods where cate_id = '36' and ispublish = 1 order by good_id desc limit 6 [ RunTime:0.0000s ]
SQL: select good_id,good_name,good_pic,good_marketprice,isnew from shop_goods where cate_id = '30' and ispublish = 1 order by good_id desc limit 6 [ RunTime:0.0025s ]
SQL: select good_id,good_name,good_pic,good_marketprice,isnew from shop_goods where cate_id = '37' and ispublish = 1 order by good_id desc limit 6 [ RunTime:0.0000s ]
SQL: select good_id,good_name,good_pic,good_marketprice,isnew from shop_goods where cate_id = '38' and ispublish = 1 order by good_id desc limit 6 [ RunTime:0.0025s ]
SQL: select * from shop_category where pid = 0 order by sort limit 7 [ RunTime:0.0000s ]
SQL: select good_id,good_name,good_pic from shop_goods where cate_id = '1' and ispublish = 1 order by good_id desc limit 10 [ RunTime:0.0025s ]
SQL: select good_id,good_name,good_pic from shop_goods where cate_id = '28' and ispublish = 1 order by good_id desc limit 10 [ RunTime:0.0000s ]
SQL: select good_id,good_name,good_pic from shop_goods where cate_id = '7' and ispublish = 1 order by good_id desc limit 10 [ RunTime:0.0025s ]
SQL: select good_id,good_name,good_pic from shop_goods where cate_id = '36' and ispublish = 1 order by good_id desc limit 10 [ RunTime:0.0000s ]
SQL: select good_id,good_name,good_pic from shop_goods where cate_id = '30' and ispublish = 1 order by good_id desc limit 10 [ RunTime:0.0025s ]
SQL: select good_id,good_name,good_pic from shop_goods where cate_id = '37' and ispublish = 1 order by good_id desc limit 10 [ RunTime:0.0000s ]
SQL: select good_id,good_name,good_pic from shop_goods where cate_id = '38' and ispublish = 1 order by good_id desc limit 10 [ RunTime:0.0000s ]
SQL: select * from banner where status = 1 limit 5 [ RunTime:0.0575s ]
SQL: select * from shop_goods where ispublish = 1 and isnew = 1 order  by good_id desc limit 15 [ RunTime:0.0000s ]
SQL: select * from shop_category where pid = 0 order by sort [ RunTime:0.0025s ]
SQL: select good_id,good_name,good_pic,good_marketprice,isnew from shop_goods where cate_id = '1' and ispublish = 1 order by good_id desc limit 10 [ RunTime:0.0000s ]
SQL: select good_id,good_name,good_pic,good_marketprice,isnew from shop_goods where cate_id = '28' and ispublish = 1 order by good_id desc limit 10 [ RunTime:0.0000s ]
SQL: select good_id,good_name,good_pic,good_marketprice,isnew from shop_goods where cate_id = '7' and ispublish = 1 order by good_id desc limit 10 [ RunTime:0.0000s ]
SQL: select good_id,good_name,good_pic,good_marketprice,isnew from shop_goods where cate_id = '36' and ispublish = 1 order by good_id desc limit 10 [ RunTime:0.0000s ]
SQL: select good_id,good_name,good_pic,good_marketprice,isnew from shop_goods where cate_id = '38' and ispublish = 1 order by good_id desc limit 10 [ RunTime:0.0000s ]
INFO: [ view_parse ] --START--
INFO: [ template_filter ] --START--
INFO: Run Behavior\ContentReplaceBehavior [ RunTime:0.255004s ]
INFO: [ template_filter ] --END-- [ RunTime:0.255004s ]
NOTIC: [8] Undefined index: good_pic E:\wamp\www\meizushangchengtpnew\meizu\Runtime\Cache\Home\9bb6c74632b0adeb99049304361bfc53.php 第 184 行.
NOTIC: [8] Undefined index: good_pic E:\wamp\www\meizushangchengtpnew\meizu\Runtime\Cache\Home\9bb6c74632b0adeb99049304361bfc53.php 第 184 行.
NOTIC: [8] Undefined index: good_pic E:\wamp\www\meizushangchengtpnew\meizu\Runtime\Cache\Home\9bb6c74632b0adeb99049304361bfc53.php 第 184 行.
NOTIC: [8] Undefined index: good_pic E:\wamp\www\meizushangchengtpnew\meizu\Runtime\Cache\Home\9bb6c74632b0adeb99049304361bfc53.php 第 184 行.
NOTIC: [8] Undefined index: good_pic E:\wamp\www\meizushangchengtpnew\meizu\Runtime\Cache\Home\9bb6c74632b0adeb99049304361bfc53.php 第 184 行.
NOTIC: [8] Undefined index: good_pic E:\wamp\www\meizushangchengtpnew\meizu\Runtime\Cache\Home\9bb6c74632b0adeb99049304361bfc53.php 第 184 行.
NOTIC: [8] Undefined index: good_pic E:\wamp\www\meizushangchengtpnew\meizu\Runtime\Cache\Home\9bb6c74632b0adeb99049304361bfc53.php 第 184 行.
NOTIC: [8] Undefined index: desc E:\wamp\www\meizushangchengtpnew\meizu\Runtime\Cache\Home\9bb6c74632b0adeb99049304361bfc53.php 第 345 行.
NOTIC: [8] Undefined index: desc E:\wamp\www\meizushangchengtpnew\meizu\Runtime\Cache\Home\9bb6c74632b0adeb99049304361bfc53.php 第 345 行.
NOTIC: [8] Undefined index: desc E:\wamp\www\meizushangchengtpnew\meizu\Runtime\Cache\Home\9bb6c74632b0adeb99049304361bfc53.php 第 345 行.
NOTIC: [8] Undefined index: desc E:\wamp\www\meizushangchengtpnew\meizu\Runtime\Cache\Home\9bb6c74632b0adeb99049304361bfc53.php 第 345 行.
NOTIC: [8] Undefined index: desc E:\wamp\www\meizushangchengtpnew\meizu\Runtime\Cache\Home\9bb6c74632b0adeb99049304361bfc53.php 第 345 行.
NOTIC: [8] Undefined index: desc E:\wamp\www\meizushangchengtpnew\meizu\Runtime\Cache\Home\9bb6c74632b0adeb99049304361bfc53.php 第 345 行.
NOTIC: [8] Undefined index: desc E:\wamp\www\meizushangchengtpnew\meizu\Runtime\Cache\Home\9bb6c74632b0adeb99049304361bfc53.php 第 345 行.
NOTIC: [8] Undefined index: desc E:\wamp\www\meizushangchengtpnew\meizu\Runtime\Cache\Home\9bb6c74632b0adeb99049304361bfc53.php 第 345 行.
NOTIC: [8] Undefined index: desc E:\wamp\www\meizushangchengtpnew\meizu\Runtime\Cache\Home\9bb6c74632b0adeb99049304361bfc53.php 第 345 行.
NOTIC: [8] Undefined index: desc E:\wamp\www\meizushangchengtpnew\meizu\Runtime\Cache\Home\9bb6c74632b0adeb99049304361bfc53.php 第 345 行.
NOTIC: [8] Undefined index: desc E:\wamp\www\meizushangchengtpnew\meizu\Runtime\Cache\Home\9bb6c74632b0adeb99049304361bfc53.php 第 345 行.
NOTIC: [8] Undefined index: desc E:\wamp\www\meizushangchengtpnew\meizu\Runtime\Cache\Home\9bb6c74632b0adeb99049304361bfc53.php 第 345 行.
NOTIC: [8] Undefined index: desc E:\wamp\www\meizushangchengtpnew\meizu\Runtime\Cache\Home\9bb6c74632b0adeb99049304361bfc53.php 第 345 行.
NOTIC: [8] Undefined index: desc E:\wamp\www\meizushangchengtpnew\meizu\Runtime\Cache\Home\9bb6c74632b0adeb99049304361bfc53.php 第 345 行.
NOTIC: [8] Undefined index: desc E:\wamp\www\meizushangchengtpnew\meizu\Runtime\Cache\Home\9bb6c74632b0adeb99049304361bfc53.php 第 345 行.
NOTIC: [8] Undefined index: good_desc E:\wamp\www\meizushangchengtpnew\meizu\Runtime\Cache\Home\9bb6c74632b0adeb99049304361bfc53.php 第 428 行.
NOTIC: [8] Undefined index: good_desc E:\wamp\www\meizushangchengtpnew\meizu\Runtime\Cache\Home\9bb6c74632b0adeb99049304361bfc53.php 第 428 行.
NOTIC: [8] Undefined index: good_desc E:\wamp\www\meizushangchengtpnew\meizu\Runtime\Cache\Home\9bb6c74632b0adeb99049304361bfc53.php 第 428 行.
NOTIC: [8] Undefined index: good_desc E:\wamp\www\meizushangchengtpnew\meizu\Runtime\Cache\Home\9bb6c74632b0adeb99049304361bfc53.php 第 428 行.
NOTIC: [8] Undefined index: good_desc E:\wamp\www\meizushangchengtpnew\meizu\Runtime\Cache\Home\9bb6c74632b0adeb99049304361bfc53.php 第 428 行.
NOTIC: [8] Undefined index: good_desc E:\wamp\www\meizushangchengtpnew\meizu\Runtime\Cache\Home\9bb6c74632b0adeb99049304361bfc53.php 第 428 行.
NOTIC: [8] Undefined index: good_desc E:\wamp\www\meizushangchengtpnew\meizu\Runtime\Cache\Home\9bb6c74632b0adeb99049304361bfc53.php 第 428 行.
NOTIC: [8] Undefined index: good_desc E:\wamp\www\meizushangchengtpnew\meizu\Runtime\Cache\Home\9bb6c74632b0adeb99049304361bfc53.php 第 428 行.
NOTIC: [8] Undefined index: good_desc E:\wamp\www\meizushangchengtpnew\meizu\Runtime\Cache\Home\9bb6c74632b0adeb99049304361bfc53.php 第 428 行.
NOTIC: [8] Undefined index: good_desc E:\wamp\www\meizushangchengtpnew\meizu\Runtime\Cache\Home\9bb6c74632b0adeb99049304361bfc53.php 第 428 行.
NOTIC: [8] Undefined index: good_desc E:\wamp\www\meizushangchengtpnew\meizu\Runtime\Cache\Home\9bb6c74632b0adeb99049304361bfc53.php 第 428 行.
NOTIC: [8] Undefined index: good_desc E:\wamp\www\meizushangchengtpnew\meizu\Runtime\Cache\Home\9bb6c74632b0adeb99049304361bfc53.php 第 428 行.
NOTIC: [8] Undefined index: good_desc E:\wamp\www\meizushangchengtpnew\meizu\Runtime\Cache\Home\9bb6c74632b0adeb99049304361bfc53.php 第 428 行.
NOTIC: [8] Undefined index: good_desc E:\wamp\www\meizushangchengtpnew\meizu\Runtime\Cache\Home\9bb6c74632b0adeb99049304361bfc53.php 第 428 行.
NOTIC: [8] Undefined index: good_desc E:\wamp\www\meizushangchengtpnew\meizu\Runtime\Cache\Home\9bb6c74632b0adeb99049304361bfc53.php 第 428 行.
NOTIC: [8] Undefined index: good_desc E:\wamp\www\meizushangchengtpnew\meizu\Runtime\Cache\Home\9bb6c74632b0adeb99049304361bfc53.php 第 428 行.
NOTIC: [8] Undefined index: good_desc E:\wamp\www\meizushangchengtpnew\meizu\Runtime\Cache\Home\9bb6c74632b0adeb99049304361bfc53.php 第 428 行.
NOTIC: [8] Undefined index: good_desc E:\wamp\www\meizushangchengtpnew\meizu\Runtime\Cache\Home\9bb6c74632b0adeb99049304361bfc53.php 第 428 行.
NOTIC: [8] Undefined index: good_desc E:\wamp\www\meizushangchengtpnew\meizu\Runtime\Cache\Home\9bb6c74632b0adeb99049304361bfc53.php 第 428 行.
NOTIC: [8] Undefined index: good_desc E:\wamp\www\meizushangchengtpnew\meizu\Runtime\Cache\Home\9bb6c74632b0adeb99049304361bfc53.php 第 428 行.
NOTIC: [8] Undefined index: good_desc E:\wamp\www\meizushangchengtpnew\meizu\Runtime\Cache\Home\9bb6c74632b0adeb99049304361bfc53.php 第 428 行.
NOTIC: [8] Undefined index: good_desc E:\wamp\www\meizushangchengtpnew\meizu\Runtime\Cache\Home\9bb6c74632b0adeb99049304361bfc53.php 第 428 行.
NOTIC: [8] Undefined index: good_desc E:\wamp\www\meizushangchengtpnew\meizu\Runtime\Cache\Home\9bb6c74632b0adeb99049304361bfc53.php 第 428 行.
NOTIC: [8] Undefined index: good_desc E:\wamp\www\meizushangchengtpnew\meizu\Runtime\Cache\Home\9bb6c74632b0adeb99049304361bfc53.php 第 428 行.
NOTIC: [8] Undefined index: good_desc E:\wamp\www\meizushangchengtpnew\meizu\Runtime\Cache\Home\9bb6c74632b0adeb99049304361bfc53.php 第 428 行.
NOTIC: [8] Undefined index: good_desc E:\wamp\www\meizushangchengtpnew\meizu\Runtime\Cache\Home\9bb6c74632b0adeb99049304361bfc53.php 第 428 行.
NOTIC: [8] Undefined index: good_desc E:\wamp\www\meizushangchengtpnew\meizu\Runtime\Cache\Home\9bb6c74632b0adeb99049304361bfc53.php 第 428 行.
NOTIC: [8] Undefined index: good_desc E:\wamp\www\meizushangchengtpnew\meizu\Runtime\Cache\Home\9bb6c74632b0adeb99049304361bfc53.php 第 428 行.
NOTIC: [8] Undefined index: good_desc E:\wamp\www\meizushangchengtpnew\meizu\Runtime\Cache\Home\9bb6c74632b0adeb99049304361bfc53.php 第 428 行.
NOTIC: [8] Undefined index: good_desc E:\wamp\www\meizushangchengtpnew\meizu\Runtime\Cache\Home\9bb6c74632b0adeb99049304361bfc53.php 第 428 行.
NOTIC: [8] Undefined index: good_desc E:\wamp\www\meizushangchengtpnew\meizu\Runtime\Cache\Home\9bb6c74632b0adeb99049304361bfc53.php 第 428 行.
NOTIC: [8] Undefined index: good_desc E:\wamp\www\meizushangchengtpnew\meizu\Runtime\Cache\Home\9bb6c74632b0adeb99049304361bfc53.php 第 428 行.
NOTIC: [8] Undefined index: good_desc E:\wamp\www\meizushangchengtpnew\meizu\Runtime\Cache\Home\9bb6c74632b0adeb99049304361bfc53.php 第 428 行.
NOTIC: [8] Undefined index: good_desc E:\wamp\www\meizushangchengtpnew\meizu\Runtime\Cache\Home\9bb6c74632b0adeb99049304361bfc53.php 第 428 行.
NOTIC: [8] Undefined index: good_desc E:\wamp\www\meizushangchengtpnew\meizu\Runtime\Cache\Home\9bb6c74632b0adeb99049304361bfc53.php 第 428 行.
INFO: Run Behavior\ParseTemplateBehavior [ RunTime:0.702511s ]
INFO: [ view_parse ] --END-- [ RunTime:0.702511s ]
INFO: [ view_filter ] --START--
INFO: Run Behavior\WriteHtmlCacheBehavior [ RunTime:0.025000s ]
INFO: [ view_filter ] --END-- [ RunTime:0.025000s ]
INFO: [ app_end ] --START--
INFO: Run Behavior\ShowPageTraceBehavior [ RunTime:0.012501s ]
INFO: [ app_end ] --END-- [ RunTime:0.012501s ]

