[ 2016-11-10T08:25:34+08:00 ] 127.0.0.1 /mz/
INFO: [ app_init ] --START--
INFO: Run Behavior\BuildLiteBehavior [ RunTime:0.000044s ]
INFO: [ app_init ] --END-- [ RunTime:0.006644s ]
INFO: [ app_begin ] --START--
INFO: Run Behavior\ReadHtmlCacheBehavior [ RunTime:0.001749s ]
INFO: [ app_begin ] --END-- [ RunTime:0.002007s ]
SQL: select * from shop_category where pid = 0 order by sort  [ RunTime:0.1104s ]
SQL: select good_id,good_name,good_pic,good_marketprice,isnew from shop_goods where cate_id = '1' and ispublish = 1 order by good_id desc limit 6 [ RunTime:0.0681s ]
SQL: select good_id,good_name,good_pic,good_marketprice,isnew from shop_goods where cate_id = '28' and ispublish = 1 order by good_id desc limit 6 [ RunTime:0.0014s ]
SQL: select good_id,good_name,good_pic,good_marketprice,isnew from shop_goods where cate_id = '7' and ispublish = 1 order by good_id desc limit 6 [ RunTime:0.0011s ]
SQL: select good_id,good_name,good_pic,good_marketprice,isnew from shop_goods where cate_id = '36' and ispublish = 1 order by good_id desc limit 6 [ RunTime:0.0013s ]
SQL: select good_id,good_name,good_pic,good_marketprice,isnew from shop_goods where cate_id = '30' and ispublish = 1 order by good_id desc limit 6 [ RunTime:0.0009s ]
SQL: select good_id,good_name,good_pic,good_marketprice,isnew from shop_goods where cate_id = '37' and ispublish = 1 order by good_id desc limit 6 [ RunTime:0.0008s ]
SQL: select good_id,good_name,good_pic,good_marketprice,isnew from shop_goods where cate_id = '38' and ispublish = 1 order by good_id desc limit 6 [ RunTime:0.0009s ]
SQL: select * from shop_category where pid = 0 order by sort limit 7 [ RunTime:0.0005s ]
SQL: select good_id,good_name,good_pic from shop_goods where cate_id = '1' and ispublish = 1 order by good_id desc limit 10 [ RunTime:0.0006s ]
SQL: select good_id,good_name,good_pic from shop_goods where cate_id = '28' and ispublish = 1 order by good_id desc limit 10 [ RunTime:0.0006s ]
SQL: select good_id,good_name,good_pic from shop_goods where cate_id = '7' and ispublish = 1 order by good_id desc limit 10 [ RunTime:0.0006s ]
SQL: select good_id,good_name,good_pic from shop_goods where cate_id = '36' and ispublish = 1 order by good_id desc limit 10 [ RunTime:0.0007s ]
SQL: select good_id,good_name,good_pic from shop_goods where cate_id = '30' and ispublish = 1 order by good_id desc limit 10 [ RunTime:0.0005s ]
SQL: select good_id,good_name,good_pic from shop_goods where cate_id = '37' and ispublish = 1 order by good_id desc limit 10 [ RunTime:0.0005s ]
SQL: select good_id,good_name,good_pic from shop_goods where cate_id = '38' and ispublish = 1 order by good_id desc limit 10 [ RunTime:0.0006s ]
SQL: select * from banner where status = 1 limit 5 [ RunTime:0.0433s ]
SQL: select * from shop_goods where ispublish = 1 and isnew = 1 order  by good_id desc limit 15 [ RunTime:0.0010s ]
SQL: select * from shop_category where pid = 0 order by sort [ RunTime:0.0007s ]
SQL: select good_id,good_name,good_pic,good_marketprice,isnew from shop_goods where cate_id = '1' and ispublish = 1 order by good_id desc limit 10 [ RunTime:0.0007s ]
SQL: select good_id,good_name,good_pic,good_marketprice,isnew from shop_goods where cate_id = '28' and ispublish = 1 order by good_id desc limit 10 [ RunTime:0.0007s ]
SQL: select good_id,good_name,good_pic,good_marketprice,isnew from shop_goods where cate_id = '7' and ispublish = 1 order by good_id desc limit 10 [ RunTime:0.0006s ]
SQL: select good_id,good_name,good_pic,good_marketprice,isnew from shop_goods where cate_id = '36' and ispublish = 1 order by good_id desc limit 10 [ RunTime:0.0006s ]
SQL: select good_id,good_name,good_pic,good_marketprice,isnew from shop_goods where cate_id = '38' and ispublish = 1 order by good_id desc limit 10 [ RunTime:0.0006s ]
INFO: [ view_parse ] --START--
INFO: [ template_filter ] --START--
INFO: Run Behavior\ContentReplaceBehavior [ RunTime:0.027681s ]
INFO: [ template_filter ] --END-- [ RunTime:0.027936s ]
NOTIC: [8] Undefined index: good_pic F:\wamp\www\mz\meizu\Runtime\Cache\Home\9bb6c74632b0adeb99049304361bfc53.php 第 184 行.
NOTIC: [8] Undefined index: good_pic F:\wamp\www\mz\meizu\Runtime\Cache\Home\9bb6c74632b0adeb99049304361bfc53.php 第 184 行.
NOTIC: [8] Undefined index: good_pic F:\wamp\www\mz\meizu\Runtime\Cache\Home\9bb6c74632b0adeb99049304361bfc53.php 第 184 行.
NOTIC: [8] Undefined index: good_pic F:\wamp\www\mz\meizu\Runtime\Cache\Home\9bb6c74632b0adeb99049304361bfc53.php 第 184 行.
NOTIC: [8] Undefined index: good_pic F:\wamp\www\mz\meizu\Runtime\Cache\Home\9bb6c74632b0adeb99049304361bfc53.php 第 184 行.
NOTIC: [8] Undefined index: good_pic F:\wamp\www\mz\meizu\Runtime\Cache\Home\9bb6c74632b0adeb99049304361bfc53.php 第 184 行.
NOTIC: [8] Undefined index: good_pic F:\wamp\www\mz\meizu\Runtime\Cache\Home\9bb6c74632b0adeb99049304361bfc53.php 第 184 行.
NOTIC: [8] Undefined index: desc F:\wamp\www\mz\meizu\Runtime\Cache\Home\9bb6c74632b0adeb99049304361bfc53.php 第 345 行.
NOTIC: [8] Undefined index: desc F:\wamp\www\mz\meizu\Runtime\Cache\Home\9bb6c74632b0adeb99049304361bfc53.php 第 345 行.
NOTIC: [8] Undefined index: desc F:\wamp\www\mz\meizu\Runtime\Cache\Home\9bb6c74632b0adeb99049304361bfc53.php 第 345 行.
NOTIC: [8] Undefined index: desc F:\wamp\www\mz\meizu\Runtime\Cache\Home\9bb6c74632b0adeb99049304361bfc53.php 第 345 行.
NOTIC: [8] Undefined index: desc F:\wamp\www\mz\meizu\Runtime\Cache\Home\9bb6c74632b0adeb99049304361bfc53.php 第 345 行.
NOTIC: [8] Undefined index: desc F:\wamp\www\mz\meizu\Runtime\Cache\Home\9bb6c74632b0adeb99049304361bfc53.php 第 345 行.
NOTIC: [8] Undefined index: desc F:\wamp\www\mz\meizu\Runtime\Cache\Home\9bb6c74632b0adeb99049304361bfc53.php 第 345 行.
NOTIC: [8] Undefined index: desc F:\wamp\www\mz\meizu\Runtime\Cache\Home\9bb6c74632b0adeb99049304361bfc53.php 第 345 行.
NOTIC: [8] Undefined index: desc F:\wamp\www\mz\meizu\Runtime\Cache\Home\9bb6c74632b0adeb99049304361bfc53.php 第 345 行.
NOTIC: [8] Undefined index: desc F:\wamp\www\mz\meizu\Runtime\Cache\Home\9bb6c74632b0adeb99049304361bfc53.php 第 345 行.
NOTIC: [8] Undefined index: desc F:\wamp\www\mz\meizu\Runtime\Cache\Home\9bb6c74632b0adeb99049304361bfc53.php 第 345 行.
NOTIC: [8] Undefined index: desc F:\wamp\www\mz\meizu\Runtime\Cache\Home\9bb6c74632b0adeb99049304361bfc53.php 第 345 行.
NOTIC: [8] Undefined index: desc F:\wamp\www\mz\meizu\Runtime\Cache\Home\9bb6c74632b0adeb99049304361bfc53.php 第 345 行.
NOTIC: [8] Undefined index: desc F:\wamp\www\mz\meizu\Runtime\Cache\Home\9bb6c74632b0adeb99049304361bfc53.php 第 345 行.
NOTIC: [8] Undefined index: desc F:\wamp\www\mz\meizu\Runtime\Cache\Home\9bb6c74632b0adeb99049304361bfc53.php 第 345 行.
NOTIC: [8] Undefined index: good_desc F:\wamp\www\mz\meizu\Runtime\Cache\Home\9bb6c74632b0adeb99049304361bfc53.php 第 428 行.
NOTIC: [8] Undefined index: good_desc F:\wamp\www\mz\meizu\Runtime\Cache\Home\9bb6c74632b0adeb99049304361bfc53.php 第 428 行.
NOTIC: [8] Undefined index: good_desc F:\wamp\www\mz\meizu\Runtime\Cache\Home\9bb6c74632b0adeb99049304361bfc53.php 第 428 行.
NOTIC: [8] Undefined index: good_desc F:\wamp\www\mz\meizu\Runtime\Cache\Home\9bb6c74632b0adeb99049304361bfc53.php 第 428 行.
NOTIC: [8] Undefined index: good_desc F:\wamp\www\mz\meizu\Runtime\Cache\Home\9bb6c74632b0adeb99049304361bfc53.php 第 428 行.
NOTIC: [8] Undefined index: good_desc F:\wamp\www\mz\meizu\Runtime\Cache\Home\9bb6c74632b0adeb99049304361bfc53.php 第 428 行.
NOTIC: [8] Undefined index: good_desc F:\wamp\www\mz\meizu\Runtime\Cache\Home\9bb6c74632b0adeb99049304361bfc53.php 第 428 行.
NOTIC: [8] Undefined index: good_desc F:\wamp\www\mz\meizu\Runtime\Cache\Home\9bb6c74632b0adeb99049304361bfc53.php 第 428 行.
NOTIC: [8] Undefined index: good_desc F:\wamp\www\mz\meizu\Runtime\Cache\Home\9bb6c74632b0adeb99049304361bfc53.php 第 428 行.
NOTIC: [8] Undefined index: good_desc F:\wamp\www\mz\meizu\Runtime\Cache\Home\9bb6c74632b0adeb99049304361bfc53.php 第 428 行.
NOTIC: [8] Undefined index: good_desc F:\wamp\www\mz\meizu\Runtime\Cache\Home\9bb6c74632b0adeb99049304361bfc53.php 第 428 行.
NOTIC: [8] Undefined index: good_desc F:\wamp\www\mz\meizu\Runtime\Cache\Home\9bb6c74632b0adeb99049304361bfc53.php 第 428 行.
NOTIC: [8] Undefined index: good_desc F:\wamp\www\mz\meizu\Runtime\Cache\Home\9bb6c74632b0adeb99049304361bfc53.php 第 428 行.
NOTIC: [8] Undefined index: good_desc F:\wamp\www\mz\meizu\Runtime\Cache\Home\9bb6c74632b0adeb99049304361bfc53.php 第 428 行.
NOTIC: [8] Undefined index: good_desc F:\wamp\www\mz\meizu\Runtime\Cache\Home\9bb6c74632b0adeb99049304361bfc53.php 第 428 行.
NOTIC: [8] Undefined index: good_desc F:\wamp\www\mz\meizu\Runtime\Cache\Home\9bb6c74632b0adeb99049304361bfc53.php 第 428 行.
NOTIC: [8] Undefined index: good_desc F:\wamp\www\mz\meizu\Runtime\Cache\Home\9bb6c74632b0adeb99049304361bfc53.php 第 428 行.
NOTIC: [8] Undefined index: good_desc F:\wamp\www\mz\meizu\Runtime\Cache\Home\9bb6c74632b0adeb99049304361bfc53.php 第 428 行.
NOTIC: [8] Undefined index: good_desc F:\wamp\www\mz\meizu\Runtime\Cache\Home\9bb6c74632b0adeb99049304361bfc53.php 第 428 行.
NOTIC: [8] Undefined index: good_desc F:\wamp\www\mz\meizu\Runtime\Cache\Home\9bb6c74632b0adeb99049304361bfc53.php 第 428 行.
NOTIC: [8] Undefined index: good_desc F:\wamp\www\mz\meizu\Runtime\Cache\Home\9bb6c74632b0adeb99049304361bfc53.php 第 428 行.
NOTIC: [8] Undefined index: good_desc F:\wamp\www\mz\meizu\Runtime\Cache\Home\9bb6c74632b0adeb99049304361bfc53.php 第 428 行.
NOTIC: [8] Undefined index: good_desc F:\wamp\www\mz\meizu\Runtime\Cache\Home\9bb6c74632b0adeb99049304361bfc53.php 第 428 行.
NOTIC: [8] Undefined index: good_desc F:\wamp\www\mz\meizu\Runtime\Cache\Home\9bb6c74632b0adeb99049304361bfc53.php 第 428 行.
NOTIC: [8] Undefined index: good_desc F:\wamp\www\mz\meizu\Runtime\Cache\Home\9bb6c74632b0adeb99049304361bfc53.php 第 428 行.
NOTIC: [8] Undefined index: good_desc F:\wamp\www\mz\meizu\Runtime\Cache\Home\9bb6c74632b0adeb99049304361bfc53.php 第 428 行.
NOTIC: [8] Undefined index: good_desc F:\wamp\www\mz\meizu\Runtime\Cache\Home\9bb6c74632b0adeb99049304361bfc53.php 第 428 行.
NOTIC: [8] Undefined index: good_desc F:\wamp\www\mz\meizu\Runtime\Cache\Home\9bb6c74632b0adeb99049304361bfc53.php 第 428 行.
NOTIC: [8] Undefined index: good_desc F:\wamp\www\mz\meizu\Runtime\Cache\Home\9bb6c74632b0adeb99049304361bfc53.php 第 428 行.
NOTIC: [8] Undefined index: good_desc F:\wamp\www\mz\meizu\Runtime\Cache\Home\9bb6c74632b0adeb99049304361bfc53.php 第 428 行.
NOTIC: [8] Undefined index: good_desc F:\wamp\www\mz\meizu\Runtime\Cache\Home\9bb6c74632b0adeb99049304361bfc53.php 第 428 行.
NOTIC: [8] Undefined index: good_desc F:\wamp\www\mz\meizu\Runtime\Cache\Home\9bb6c74632b0adeb99049304361bfc53.php 第 428 行.
NOTIC: [8] Undefined index: good_desc F:\wamp\www\mz\meizu\Runtime\Cache\Home\9bb6c74632b0adeb99049304361bfc53.php 第 428 行.
NOTIC: [8] Undefined index: good_desc F:\wamp\www\mz\meizu\Runtime\Cache\Home\9bb6c74632b0adeb99049304361bfc53.php 第 428 行.
NOTIC: [8] Undefined index: good_desc F:\wamp\www\mz\meizu\Runtime\Cache\Home\9bb6c74632b0adeb99049304361bfc53.php 第 428 行.
INFO: Run Behavior\ParseTemplateBehavior [ RunTime:0.147320s ]
INFO: [ view_parse ] --END-- [ RunTime:0.147508s ]
INFO: [ view_filter ] --START--
INFO: Run Behavior\WriteHtmlCacheBehavior [ RunTime:0.001665s ]
INFO: [ view_filter ] --END-- [ RunTime:0.001842s ]
INFO: [ app_end ] --START--
INFO: Run Behavior\ShowPageTraceBehavior [ RunTime:0.005364s ]
INFO: [ app_end ] --END-- [ RunTime:0.005787s ]

[ 2016-11-10T09:09:33+08:00 ] 127.0.0.1 /mz/
INFO: [ app_init ] --START--
INFO: Run Behavior\BuildLiteBehavior [ RunTime:0.000043s ]
INFO: [ app_init ] --END-- [ RunTime:0.000912s ]
INFO: [ app_begin ] --START--
INFO: Run Behavior\ReadHtmlCacheBehavior [ RunTime:0.000967s ]
INFO: [ app_begin ] --END-- [ RunTime:0.001148s ]
SQL: select * from shop_category where pid = 0 order by sort  [ RunTime:0.0006s ]
SQL: select good_id,good_name,good_pic,good_marketprice,isnew from shop_goods where cate_id = '1' and ispublish = 1 order by good_id desc limit 6 [ RunTime:0.0006s ]
SQL: select good_id,good_name,good_pic,good_marketprice,isnew from shop_goods where cate_id = '28' and ispublish = 1 order by good_id desc limit 6 [ RunTime:0.0006s ]
SQL: select good_id,good_name,good_pic,good_marketprice,isnew from shop_goods where cate_id = '7' and ispublish = 1 order by good_id desc limit 6 [ RunTime:0.0007s ]
SQL: select good_id,good_name,good_pic,good_marketprice,isnew from shop_goods where cate_id = '36' and ispublish = 1 order by good_id desc limit 6 [ RunTime:0.0004s ]
SQL: select good_id,good_name,good_pic,good_marketprice,isnew from shop_goods where cate_id = '30' and ispublish = 1 order by good_id desc limit 6 [ RunTime:0.0004s ]
SQL: select good_id,good_name,good_pic,good_marketprice,isnew from shop_goods where cate_id = '37' and ispublish = 1 order by good_id desc limit 6 [ RunTime:0.0004s ]
SQL: select good_id,good_name,good_pic,good_marketprice,isnew from shop_goods where cate_id = '38' and ispublish = 1 order by good_id desc limit 6 [ RunTime:0.0005s ]
SQL: select * from shop_category where pid = 0 order by sort limit 7 [ RunTime:0.0004s ]
SQL: select good_id,good_name,good_pic from shop_goods where cate_id = '1' and ispublish = 1 order by good_id desc limit 10 [ RunTime:0.0005s ]
SQL: select good_id,good_name,good_pic from shop_goods where cate_id = '28' and ispublish = 1 order by good_id desc limit 10 [ RunTime:0.0006s ]
SQL: select good_id,good_name,good_pic from shop_goods where cate_id = '7' and ispublish = 1 order by good_id desc limit 10 [ RunTime:0.0007s ]
SQL: select good_id,good_name,good_pic from shop_goods where cate_id = '36' and ispublish = 1 order by good_id desc limit 10 [ RunTime:0.0005s ]
SQL: select good_id,good_name,good_pic from shop_goods where cate_id = '30' and ispublish = 1 order by good_id desc limit 10 [ RunTime:0.0004s ]
SQL: select good_id,good_name,good_pic from shop_goods where cate_id = '37' and ispublish = 1 order by good_id desc limit 10 [ RunTime:0.0003s ]
SQL: select good_id,good_name,good_pic from shop_goods where cate_id = '38' and ispublish = 1 order by good_id desc limit 10 [ RunTime:0.0004s ]
SQL: select * from banner where status = 1 limit 5 [ RunTime:0.0003s ]
SQL: select * from shop_goods where ispublish = 1 and isnew = 1 order  by good_id desc limit 15 [ RunTime:0.0007s ]
SQL: select * from shop_category where pid = 0 order by sort [ RunTime:0.0004s ]
SQL: select good_id,good_name,good_pic,good_marketprice,isnew from shop_goods where cate_id = '1' and ispublish = 1 order by good_id desc limit 10 [ RunTime:0.0005s ]
SQL: select good_id,good_name,good_pic,good_marketprice,isnew from shop_goods where cate_id = '28' and ispublish = 1 order by good_id desc limit 10 [ RunTime:0.0005s ]
SQL: select good_id,good_name,good_pic,good_marketprice,isnew from shop_goods where cate_id = '7' and ispublish = 1 order by good_id desc limit 10 [ RunTime:0.0004s ]
SQL: select good_id,good_name,good_pic,good_marketprice,isnew from shop_goods where cate_id = '36' and ispublish = 1 order by good_id desc limit 10 [ RunTime:0.0004s ]
SQL: select good_id,good_name,good_pic,good_marketprice,isnew from shop_goods where cate_id = '38' and ispublish = 1 order by good_id desc limit 10 [ RunTime:0.0004s ]
INFO: [ view_parse ] --START--
INFO: [ template_filter ] --START--
INFO: Run Behavior\ContentReplaceBehavior [ RunTime:0.000467s ]
INFO: [ template_filter ] --END-- [ RunTime:0.000685s ]
NOTIC: [8] Undefined index: good_pic F:\wamp\www\mz\meizu\Runtime\Cache\Home\9bb6c74632b0adeb99049304361bfc53.php 第 184 行.
NOTIC: [8] Undefined index: good_pic F:\wamp\www\mz\meizu\Runtime\Cache\Home\9bb6c74632b0adeb99049304361bfc53.php 第 184 行.
NOTIC: [8] Undefined index: good_pic F:\wamp\www\mz\meizu\Runtime\Cache\Home\9bb6c74632b0adeb99049304361bfc53.php 第 184 行.
NOTIC: [8] Undefined index: good_pic F:\wamp\www\mz\meizu\Runtime\Cache\Home\9bb6c74632b0adeb99049304361bfc53.php 第 184 行.
NOTIC: [8] Undefined index: good_pic F:\wamp\www\mz\meizu\Runtime\Cache\Home\9bb6c74632b0adeb99049304361bfc53.php 第 184 行.
NOTIC: [8] Undefined index: good_pic F:\wamp\www\mz\meizu\Runtime\Cache\Home\9bb6c74632b0adeb99049304361bfc53.php 第 184 行.
NOTIC: [8] Undefined index: good_pic F:\wamp\www\mz\meizu\Runtime\Cache\Home\9bb6c74632b0adeb99049304361bfc53.php 第 184 行.
NOTIC: [8] Undefined index: desc F:\wamp\www\mz\meizu\Runtime\Cache\Home\9bb6c74632b0adeb99049304361bfc53.php 第 345 行.
NOTIC: [8] Undefined index: desc F:\wamp\www\mz\meizu\Runtime\Cache\Home\9bb6c74632b0adeb99049304361bfc53.php 第 345 行.
NOTIC: [8] Undefined index: desc F:\wamp\www\mz\meizu\Runtime\Cache\Home\9bb6c74632b0adeb99049304361bfc53.php 第 345 行.
NOTIC: [8] Undefined index: desc F:\wamp\www\mz\meizu\Runtime\Cache\Home\9bb6c74632b0adeb99049304361bfc53.php 第 345 行.
NOTIC: [8] Undefined index: desc F:\wamp\www\mz\meizu\Runtime\Cache\Home\9bb6c74632b0adeb99049304361bfc53.php 第 345 行.
NOTIC: [8] Undefined index: desc F:\wamp\www\mz\meizu\Runtime\Cache\Home\9bb6c74632b0adeb99049304361bfc53.php 第 345 行.
NOTIC: [8] Undefined index: desc F:\wamp\www\mz\meizu\Runtime\Cache\Home\9bb6c74632b0adeb99049304361bfc53.php 第 345 行.
NOTIC: [8] Undefined index: desc F:\wamp\www\mz\meizu\Runtime\Cache\Home\9bb6c74632b0adeb99049304361bfc53.php 第 345 行.
NOTIC: [8] Undefined index: desc F:\wamp\www\mz\meizu\Runtime\Cache\Home\9bb6c74632b0adeb99049304361bfc53.php 第 345 行.
NOTIC: [8] Undefined index: desc F:\wamp\www\mz\meizu\Runtime\Cache\Home\9bb6c74632b0adeb99049304361bfc53.php 第 345 行.
NOTIC: [8] Undefined index: desc F:\wamp\www\mz\meizu\Runtime\Cache\Home\9bb6c74632b0adeb99049304361bfc53.php 第 345 行.
NOTIC: [8] Undefined index: desc F:\wamp\www\mz\meizu\Runtime\Cache\Home\9bb6c74632b0adeb99049304361bfc53.php 第 345 行.
NOTIC: [8] Undefined index: desc F:\wamp\www\mz\meizu\Runtime\Cache\Home\9bb6c74632b0adeb99049304361bfc53.php 第 345 行.
NOTIC: [8] Undefined index: desc F:\wamp\www\mz\meizu\Runtime\Cache\Home\9bb6c74632b0adeb99049304361bfc53.php 第 345 行.
NOTIC: [8] Undefined index: desc F:\wamp\www\mz\meizu\Runtime\Cache\Home\9bb6c74632b0adeb99049304361bfc53.php 第 345 行.
NOTIC: [8] Undefined index: good_desc F:\wamp\www\mz\meizu\Runtime\Cache\Home\9bb6c74632b0adeb99049304361bfc53.php 第 428 行.
NOTIC: [8] Undefined index: good_desc F:\wamp\www\mz\meizu\Runtime\Cache\Home\9bb6c74632b0adeb99049304361bfc53.php 第 428 行.
NOTIC: [8] Undefined index: good_desc F:\wamp\www\mz\meizu\Runtime\Cache\Home\9bb6c74632b0adeb99049304361bfc53.php 第 428 行.
NOTIC: [8] Undefined index: good_desc F:\wamp\www\mz\meizu\Runtime\Cache\Home\9bb6c74632b0adeb99049304361bfc53.php 第 428 行.
NOTIC: [8] Undefined index: good_desc F:\wamp\www\mz\meizu\Runtime\Cache\Home\9bb6c74632b0adeb99049304361bfc53.php 第 428 行.
NOTIC: [8] Undefined index: good_desc F:\wamp\www\mz\meizu\Runtime\Cache\Home\9bb6c74632b0adeb99049304361bfc53.php 第 428 行.
NOTIC: [8] Undefined index: good_desc F:\wamp\www\mz\meizu\Runtime\Cache\Home\9bb6c74632b0adeb99049304361bfc53.php 第 428 行.
NOTIC: [8] Undefined index: good_desc F:\wamp\www\mz\meizu\Runtime\Cache\Home\9bb6c74632b0adeb99049304361bfc53.php 第 428 行.
NOTIC: [8] Undefined index: good_desc F:\wamp\www\mz\meizu\Runtime\Cache\Home\9bb6c74632b0adeb99049304361bfc53.php 第 428 行.
NOTIC: [8] Undefined index: good_desc F:\wamp\www\mz\meizu\Runtime\Cache\Home\9bb6c74632b0adeb99049304361bfc53.php 第 428 行.
NOTIC: [8] Undefined index: good_desc F:\wamp\www\mz\meizu\Runtime\Cache\Home\9bb6c74632b0adeb99049304361bfc53.php 第 428 行.
NOTIC: [8] Undefined index: good_desc F:\wamp\www\mz\meizu\Runtime\Cache\Home\9bb6c74632b0adeb99049304361bfc53.php 第 428 行.
NOTIC: [8] Undefined index: good_desc F:\wamp\www\mz\meizu\Runtime\Cache\Home\9bb6c74632b0adeb99049304361bfc53.php 第 428 行.
NOTIC: [8] Undefined index: good_desc F:\wamp\www\mz\meizu\Runtime\Cache\Home\9bb6c74632b0adeb99049304361bfc53.php 第 428 行.
NOTIC: [8] Undefined index: good_desc F:\wamp\www\mz\meizu\Runtime\Cache\Home\9bb6c74632b0adeb99049304361bfc53.php 第 428 行.
NOTIC: [8] Undefined index: good_desc F:\wamp\www\mz\meizu\Runtime\Cache\Home\9bb6c74632b0adeb99049304361bfc53.php 第 428 行.
NOTIC: [8] Undefined index: good_desc F:\wamp\www\mz\meizu\Runtime\Cache\Home\9bb6c74632b0adeb99049304361bfc53.php 第 428 行.
NOTIC: [8] Undefined index: good_desc F:\wamp\www\mz\meizu\Runtime\Cache\Home\9bb6c74632b0adeb99049304361bfc53.php 第 428 行.
NOTIC: [8] Undefined index: good_desc F:\wamp\www\mz\meizu\Runtime\Cache\Home\9bb6c74632b0adeb99049304361bfc53.php 第 428 行.
NOTIC: [8] Undefined index: good_desc F:\wamp\www\mz\meizu\Runtime\Cache\Home\9bb6c74632b0adeb99049304361bfc53.php 第 428 行.
NOTIC: [8] Undefined index: good_desc F:\wamp\www\mz\meizu\Runtime\Cache\Home\9bb6c74632b0adeb99049304361bfc53.php 第 428 行.
NOTIC: [8] Undefined index: good_desc F:\wamp\www\mz\meizu\Runtime\Cache\Home\9bb6c74632b0adeb99049304361bfc53.php 第 428 行.
NOTIC: [8] Undefined index: good_desc F:\wamp\www\mz\meizu\Runtime\Cache\Home\9bb6c74632b0adeb99049304361bfc53.php 第 428 行.
NOTIC: [8] Undefined index: good_desc F:\wamp\www\mz\meizu\Runtime\Cache\Home\9bb6c74632b0adeb99049304361bfc53.php 第 428 行.
NOTIC: [8] Undefined index: good_desc F:\wamp\www\mz\meizu\Runtime\Cache\Home\9bb6c74632b0adeb99049304361bfc53.php 第 428 行.
NOTIC: [8] Undefined index: good_desc F:\wamp\www\mz\meizu\Runtime\Cache\Home\9bb6c74632b0adeb99049304361bfc53.php 第 428 行.
NOTIC: [8] Undefined index: good_desc F:\wamp\www\mz\meizu\Runtime\Cache\Home\9bb6c74632b0adeb99049304361bfc53.php 第 428 行.
NOTIC: [8] Undefined index: good_desc F:\wamp\www\mz\meizu\Runtime\Cache\Home\9bb6c74632b0adeb99049304361bfc53.php 第 428 行.
NOTIC: [8] Undefined index: good_desc F:\wamp\www\mz\meizu\Runtime\Cache\Home\9bb6c74632b0adeb99049304361bfc53.php 第 428 行.
NOTIC: [8] Undefined index: good_desc F:\wamp\www\mz\meizu\Runtime\Cache\Home\9bb6c74632b0adeb99049304361bfc53.php 第 428 行.
NOTIC: [8] Undefined index: good_desc F:\wamp\www\mz\meizu\Runtime\Cache\Home\9bb6c74632b0adeb99049304361bfc53.php 第 428 行.
NOTIC: [8] Undefined index: good_desc F:\wamp\www\mz\meizu\Runtime\Cache\Home\9bb6c74632b0adeb99049304361bfc53.php 第 428 行.
NOTIC: [8] Undefined index: good_desc F:\wamp\www\mz\meizu\Runtime\Cache\Home\9bb6c74632b0adeb99049304361bfc53.php 第 428 行.
NOTIC: [8] Undefined index: good_desc F:\wamp\www\mz\meizu\Runtime\Cache\Home\9bb6c74632b0adeb99049304361bfc53.php 第 428 行.
NOTIC: [8] Undefined index: good_desc F:\wamp\www\mz\meizu\Runtime\Cache\Home\9bb6c74632b0adeb99049304361bfc53.php 第 428 行.
INFO: Run Behavior\ParseTemplateBehavior [ RunTime:0.065292s ]
INFO: [ view_parse ] --END-- [ RunTime:0.065479s ]
INFO: [ view_filter ] --START--
INFO: Run Behavior\WriteHtmlCacheBehavior [ RunTime:0.001074s ]
INFO: [ view_filter ] --END-- [ RunTime:0.001247s ]
INFO: [ app_end ] --START--
INFO: Run Behavior\ShowPageTraceBehavior [ RunTime:0.001614s ]
INFO: [ app_end ] --END-- [ RunTime:0.002711s ]

[ 2016-11-10T11:53:14+08:00 ] 127.0.0.1 /mz/
INFO: [ app_init ] --START--
INFO: Run Behavior\BuildLiteBehavior [ RunTime:0.000045s ]
INFO: [ app_init ] --END-- [ RunTime:0.001005s ]
INFO: [ app_begin ] --START--
INFO: Run Behavior\ReadHtmlCacheBehavior [ RunTime:0.001036s ]
INFO: [ app_begin ] --END-- [ RunTime:0.001240s ]
SQL: select * from shop_category where pid = 0 order by sort  [ RunTime:0.0006s ]
SQL: select good_id,good_name,good_pic,good_marketprice,isnew from shop_goods where cate_id = '1' and ispublish = 1 order by good_id desc limit 6 [ RunTime:0.0006s ]
SQL: select good_id,good_name,good_pic,good_marketprice,isnew from shop_goods where cate_id = '28' and ispublish = 1 order by good_id desc limit 6 [ RunTime:0.0004s ]
SQL: select good_id,good_name,good_pic,good_marketprice,isnew from shop_goods where cate_id = '7' and ispublish = 1 order by good_id desc limit 6 [ RunTime:0.0003s ]
SQL: select good_id,good_name,good_pic,good_marketprice,isnew from shop_goods where cate_id = '36' and ispublish = 1 order by good_id desc limit 6 [ RunTime:0.0003s ]
SQL: select good_id,good_name,good_pic,good_marketprice,isnew from shop_goods where cate_id = '30' and ispublish = 1 order by good_id desc limit 6 [ RunTime:0.0003s ]
SQL: select good_id,good_name,good_pic,good_marketprice,isnew from shop_goods where cate_id = '37' and ispublish = 1 order by good_id desc limit 6 [ RunTime:0.0003s ]
SQL: select good_id,good_name,good_pic,good_marketprice,isnew from shop_goods where cate_id = '38' and ispublish = 1 order by good_id desc limit 6 [ RunTime:0.0003s ]
SQL: select * from shop_category where pid = 0 order by sort limit 7 [ RunTime:0.0003s ]
SQL: select good_id,good_name,good_pic from shop_goods where cate_id = '1' and ispublish = 1 order by good_id desc limit 10 [ RunTime:0.0004s ]
SQL: select good_id,good_name,good_pic from shop_goods where cate_id = '28' and ispublish = 1 order by good_id desc limit 10 [ RunTime:0.0004s ]
SQL: select good_id,good_name,good_pic from shop_goods where cate_id = '7' and ispublish = 1 order by good_id desc limit 10 [ RunTime:0.0003s ]
SQL: select good_id,good_name,good_pic from shop_goods where cate_id = '36' and ispublish = 1 order by good_id desc limit 10 [ RunTime:0.0003s ]
SQL: select good_id,good_name,good_pic from shop_goods where cate_id = '30' and ispublish = 1 order by good_id desc limit 10 [ RunTime:0.0003s ]
SQL: select good_id,good_name,good_pic from shop_goods where cate_id = '37' and ispublish = 1 order by good_id desc limit 10 [ RunTime:0.0003s ]
SQL: select good_id,good_name,good_pic from shop_goods where cate_id = '38' and ispublish = 1 order by good_id desc limit 10 [ RunTime:0.0003s ]
SQL: select * from banner where status = 1 limit 5 [ RunTime:0.0003s ]
SQL: select * from shop_goods where ispublish = 1 and isnew = 1 order  by good_id desc limit 15 [ RunTime:0.0006s ]
SQL: select * from shop_category where pid = 0 order by sort [ RunTime:0.0003s ]
SQL: select good_id,good_name,good_pic,good_marketprice,isnew from shop_goods where cate_id = '1' and ispublish = 1 order by good_id desc limit 10 [ RunTime:0.0005s ]
SQL: select good_id,good_name,good_pic,good_marketprice,isnew from shop_goods where cate_id = '28' and ispublish = 1 order by good_id desc limit 10 [ RunTime:0.0004s ]
SQL: select good_id,good_name,good_pic,good_marketprice,isnew from shop_goods where cate_id = '7' and ispublish = 1 order by good_id desc limit 10 [ RunTime:0.0003s ]
SQL: select good_id,good_name,good_pic,good_marketprice,isnew from shop_goods where cate_id = '36' and ispublish = 1 order by good_id desc limit 10 [ RunTime:0.0003s ]
SQL: select good_id,good_name,good_pic,good_marketprice,isnew from shop_goods where cate_id = '38' and ispublish = 1 order by good_id desc limit 10 [ RunTime:0.0003s ]
INFO: [ view_parse ] --START--
INFO: [ template_filter ] --START--
INFO: Run Behavior\ContentReplaceBehavior [ RunTime:0.000719s ]
INFO: [ template_filter ] --END-- [ RunTime:0.000939s ]
NOTIC: [8] Undefined index: good_pic F:\wamp\www\mz\meizu\Runtime\Cache\Home\9bb6c74632b0adeb99049304361bfc53.php 第 184 行.
NOTIC: [8] Undefined index: good_pic F:\wamp\www\mz\meizu\Runtime\Cache\Home\9bb6c74632b0adeb99049304361bfc53.php 第 184 行.
NOTIC: [8] Undefined index: good_pic F:\wamp\www\mz\meizu\Runtime\Cache\Home\9bb6c74632b0adeb99049304361bfc53.php 第 184 行.
NOTIC: [8] Undefined index: good_pic F:\wamp\www\mz\meizu\Runtime\Cache\Home\9bb6c74632b0adeb99049304361bfc53.php 第 184 行.
NOTIC: [8] Undefined index: good_pic F:\wamp\www\mz\meizu\Runtime\Cache\Home\9bb6c74632b0adeb99049304361bfc53.php 第 184 行.
NOTIC: [8] Undefined index: good_pic F:\wamp\www\mz\meizu\Runtime\Cache\Home\9bb6c74632b0adeb99049304361bfc53.php 第 184 行.
NOTIC: [8] Undefined index: good_pic F:\wamp\www\mz\meizu\Runtime\Cache\Home\9bb6c74632b0adeb99049304361bfc53.php 第 184 行.
NOTIC: [8] Undefined index: desc F:\wamp\www\mz\meizu\Runtime\Cache\Home\9bb6c74632b0adeb99049304361bfc53.php 第 345 行.
NOTIC: [8] Undefined index: desc F:\wamp\www\mz\meizu\Runtime\Cache\Home\9bb6c74632b0adeb99049304361bfc53.php 第 345 行.
NOTIC: [8] Undefined index: desc F:\wamp\www\mz\meizu\Runtime\Cache\Home\9bb6c74632b0adeb99049304361bfc53.php 第 345 行.
NOTIC: [8] Undefined index: desc F:\wamp\www\mz\meizu\Runtime\Cache\Home\9bb6c74632b0adeb99049304361bfc53.php 第 345 行.
NOTIC: [8] Undefined index: desc F:\wamp\www\mz\meizu\Runtime\Cache\Home\9bb6c74632b0adeb99049304361bfc53.php 第 345 行.
NOTIC: [8] Undefined index: desc F:\wamp\www\mz\meizu\Runtime\Cache\Home\9bb6c74632b0adeb99049304361bfc53.php 第 345 行.
NOTIC: [8] Undefined index: desc F:\wamp\www\mz\meizu\Runtime\Cache\Home\9bb6c74632b0adeb99049304361bfc53.php 第 345 行.
NOTIC: [8] Undefined index: desc F:\wamp\www\mz\meizu\Runtime\Cache\Home\9bb6c74632b0adeb99049304361bfc53.php 第 345 行.
NOTIC: [8] Undefined index: desc F:\wamp\www\mz\meizu\Runtime\Cache\Home\9bb6c74632b0adeb99049304361bfc53.php 第 345 行.
NOTIC: [8] Undefined index: desc F:\wamp\www\mz\meizu\Runtime\Cache\Home\9bb6c74632b0adeb99049304361bfc53.php 第 345 行.
NOTIC: [8] Undefined index: desc F:\wamp\www\mz\meizu\Runtime\Cache\Home\9bb6c74632b0adeb99049304361bfc53.php 第 345 行.
NOTIC: [8] Undefined index: desc F:\wamp\www\mz\meizu\Runtime\Cache\Home\9bb6c74632b0adeb99049304361bfc53.php 第 345 行.
NOTIC: [8] Undefined index: desc F:\wamp\www\mz\meizu\Runtime\Cache\Home\9bb6c74632b0adeb99049304361bfc53.php 第 345 行.
NOTIC: [8] Undefined index: desc F:\wamp\www\mz\meizu\Runtime\Cache\Home\9bb6c74632b0adeb99049304361bfc53.php 第 345 行.
NOTIC: [8] Undefined index: desc F:\wamp\www\mz\meizu\Runtime\Cache\Home\9bb6c74632b0adeb99049304361bfc53.php 第 345 行.
NOTIC: [8] Undefined index: good_desc F:\wamp\www\mz\meizu\Runtime\Cache\Home\9bb6c74632b0adeb99049304361bfc53.php 第 428 行.
NOTIC: [8] Undefined index: good_desc F:\wamp\www\mz\meizu\Runtime\Cache\Home\9bb6c74632b0adeb99049304361bfc53.php 第 428 行.
NOTIC: [8] Undefined index: good_desc F:\wamp\www\mz\meizu\Runtime\Cache\Home\9bb6c74632b0adeb99049304361bfc53.php 第 428 行.
NOTIC: [8] Undefined index: good_desc F:\wamp\www\mz\meizu\Runtime\Cache\Home\9bb6c74632b0adeb99049304361bfc53.php 第 428 行.
NOTIC: [8] Undefined index: good_desc F:\wamp\www\mz\meizu\Runtime\Cache\Home\9bb6c74632b0adeb99049304361bfc53.php 第 428 行.
NOTIC: [8] Undefined index: good_desc F:\wamp\www\mz\meizu\Runtime\Cache\Home\9bb6c74632b0adeb99049304361bfc53.php 第 428 行.
NOTIC: [8] Undefined index: good_desc F:\wamp\www\mz\meizu\Runtime\Cache\Home\9bb6c74632b0adeb99049304361bfc53.php 第 428 行.
NOTIC: [8] Undefined index: good_desc F:\wamp\www\mz\meizu\Runtime\Cache\Home\9bb6c74632b0adeb99049304361bfc53.php 第 428 行.
NOTIC: [8] Undefined index: good_desc F:\wamp\www\mz\meizu\Runtime\Cache\Home\9bb6c74632b0adeb99049304361bfc53.php 第 428 行.
NOTIC: [8] Undefined index: good_desc F:\wamp\www\mz\meizu\Runtime\Cache\Home\9bb6c74632b0adeb99049304361bfc53.php 第 428 行.
NOTIC: [8] Undefined index: good_desc F:\wamp\www\mz\meizu\Runtime\Cache\Home\9bb6c74632b0adeb99049304361bfc53.php 第 428 行.
NOTIC: [8] Undefined index: good_desc F:\wamp\www\mz\meizu\Runtime\Cache\Home\9bb6c74632b0adeb99049304361bfc53.php 第 428 行.
NOTIC: [8] Undefined index: good_desc F:\wamp\www\mz\meizu\Runtime\Cache\Home\9bb6c74632b0adeb99049304361bfc53.php 第 428 行.
NOTIC: [8] Undefined index: good_desc F:\wamp\www\mz\meizu\Runtime\Cache\Home\9bb6c74632b0adeb99049304361bfc53.php 第 428 行.
NOTIC: [8] Undefined index: good_desc F:\wamp\www\mz\meizu\Runtime\Cache\Home\9bb6c74632b0adeb99049304361bfc53.php 第 428 行.
NOTIC: [8] Undefined index: good_desc F:\wamp\www\mz\meizu\Runtime\Cache\Home\9bb6c74632b0adeb99049304361bfc53.php 第 428 行.
NOTIC: [8] Undefined index: good_desc F:\wamp\www\mz\meizu\Runtime\Cache\Home\9bb6c74632b0adeb99049304361bfc53.php 第 428 行.
NOTIC: [8] Undefined index: good_desc F:\wamp\www\mz\meizu\Runtime\Cache\Home\9bb6c74632b0adeb99049304361bfc53.php 第 428 行.
NOTIC: [8] Undefined index: good_desc F:\wamp\www\mz\meizu\Runtime\Cache\Home\9bb6c74632b0adeb99049304361bfc53.php 第 428 行.
NOTIC: [8] Undefined index: good_desc F:\wamp\www\mz\meizu\Runtime\Cache\Home\9bb6c74632b0adeb99049304361bfc53.php 第 428 行.
NOTIC: [8] Undefined index: good_desc F:\wamp\www\mz\meizu\Runtime\Cache\Home\9bb6c74632b0adeb99049304361bfc53.php 第 428 行.
NOTIC: [8] Undefined index: good_desc F:\wamp\www\mz\meizu\Runtime\Cache\Home\9bb6c74632b0adeb99049304361bfc53.php 第 428 行.
NOTIC: [8] Undefined index: good_desc F:\wamp\www\mz\meizu\Runtime\Cache\Home\9bb6c74632b0adeb99049304361bfc53.php 第 428 行.
NOTIC: [8] Undefined index: good_desc F:\wamp\www\mz\meizu\Runtime\Cache\Home\9bb6c74632b0adeb99049304361bfc53.php 第 428 行.
NOTIC: [8] Undefined index: good_desc F:\wamp\www\mz\meizu\Runtime\Cache\Home\9bb6c74632b0adeb99049304361bfc53.php 第 428 行.
NOTIC: [8] Undefined index: good_desc F:\wamp\www\mz\meizu\Runtime\Cache\Home\9bb6c74632b0adeb99049304361bfc53.php 第 428 行.
NOTIC: [8] Undefined index: good_desc F:\wamp\www\mz\meizu\Runtime\Cache\Home\9bb6c74632b0adeb99049304361bfc53.php 第 428 行.
NOTIC: [8] Undefined index: good_desc F:\wamp\www\mz\meizu\Runtime\Cache\Home\9bb6c74632b0adeb99049304361bfc53.php 第 428 行.
NOTIC: [8] Undefined index: good_desc F:\wamp\www\mz\meizu\Runtime\Cache\Home\9bb6c74632b0adeb99049304361bfc53.php 第 428 行.
NOTIC: [8] Undefined index: good_desc F:\wamp\www\mz\meizu\Runtime\Cache\Home\9bb6c74632b0adeb99049304361bfc53.php 第 428 行.
NOTIC: [8] Undefined index: good_desc F:\wamp\www\mz\meizu\Runtime\Cache\Home\9bb6c74632b0adeb99049304361bfc53.php 第 428 行.
NOTIC: [8] Undefined index: good_desc F:\wamp\www\mz\meizu\Runtime\Cache\Home\9bb6c74632b0adeb99049304361bfc53.php 第 428 行.
NOTIC: [8] Undefined index: good_desc F:\wamp\www\mz\meizu\Runtime\Cache\Home\9bb6c74632b0adeb99049304361bfc53.php 第 428 行.
NOTIC: [8] Undefined index: good_desc F:\wamp\www\mz\meizu\Runtime\Cache\Home\9bb6c74632b0adeb99049304361bfc53.php 第 428 行.
NOTIC: [8] Undefined index: good_desc F:\wamp\www\mz\meizu\Runtime\Cache\Home\9bb6c74632b0adeb99049304361bfc53.php 第 428 行.
INFO: Run Behavior\ParseTemplateBehavior [ RunTime:0.065685s ]
INFO: [ view_parse ] --END-- [ RunTime:0.065873s ]
INFO: [ view_filter ] --START--
INFO: Run Behavior\WriteHtmlCacheBehavior [ RunTime:0.001087s ]
INFO: [ view_filter ] --END-- [ RunTime:0.001342s ]
INFO: [ app_end ] --START--
INFO: Run Behavior\ShowPageTraceBehavior [ RunTime:0.001310s ]
INFO: [ app_end ] --END-- [ RunTime:0.001540s ]

[ 2016-11-10T11:53:28+08:00 ] 127.0.0.1 /mz/index.php/home/category/index/cateid/28.html
INFO: [ app_init ] --START--
INFO: Run Behavior\BuildLiteBehavior [ RunTime:0.000043s ]
INFO: [ app_init ] --END-- [ RunTime:0.000940s ]
INFO: [ app_begin ] --START--
INFO: Run Behavior\ReadHtmlCacheBehavior [ RunTime:0.000819s ]
INFO: [ app_begin ] --END-- [ RunTime:0.001065s ]
SQL: select * from shop_category where pid = 0 order by sort  [ RunTime:0.0007s ]
SQL: select good_id,good_name,good_pic,good_marketprice,isnew from shop_goods where cate_id = '1' and ispublish = 1 order by good_id desc limit 6 [ RunTime:0.0007s ]
SQL: select good_id,good_name,good_pic,good_marketprice,isnew from shop_goods where cate_id = '28' and ispublish = 1 order by good_id desc limit 6 [ RunTime:0.0007s ]
SQL: select good_id,good_name,good_pic,good_marketprice,isnew from shop_goods where cate_id = '7' and ispublish = 1 order by good_id desc limit 6 [ RunTime:0.0006s ]
SQL: select good_id,good_name,good_pic,good_marketprice,isnew from shop_goods where cate_id = '36' and ispublish = 1 order by good_id desc limit 6 [ RunTime:0.0006s ]
SQL: select good_id,good_name,good_pic,good_marketprice,isnew from shop_goods where cate_id = '30' and ispublish = 1 order by good_id desc limit 6 [ RunTime:0.0006s ]
SQL: select good_id,good_name,good_pic,good_marketprice,isnew from shop_goods where cate_id = '37' and ispublish = 1 order by good_id desc limit 6 [ RunTime:0.0006s ]
SQL: select good_id,good_name,good_pic,good_marketprice,isnew from shop_goods where cate_id = '38' and ispublish = 1 order by good_id desc limit 6 [ RunTime:0.0007s ]
SQL: select cname from shop_category where cid = 28 [ RunTime:0.0004s ]
SQL: select * from shop_goods where cate_id = 28 and ispublish = 1 [ RunTime:0.0009s ]
INFO: [ view_parse ] --START--
INFO: [ template_filter ] --START--
INFO: Run Behavior\ContentReplaceBehavior [ RunTime:0.000377s ]
INFO: [ template_filter ] --END-- [ RunTime:0.000618s ]
INFO: Run Behavior\ParseTemplateBehavior [ RunTime:0.046510s ]
INFO: [ view_parse ] --END-- [ RunTime:0.046717s ]
INFO: [ view_filter ] --START--
INFO: Run Behavior\WriteHtmlCacheBehavior [ RunTime:0.001030s ]
INFO: [ view_filter ] --END-- [ RunTime:0.001203s ]
INFO: [ app_end ] --START--
INFO: Run Behavior\ShowPageTraceBehavior [ RunTime:0.001522s ]
INFO: [ app_end ] --END-- [ RunTime:0.001808s ]

[ 2016-11-10T11:53:28+08:00 ] 127.0.0.1 /mz/index.php/home/category/index/cateid/good_detail_files/weixin.png
INFO: [ app_init ] --START--
INFO: Run Behavior\BuildLiteBehavior [ RunTime:0.000067s ]
INFO: [ app_init ] --END-- [ RunTime:0.001140s ]

[ 2016-11-10T11:53:28+08:00 ] 127.0.0.1 /mz/index.php/home/category/index/cateid/good_detail_files/Cix_s1eN3IiASxVXAA9IpQ8-shg169_126x126.png
INFO: [ app_init ] --START--
INFO: Run Behavior\BuildLiteBehavior [ RunTime:0.000073s ]
INFO: [ app_init ] --END-- [ RunTime:0.001090s ]

[ 2016-11-10T11:53:28+08:00 ] 127.0.0.1 /mz/index.php/home/category/index/cateid/good_detail_files/1450928272@126x126.png
INFO: [ app_init ] --START--
INFO: Run Behavior\BuildLiteBehavior [ RunTime:0.000081s ]
INFO: [ app_init ] --END-- [ RunTime:0.001222s ]

[ 2016-11-10T11:53:28+08:00 ] 127.0.0.1 /mz/index.php/home/category/index/cateid/good_detail_files/1466996090@126x126.png
INFO: [ app_init ] --START--
INFO: Run Behavior\BuildLiteBehavior [ RunTime:0.000079s ]
INFO: [ app_init ] --END-- [ RunTime:0.001257s ]

[ 2016-11-10T11:53:30+08:00 ] 127.0.0.1 /mz/index.php/home/shopdetail/index/good_id/33.html
INFO: [ app_init ] --START--
INFO: Run Behavior\BuildLiteBehavior [ RunTime:0.000046s ]
INFO: [ app_init ] --END-- [ RunTime:0.001038s ]
INFO: [ app_begin ] --START--
INFO: Run Behavior\ReadHtmlCacheBehavior [ RunTime:0.000757s ]
INFO: [ app_begin ] --END-- [ RunTime:0.000943s ]
SQL: select * from shop_category where pid = 0 order by sort  [ RunTime:0.0005s ]
SQL: select good_id,good_name,good_pic,good_marketprice,isnew from shop_goods where cate_id = '1' and ispublish = 1 order by good_id desc limit 6 [ RunTime:0.0005s ]
SQL: select good_id,good_name,good_pic,good_marketprice,isnew from shop_goods where cate_id = '28' and ispublish = 1 order by good_id desc limit 6 [ RunTime:0.0004s ]
SQL: select good_id,good_name,good_pic,good_marketprice,isnew from shop_goods where cate_id = '7' and ispublish = 1 order by good_id desc limit 6 [ RunTime:0.0003s ]
SQL: select good_id,good_name,good_pic,good_marketprice,isnew from shop_goods where cate_id = '36' and ispublish = 1 order by good_id desc limit 6 [ RunTime:0.0003s ]
SQL: select good_id,good_name,good_pic,good_marketprice,isnew from shop_goods where cate_id = '30' and ispublish = 1 order by good_id desc limit 6 [ RunTime:0.0003s ]
SQL: select good_id,good_name,good_pic,good_marketprice,isnew from shop_goods where cate_id = '37' and ispublish = 1 order by good_id desc limit 6 [ RunTime:0.0003s ]
SQL: select good_id,good_name,good_pic,good_marketprice,isnew from shop_goods where cate_id = '38' and ispublish = 1 order by good_id desc limit 6 [ RunTime:0.0003s ]
SQL: select * from shop_goods_attr where good_id = 33 [ RunTime:0.0481s ]
SQL: select * from shop_type_attr where isbeselected = 1 [ RunTime:0.0294s ]
SQL: select * from shop_goods_list where good_id = 33 and good_stock > 0 limit 1 [ RunTime:0.0450s ]
SQL: select attr_combine from shop_goods_list where good_id = '33' [ RunTime:0.0006s ]
SQL: select * from shop_goods_list where (good_id = 33 and good_stock != 0) and (attr_combine = '26') [ RunTime:0.0005s ]
SQL: select * from shop_goods where good_id = 33 [ RunTime:0.0005s ]
SQL: select attr_value from shop_type_attr where attr_name = '规格参数' and type_id = '2' [ RunTime:0.0004s ]
INFO: [ view_parse ] --START--
INFO: [ template_filter ] --START--
INFO: Run Behavior\ContentReplaceBehavior [ RunTime:0.000792s ]
INFO: [ template_filter ] --END-- [ RunTime:0.001159s ]
NOTIC: [8] Undefined index: uid F:\wamp\www\mz\meizu\Runtime\Cache\Home\231db1fdd3b2382afb7523293b0f7c5f.php 第 171 行.
INFO: Run Behavior\ParseTemplateBehavior [ RunTime:0.077438s ]
INFO: [ view_parse ] --END-- [ RunTime:0.077787s ]
INFO: [ view_filter ] --START--
INFO: Run Behavior\WriteHtmlCacheBehavior [ RunTime:0.001161s ]
INFO: [ view_filter ] --END-- [ RunTime:0.001482s ]
INFO: [ app_end ] --START--
INFO: Run Behavior\ShowPageTraceBehavior [ RunTime:0.001860s ]
INFO: [ app_end ] --END-- [ RunTime:0.002233s ]

[ 2016-11-10T11:53:30+08:00 ] 127.0.0.1 /mz/index.php/home/shopdetail/index/good_id/good_detail_files/1466996090@126x126.png
INFO: [ app_init ] --START--
INFO: Run Behavior\BuildLiteBehavior [ RunTime:0.000081s ]
INFO: [ app_init ] --END-- [ RunTime:0.001274s ]

[ 2016-11-10T11:53:30+08:00 ] 127.0.0.1 /mz/index.php/home/shopdetail/index/good_id/good_detail_files/1450928272@126x126.png
INFO: [ app_init ] --START--
INFO: Run Behavior\BuildLiteBehavior [ RunTime:0.000064s ]
INFO: [ app_init ] --END-- [ RunTime:0.001202s ]

[ 2016-11-10T11:53:31+08:00 ] 127.0.0.1 /mz/index.php/home/shopdetail/index/good_id/good_detail_files/Cix_s1eN3IiASxVXAA9IpQ8-shg169_126x126.png
INFO: [ app_init ] --START--
INFO: Run Behavior\BuildLiteBehavior [ RunTime:0.000079s ]
INFO: [ app_init ] --END-- [ RunTime:0.001198s ]

[ 2016-11-10T11:53:31+08:00 ] 127.0.0.1 /mz/index.php/home/shopdetail/index/good_id/good_detail_files/weixin.png
INFO: [ app_init ] --START--
INFO: Run Behavior\BuildLiteBehavior [ RunTime:0.000077s ]
INFO: [ app_init ] --END-- [ RunTime:0.001116s ]

[ 2016-11-10T11:53:35+08:00 ] 127.0.0.1 /mz/index.php/home/index/index.html
INFO: [ app_init ] --START--
INFO: Run Behavior\BuildLiteBehavior [ RunTime:0.000047s ]
INFO: [ app_init ] --END-- [ RunTime:0.000851s ]
INFO: [ app_begin ] --START--
INFO: Run Behavior\ReadHtmlCacheBehavior [ RunTime:0.000988s ]
INFO: [ app_begin ] --END-- [ RunTime:0.001187s ]
SQL: select * from shop_category where pid = 0 order by sort  [ RunTime:0.0006s ]
SQL: select good_id,good_name,good_pic,good_marketprice,isnew from shop_goods where cate_id = '1' and ispublish = 1 order by good_id desc limit 6 [ RunTime:0.0006s ]
SQL: select good_id,good_name,good_pic,good_marketprice,isnew from shop_goods where cate_id = '28' and ispublish = 1 order by good_id desc limit 6 [ RunTime:0.0004s ]
SQL: select good_id,good_name,good_pic,good_marketprice,isnew from shop_goods where cate_id = '7' and ispublish = 1 order by good_id desc limit 6 [ RunTime:0.0004s ]
SQL: select good_id,good_name,good_pic,good_marketprice,isnew from shop_goods where cate_id = '36' and ispublish = 1 order by good_id desc limit 6 [ RunTime:0.0003s ]
SQL: select good_id,good_name,good_pic,good_marketprice,isnew from shop_goods where cate_id = '30' and ispublish = 1 order by good_id desc limit 6 [ RunTime:0.0003s ]
SQL: select good_id,good_name,good_pic,good_marketprice,isnew from shop_goods where cate_id = '37' and ispublish = 1 order by good_id desc limit 6 [ RunTime:0.0003s ]
SQL: select good_id,good_name,good_pic,good_marketprice,isnew from shop_goods where cate_id = '38' and ispublish = 1 order by good_id desc limit 6 [ RunTime:0.0003s ]
SQL: select * from shop_category where pid = 0 order by sort limit 7 [ RunTime:0.0003s ]
SQL: select good_id,good_name,good_pic from shop_goods where cate_id = '1' and ispublish = 1 order by good_id desc limit 10 [ RunTime:0.0004s ]
SQL: select good_id,good_name,good_pic from shop_goods where cate_id = '28' and ispublish = 1 order by good_id desc limit 10 [ RunTime:0.0004s ]
SQL: select good_id,good_name,good_pic from shop_goods where cate_id = '7' and ispublish = 1 order by good_id desc limit 10 [ RunTime:0.0003s ]
SQL: select good_id,good_name,good_pic from shop_goods where cate_id = '36' and ispublish = 1 order by good_id desc limit 10 [ RunTime:0.0003s ]
SQL: select good_id,good_name,good_pic from shop_goods where cate_id = '30' and ispublish = 1 order by good_id desc limit 10 [ RunTime:0.0003s ]
SQL: select good_id,good_name,good_pic from shop_goods where cate_id = '37' and ispublish = 1 order by good_id desc limit 10 [ RunTime:0.0003s ]
SQL: select good_id,good_name,good_pic from shop_goods where cate_id = '38' and ispublish = 1 order by good_id desc limit 10 [ RunTime:0.0003s ]
SQL: select * from banner where status = 1 limit 5 [ RunTime:0.0003s ]
SQL: select * from shop_goods where ispublish = 1 and isnew = 1 order  by good_id desc limit 15 [ RunTime:0.0006s ]
SQL: select * from shop_category where pid = 0 order by sort [ RunTime:0.0003s ]
SQL: select good_id,good_name,good_pic,good_marketprice,isnew from shop_goods where cate_id = '1' and ispublish = 1 order by good_id desc limit 10 [ RunTime:0.0005s ]
SQL: select good_id,good_name,good_pic,good_marketprice,isnew from shop_goods where cate_id = '28' and ispublish = 1 order by good_id desc limit 10 [ RunTime:0.0007s ]
SQL: select good_id,good_name,good_pic,good_marketprice,isnew from shop_goods where cate_id = '7' and ispublish = 1 order by good_id desc limit 10 [ RunTime:0.0006s ]
SQL: select good_id,good_name,good_pic,good_marketprice,isnew from shop_goods where cate_id = '36' and ispublish = 1 order by good_id desc limit 10 [ RunTime:0.0007s ]
SQL: select good_id,good_name,good_pic,good_marketprice,isnew from shop_goods where cate_id = '38' and ispublish = 1 order by good_id desc limit 10 [ RunTime:0.0006s ]
INFO: [ view_parse ] --START--
INFO: [ template_filter ] --START--
INFO: Run Behavior\ContentReplaceBehavior [ RunTime:0.000498s ]
INFO: [ template_filter ] --END-- [ RunTime:0.000745s ]
NOTIC: [8] Undefined index: good_pic F:\wamp\www\mz\meizu\Runtime\Cache\Home\9bb6c74632b0adeb99049304361bfc53.php 第 184 行.
NOTIC: [8] Undefined index: good_pic F:\wamp\www\mz\meizu\Runtime\Cache\Home\9bb6c74632b0adeb99049304361bfc53.php 第 184 行.
NOTIC: [8] Undefined index: good_pic F:\wamp\www\mz\meizu\Runtime\Cache\Home\9bb6c74632b0adeb99049304361bfc53.php 第 184 行.
NOTIC: [8] Undefined index: good_pic F:\wamp\www\mz\meizu\Runtime\Cache\Home\9bb6c74632b0adeb99049304361bfc53.php 第 184 行.
NOTIC: [8] Undefined index: good_pic F:\wamp\www\mz\meizu\Runtime\Cache\Home\9bb6c74632b0adeb99049304361bfc53.php 第 184 行.
NOTIC: [8] Undefined index: good_pic F:\wamp\www\mz\meizu\Runtime\Cache\Home\9bb6c74632b0adeb99049304361bfc53.php 第 184 行.
NOTIC: [8] Undefined index: good_pic F:\wamp\www\mz\meizu\Runtime\Cache\Home\9bb6c74632b0adeb99049304361bfc53.php 第 184 行.
NOTIC: [8] Undefined index: desc F:\wamp\www\mz\meizu\Runtime\Cache\Home\9bb6c74632b0adeb99049304361bfc53.php 第 345 行.
NOTIC: [8] Undefined index: desc F:\wamp\www\mz\meizu\Runtime\Cache\Home\9bb6c74632b0adeb99049304361bfc53.php 第 345 行.
NOTIC: [8] Undefined index: desc F:\wamp\www\mz\meizu\Runtime\Cache\Home\9bb6c74632b0adeb99049304361bfc53.php 第 345 行.
NOTIC: [8] Undefined index: desc F:\wamp\www\mz\meizu\Runtime\Cache\Home\9bb6c74632b0adeb99049304361bfc53.php 第 345 行.
NOTIC: [8] Undefined index: desc F:\wamp\www\mz\meizu\Runtime\Cache\Home\9bb6c74632b0adeb99049304361bfc53.php 第 345 行.
NOTIC: [8] Undefined index: desc F:\wamp\www\mz\meizu\Runtime\Cache\Home\9bb6c74632b0adeb99049304361bfc53.php 第 345 行.
NOTIC: [8] Undefined index: desc F:\wamp\www\mz\meizu\Runtime\Cache\Home\9bb6c74632b0adeb99049304361bfc53.php 第 345 行.
NOTIC: [8] Undefined index: desc F:\wamp\www\mz\meizu\Runtime\Cache\Home\9bb6c74632b0adeb99049304361bfc53.php 第 345 行.
NOTIC: [8] Undefined index: desc F:\wamp\www\mz\meizu\Runtime\Cache\Home\9bb6c74632b0adeb99049304361bfc53.php 第 345 行.
NOTIC: [8] Undefined index: desc F:\wamp\www\mz\meizu\Runtime\Cache\Home\9bb6c74632b0adeb99049304361bfc53.php 第 345 行.
NOTIC: [8] Undefined index: desc F:\wamp\www\mz\meizu\Runtime\Cache\Home\9bb6c74632b0adeb99049304361bfc53.php 第 345 行.
NOTIC: [8] Undefined index: desc F:\wamp\www\mz\meizu\Runtime\Cache\Home\9bb6c74632b0adeb99049304361bfc53.php 第 345 行.
NOTIC: [8] Undefined index: desc F:\wamp\www\mz\meizu\Runtime\Cache\Home\9bb6c74632b0adeb99049304361bfc53.php 第 345 行.
NOTIC: [8] Undefined index: desc F:\wamp\www\mz\meizu\Runtime\Cache\Home\9bb6c74632b0adeb99049304361bfc53.php 第 345 行.
NOTIC: [8] Undefined index: desc F:\wamp\www\mz\meizu\Runtime\Cache\Home\9bb6c74632b0adeb99049304361bfc53.php 第 345 行.
NOTIC: [8] Undefined index: good_desc F:\wamp\www\mz\meizu\Runtime\Cache\Home\9bb6c74632b0adeb99049304361bfc53.php 第 428 行.
NOTIC: [8] Undefined index: good_desc F:\wamp\www\mz\meizu\Runtime\Cache\Home\9bb6c74632b0adeb99049304361bfc53.php 第 428 行.
NOTIC: [8] Undefined index: good_desc F:\wamp\www\mz\meizu\Runtime\Cache\Home\9bb6c74632b0adeb99049304361bfc53.php 第 428 行.
NOTIC: [8] Undefined index: good_desc F:\wamp\www\mz\meizu\Runtime\Cache\Home\9bb6c74632b0adeb99049304361bfc53.php 第 428 行.
NOTIC: [8] Undefined index: good_desc F:\wamp\www\mz\meizu\Runtime\Cache\Home\9bb6c74632b0adeb99049304361bfc53.php 第 428 行.
NOTIC: [8] Undefined index: good_desc F:\wamp\www\mz\meizu\Runtime\Cache\Home\9bb6c74632b0adeb99049304361bfc53.php 第 428 行.
NOTIC: [8] Undefined index: good_desc F:\wamp\www\mz\meizu\Runtime\Cache\Home\9bb6c74632b0adeb99049304361bfc53.php 第 428 行.
NOTIC: [8] Undefined index: good_desc F:\wamp\www\mz\meizu\Runtime\Cache\Home\9bb6c74632b0adeb99049304361bfc53.php 第 428 行.
NOTIC: [8] Undefined index: good_desc F:\wamp\www\mz\meizu\Runtime\Cache\Home\9bb6c74632b0adeb99049304361bfc53.php 第 428 行.
NOTIC: [8] Undefined index: good_desc F:\wamp\www\mz\meizu\Runtime\Cache\Home\9bb6c74632b0adeb99049304361bfc53.php 第 428 行.
NOTIC: [8] Undefined index: good_desc F:\wamp\www\mz\meizu\Runtime\Cache\Home\9bb6c74632b0adeb99049304361bfc53.php 第 428 行.
NOTIC: [8] Undefined index: good_desc F:\wamp\www\mz\meizu\Runtime\Cache\Home\9bb6c74632b0adeb99049304361bfc53.php 第 428 行.
NOTIC: [8] Undefined index: good_desc F:\wamp\www\mz\meizu\Runtime\Cache\Home\9bb6c74632b0adeb99049304361bfc53.php 第 428 行.
NOTIC: [8] Undefined index: good_desc F:\wamp\www\mz\meizu\Runtime\Cache\Home\9bb6c74632b0adeb99049304361bfc53.php 第 428 行.
NOTIC: [8] Undefined index: good_desc F:\wamp\www\mz\meizu\Runtime\Cache\Home\9bb6c74632b0adeb99049304361bfc53.php 第 428 行.
NOTIC: [8] Undefined index: good_desc F:\wamp\www\mz\meizu\Runtime\Cache\Home\9bb6c74632b0adeb99049304361bfc53.php 第 428 行.
NOTIC: [8] Undefined index: good_desc F:\wamp\www\mz\meizu\Runtime\Cache\Home\9bb6c74632b0adeb99049304361bfc53.php 第 428 行.
NOTIC: [8] Undefined index: good_desc F:\wamp\www\mz\meizu\Runtime\Cache\Home\9bb6c74632b0adeb99049304361bfc53.php 第 428 行.
NOTIC: [8] Undefined index: good_desc F:\wamp\www\mz\meizu\Runtime\Cache\Home\9bb6c74632b0adeb99049304361bfc53.php 第 428 行.
NOTIC: [8] Undefined index: good_desc F:\wamp\www\mz\meizu\Runtime\Cache\Home\9bb6c74632b0adeb99049304361bfc53.php 第 428 行.
NOTIC: [8] Undefined index: good_desc F:\wamp\www\mz\meizu\Runtime\Cache\Home\9bb6c74632b0adeb99049304361bfc53.php 第 428 行.
NOTIC: [8] Undefined index: good_desc F:\wamp\www\mz\meizu\Runtime\Cache\Home\9bb6c74632b0adeb99049304361bfc53.php 第 428 行.
NOTIC: [8] Undefined index: good_desc F:\wamp\www\mz\meizu\Runtime\Cache\Home\9bb6c74632b0adeb99049304361bfc53.php 第 428 行.
NOTIC: [8] Undefined index: good_desc F:\wamp\www\mz\meizu\Runtime\Cache\Home\9bb6c74632b0adeb99049304361bfc53.php 第 428 行.
NOTIC: [8] Undefined index: good_desc F:\wamp\www\mz\meizu\Runtime\Cache\Home\9bb6c74632b0adeb99049304361bfc53.php 第 428 行.
NOTIC: [8] Undefined index: good_desc F:\wamp\www\mz\meizu\Runtime\Cache\Home\9bb6c74632b0adeb99049304361bfc53.php 第 428 行.
NOTIC: [8] Undefined index: good_desc F:\wamp\www\mz\meizu\Runtime\Cache\Home\9bb6c74632b0adeb99049304361bfc53.php 第 428 行.
NOTIC: [8] Undefined index: good_desc F:\wamp\www\mz\meizu\Runtime\Cache\Home\9bb6c74632b0adeb99049304361bfc53.php 第 428 行.
NOTIC: [8] Undefined index: good_desc F:\wamp\www\mz\meizu\Runtime\Cache\Home\9bb6c74632b0adeb99049304361bfc53.php 第 428 行.
NOTIC: [8] Undefined index: good_desc F:\wamp\www\mz\meizu\Runtime\Cache\Home\9bb6c74632b0adeb99049304361bfc53.php 第 428 行.
NOTIC: [8] Undefined index: good_desc F:\wamp\www\mz\meizu\Runtime\Cache\Home\9bb6c74632b0adeb99049304361bfc53.php 第 428 行.
NOTIC: [8] Undefined index: good_desc F:\wamp\www\mz\meizu\Runtime\Cache\Home\9bb6c74632b0adeb99049304361bfc53.php 第 428 行.
NOTIC: [8] Undefined index: good_desc F:\wamp\www\mz\meizu\Runtime\Cache\Home\9bb6c74632b0adeb99049304361bfc53.php 第 428 行.
NOTIC: [8] Undefined index: good_desc F:\wamp\www\mz\meizu\Runtime\Cache\Home\9bb6c74632b0adeb99049304361bfc53.php 第 428 行.
NOTIC: [8] Undefined index: good_desc F:\wamp\www\mz\meizu\Runtime\Cache\Home\9bb6c74632b0adeb99049304361bfc53.php 第 428 行.
INFO: Run Behavior\ParseTemplateBehavior [ RunTime:0.069873s ]
INFO: [ view_parse ] --END-- [ RunTime:0.070062s ]
INFO: [ view_filter ] --START--
INFO: Run Behavior\WriteHtmlCacheBehavior [ RunTime:0.001002s ]
INFO: [ view_filter ] --END-- [ RunTime:0.001177s ]
INFO: [ app_end ] --START--
INFO: Run Behavior\ShowPageTraceBehavior [ RunTime:0.001642s ]
INFO: [ app_end ] --END-- [ RunTime:0.001978s ]

[ 2016-11-10T11:53:35+08:00 ] 127.0.0.1 /mz/index.php/home/index/good_detail_files/1466996090@126x126.png
INFO: [ app_init ] --START--
INFO: Run Behavior\BuildLiteBehavior [ RunTime:0.000077s ]
INFO: [ app_init ] --END-- [ RunTime:0.001146s ]

[ 2016-11-10T11:53:35+08:00 ] 127.0.0.1 /mz/index.php/home/index/good_detail_files/1450928272@126x126.png
INFO: [ app_init ] --START--
INFO: Run Behavior\BuildLiteBehavior [ RunTime:0.000066s ]
INFO: [ app_init ] --END-- [ RunTime:0.000912s ]

[ 2016-11-10T11:53:35+08:00 ] 127.0.0.1 /mz/index.php/home/index/good_detail_files/Cix_s1eN3IiASxVXAA9IpQ8-shg169_126x126.png
INFO: [ app_init ] --START--
INFO: Run Behavior\BuildLiteBehavior [ RunTime:0.000084s ]
INFO: [ app_init ] --END-- [ RunTime:0.001805s ]

[ 2016-11-10T11:53:35+08:00 ] 127.0.0.1 /mz/index.php/home/index/good_detail_files/weixin.png
INFO: [ app_init ] --START--
INFO: Run Behavior\BuildLiteBehavior [ RunTime:0.000088s ]
INFO: [ app_init ] --END-- [ RunTime:0.003334s ]

[ 2016-11-10T11:53:35+08:00 ] 127.0.0.1 /mz/index.php/home/index/good_detail_files/weixin.png
INFO: [ app_init ] --START--
INFO: Run Behavior\BuildLiteBehavior [ RunTime:0.000049s ]
INFO: [ app_init ] --END-- [ RunTime:0.001126s ]

[ 2016-11-10T11:53:37+08:00 ] 127.0.0.1 /mz/index.php/home/shopdetail/index/good_id/60.html
INFO: [ app_init ] --START--
INFO: Run Behavior\BuildLiteBehavior [ RunTime:0.000055s ]
INFO: [ app_init ] --END-- [ RunTime:0.000830s ]
INFO: [ app_begin ] --START--
INFO: Run Behavior\ReadHtmlCacheBehavior [ RunTime:0.001023s ]
INFO: [ app_begin ] --END-- [ RunTime:0.001335s ]
SQL: select * from shop_category where pid = 0 order by sort  [ RunTime:0.0005s ]
SQL: select good_id,good_name,good_pic,good_marketprice,isnew from shop_goods where cate_id = '1' and ispublish = 1 order by good_id desc limit 6 [ RunTime:0.0005s ]
SQL: select good_id,good_name,good_pic,good_marketprice,isnew from shop_goods where cate_id = '28' and ispublish = 1 order by good_id desc limit 6 [ RunTime:0.0004s ]
SQL: select good_id,good_name,good_pic,good_marketprice,isnew from shop_goods where cate_id = '7' and ispublish = 1 order by good_id desc limit 6 [ RunTime:0.0004s ]
SQL: select good_id,good_name,good_pic,good_marketprice,isnew from shop_goods where cate_id = '36' and ispublish = 1 order by good_id desc limit 6 [ RunTime:0.0004s ]
SQL: select good_id,good_name,good_pic,good_marketprice,isnew from shop_goods where cate_id = '30' and ispublish = 1 order by good_id desc limit 6 [ RunTime:0.0004s ]
SQL: select good_id,good_name,good_pic,good_marketprice,isnew from shop_goods where cate_id = '37' and ispublish = 1 order by good_id desc limit 6 [ RunTime:0.0004s ]
SQL: select good_id,good_name,good_pic,good_marketprice,isnew from shop_goods where cate_id = '38' and ispublish = 1 order by good_id desc limit 6 [ RunTime:0.0004s ]
SQL: select * from shop_goods_attr where good_id = 60 [ RunTime:0.0004s ]
SQL: select * from shop_type_attr where isbeselected = 1 [ RunTime:0.0004s ]
SQL: select * from shop_goods_list where good_id = 60 and good_stock > 0 limit 1 [ RunTime:0.0004s ]
SQL: select attr_combine from shop_goods_list where good_id = '60' [ RunTime:0.0003s ]
SQL: select * from shop_goods_list where (good_id = 60 and good_stock != 0) and (attr_combine = '125' or attr_combine = '126' or attr_combine = '127') [ RunTime:0.0004s ]
SQL: select * from shop_goods where good_id = 60 [ RunTime:0.0005s ]
SQL: select attr_value from shop_type_attr where attr_name = '规格参数' and type_id = '4' [ RunTime:0.0004s ]
INFO: [ view_parse ] --START--
INFO: [ template_filter ] --START--
INFO: Run Behavior\ContentReplaceBehavior [ RunTime:0.000874s ]
INFO: [ template_filter ] --END-- [ RunTime:0.001257s ]
NOTIC: [8] Undefined index: uid F:\wamp\www\mz\meizu\Runtime\Cache\Home\231db1fdd3b2382afb7523293b0f7c5f.php 第 171 行.
INFO: Run Behavior\ParseTemplateBehavior [ RunTime:0.042297s ]
INFO: [ view_parse ] --END-- [ RunTime:0.042495s ]
INFO: [ view_filter ] --START--
INFO: Run Behavior\WriteHtmlCacheBehavior [ RunTime:0.000921s ]
INFO: [ view_filter ] --END-- [ RunTime:0.001092s ]
INFO: [ app_end ] --START--
INFO: Run Behavior\ShowPageTraceBehavior [ RunTime:0.001369s ]
INFO: [ app_end ] --END-- [ RunTime:0.001787s ]

[ 2016-11-10T11:53:37+08:00 ] 127.0.0.1 /mz/index.php/home/shopdetail/index/good_id/good_detail_files/1466996090@126x126.png
INFO: [ app_init ] --START--
INFO: Run Behavior\BuildLiteBehavior [ RunTime:0.000081s ]
INFO: [ app_init ] --END-- [ RunTime:0.001455s ]

[ 2016-11-10T11:53:37+08:00 ] 127.0.0.1 /mz/index.php/home/shopdetail/index/good_id/good_detail_files/1450928272@126x126.png
INFO: [ app_init ] --START--
INFO: Run Behavior\BuildLiteBehavior [ RunTime:0.000090s ]
INFO: [ app_init ] --END-- [ RunTime:0.001273s ]

[ 2016-11-10T11:53:37+08:00 ] 127.0.0.1 /mz/index.php/home/shopdetail/index/good_id/good_detail_files/Cix_s1eN3IiASxVXAA9IpQ8-shg169_126x126.png
INFO: [ app_init ] --START--
INFO: Run Behavior\BuildLiteBehavior [ RunTime:0.000097s ]
INFO: [ app_init ] --END-- [ RunTime:0.001675s ]

[ 2016-11-10T11:53:37+08:00 ] 127.0.0.1 /mz/index.php/home/shopdetail/index/good_id/good_detail_files/weixin.png
INFO: [ app_init ] --START--
INFO: Run Behavior\BuildLiteBehavior [ RunTime:0.000042s ]
INFO: [ app_init ] --END-- [ RunTime:0.000705s ]

[ 2016-11-10T11:53:38+08:00 ] 127.0.0.1 /mz/index.php/home/shopdetail/checksku.html
INFO: [ app_init ] --START--
INFO: Run Behavior\BuildLiteBehavior [ RunTime:0.000041s ]
INFO: [ app_init ] --END-- [ RunTime:0.000971s ]
INFO: [ app_begin ] --START--
INFO: Run Behavior\ReadHtmlCacheBehavior [ RunTime:0.001076s ]
INFO: [ app_begin ] --END-- [ RunTime:0.001253s ]
SQL: select * from shop_category where pid = 0 order by sort  [ RunTime:0.0006s ]
SQL: select good_id,good_name,good_pic,good_marketprice,isnew from shop_goods where cate_id = '1' and ispublish = 1 order by good_id desc limit 6 [ RunTime:0.0008s ]
SQL: select good_id,good_name,good_pic,good_marketprice,isnew from shop_goods where cate_id = '28' and ispublish = 1 order by good_id desc limit 6 [ RunTime:0.0007s ]
SQL: select good_id,good_name,good_pic,good_marketprice,isnew from shop_goods where cate_id = '7' and ispublish = 1 order by good_id desc limit 6 [ RunTime:0.0006s ]
SQL: select good_id,good_name,good_pic,good_marketprice,isnew from shop_goods where cate_id = '36' and ispublish = 1 order by good_id desc limit 6 [ RunTime:0.0006s ]
SQL: select good_id,good_name,good_pic,good_marketprice,isnew from shop_goods where cate_id = '30' and ispublish = 1 order by good_id desc limit 6 [ RunTime:0.0005s ]
SQL: select good_id,good_name,good_pic,good_marketprice,isnew from shop_goods where cate_id = '37' and ispublish = 1 order by good_id desc limit 6 [ RunTime:0.0006s ]
SQL: select good_id,good_name,good_pic,good_marketprice,isnew from shop_goods where cate_id = '38' and ispublish = 1 order by good_id desc limit 6 [ RunTime:0.0006s ]
SQL: select * from shop_goods_attr where good_id = 60 [ RunTime:0.0005s ]
SQL: select * from shop_type_attr where isbeselected = 1 [ RunTime:0.0006s ]
SQL: select attr_combine from shop_goods_list where good_id = '60' [ RunTime:0.0005s ]
SQL: select * from shop_goods_list where (good_id = 60 and good_stock != 0) and (attr_combine = '125' or attr_combine = '126' or attr_combine = '127') [ RunTime:0.0006s ]
SQL: select * from shop_goods_list where good_id = 60 and attr_combine = '126' [ RunTime:0.0005s ]

[ 2016-11-10T11:53:39+08:00 ] 127.0.0.1 /mz/index.php/home/shopdetail/checksku.html
INFO: [ app_init ] --START--
INFO: Run Behavior\BuildLiteBehavior [ RunTime:0.000041s ]
INFO: [ app_init ] --END-- [ RunTime:0.000859s ]
INFO: [ app_begin ] --START--
INFO: Run Behavior\ReadHtmlCacheBehavior [ RunTime:0.001001s ]
INFO: [ app_begin ] --END-- [ RunTime:0.001150s ]
SQL: select * from shop_category where pid = 0 order by sort  [ RunTime:0.0006s ]
SQL: select good_id,good_name,good_pic,good_marketprice,isnew from shop_goods where cate_id = '1' and ispublish = 1 order by good_id desc limit 6 [ RunTime:0.0006s ]
SQL: select good_id,good_name,good_pic,good_marketprice,isnew from shop_goods where cate_id = '28' and ispublish = 1 order by good_id desc limit 6 [ RunTime:0.0005s ]
SQL: select good_id,good_name,good_pic,good_marketprice,isnew from shop_goods where cate_id = '7' and ispublish = 1 order by good_id desc limit 6 [ RunTime:0.0005s ]
SQL: select good_id,good_name,good_pic,good_marketprice,isnew from shop_goods where cate_id = '36' and ispublish = 1 order by good_id desc limit 6 [ RunTime:0.0004s ]
SQL: select good_id,good_name,good_pic,good_marketprice,isnew from shop_goods where cate_id = '30' and ispublish = 1 order by good_id desc limit 6 [ RunTime:0.0004s ]
SQL: select good_id,good_name,good_pic,good_marketprice,isnew from shop_goods where cate_id = '37' and ispublish = 1 order by good_id desc limit 6 [ RunTime:0.0004s ]
SQL: select good_id,good_name,good_pic,good_marketprice,isnew from shop_goods where cate_id = '38' and ispublish = 1 order by good_id desc limit 6 [ RunTime:0.0004s ]
SQL: select * from shop_goods_attr where good_id = 60 [ RunTime:0.0003s ]
SQL: select * from shop_type_attr where isbeselected = 1 [ RunTime:0.0004s ]
SQL: select attr_combine from shop_goods_list where good_id = '60' [ RunTime:0.0004s ]
SQL: select * from shop_goods_list where (good_id = 60 and good_stock != 0) and (attr_combine = '125' or attr_combine = '126' or attr_combine = '127') [ RunTime:0.0004s ]
SQL: select * from shop_goods_list where good_id = 60 and attr_combine = '127' [ RunTime:0.0004s ]

[ 2016-11-10T11:53:39+08:00 ] 127.0.0.1 /mz/index.php/home/shopdetail/checksku.html
INFO: [ app_init ] --START--
INFO: Run Behavior\BuildLiteBehavior [ RunTime:0.000043s ]
INFO: [ app_init ] --END-- [ RunTime:0.000834s ]
INFO: [ app_begin ] --START--
INFO: Run Behavior\ReadHtmlCacheBehavior [ RunTime:0.000854s ]
INFO: [ app_begin ] --END-- [ RunTime:0.001001s ]
SQL: select * from shop_category where pid = 0 order by sort  [ RunTime:0.0006s ]
SQL: select good_id,good_name,good_pic,good_marketprice,isnew from shop_goods where cate_id = '1' and ispublish = 1 order by good_id desc limit 6 [ RunTime:0.0007s ]
SQL: select good_id,good_name,good_pic,good_marketprice,isnew from shop_goods where cate_id = '28' and ispublish = 1 order by good_id desc limit 6 [ RunTime:0.0007s ]
SQL: select good_id,good_name,good_pic,good_marketprice,isnew from shop_goods where cate_id = '7' and ispublish = 1 order by good_id desc limit 6 [ RunTime:0.0006s ]
SQL: select good_id,good_name,good_pic,good_marketprice,isnew from shop_goods where cate_id = '36' and ispublish = 1 order by good_id desc limit 6 [ RunTime:0.0006s ]
SQL: select good_id,good_name,good_pic,good_marketprice,isnew from shop_goods where cate_id = '30' and ispublish = 1 order by good_id desc limit 6 [ RunTime:0.0006s ]
SQL: select good_id,good_name,good_pic,good_marketprice,isnew from shop_goods where cate_id = '37' and ispublish = 1 order by good_id desc limit 6 [ RunTime:0.0006s ]
SQL: select good_id,good_name,good_pic,good_marketprice,isnew from shop_goods where cate_id = '38' and ispublish = 1 order by good_id desc limit 6 [ RunTime:0.0006s ]
SQL: select * from shop_goods_attr where good_id = 60 [ RunTime:0.0005s ]
SQL: select * from shop_type_attr where isbeselected = 1 [ RunTime:0.0005s ]
SQL: select attr_combine from shop_goods_list where good_id = '60' [ RunTime:0.0006s ]
SQL: select * from shop_goods_list where (good_id = 60 and good_stock != 0) and (attr_combine = '125' or attr_combine = '126' or attr_combine = '127') [ RunTime:0.0006s ]
SQL: select * from shop_goods_list where good_id = 60 and attr_combine = '126' [ RunTime:0.0005s ]

[ 2016-11-10T11:53:40+08:00 ] 127.0.0.1 /mz/index.php/home/shopdetail/checksku.html
INFO: [ app_init ] --START--
INFO: Run Behavior\BuildLiteBehavior [ RunTime:0.000043s ]
INFO: [ app_init ] --END-- [ RunTime:0.001132s ]
INFO: [ app_begin ] --START--
INFO: Run Behavior\ReadHtmlCacheBehavior [ RunTime:0.000833s ]
INFO: [ app_begin ] --END-- [ RunTime:0.000984s ]
SQL: select * from shop_category where pid = 0 order by sort  [ RunTime:0.0006s ]
SQL: select good_id,good_name,good_pic,good_marketprice,isnew from shop_goods where cate_id = '1' and ispublish = 1 order by good_id desc limit 6 [ RunTime:0.0007s ]
SQL: select good_id,good_name,good_pic,good_marketprice,isnew from shop_goods where cate_id = '28' and ispublish = 1 order by good_id desc limit 6 [ RunTime:0.0006s ]
SQL: select good_id,good_name,good_pic,good_marketprice,isnew from shop_goods where cate_id = '7' and ispublish = 1 order by good_id desc limit 6 [ RunTime:0.0006s ]
SQL: select good_id,good_name,good_pic,good_marketprice,isnew from shop_goods where cate_id = '36' and ispublish = 1 order by good_id desc limit 6 [ RunTime:0.0005s ]
SQL: select good_id,good_name,good_pic,good_marketprice,isnew from shop_goods where cate_id = '30' and ispublish = 1 order by good_id desc limit 6 [ RunTime:0.0005s ]
SQL: select good_id,good_name,good_pic,good_marketprice,isnew from shop_goods where cate_id = '37' and ispublish = 1 order by good_id desc limit 6 [ RunTime:0.0005s ]
SQL: select good_id,good_name,good_pic,good_marketprice,isnew from shop_goods where cate_id = '38' and ispublish = 1 order by good_id desc limit 6 [ RunTime:0.0005s ]
SQL: select * from shop_goods_attr where good_id = 60 [ RunTime:0.0004s ]
SQL: select * from shop_type_attr where isbeselected = 1 [ RunTime:0.0005s ]
SQL: select attr_combine from shop_goods_list where good_id = '60' [ RunTime:0.0005s ]
SQL: select * from shop_goods_list where (good_id = 60 and good_stock != 0) and (attr_combine = '125' or attr_combine = '126' or attr_combine = '127') [ RunTime:0.0006s ]
SQL: select * from shop_goods_list where good_id = 60 and attr_combine = '125' [ RunTime:0.0005s ]

