[ 2017-09-21T20:43:20+08:00 ] 127.0.0.1 /mz/
INFO: [ app_init ] --START--
INFO: Run Behavior\BuildLiteBehavior [ RunTime:0.000000s ]
INFO: [ app_init ] --END-- [ RunTime:0.007000s ]
INFO: [ app_begin ] --START--
INFO: Run Behavior\ReadHtmlCacheBehavior [ RunTime:0.003000s ]
INFO: [ app_begin ] --END-- [ RunTime:0.003000s ]
SQL: SHOW COLUMNS FROM `shop_category` [ RunTime:0.0330s ]
SQL: SELECT * FROM `shop_category` WHERE ( pid = 0 ) ORDER BY sort  [ RunTime:0.0100s ]
SQL: select good_id,good_name,good_pic,good_marketprice,isnew from shop_goods where cate_id = '1' and ispublish = 1 order by good_id desc limit 6 [ RunTime:0.1450s ]
SQL: select good_id,good_name,good_pic,good_marketprice,isnew from shop_goods where cate_id = '28' and ispublish = 1 order by good_id desc limit 6 [ RunTime:0.0010s ]
SQL: select good_id,good_name,good_pic,good_marketprice,isnew from shop_goods where cate_id = '7' and ispublish = 1 order by good_id desc limit 6 [ RunTime:0.0010s ]
SQL: select good_id,good_name,good_pic,good_marketprice,isnew from shop_goods where cate_id = '36' and ispublish = 1 order by good_id desc limit 6 [ RunTime:0.0010s ]
SQL: select good_id,good_name,good_pic,good_marketprice,isnew from shop_goods where cate_id = '30' and ispublish = 1 order by good_id desc limit 6 [ RunTime:0.0010s ]
SQL: select good_id,good_name,good_pic,good_marketprice,isnew from shop_goods where cate_id = '37' and ispublish = 1 order by good_id desc limit 6 [ RunTime:0.0020s ]
SQL: select good_id,good_name,good_pic,good_marketprice,isnew from shop_goods where cate_id = '38' and ispublish = 1 order by good_id desc limit 6 [ RunTime:0.0010s ]
SQL: SELECT * FROM `shop_category` WHERE ( pid = 0 ) ORDER BY sort LIMIT 7   [ RunTime:0.0010s ]
SQL: select good_id,good_name,good_pic from shop_goods where cate_id = '1' and ispublish = 1 order by good_id desc limit 10 [ RunTime:0.0010s ]
SQL: select good_id,good_name,good_pic from shop_goods where cate_id = '28' and ispublish = 1 order by good_id desc limit 10 [ RunTime:0.0010s ]
SQL: select good_id,good_name,good_pic from shop_goods where cate_id = '7' and ispublish = 1 order by good_id desc limit 10 [ RunTime:0.0010s ]
SQL: select good_id,good_name,good_pic from shop_goods where cate_id = '36' and ispublish = 1 order by good_id desc limit 10 [ RunTime:0.0010s ]
SQL: select good_id,good_name,good_pic from shop_goods where cate_id = '30' and ispublish = 1 order by good_id desc limit 10 [ RunTime:0.0010s ]
SQL: select good_id,good_name,good_pic from shop_goods where cate_id = '37' and ispublish = 1 order by good_id desc limit 10 [ RunTime:0.0010s ]
SQL: select good_id,good_name,good_pic from shop_goods where cate_id = '38' and ispublish = 1 order by good_id desc limit 10 [ RunTime:0.0000s ]
SQL: SHOW COLUMNS FROM `banner` [ RunTime:0.0520s ]
SQL: SELECT * FROM `banner` WHERE ( status = 1 ) LIMIT 5   [ RunTime:0.0020s ]
SQL: SHOW COLUMNS FROM `shop_goods` [ RunTime:0.0080s ]
SQL: SELECT * FROM `shop_goods` WHERE ( ispublish = 1 and isnew = 1 ) ORDER BY good_id desc LIMIT 15   [ RunTime:0.0020s ]
SQL: SELECT * FROM `shop_category` WHERE ( pid = 0 ) ORDER BY sort  [ RunTime:0.0020s ]
SQL: select good_id,good_name,good_pic,good_marketprice,isnew from shop_goods where cate_id = '1' and ispublish = 1 order by good_id desc limit 10 [ RunTime:0.0020s ]
SQL: select good_id,good_name,good_pic,good_marketprice,isnew from shop_goods where cate_id = '28' and ispublish = 1 order by good_id desc limit 10 [ RunTime:0.0010s ]
SQL: select good_id,good_name,good_pic,good_marketprice,isnew from shop_goods where cate_id = '7' and ispublish = 1 order by good_id desc limit 10 [ RunTime:0.0010s ]
SQL: select good_id,good_name,good_pic,good_marketprice,isnew from shop_goods where cate_id = '36' and ispublish = 1 order by good_id desc limit 10 [ RunTime:0.0010s ]
SQL: select good_id,good_name,good_pic,good_marketprice,isnew from shop_goods where cate_id = '30' and ispublish = 1 order by good_id desc limit 10 [ RunTime:0.0010s ]
SQL: select good_id,good_name,good_pic,good_marketprice,isnew from shop_goods where cate_id = '37' and ispublish = 1 order by good_id desc limit 10 [ RunTime:0.0010s ]
SQL: select good_id,good_name,good_pic,good_marketprice,isnew from shop_goods where cate_id = '38' and ispublish = 1 order by good_id desc limit 10 [ RunTime:0.0010s ]
INFO: [ view_parse ] --START--
INFO: [ template_filter ] --START--
INFO: Run Behavior\ContentReplaceBehavior [ RunTime:0.001000s ]
INFO: [ template_filter ] --END-- [ RunTime:0.002000s ]
NOTIC: [8] Undefined index: desc D:\wamp\www\mz\meizu\Runtime\Cache\Home\9bb6c74632b0adeb99049304361bfc53.php 第 352 行.
NOTIC: [8] Undefined index: desc D:\wamp\www\mz\meizu\Runtime\Cache\Home\9bb6c74632b0adeb99049304361bfc53.php 第 352 行.
NOTIC: [8] Undefined index: desc D:\wamp\www\mz\meizu\Runtime\Cache\Home\9bb6c74632b0adeb99049304361bfc53.php 第 352 行.
NOTIC: [8] Undefined index: desc D:\wamp\www\mz\meizu\Runtime\Cache\Home\9bb6c74632b0adeb99049304361bfc53.php 第 352 行.
NOTIC: [8] Undefined index: desc D:\wamp\www\mz\meizu\Runtime\Cache\Home\9bb6c74632b0adeb99049304361bfc53.php 第 352 行.
NOTIC: [8] Undefined index: desc D:\wamp\www\mz\meizu\Runtime\Cache\Home\9bb6c74632b0adeb99049304361bfc53.php 第 352 行.
NOTIC: [8] Undefined index: desc D:\wamp\www\mz\meizu\Runtime\Cache\Home\9bb6c74632b0adeb99049304361bfc53.php 第 352 行.
NOTIC: [8] Undefined index: desc D:\wamp\www\mz\meizu\Runtime\Cache\Home\9bb6c74632b0adeb99049304361bfc53.php 第 352 行.
NOTIC: [8] Undefined index: desc D:\wamp\www\mz\meizu\Runtime\Cache\Home\9bb6c74632b0adeb99049304361bfc53.php 第 352 行.
NOTIC: [8] Undefined index: desc D:\wamp\www\mz\meizu\Runtime\Cache\Home\9bb6c74632b0adeb99049304361bfc53.php 第 352 行.
NOTIC: [8] Undefined index: desc D:\wamp\www\mz\meizu\Runtime\Cache\Home\9bb6c74632b0adeb99049304361bfc53.php 第 352 行.
NOTIC: [8] Undefined index: desc D:\wamp\www\mz\meizu\Runtime\Cache\Home\9bb6c74632b0adeb99049304361bfc53.php 第 352 行.
NOTIC: [8] Undefined index: good_desc D:\wamp\www\mz\meizu\Runtime\Cache\Home\9bb6c74632b0adeb99049304361bfc53.php 第 425 行.
NOTIC: [8] Undefined index: good_desc D:\wamp\www\mz\meizu\Runtime\Cache\Home\9bb6c74632b0adeb99049304361bfc53.php 第 425 行.
NOTIC: [8] Undefined index: good_desc D:\wamp\www\mz\meizu\Runtime\Cache\Home\9bb6c74632b0adeb99049304361bfc53.php 第 425 行.
NOTIC: [8] Undefined index: good_desc D:\wamp\www\mz\meizu\Runtime\Cache\Home\9bb6c74632b0adeb99049304361bfc53.php 第 425 行.
NOTIC: [8] Undefined index: good_desc D:\wamp\www\mz\meizu\Runtime\Cache\Home\9bb6c74632b0adeb99049304361bfc53.php 第 425 行.
NOTIC: [8] Undefined index: good_desc D:\wamp\www\mz\meizu\Runtime\Cache\Home\9bb6c74632b0adeb99049304361bfc53.php 第 425 行.
NOTIC: [8] Undefined index: good_desc D:\wamp\www\mz\meizu\Runtime\Cache\Home\9bb6c74632b0adeb99049304361bfc53.php 第 425 行.
NOTIC: [8] Undefined index: good_desc D:\wamp\www\mz\meizu\Runtime\Cache\Home\9bb6c74632b0adeb99049304361bfc53.php 第 425 行.
NOTIC: [8] Undefined index: good_desc D:\wamp\www\mz\meizu\Runtime\Cache\Home\9bb6c74632b0adeb99049304361bfc53.php 第 425 行.
NOTIC: [8] Undefined index: good_desc D:\wamp\www\mz\meizu\Runtime\Cache\Home\9bb6c74632b0adeb99049304361bfc53.php 第 425 行.
NOTIC: [8] Undefined index: good_desc D:\wamp\www\mz\meizu\Runtime\Cache\Home\9bb6c74632b0adeb99049304361bfc53.php 第 425 行.
NOTIC: [8] Undefined index: good_desc D:\wamp\www\mz\meizu\Runtime\Cache\Home\9bb6c74632b0adeb99049304361bfc53.php 第 425 行.
NOTIC: [8] Undefined index: good_desc D:\wamp\www\mz\meizu\Runtime\Cache\Home\9bb6c74632b0adeb99049304361bfc53.php 第 425 行.
NOTIC: [8] Undefined index: good_desc D:\wamp\www\mz\meizu\Runtime\Cache\Home\9bb6c74632b0adeb99049304361bfc53.php 第 425 行.
NOTIC: [8] Undefined index: good_desc D:\wamp\www\mz\meizu\Runtime\Cache\Home\9bb6c74632b0adeb99049304361bfc53.php 第 425 行.
NOTIC: [8] Undefined index: good_desc D:\wamp\www\mz\meizu\Runtime\Cache\Home\9bb6c74632b0adeb99049304361bfc53.php 第 425 行.
NOTIC: [8] Undefined index: good_desc D:\wamp\www\mz\meizu\Runtime\Cache\Home\9bb6c74632b0adeb99049304361bfc53.php 第 425 行.
NOTIC: [8] Undefined index: good_desc D:\wamp\www\mz\meizu\Runtime\Cache\Home\9bb6c74632b0adeb99049304361bfc53.php 第 425 行.
NOTIC: [8] Undefined index: good_desc D:\wamp\www\mz\meizu\Runtime\Cache\Home\9bb6c74632b0adeb99049304361bfc53.php 第 425 行.
NOTIC: [8] Undefined index: good_desc D:\wamp\www\mz\meizu\Runtime\Cache\Home\9bb6c74632b0adeb99049304361bfc53.php 第 425 行.
NOTIC: [8] Undefined index: good_desc D:\wamp\www\mz\meizu\Runtime\Cache\Home\9bb6c74632b0adeb99049304361bfc53.php 第 425 行.
NOTIC: [8] Undefined index: good_desc D:\wamp\www\mz\meizu\Runtime\Cache\Home\9bb6c74632b0adeb99049304361bfc53.php 第 425 行.
NOTIC: [8] Undefined index: good_desc D:\wamp\www\mz\meizu\Runtime\Cache\Home\9bb6c74632b0adeb99049304361bfc53.php 第 425 行.
NOTIC: [8] Undefined index: good_desc D:\wamp\www\mz\meizu\Runtime\Cache\Home\9bb6c74632b0adeb99049304361bfc53.php 第 425 行.
NOTIC: [8] Undefined index: good_desc D:\wamp\www\mz\meizu\Runtime\Cache\Home\9bb6c74632b0adeb99049304361bfc53.php 第 425 行.
NOTIC: [8] Undefined index: good_desc D:\wamp\www\mz\meizu\Runtime\Cache\Home\9bb6c74632b0adeb99049304361bfc53.php 第 425 行.
NOTIC: [8] Undefined index: good_desc D:\wamp\www\mz\meizu\Runtime\Cache\Home\9bb6c74632b0adeb99049304361bfc53.php 第 425 行.
NOTIC: [8] Undefined index: good_desc D:\wamp\www\mz\meizu\Runtime\Cache\Home\9bb6c74632b0adeb99049304361bfc53.php 第 425 行.
NOTIC: [8] Undefined index: good_desc D:\wamp\www\mz\meizu\Runtime\Cache\Home\9bb6c74632b0adeb99049304361bfc53.php 第 425 行.
NOTIC: [8] Undefined index: good_desc D:\wamp\www\mz\meizu\Runtime\Cache\Home\9bb6c74632b0adeb99049304361bfc53.php 第 425 行.
NOTIC: [8] Undefined index: good_desc D:\wamp\www\mz\meizu\Runtime\Cache\Home\9bb6c74632b0adeb99049304361bfc53.php 第 425 行.
NOTIC: [8] Undefined index: good_desc D:\wamp\www\mz\meizu\Runtime\Cache\Home\9bb6c74632b0adeb99049304361bfc53.php 第 425 行.
NOTIC: [8] Undefined index: good_desc D:\wamp\www\mz\meizu\Runtime\Cache\Home\9bb6c74632b0adeb99049304361bfc53.php 第 425 行.
NOTIC: [8] Undefined index: good_desc D:\wamp\www\mz\meizu\Runtime\Cache\Home\9bb6c74632b0adeb99049304361bfc53.php 第 425 行.
NOTIC: [8] Undefined index: good_desc D:\wamp\www\mz\meizu\Runtime\Cache\Home\9bb6c74632b0adeb99049304361bfc53.php 第 425 行.
NOTIC: [8] Undefined index: good_desc D:\wamp\www\mz\meizu\Runtime\Cache\Home\9bb6c74632b0adeb99049304361bfc53.php 第 425 行.
NOTIC: [8] Undefined index: good_desc D:\wamp\www\mz\meizu\Runtime\Cache\Home\9bb6c74632b0adeb99049304361bfc53.php 第 425 行.
INFO: Run Behavior\ParseTemplateBehavior [ RunTime:0.464027s ]
INFO: [ view_parse ] --END-- [ RunTime:0.464027s ]
INFO: [ view_filter ] --START--
INFO: Run Behavior\WriteHtmlCacheBehavior [ RunTime:0.097005s ]
INFO: [ view_filter ] --END-- [ RunTime:0.097005s ]
INFO: [ app_end ] --START--
INFO: Run Behavior\ShowPageTraceBehavior [ RunTime:0.149009s ]
INFO: [ app_end ] --END-- [ RunTime:0.149009s ]

[ 2017-09-21T20:43:52+08:00 ] 127.0.0.1 /mz/index.php/home/register/index.html
INFO: [ app_init ] --START--
INFO: Run Behavior\BuildLiteBehavior [ RunTime:0.000000s ]
INFO: [ app_init ] --END-- [ RunTime:0.002000s ]
INFO: [ app_begin ] --START--
INFO: Run Behavior\ReadHtmlCacheBehavior [ RunTime:0.002000s ]
INFO: [ app_begin ] --END-- [ RunTime:0.002000s ]
INFO: [ view_parse ] --START--
INFO: [ template_filter ] --START--
INFO: Run Behavior\ContentReplaceBehavior [ RunTime:0.001000s ]
INFO: [ template_filter ] --END-- [ RunTime:0.001000s ]
INFO: Run Behavior\ParseTemplateBehavior [ RunTime:0.078004s ]
INFO: [ view_parse ] --END-- [ RunTime:0.079004s ]
INFO: [ view_filter ] --START--
INFO: Run Behavior\WriteHtmlCacheBehavior [ RunTime:0.003000s ]
INFO: [ view_filter ] --END-- [ RunTime:0.003000s ]
INFO: [ app_end ] --START--
INFO: Run Behavior\ShowPageTraceBehavior [ RunTime:0.006000s ]
INFO: [ app_end ] --END-- [ RunTime:0.007000s ]

[ 2017-09-21T20:43:53+08:00 ] 127.0.0.1 /mz/index.php/home/register/verify.html
INFO: [ app_init ] --START--
INFO: Run Behavior\BuildLiteBehavior [ RunTime:0.000000s ]
INFO: [ app_init ] --END-- [ RunTime:0.002000s ]
INFO: [ app_begin ] --START--
INFO: Run Behavior\ReadHtmlCacheBehavior [ RunTime:0.003001s ]
INFO: [ app_begin ] --END-- [ RunTime:0.004001s ]
INFO: [ app_end ] --START--
INFO: Run Behavior\ShowPageTraceBehavior [ RunTime:0.004001s ]
INFO: [ app_end ] --END-- [ RunTime:0.005001s ]

[ 2017-09-21T20:43:53+08:00 ] 127.0.0.1 /mz/index.php/home/register/checkusername.html
INFO: [ app_init ] --START--
INFO: Run Behavior\BuildLiteBehavior [ RunTime:0.000000s ]
INFO: [ app_init ] --END-- [ RunTime:0.001000s ]
INFO: [ app_begin ] --START--
INFO: Run Behavior\ReadHtmlCacheBehavior [ RunTime:0.002000s ]
INFO: [ app_begin ] --END-- [ RunTime:0.002000s ]
SQL: select username from user where username = 'admin' [ RunTime:0.0630s ]
INFO: [ app_end ] --START--
INFO: Run Behavior\ShowPageTraceBehavior [ RunTime:0.002000s ]
INFO: [ app_end ] --END-- [ RunTime:0.003001s ]

[ 2017-09-21T20:43:57+08:00 ] 127.0.0.1 /mz/index.php/home/register/phonereg.html
INFO: [ app_init ] --START--
INFO: Run Behavior\BuildLiteBehavior [ RunTime:0.000000s ]
INFO: [ app_init ] --END-- [ RunTime:0.001000s ]
INFO: [ app_begin ] --START--
INFO: Run Behavior\ReadHtmlCacheBehavior [ RunTime:0.002000s ]
INFO: [ app_begin ] --END-- [ RunTime:0.002000s ]
INFO: [ view_parse ] --START--
INFO: [ template_filter ] --START--
INFO: Run Behavior\ContentReplaceBehavior [ RunTime:0.000000s ]
INFO: [ template_filter ] --END-- [ RunTime:0.001000s ]
INFO: Run Behavior\ParseTemplateBehavior [ RunTime:0.041003s ]
INFO: [ view_parse ] --END-- [ RunTime:0.042003s ]
INFO: [ view_filter ] --START--
INFO: Run Behavior\WriteHtmlCacheBehavior [ RunTime:0.001000s ]
INFO: [ view_filter ] --END-- [ RunTime:0.002000s ]
INFO: [ app_end ] --START--
INFO: Run Behavior\ShowPageTraceBehavior [ RunTime:0.002000s ]
INFO: [ app_end ] --END-- [ RunTime:0.002000s ]

[ 2017-09-21T20:43:58+08:00 ] 127.0.0.1 /mz/index.php/home/register/checkmailcode.html
INFO: [ app_init ] --START--
INFO: Run Behavior\BuildLiteBehavior [ RunTime:0.000000s ]
INFO: [ app_init ] --END-- [ RunTime:0.001000s ]
INFO: [ app_begin ] --START--
INFO: Run Behavior\ReadHtmlCacheBehavior [ RunTime:0.002000s ]
INFO: [ app_begin ] --END-- [ RunTime:0.002000s ]
NOTIC: [8] Undefined index: codenum D:\wamp\www\mz\meizu\Home\Controller\RegisterController.class.php 第 97 行.
INFO: [ app_end ] --START--
INFO: Run Behavior\ShowPageTraceBehavior [ RunTime:0.001000s ]
INFO: [ app_end ] --END-- [ RunTime:0.003000s ]

[ 2017-09-21T20:44:02+08:00 ] 127.0.0.1 /mz/index.php/home/login/index.html
INFO: [ app_init ] --START--
INFO: Run Behavior\BuildLiteBehavior [ RunTime:0.000000s ]
INFO: [ app_init ] --END-- [ RunTime:0.001000s ]
INFO: [ app_begin ] --START--
INFO: Run Behavior\ReadHtmlCacheBehavior [ RunTime:0.002000s ]
INFO: [ app_begin ] --END-- [ RunTime:0.003001s ]
INFO: [ view_parse ] --START--
INFO: [ template_filter ] --START--
INFO: Run Behavior\ContentReplaceBehavior [ RunTime:0.000000s ]
INFO: [ template_filter ] --END-- [ RunTime:0.001000s ]
INFO: Run Behavior\ParseTemplateBehavior [ RunTime:0.048003s ]
INFO: [ view_parse ] --END-- [ RunTime:0.048003s ]
INFO: [ view_filter ] --START--
INFO: Run Behavior\WriteHtmlCacheBehavior [ RunTime:0.001000s ]
INFO: [ view_filter ] --END-- [ RunTime:0.003000s ]
INFO: [ app_end ] --START--
INFO: Run Behavior\ShowPageTraceBehavior [ RunTime:0.006000s ]
INFO: [ app_end ] --END-- [ RunTime:0.006000s ]

[ 2017-09-21T20:44:02+08:00 ] 127.0.0.1 /mz/index.php/home/register/verify.html
INFO: [ app_init ] --START--
INFO: Run Behavior\BuildLiteBehavior [ RunTime:0.000000s ]
INFO: [ app_init ] --END-- [ RunTime:0.001000s ]
INFO: [ app_begin ] --START--
INFO: Run Behavior\ReadHtmlCacheBehavior [ RunTime:0.002000s ]
INFO: [ app_begin ] --END-- [ RunTime:0.002000s ]
INFO: [ app_end ] --START--
INFO: Run Behavior\ShowPageTraceBehavior [ RunTime:0.002000s ]
INFO: [ app_end ] --END-- [ RunTime:0.003000s ]

[ 2017-09-21T20:44:02+08:00 ] 127.0.0.1 /mz/index.php/home/login/checkusername.html
INFO: [ app_init ] --START--
INFO: Run Behavior\BuildLiteBehavior [ RunTime:0.000000s ]
INFO: [ app_init ] --END-- [ RunTime:0.002001s ]
INFO: [ app_begin ] --START--
INFO: Run Behavior\ReadHtmlCacheBehavior [ RunTime:0.003000s ]
INFO: [ app_begin ] --END-- [ RunTime:0.003000s ]
SQL: select uid from user where username = 'admin' [ RunTime:0.0010s ]
INFO: [ app_end ] --START--
INFO: Run Behavior\ShowPageTraceBehavior [ RunTime:0.002001s ]
INFO: [ app_end ] --END-- [ RunTime:0.003001s ]

