[ 2016-07-18T22:37:10+08:00 ] ::1 /meizushangchengtpnew/index.php/welcome.html
INFO: [ app_init ] --START--
INFO: Run Behavior\BuildLiteBehavior [ RunTime:0.001000s ]
INFO: [ app_init ] --END-- [ RunTime:0.001000s ]
ERR: 无法加载模块:Welcome

[ 2016-07-18T22:37:12+08:00 ] ::1 /meizushangchengtpnew/index.php/user-list.html
INFO: [ app_init ] --START--
INFO: Run Behavior\BuildLiteBehavior [ RunTime:0.000000s ]
INFO: [ app_init ] --END-- [ RunTime:0.000000s ]
ERR: 无法加载模块:User-list

[ 2016-07-18T22:37:12+08:00 ] ::1 /meizushangchengtpnew/index.php/user-list.html
INFO: [ app_init ] --START--
INFO: Run Behavior\BuildLiteBehavior [ RunTime:0.000000s ]
INFO: [ app_init ] --END-- [ RunTime:0.003000s ]
ERR: 无法加载模块:User-list

[ 2016-07-18T22:37:13+08:00 ] ::1 /meizushangchengtpnew/index.php/user-list-del.html
INFO: [ app_init ] --START--
INFO: Run Behavior\BuildLiteBehavior [ RunTime:0.000000s ]
INFO: [ app_init ] --END-- [ RunTime:0.000000s ]
ERR: 无法加载模块:User-list-del

[ 2016-07-18T22:37:13+08:00 ] ::1 /meizushangchengtpnew/index.php/user-list.html
INFO: [ app_init ] --START--
INFO: Run Behavior\BuildLiteBehavior [ RunTime:0.001000s ]
INFO: [ app_init ] --END-- [ RunTime:0.001000s ]
ERR: 无法加载模块:User-list

[ 2016-07-18T22:37:22+08:00 ] ::1 /meizushangchengtpnew/index.php/welcome.html
INFO: [ app_init ] --START--
INFO: Run Behavior\BuildLiteBehavior [ RunTime:0.000000s ]
INFO: [ app_init ] --END-- [ RunTime:0.000000s ]
ERR: 无法加载模块:Welcome

[ 2016-07-18T22:37:24+08:00 ] ::1 /meizushangchengtpnew/index.php/user-list.html
INFO: [ app_init ] --START--
INFO: Run Behavior\BuildLiteBehavior [ RunTime:0.000000s ]
INFO: [ app_init ] --END-- [ RunTime:0.001000s ]
ERR: 无法加载模块:User-list

[ 2016-07-18T22:37:24+08:00 ] ::1 /meizushangchengtpnew/index.php/user-list.html
INFO: [ app_init ] --START--
INFO: Run Behavior\BuildLiteBehavior [ RunTime:0.000000s ]
INFO: [ app_init ] --END-- [ RunTime:0.000000s ]
ERR: 无法加载模块:User-list

[ 2016-07-18T22:37:24+08:00 ] ::1 /meizushangchengtpnew/index.php/user-list-del.html
INFO: [ app_init ] --START--
INFO: Run Behavior\BuildLiteBehavior [ RunTime:0.000000s ]
INFO: [ app_init ] --END-- [ RunTime:0.001000s ]
ERR: 无法加载模块:User-list-del

[ 2016-07-18T22:37:24+08:00 ] ::1 /meizushangchengtpnew/index.php/user-list-del.html
INFO: [ app_init ] --START--
INFO: Run Behavior\BuildLiteBehavior [ RunTime:0.000000s ]
INFO: [ app_init ] --END-- [ RunTime:0.001000s ]
ERR: 无法加载模块:User-list-del

[ 2016-07-18T22:37:25+08:00 ] ::1 /meizushangchengtpnew/index.php/record-browse.html
INFO: [ app_init ] --START--
INFO: Run Behavior\BuildLiteBehavior [ RunTime:0.000000s ]
INFO: [ app_init ] --END-- [ RunTime:0.001000s ]
ERR: 无法加载模块:Record-browse

[ 2016-07-18T22:37:41+08:00 ] ::1 /meizushangchengtpnew/index.php/user-list.html
INFO: [ app_init ] --START--
INFO: Run Behavior\BuildLiteBehavior [ RunTime:0.000000s ]
INFO: [ app_init ] --END-- [ RunTime:0.000000s ]
ERR: 无法加载模块:User-list

[ 2016-07-18T22:37:42+08:00 ] ::1 /meizushangchengtpnew/index.php/welcome.html
INFO: [ app_init ] --START--
INFO: Run Behavior\BuildLiteBehavior [ RunTime:0.000000s ]
INFO: [ app_init ] --END-- [ RunTime:0.000000s ]
ERR: 无法加载模块:Welcome

[ 2016-07-18T22:40:34+08:00 ] ::1 /meizushangchengtpnew/index.php/user-list.html
INFO: [ app_init ] --START--
INFO: Run Behavior\BuildLiteBehavior [ RunTime:0.000000s ]
INFO: [ app_init ] --END-- [ RunTime:0.001000s ]
ERR: 无法加载模块:User-list

[ 2016-07-18T22:40:34+08:00 ] ::1 /meizushangchengtpnew/index.php/user-list.html
INFO: [ app_init ] --START--
INFO: Run Behavior\BuildLiteBehavior [ RunTime:0.000000s ]
INFO: [ app_init ] --END-- [ RunTime:0.000000s ]
ERR: 无法加载模块:User-list

[ 2016-07-18T22:40:49+08:00 ] ::1 /meizushangchengtpnew/index.php/user-list.html
INFO: [ app_init ] --START--
INFO: Run Behavior\BuildLiteBehavior [ RunTime:0.000000s ]
INFO: [ app_init ] --END-- [ RunTime:0.000000s ]
ERR: 无法加载模块:User-list

[ 2016-07-18T23:09:52+08:00 ] ::1 /meizushangchengtpnew/index.php/user-list.html
INFO: [ app_init ] --START--
INFO: Run Behavior\BuildLiteBehavior [ RunTime:0.000000s ]
INFO: [ app_init ] --END-- [ RunTime:0.001000s ]
ERR: 无法加载模块:User-list

[ 2016-07-18T23:09:52+08:00 ] ::1 /meizushangchengtpnew/index.php/user-list.html
INFO: [ app_init ] --START--
INFO: Run Behavior\BuildLiteBehavior [ RunTime:0.000000s ]
INFO: [ app_init ] --END-- [ RunTime:0.000000s ]
ERR: 无法加载模块:User-list

[ 2016-07-18T23:10:03+08:00 ] ::1 /meizushangchengtpnew/index.php/user-list.html
INFO: [ app_init ] --START--
INFO: Run Behavior\BuildLiteBehavior [ RunTime:0.000000s ]
INFO: [ app_init ] --END-- [ RunTime:0.001000s ]
ERR: 无法加载模块:User-list

