[ 2016-08-08T14:46:47+08:00 ] ::1 /meizushangchengtpnew/index.php/good_detail_files/init-1x1.jpg
INFO: [ app_init ] --START--
INFO: Run Behavior\BuildLiteBehavior [ RunTime:0.000000s ]
INFO: [ app_init ] --END-- [ RunTime:0.001000s ]
ERR: 无法加载模块:Good_detail_files

[ 2016-08-08T14:46:47+08:00 ] ::1 /meizushangchengtpnew/index.php/good_detail_files/1467696166-40112.png
INFO: [ app_init ] --START--
INFO: Run Behavior\BuildLiteBehavior [ RunTime:0.000000s ]
INFO: [ app_init ] --END-- [ RunTime:0.001000s ]
ERR: 无法加载模块:Good_detail_files

[ 2016-08-08T14:46:47+08:00 ] ::1 /meizushangchengtpnew/index.php/good_detail_files/1467696197-95413.png
INFO: [ app_init ] --START--
INFO: Run Behavior\BuildLiteBehavior [ RunTime:0.000000s ]
INFO: [ app_init ] --END-- [ RunTime:0.001000s ]
ERR: 无法加载模块:Good_detail_files

[ 2016-08-08T14:46:47+08:00 ] ::1 /meizushangchengtpnew/index.php/good_detail_files/1467696220-57637.png
INFO: [ app_init ] --START--
INFO: Run Behavior\BuildLiteBehavior [ RunTime:0.001000s ]
INFO: [ app_init ] --END-- [ RunTime:0.001000s ]
ERR: 无法加载模块:Good_detail_files

[ 2016-08-08T14:46:47+08:00 ] ::1 /meizushangchengtpnew/index.php/good_detail_files/1467705893-97644.png
INFO: [ app_init ] --START--
INFO: Run Behavior\BuildLiteBehavior [ RunTime:0.000000s ]
INFO: [ app_init ] --END-- [ RunTime:0.001000s ]
ERR: 无法加载模块:Good_detail_files

[ 2016-08-08T14:46:47+08:00 ] ::1 /meizushangchengtpnew/index.php/good_detail_files/1467696242-24236.png
INFO: [ app_init ] --START--
INFO: Run Behavior\BuildLiteBehavior [ RunTime:0.001000s ]
INFO: [ app_init ] --END-- [ RunTime:0.001000s ]
ERR: 无法加载模块:Good_detail_files

[ 2016-08-08T14:46:47+08:00 ] ::1 /meizushangchengtpnew/index.php/good_detail_files/1450928272@126x126.png
INFO: [ app_init ] --START--
INFO: Run Behavior\BuildLiteBehavior [ RunTime:0.000000s ]
INFO: [ app_init ] --END-- [ RunTime:0.000000s ]
ERR: 无法加载模块:Good_detail_files

[ 2016-08-08T14:46:47+08:00 ] ::1 /meizushangchengtpnew/index.php/good_detail_files/1466996090@126x126.png
INFO: [ app_init ] --START--
INFO: Run Behavior\BuildLiteBehavior [ RunTime:0.000000s ]
INFO: [ app_init ] --END-- [ RunTime:0.001000s ]
ERR: 无法加载模块:Good_detail_files

[ 2016-08-08T14:46:47+08:00 ] ::1 /meizushangchengtpnew/index.php/good_detail_files/Cix_s1eN3IiASxVXAA9IpQ8-shg169_126x126.png
INFO: [ app_init ] --START--
INFO: Run Behavior\BuildLiteBehavior [ RunTime:0.000000s ]
INFO: [ app_init ] --END-- [ RunTime:0.002000s ]
ERR: 无法加载模块:Good_detail_files

[ 2016-08-08T14:46:47+08:00 ] ::1 /meizushangchengtpnew/index.php/good_detail_files/weixin.png
INFO: [ app_init ] --START--
INFO: Run Behavior\BuildLiteBehavior [ RunTime:0.000000s ]
INFO: [ app_init ] --END-- [ RunTime:0.000000s ]
ERR: 无法加载模块:Good_detail_files

[ 2016-08-08T14:57:28+08:00 ] ::1 /meizushangchengtpnew/index.php/good_detail_files/init-1x1.jpg
INFO: [ app_init ] --START--
INFO: Run Behavior\BuildLiteBehavior [ RunTime:0.001000s ]
INFO: [ app_init ] --END-- [ RunTime:0.001000s ]
ERR: 无法加载模块:Good_detail_files

[ 2016-08-08T14:57:28+08:00 ] ::1 /meizushangchengtpnew/index.php/good_detail_files/1467696166-40112.png
INFO: [ app_init ] --START--
INFO: Run Behavior\BuildLiteBehavior [ RunTime:0.000000s ]
INFO: [ app_init ] --END-- [ RunTime:0.001000s ]
ERR: 无法加载模块:Good_detail_files

[ 2016-08-08T14:57:28+08:00 ] ::1 /meizushangchengtpnew/index.php/good_detail_files/1467705893-97644.png
INFO: [ app_init ] --START--
INFO: Run Behavior\BuildLiteBehavior [ RunTime:0.000000s ]
INFO: [ app_init ] --END-- [ RunTime:0.001000s ]
ERR: 无法加载模块:Good_detail_files

[ 2016-08-08T14:57:28+08:00 ] ::1 /meizushangchengtpnew/index.php/good_detail_files/1467696242-24236.png
INFO: [ app_init ] --START--
INFO: Run Behavior\BuildLiteBehavior [ RunTime:0.000000s ]
INFO: [ app_init ] --END-- [ RunTime:0.001000s ]
ERR: 无法加载模块:Good_detail_files

[ 2016-08-08T14:57:28+08:00 ] ::1 /meizushangchengtpnew/index.php/good_detail_files/1467696197-95413.png
INFO: [ app_init ] --START--
INFO: Run Behavior\BuildLiteBehavior [ RunTime:0.000000s ]
INFO: [ app_init ] --END-- [ RunTime:0.001000s ]
ERR: 无法加载模块:Good_detail_files

[ 2016-08-08T14:57:28+08:00 ] ::1 /meizushangchengtpnew/index.php/good_detail_files/Cix_s1eN3IiASxVXAA9IpQ8-shg169_126x126.png
INFO: [ app_init ] --START--
INFO: Run Behavior\BuildLiteBehavior [ RunTime:0.000000s ]
INFO: [ app_init ] --END-- [ RunTime:0.000000s ]
ERR: 无法加载模块:Good_detail_files

[ 2016-08-08T14:57:28+08:00 ] ::1 /meizushangchengtpnew/index.php/good_detail_files/1467696220-57637.png
INFO: [ app_init ] --START--
INFO: Run Behavior\BuildLiteBehavior [ RunTime:0.000000s ]
INFO: [ app_init ] --END-- [ RunTime:0.004000s ]
ERR: 无法加载模块:Good_detail_files

[ 2016-08-08T14:57:28+08:00 ] ::1 /meizushangchengtpnew/index.php/good_detail_files/1450928272@126x126.png
INFO: [ app_init ] --START--
INFO: Run Behavior\BuildLiteBehavior [ RunTime:0.000000s ]
INFO: [ app_init ] --END-- [ RunTime:0.000000s ]
ERR: 无法加载模块:Good_detail_files

[ 2016-08-08T14:57:28+08:00 ] ::1 /meizushangchengtpnew/index.php/good_detail_files/weixin.png
INFO: [ app_init ] --START--
INFO: Run Behavior\BuildLiteBehavior [ RunTime:0.000000s ]
INFO: [ app_init ] --END-- [ RunTime:0.001000s ]
ERR: 无法加载模块:Good_detail_files

[ 2016-08-08T14:57:28+08:00 ] ::1 /meizushangchengtpnew/index.php/good_detail_files/1466996090@126x126.png
INFO: [ app_init ] --START--
INFO: Run Behavior\BuildLiteBehavior [ RunTime:0.000000s ]
INFO: [ app_init ] --END-- [ RunTime:0.001000s ]
ERR: 无法加载模块:Good_detail_files

[ 2016-08-08T15:20:45+08:00 ] 127.0.0.1 /meizushangchengtpnew/index.php/good_detail_files/init-1x1.jpg
INFO: [ app_init ] --START--
INFO: Run Behavior\BuildLiteBehavior [ RunTime:0.000000s ]
INFO: [ app_init ] --END-- [ RunTime:0.001000s ]
ERR: 无法加载模块:Good_detail_files

[ 2016-08-08T15:20:46+08:00 ] 127.0.0.1 /meizushangchengtpnew/index.php/good_detail_files/1467696197-95413.png
INFO: [ app_init ] --START--
INFO: Run Behavior\BuildLiteBehavior [ RunTime:0.000000s ]
INFO: [ app_init ] --END-- [ RunTime:0.002001s ]
ERR: 无法加载模块:Good_detail_files

[ 2016-08-08T15:20:46+08:00 ] 127.0.0.1 /meizushangchengtpnew/index.php/good_detail_files/1467696166-40112.png
INFO: [ app_init ] --START--
INFO: Run Behavior\BuildLiteBehavior [ RunTime:0.000000s ]
INFO: [ app_init ] --END-- [ RunTime:0.001000s ]
ERR: 无法加载模块:Good_detail_files

[ 2016-08-08T15:20:46+08:00 ] 127.0.0.1 /meizushangchengtpnew/index.php/good_detail_files/1467696220-57637.png
INFO: [ app_init ] --START--
INFO: Run Behavior\BuildLiteBehavior [ RunTime:0.000000s ]
INFO: [ app_init ] --END-- [ RunTime:0.001000s ]
ERR: 无法加载模块:Good_detail_files

[ 2016-08-08T15:20:47+08:00 ] 127.0.0.1 /meizushangchengtpnew/index.php/good_detail_files/1467696242-24236.png
INFO: [ app_init ] --START--
INFO: Run Behavior\BuildLiteBehavior [ RunTime:0.001000s ]
INFO: [ app_init ] --END-- [ RunTime:0.001000s ]
ERR: 无法加载模块:Good_detail_files

[ 2016-08-08T15:20:47+08:00 ] 127.0.0.1 /meizushangchengtpnew/index.php/good_detail_files/1467705893-97644.png
INFO: [ app_init ] --START--
INFO: Run Behavior\BuildLiteBehavior [ RunTime:0.000000s ]
INFO: [ app_init ] --END-- [ RunTime:0.001000s ]
ERR: 无法加载模块:Good_detail_files

[ 2016-08-08T15:21:02+08:00 ] 127.0.0.1 /meizushangchengtpnew/index.php/good_detail_files/Cix_s1eN3IiASxVXAA9IpQ8-shg169_126x126.png
INFO: [ app_init ] --START--
INFO: Run Behavior\BuildLiteBehavior [ RunTime:0.000000s ]
INFO: [ app_init ] --END-- [ RunTime:0.001000s ]
ERR: 无法加载模块:Good_detail_files

[ 2016-08-08T15:21:04+08:00 ] 127.0.0.1 /meizushangchengtpnew/index.php/good_detail_files/1450928272@126x126.png
INFO: [ app_init ] --START--
INFO: Run Behavior\BuildLiteBehavior [ RunTime:0.000000s ]
INFO: [ app_init ] --END-- [ RunTime:0.000000s ]
ERR: 无法加载模块:Good_detail_files

[ 2016-08-08T15:21:05+08:00 ] 127.0.0.1 /meizushangchengtpnew/index.php/good_detail_files/1466996090@126x126.png
INFO: [ app_init ] --START--
INFO: Run Behavior\BuildLiteBehavior [ RunTime:0.000000s ]
INFO: [ app_init ] --END-- [ RunTime:0.001000s ]
ERR: 无法加载模块:Good_detail_files

[ 2016-08-08T15:21:12+08:00 ] 127.0.0.1 /meizushangchengtpnew/index.php/good_detail_files/weixin.png
INFO: [ app_init ] --START--
INFO: Run Behavior\BuildLiteBehavior [ RunTime:0.000000s ]
INFO: [ app_init ] --END-- [ RunTime:0.000000s ]
ERR: 无法加载模块:Good_detail_files

[ 2016-08-08T18:56:25+08:00 ] 127.0.0.1 /meizushangchengtpnew/index.php/good_detail_files/1467696166-40112.png
INFO: [ app_init ] --START--
INFO: Run Behavior\BuildLiteBehavior [ RunTime:0.000000s ]
INFO: [ app_init ] --END-- [ RunTime:0.000000s ]
ERR: 无法加载模块:Good_detail_files

[ 2016-08-08T18:56:25+08:00 ] 127.0.0.1 /meizushangchengtpnew/index.php/good_detail_files/1467696197-95413.png
INFO: [ app_init ] --START--
INFO: Run Behavior\BuildLiteBehavior [ RunTime:0.000000s ]
INFO: [ app_init ] --END-- [ RunTime:0.000000s ]
ERR: 无法加载模块:Good_detail_files

[ 2016-08-08T18:56:25+08:00 ] 127.0.0.1 /meizushangchengtpnew/index.php/good_detail_files/init-1x1.jpg
INFO: [ app_init ] --START--
INFO: Run Behavior\BuildLiteBehavior [ RunTime:0.000000s ]
INFO: [ app_init ] --END-- [ RunTime:0.000000s ]
ERR: 无法加载模块:Good_detail_files

[ 2016-08-08T18:56:26+08:00 ] 127.0.0.1 /meizushangchengtpnew/index.php/good_detail_files/1467696242-24236.png
INFO: [ app_init ] --START--
INFO: Run Behavior\BuildLiteBehavior [ RunTime:0.000000s ]
INFO: [ app_init ] --END-- [ RunTime:0.001000s ]
ERR: 无法加载模块:Good_detail_files

[ 2016-08-08T18:56:26+08:00 ] 127.0.0.1 /meizushangchengtpnew/index.php/good_detail_files/1467705893-97644.png
INFO: [ app_init ] --START--
INFO: Run Behavior\BuildLiteBehavior [ RunTime:0.000000s ]
INFO: [ app_init ] --END-- [ RunTime:0.001000s ]
ERR: 无法加载模块:Good_detail_files

[ 2016-08-08T18:56:26+08:00 ] 127.0.0.1 /meizushangchengtpnew/index.php/good_detail_files/1450928272@126x126.png
INFO: [ app_init ] --START--
INFO: Run Behavior\BuildLiteBehavior [ RunTime:0.000000s ]
INFO: [ app_init ] --END-- [ RunTime:0.000000s ]
ERR: 无法加载模块:Good_detail_files

[ 2016-08-08T18:56:26+08:00 ] 127.0.0.1 /meizushangchengtpnew/index.php/good_detail_files/Cix_s1eN3IiASxVXAA9IpQ8-shg169_126x126.png
INFO: [ app_init ] --START--
INFO: Run Behavior\BuildLiteBehavior [ RunTime:0.000000s ]
INFO: [ app_init ] --END-- [ RunTime:0.000000s ]
ERR: 无法加载模块:Good_detail_files

[ 2016-08-08T18:56:26+08:00 ] 127.0.0.1 /meizushangchengtpnew/index.php/good_detail_files/1466996090@126x126.png
INFO: [ app_init ] --START--
INFO: Run Behavior\BuildLiteBehavior [ RunTime:0.000000s ]
INFO: [ app_init ] --END-- [ RunTime:0.001000s ]
ERR: 无法加载模块:Good_detail_files

[ 2016-08-08T18:56:26+08:00 ] 127.0.0.1 /meizushangchengtpnew/index.php/good_detail_files/weixin.png
INFO: [ app_init ] --START--
INFO: Run Behavior\BuildLiteBehavior [ RunTime:0.000000s ]
INFO: [ app_init ] --END-- [ RunTime:0.001000s ]
ERR: 无法加载模块:Good_detail_files

