[ 2016-08-09T08:33:46+08:00 ] ::1 /meizushangchengtpnew/index.php/good_detail_files/init-1x1.jpg
INFO: [ app_init ] --START--
INFO: Run Behavior\BuildLiteBehavior [ RunTime:0.000000s ]
INFO: [ app_init ] --END-- [ RunTime:0.000000s ]
ERR: 无法加载模块:Good_detail_files

[ 2016-08-09T08:33:46+08:00 ] ::1 /meizushangchengtpnew/index.php/good_detail_files/1467696166-40112.png
INFO: [ app_init ] --START--
INFO: Run Behavior\BuildLiteBehavior [ RunTime:0.000000s ]
INFO: [ app_init ] --END-- [ RunTime:0.000000s ]
ERR: 无法加载模块:Good_detail_files

[ 2016-08-09T08:33:46+08:00 ] ::1 /meizushangchengtpnew/index.php/good_detail_files/1467696197-95413.png
INFO: [ app_init ] --START--
INFO: Run Behavior\BuildLiteBehavior [ RunTime:0.000000s ]
INFO: [ app_init ] --END-- [ RunTime:0.001000s ]
ERR: 无法加载模块:Good_detail_files

[ 2016-08-09T08:33:47+08:00 ] ::1 /meizushangchengtpnew/index.php/good_detail_files/1467696220-57637.png
INFO: [ app_init ] --START--
INFO: Run Behavior\BuildLiteBehavior [ RunTime:0.000000s ]
INFO: [ app_init ] --END-- [ RunTime:0.001000s ]
ERR: 无法加载模块:Good_detail_files

[ 2016-08-09T08:33:47+08:00 ] ::1 /meizushangchengtpnew/index.php/good_detail_files/1467696242-24236.png
INFO: [ app_init ] --START--
INFO: Run Behavior\BuildLiteBehavior [ RunTime:0.000000s ]
INFO: [ app_init ] --END-- [ RunTime:0.001000s ]
ERR: 无法加载模块:Good_detail_files

[ 2016-08-09T08:33:47+08:00 ] ::1 /meizushangchengtpnew/index.php/good_detail_files/1467705893-97644.png
INFO: [ app_init ] --START--
INFO: Run Behavior\BuildLiteBehavior [ RunTime:0.000000s ]
INFO: [ app_init ] --END-- [ RunTime:0.001000s ]
ERR: 无法加载模块:Good_detail_files

[ 2016-08-09T08:33:47+08:00 ] ::1 /meizushangchengtpnew/index.php/good_detail_files/Cix_s1eN3IiASxVXAA9IpQ8-shg169_126x126.png
INFO: [ app_init ] --START--
INFO: Run Behavior\BuildLiteBehavior [ RunTime:0.001000s ]
INFO: [ app_init ] --END-- [ RunTime:0.001000s ]
ERR: 无法加载模块:Good_detail_files

[ 2016-08-09T08:33:47+08:00 ] ::1 /meizushangchengtpnew/index.php/good_detail_files/1450928272@126x126.png
INFO: [ app_init ] --START--
INFO: Run Behavior\BuildLiteBehavior [ RunTime:0.000000s ]
INFO: [ app_init ] --END-- [ RunTime:0.000000s ]
ERR: 无法加载模块:Good_detail_files

[ 2016-08-09T08:33:47+08:00 ] ::1 /meizushangchengtpnew/index.php/good_detail_files/1466996090@126x126.png
INFO: [ app_init ] --START--
INFO: Run Behavior\BuildLiteBehavior [ RunTime:0.000000s ]
INFO: [ app_init ] --END-- [ RunTime:0.001000s ]
ERR: 无法加载模块:Good_detail_files

[ 2016-08-09T08:33:47+08:00 ] ::1 /meizushangchengtpnew/index.php/good_detail_files/weixin.png
INFO: [ app_init ] --START--
INFO: Run Behavior\BuildLiteBehavior [ RunTime:0.000000s ]
INFO: [ app_init ] --END-- [ RunTime:0.001000s ]
ERR: 无法加载模块:Good_detail_files

[ 2016-08-09T08:46:02+08:00 ] ::1 /meizushangchengtpnew/index.php/good_detail_files/1467696220-57637.png
INFO: [ app_init ] --START--
INFO: Run Behavior\BuildLiteBehavior [ RunTime:0.000000s ]
INFO: [ app_init ] --END-- [ RunTime:0.001000s ]
ERR: 无法加载模块:Good_detail_files

[ 2016-08-09T08:46:02+08:00 ] ::1 /meizushangchengtpnew/index.php/good_detail_files/1467696197-95413.png
INFO: [ app_init ] --START--
INFO: Run Behavior\BuildLiteBehavior [ RunTime:0.000000s ]
INFO: [ app_init ] --END-- [ RunTime:0.001000s ]
ERR: 无法加载模块:Good_detail_files

[ 2016-08-09T08:46:02+08:00 ] ::1 /meizushangchengtpnew/index.php/good_detail_files/init-1x1.jpg
INFO: [ app_init ] --START--
INFO: Run Behavior\BuildLiteBehavior [ RunTime:0.000000s ]
INFO: [ app_init ] --END-- [ RunTime:0.002000s ]
ERR: 无法加载模块:Good_detail_files

[ 2016-08-09T08:46:02+08:00 ] ::1 /meizushangchengtpnew/index.php/good_detail_files/1467696166-40112.png
INFO: [ app_init ] --START--
INFO: Run Behavior\BuildLiteBehavior [ RunTime:0.000000s ]
INFO: [ app_init ] --END-- [ RunTime:0.001000s ]
ERR: 无法加载模块:Good_detail_files

[ 2016-08-09T08:46:02+08:00 ] ::1 /meizushangchengtpnew/index.php/good_detail_files/1467696242-24236.png
INFO: [ app_init ] --START--
INFO: Run Behavior\BuildLiteBehavior [ RunTime:0.000000s ]
INFO: [ app_init ] --END-- [ RunTime:0.001000s ]
ERR: 无法加载模块:Good_detail_files

[ 2016-08-09T08:46:02+08:00 ] ::1 /meizushangchengtpnew/index.php/good_detail_files/Cix_s1eN3IiASxVXAA9IpQ8-shg169_126x126.png
INFO: [ app_init ] --START--
INFO: Run Behavior\BuildLiteBehavior [ RunTime:0.000000s ]
INFO: [ app_init ] --END-- [ RunTime:0.001000s ]
ERR: 无法加载模块:Good_detail_files

[ 2016-08-09T08:46:02+08:00 ] ::1 /meizushangchengtpnew/index.php/good_detail_files/1467705893-97644.png
INFO: [ app_init ] --START--
INFO: Run Behavior\BuildLiteBehavior [ RunTime:0.000000s ]
INFO: [ app_init ] --END-- [ RunTime:0.000000s ]
ERR: 无法加载模块:Good_detail_files

[ 2016-08-09T08:46:02+08:00 ] ::1 /meizushangchengtpnew/index.php/good_detail_files/1450928272@126x126.png
INFO: [ app_init ] --START--
INFO: Run Behavior\BuildLiteBehavior [ RunTime:0.000000s ]
INFO: [ app_init ] --END-- [ RunTime:0.001000s ]
ERR: 无法加载模块:Good_detail_files

[ 2016-08-09T08:46:02+08:00 ] ::1 /meizushangchengtpnew/index.php/good_detail_files/weixin.png
INFO: [ app_init ] --START--
INFO: Run Behavior\BuildLiteBehavior [ RunTime:0.000000s ]
INFO: [ app_init ] --END-- [ RunTime:0.001000s ]
ERR: 无法加载模块:Good_detail_files

[ 2016-08-09T08:46:02+08:00 ] ::1 /meizushangchengtpnew/index.php/good_detail_files/1466996090@126x126.png
INFO: [ app_init ] --START--
INFO: Run Behavior\BuildLiteBehavior [ RunTime:0.001000s ]
INFO: [ app_init ] --END-- [ RunTime:0.001000s ]
ERR: 无法加载模块:Good_detail_files

[ 2016-08-09T08:46:56+08:00 ] ::1 /meizushangchengtpnew/index.php/good_detail_files/1467696166-40112.png
INFO: [ app_init ] --START--
INFO: Run Behavior\BuildLiteBehavior [ RunTime:0.000000s ]
INFO: [ app_init ] --END-- [ RunTime:0.000000s ]
ERR: 无法加载模块:Good_detail_files

[ 2016-08-09T08:46:56+08:00 ] ::1 /meizushangchengtpnew/index.php/good_detail_files/1467696197-95413.png
INFO: [ app_init ] --START--
INFO: Run Behavior\BuildLiteBehavior [ RunTime:0.000000s ]
INFO: [ app_init ] --END-- [ RunTime:0.001000s ]
ERR: 无法加载模块:Good_detail_files

[ 2016-08-09T08:46:56+08:00 ] ::1 /meizushangchengtpnew/index.php/good_detail_files/1467696220-57637.png
INFO: [ app_init ] --START--
INFO: Run Behavior\BuildLiteBehavior [ RunTime:0.000000s ]
INFO: [ app_init ] --END-- [ RunTime:0.004000s ]
ERR: 无法加载模块:Good_detail_files

[ 2016-08-09T08:46:56+08:00 ] ::1 /meizushangchengtpnew/index.php/good_detail_files/1467705893-97644.png
INFO: [ app_init ] --START--
INFO: Run Behavior\BuildLiteBehavior [ RunTime:0.000000s ]
INFO: [ app_init ] --END-- [ RunTime:0.001000s ]
ERR: 无法加载模块:Good_detail_files

[ 2016-08-09T08:46:56+08:00 ] ::1 /meizushangchengtpnew/index.php/good_detail_files/init-1x1.jpg
INFO: [ app_init ] --START--
INFO: Run Behavior\BuildLiteBehavior [ RunTime:0.000000s ]
INFO: [ app_init ] --END-- [ RunTime:0.001000s ]
ERR: 无法加载模块:Good_detail_files

[ 2016-08-09T08:46:56+08:00 ] ::1 /meizushangchengtpnew/index.php/good_detail_files/1467696242-24236.png
INFO: [ app_init ] --START--
INFO: Run Behavior\BuildLiteBehavior [ RunTime:0.000000s ]
INFO: [ app_init ] --END-- [ RunTime:0.001000s ]
ERR: 无法加载模块:Good_detail_files

[ 2016-08-09T08:46:56+08:00 ] ::1 /meizushangchengtpnew/index.php/good_detail_files/1450928272@126x126.png
INFO: [ app_init ] --START--
INFO: Run Behavior\BuildLiteBehavior [ RunTime:0.001000s ]
INFO: [ app_init ] --END-- [ RunTime:0.001000s ]
ERR: 无法加载模块:Good_detail_files

[ 2016-08-09T08:46:56+08:00 ] ::1 /meizushangchengtpnew/index.php/good_detail_files/Cix_s1eN3IiASxVXAA9IpQ8-shg169_126x126.png
INFO: [ app_init ] --START--
INFO: Run Behavior\BuildLiteBehavior [ RunTime:0.000000s ]
INFO: [ app_init ] --END-- [ RunTime:0.001000s ]
ERR: 无法加载模块:Good_detail_files

[ 2016-08-09T08:46:56+08:00 ] ::1 /meizushangchengtpnew/index.php/good_detail_files/1466996090@126x126.png
INFO: [ app_init ] --START--
INFO: Run Behavior\BuildLiteBehavior [ RunTime:0.001000s ]
INFO: [ app_init ] --END-- [ RunTime:0.001000s ]
ERR: 无法加载模块:Good_detail_files

[ 2016-08-09T08:46:56+08:00 ] ::1 /meizushangchengtpnew/index.php/good_detail_files/weixin.png
INFO: [ app_init ] --START--
INFO: Run Behavior\BuildLiteBehavior [ RunTime:0.000000s ]
INFO: [ app_init ] --END-- [ RunTime:0.002000s ]
ERR: 无法加载模块:Good_detail_files

[ 2016-08-09T09:13:51+08:00 ] ::1 /meizushangchengtpnew/index.php/good_detail_files/init-1x1.jpg
INFO: [ app_init ] --START--
INFO: Run Behavior\BuildLiteBehavior [ RunTime:0.000000s ]
INFO: [ app_init ] --END-- [ RunTime:0.000000s ]
ERR: 无法加载模块:Good_detail_files

[ 2016-08-09T09:13:51+08:00 ] ::1 /meizushangchengtpnew/index.php/good_detail_files/1467696166-40112.png
INFO: [ app_init ] --START--
INFO: Run Behavior\BuildLiteBehavior [ RunTime:0.000000s ]
INFO: [ app_init ] --END-- [ RunTime:0.001000s ]
ERR: 无法加载模块:Good_detail_files

[ 2016-08-09T09:13:51+08:00 ] ::1 /meizushangchengtpnew/index.php/good_detail_files/1467696197-95413.png
INFO: [ app_init ] --START--
INFO: Run Behavior\BuildLiteBehavior [ RunTime:0.000000s ]
INFO: [ app_init ] --END-- [ RunTime:0.000000s ]
ERR: 无法加载模块:Good_detail_files

[ 2016-08-09T09:13:51+08:00 ] ::1 /meizushangchengtpnew/index.php/good_detail_files/1467696220-57637.png
INFO: [ app_init ] --START--
INFO: Run Behavior\BuildLiteBehavior [ RunTime:0.000000s ]
INFO: [ app_init ] --END-- [ RunTime:0.000000s ]
ERR: 无法加载模块:Good_detail_files

[ 2016-08-09T09:13:51+08:00 ] ::1 /meizushangchengtpnew/index.php/good_detail_files/1467696242-24236.png
INFO: [ app_init ] --START--
INFO: Run Behavior\BuildLiteBehavior [ RunTime:0.000000s ]
INFO: [ app_init ] --END-- [ RunTime:0.001000s ]
ERR: 无法加载模块:Good_detail_files

[ 2016-08-09T09:13:51+08:00 ] ::1 /meizushangchengtpnew/index.php/good_detail_files/Cix_s1eN3IiASxVXAA9IpQ8-shg169_126x126.png
INFO: [ app_init ] --START--
INFO: Run Behavior\BuildLiteBehavior [ RunTime:0.000000s ]
INFO: [ app_init ] --END-- [ RunTime:0.002001s ]
ERR: 无法加载模块:Good_detail_files

[ 2016-08-09T09:13:51+08:00 ] ::1 /meizushangchengtpnew/index.php/good_detail_files/1450928272@126x126.png
INFO: [ app_init ] --START--
INFO: Run Behavior\BuildLiteBehavior [ RunTime:0.000000s ]
INFO: [ app_init ] --END-- [ RunTime:0.001000s ]
ERR: 无法加载模块:Good_detail_files

[ 2016-08-09T09:13:51+08:00 ] ::1 /meizushangchengtpnew/index.php/good_detail_files/1467705893-97644.png
INFO: [ app_init ] --START--
INFO: Run Behavior\BuildLiteBehavior [ RunTime:0.000000s ]
INFO: [ app_init ] --END-- [ RunTime:0.003000s ]
ERR: 无法加载模块:Good_detail_files

[ 2016-08-09T09:13:51+08:00 ] ::1 /meizushangchengtpnew/index.php/good_detail_files/1466996090@126x126.png
INFO: [ app_init ] --START--
INFO: Run Behavior\BuildLiteBehavior [ RunTime:0.000000s ]
INFO: [ app_init ] --END-- [ RunTime:0.001000s ]
ERR: 无法加载模块:Good_detail_files

[ 2016-08-09T09:13:51+08:00 ] ::1 /meizushangchengtpnew/index.php/good_detail_files/weixin.png
INFO: [ app_init ] --START--
INFO: Run Behavior\BuildLiteBehavior [ RunTime:0.000000s ]
INFO: [ app_init ] --END-- [ RunTime:0.001000s ]
ERR: 无法加载模块:Good_detail_files

[ 2016-08-09T09:15:13+08:00 ] ::1 /meizushangchengtpnew/index.php/good_detail_files/init-1x1.jpg
INFO: [ app_init ] --START--
INFO: Run Behavior\BuildLiteBehavior [ RunTime:0.000000s ]
INFO: [ app_init ] --END-- [ RunTime:0.000000s ]
ERR: 无法加载模块:Good_detail_files

[ 2016-08-09T09:15:14+08:00 ] ::1 /meizushangchengtpnew/index.php/good_detail_files/1467696166-40112.png
INFO: [ app_init ] --START--
INFO: Run Behavior\BuildLiteBehavior [ RunTime:0.001000s ]
INFO: [ app_init ] --END-- [ RunTime:0.001000s ]
ERR: 无法加载模块:Good_detail_files

[ 2016-08-09T09:15:14+08:00 ] ::1 /meizushangchengtpnew/index.php/good_detail_files/1467696197-95413.png
INFO: [ app_init ] --START--
INFO: Run Behavior\BuildLiteBehavior [ RunTime:0.000000s ]
INFO: [ app_init ] --END-- [ RunTime:0.000000s ]
ERR: 无法加载模块:Good_detail_files

[ 2016-08-09T09:15:14+08:00 ] ::1 /meizushangchengtpnew/index.php/good_detail_files/1467696220-57637.png
INFO: [ app_init ] --START--
INFO: Run Behavior\BuildLiteBehavior [ RunTime:0.000000s ]
INFO: [ app_init ] --END-- [ RunTime:0.001000s ]
ERR: 无法加载模块:Good_detail_files

[ 2016-08-09T09:15:14+08:00 ] ::1 /meizushangchengtpnew/index.php/good_detail_files/1467705893-97644.png
INFO: [ app_init ] --START--
INFO: Run Behavior\BuildLiteBehavior [ RunTime:0.002001s ]
INFO: [ app_init ] --END-- [ RunTime:0.003001s ]
ERR: 无法加载模块:Good_detail_files

[ 2016-08-09T09:15:14+08:00 ] ::1 /meizushangchengtpnew/index.php/good_detail_files/1467696242-24236.png
INFO: [ app_init ] --START--
INFO: Run Behavior\BuildLiteBehavior [ RunTime:0.000000s ]
INFO: [ app_init ] --END-- [ RunTime:0.001000s ]
ERR: 无法加载模块:Good_detail_files

[ 2016-08-09T09:15:14+08:00 ] ::1 /meizushangchengtpnew/index.php/good_detail_files/Cix_s1eN3IiASxVXAA9IpQ8-shg169_126x126.png
INFO: [ app_init ] --START--
INFO: Run Behavior\BuildLiteBehavior [ RunTime:0.000000s ]
INFO: [ app_init ] --END-- [ RunTime:0.001000s ]
ERR: 无法加载模块:Good_detail_files

[ 2016-08-09T09:15:14+08:00 ] ::1 /meizushangchengtpnew/index.php/good_detail_files/1450928272@126x126.png
INFO: [ app_init ] --START--
INFO: Run Behavior\BuildLiteBehavior [ RunTime:0.000000s ]
INFO: [ app_init ] --END-- [ RunTime:0.001000s ]
ERR: 无法加载模块:Good_detail_files

[ 2016-08-09T09:15:14+08:00 ] ::1 /meizushangchengtpnew/index.php/good_detail_files/1466996090@126x126.png
INFO: [ app_init ] --START--
INFO: Run Behavior\BuildLiteBehavior [ RunTime:0.000000s ]
INFO: [ app_init ] --END-- [ RunTime:0.001000s ]
ERR: 无法加载模块:Good_detail_files

[ 2016-08-09T09:15:14+08:00 ] ::1 /meizushangchengtpnew/index.php/good_detail_files/weixin.png
INFO: [ app_init ] --START--
INFO: Run Behavior\BuildLiteBehavior [ RunTime:0.000000s ]
INFO: [ app_init ] --END-- [ RunTime:0.000000s ]
ERR: 无法加载模块:Good_detail_files

[ 2016-08-09T09:15:49+08:00 ] ::1 /meizushangchengtpnew/index.php/good_detail_files/1467696166-40112.png
INFO: [ app_init ] --START--
INFO: Run Behavior\BuildLiteBehavior [ RunTime:0.000000s ]
INFO: [ app_init ] --END-- [ RunTime:0.001001s ]
ERR: 无法加载模块:Good_detail_files

[ 2016-08-09T09:15:49+08:00 ] ::1 /meizushangchengtpnew/index.php/good_detail_files/1467696197-95413.png
INFO: [ app_init ] --START--
INFO: Run Behavior\BuildLiteBehavior [ RunTime:0.001000s ]
INFO: [ app_init ] --END-- [ RunTime:0.005001s ]
ERR: 无法加载模块:Good_detail_files

[ 2016-08-09T09:15:49+08:00 ] ::1 /meizushangchengtpnew/index.php/good_detail_files/1467696220-57637.png
INFO: [ app_init ] --START--
INFO: Run Behavior\BuildLiteBehavior [ RunTime:0.000000s ]
INFO: [ app_init ] --END-- [ RunTime:0.002000s ]
ERR: 无法加载模块:Good_detail_files

[ 2016-08-09T09:15:49+08:00 ] ::1 /meizushangchengtpnew/index.php/good_detail_files/init-1x1.jpg
INFO: [ app_init ] --START--
INFO: Run Behavior\BuildLiteBehavior [ RunTime:0.000000s ]
INFO: [ app_init ] --END-- [ RunTime:0.000000s ]
ERR: 无法加载模块:Good_detail_files

[ 2016-08-09T09:15:49+08:00 ] ::1 /meizushangchengtpnew/index.php/good_detail_files/1467705893-97644.png
INFO: [ app_init ] --START--
INFO: Run Behavior\BuildLiteBehavior [ RunTime:0.000000s ]
INFO: [ app_init ] --END-- [ RunTime:0.001000s ]
ERR: 无法加载模块:Good_detail_files

[ 2016-08-09T09:15:49+08:00 ] ::1 /meizushangchengtpnew/index.php/good_detail_files/1466996090@126x126.png
INFO: [ app_init ] --START--
INFO: Run Behavior\BuildLiteBehavior [ RunTime:0.000000s ]
INFO: [ app_init ] --END-- [ RunTime:0.001000s ]
ERR: 无法加载模块:Good_detail_files

[ 2016-08-09T09:15:49+08:00 ] ::1 /meizushangchengtpnew/index.php/good_detail_files/Cix_s1eN3IiASxVXAA9IpQ8-shg169_126x126.png
INFO: [ app_init ] --START--
INFO: Run Behavior\BuildLiteBehavior [ RunTime:0.000000s ]
INFO: [ app_init ] --END-- [ RunTime:0.001000s ]
ERR: 无法加载模块:Good_detail_files

[ 2016-08-09T09:15:49+08:00 ] ::1 /meizushangchengtpnew/index.php/good_detail_files/1450928272@126x126.png
INFO: [ app_init ] --START--
INFO: Run Behavior\BuildLiteBehavior [ RunTime:0.000000s ]
INFO: [ app_init ] --END-- [ RunTime:0.002000s ]
ERR: 无法加载模块:Good_detail_files

[ 2016-08-09T09:15:49+08:00 ] ::1 /meizushangchengtpnew/index.php/good_detail_files/1467696242-24236.png
INFO: [ app_init ] --START--
INFO: Run Behavior\BuildLiteBehavior [ RunTime:0.000000s ]
INFO: [ app_init ] --END-- [ RunTime:0.000000s ]
ERR: 无法加载模块:Good_detail_files

[ 2016-08-09T09:15:49+08:00 ] ::1 /meizushangchengtpnew/index.php/good_detail_files/weixin.png
INFO: [ app_init ] --START--
INFO: Run Behavior\BuildLiteBehavior [ RunTime:0.000000s ]
INFO: [ app_init ] --END-- [ RunTime:0.001000s ]
ERR: 无法加载模块:Good_detail_files

[ 2016-08-09T09:23:51+08:00 ] ::1 /meizushangchengtpnew/index.php/good_detail_files/1467705893-97644.png
INFO: [ app_init ] --START--
INFO: Run Behavior\BuildLiteBehavior [ RunTime:0.000000s ]
INFO: [ app_init ] --END-- [ RunTime:0.000000s ]
ERR: 无法加载模块:Good_detail_files

[ 2016-08-09T09:23:51+08:00 ] ::1 /meizushangchengtpnew/index.php/good_detail_files/init-1x1.jpg
INFO: [ app_init ] --START--
INFO: Run Behavior\BuildLiteBehavior [ RunTime:0.000000s ]
INFO: [ app_init ] --END-- [ RunTime:0.001000s ]
ERR: 无法加载模块:Good_detail_files

[ 2016-08-09T09:23:51+08:00 ] ::1 /meizushangchengtpnew/index.php/good_detail_files/1467696166-40112.png
INFO: [ app_init ] --START--
INFO: Run Behavior\BuildLiteBehavior [ RunTime:0.000000s ]
INFO: [ app_init ] --END-- [ RunTime:0.001000s ]
ERR: 无法加载模块:Good_detail_files

[ 2016-08-09T09:23:51+08:00 ] ::1 /meizushangchengtpnew/index.php/good_detail_files/1467696242-24236.png
INFO: [ app_init ] --START--
INFO: Run Behavior\BuildLiteBehavior [ RunTime:0.000000s ]
INFO: [ app_init ] --END-- [ RunTime:0.002000s ]
ERR: 无法加载模块:Good_detail_files

[ 2016-08-09T09:23:51+08:00 ] ::1 /meizushangchengtpnew/index.php/good_detail_files/1467696197-95413.png
INFO: [ app_init ] --START--
INFO: Run Behavior\BuildLiteBehavior [ RunTime:0.000000s ]
INFO: [ app_init ] --END-- [ RunTime:0.008000s ]
ERR: 无法加载模块:Good_detail_files

[ 2016-08-09T09:23:51+08:00 ] ::1 /meizushangchengtpnew/index.php/good_detail_files/1467696220-57637.png
INFO: [ app_init ] --START--
INFO: Run Behavior\BuildLiteBehavior [ RunTime:0.000000s ]
INFO: [ app_init ] --END-- [ RunTime:0.001000s ]
ERR: 无法加载模块:Good_detail_files

[ 2016-08-09T09:23:51+08:00 ] ::1 /meizushangchengtpnew/index.php/good_detail_files/1450928272@126x126.png
INFO: [ app_init ] --START--
INFO: Run Behavior\BuildLiteBehavior [ RunTime:0.000000s ]
INFO: [ app_init ] --END-- [ RunTime:0.000000s ]
ERR: 无法加载模块:Good_detail_files

[ 2016-08-09T09:23:51+08:00 ] ::1 /meizushangchengtpnew/index.php/good_detail_files/Cix_s1eN3IiASxVXAA9IpQ8-shg169_126x126.png
INFO: [ app_init ] --START--
INFO: Run Behavior\BuildLiteBehavior [ RunTime:0.000000s ]
INFO: [ app_init ] --END-- [ RunTime:0.001000s ]
ERR: 无法加载模块:Good_detail_files

[ 2016-08-09T09:23:51+08:00 ] ::1 /meizushangchengtpnew/index.php/good_detail_files/1466996090@126x126.png
INFO: [ app_init ] --START--
INFO: Run Behavior\BuildLiteBehavior [ RunTime:0.000000s ]
INFO: [ app_init ] --END-- [ RunTime:0.001000s ]
ERR: 无法加载模块:Good_detail_files

[ 2016-08-09T09:23:51+08:00 ] ::1 /meizushangchengtpnew/index.php/good_detail_files/weixin.png
INFO: [ app_init ] --START--
INFO: Run Behavior\BuildLiteBehavior [ RunTime:0.000000s ]
INFO: [ app_init ] --END-- [ RunTime:0.001000s ]
ERR: 无法加载模块:Good_detail_files

[ 2016-08-09T09:39:30+08:00 ] ::1 /meizushangchengtpnew/index.php/good_detail_files/init-1x1.jpg
INFO: [ app_init ] --START--
INFO: Run Behavior\BuildLiteBehavior [ RunTime:0.000000s ]
INFO: [ app_init ] --END-- [ RunTime:0.003000s ]
ERR: 无法加载模块:Good_detail_files

[ 2016-08-09T09:39:30+08:00 ] ::1 /meizushangchengtpnew/index.php/good_detail_files/1467696166-40112.png
INFO: [ app_init ] --START--
INFO: Run Behavior\BuildLiteBehavior [ RunTime:0.000000s ]
INFO: [ app_init ] --END-- [ RunTime:0.000000s ]
ERR: 无法加载模块:Good_detail_files

[ 2016-08-09T09:39:30+08:00 ] ::1 /meizushangchengtpnew/index.php/good_detail_files/1467696242-24236.png
INFO: [ app_init ] --START--
INFO: Run Behavior\BuildLiteBehavior [ RunTime:0.000000s ]
INFO: [ app_init ] --END-- [ RunTime:0.001001s ]
ERR: 无法加载模块:Good_detail_files

[ 2016-08-09T09:39:30+08:00 ] ::1 /meizushangchengtpnew/index.php/good_detail_files/1467696220-57637.png
INFO: [ app_init ] --START--
INFO: Run Behavior\BuildLiteBehavior [ RunTime:0.000000s ]
INFO: [ app_init ] --END-- [ RunTime:0.001000s ]
ERR: 无法加载模块:Good_detail_files

[ 2016-08-09T09:39:30+08:00 ] ::1 /meizushangchengtpnew/index.php/good_detail_files/1467696197-95413.png
INFO: [ app_init ] --START--
INFO: Run Behavior\BuildLiteBehavior [ RunTime:0.000000s ]
INFO: [ app_init ] --END-- [ RunTime:0.001000s ]
ERR: 无法加载模块:Good_detail_files

[ 2016-08-09T09:39:30+08:00 ] ::1 /meizushangchengtpnew/index.php/good_detail_files/1467705893-97644.png
INFO: [ app_init ] --START--
INFO: Run Behavior\BuildLiteBehavior [ RunTime:0.000000s ]
INFO: [ app_init ] --END-- [ RunTime:0.001001s ]
ERR: 无法加载模块:Good_detail_files

[ 2016-08-09T09:39:30+08:00 ] ::1 /meizushangchengtpnew/index.php/good_detail_files/1450928272@126x126.png
INFO: [ app_init ] --START--
INFO: Run Behavior\BuildLiteBehavior [ RunTime:0.000000s ]
INFO: [ app_init ] --END-- [ RunTime:0.000000s ]
ERR: 无法加载模块:Good_detail_files

[ 2016-08-09T09:39:30+08:00 ] ::1 /meizushangchengtpnew/index.php/good_detail_files/Cix_s1eN3IiASxVXAA9IpQ8-shg169_126x126.png
INFO: [ app_init ] --START--
INFO: Run Behavior\BuildLiteBehavior [ RunTime:0.000000s ]
INFO: [ app_init ] --END-- [ RunTime:0.002000s ]
ERR: 无法加载模块:Good_detail_files

[ 2016-08-09T09:39:30+08:00 ] ::1 /meizushangchengtpnew/index.php/good_detail_files/1466996090@126x126.png
INFO: [ app_init ] --START--
INFO: Run Behavior\BuildLiteBehavior [ RunTime:0.000000s ]
INFO: [ app_init ] --END-- [ RunTime:0.001000s ]
ERR: 无法加载模块:Good_detail_files

[ 2016-08-09T09:39:30+08:00 ] ::1 /meizushangchengtpnew/index.php/good_detail_files/weixin.png
INFO: [ app_init ] --START--
INFO: Run Behavior\BuildLiteBehavior [ RunTime:0.000000s ]
INFO: [ app_init ] --END-- [ RunTime:0.001000s ]
ERR: 无法加载模块:Good_detail_files

[ 2016-08-09T09:49:31+08:00 ] ::1 /meizushangchengtpnew/index.php/good_detail_files/init-1x1.jpg
INFO: [ app_init ] --START--
INFO: Run Behavior\BuildLiteBehavior [ RunTime:0.000000s ]
INFO: [ app_init ] --END-- [ RunTime:0.000000s ]
ERR: 无法加载模块:Good_detail_files

[ 2016-08-09T09:49:31+08:00 ] ::1 /meizushangchengtpnew/index.php/good_detail_files/1467696220-57637.png
INFO: [ app_init ] --START--
INFO: Run Behavior\BuildLiteBehavior [ RunTime:0.000000s ]
INFO: [ app_init ] --END-- [ RunTime:0.001000s ]
ERR: 无法加载模块:Good_detail_files

[ 2016-08-09T09:49:31+08:00 ] ::1 /meizushangchengtpnew/index.php/good_detail_files/1467696197-95413.png
INFO: [ app_init ] --START--
INFO: Run Behavior\BuildLiteBehavior [ RunTime:0.000000s ]
INFO: [ app_init ] --END-- [ RunTime:0.003000s ]
ERR: 无法加载模块:Good_detail_files

[ 2016-08-09T09:49:31+08:00 ] ::1 /meizushangchengtpnew/index.php/good_detail_files/1467705893-97644.png
INFO: [ app_init ] --START--
INFO: Run Behavior\BuildLiteBehavior [ RunTime:0.000000s ]
INFO: [ app_init ] --END-- [ RunTime:0.001000s ]
ERR: 无法加载模块:Good_detail_files

[ 2016-08-09T09:49:31+08:00 ] ::1 /meizushangchengtpnew/index.php/good_detail_files/1467696166-40112.png
INFO: [ app_init ] --START--
INFO: Run Behavior\BuildLiteBehavior [ RunTime:0.001000s ]
INFO: [ app_init ] --END-- [ RunTime:0.002000s ]
ERR: 无法加载模块:Good_detail_files

[ 2016-08-09T09:49:31+08:00 ] ::1 /meizushangchengtpnew/index.php/good_detail_files/Cix_s1eN3IiASxVXAA9IpQ8-shg169_126x126.png
INFO: [ app_init ] --START--
INFO: Run Behavior\BuildLiteBehavior [ RunTime:0.000000s ]
INFO: [ app_init ] --END-- [ RunTime:0.002000s ]
ERR: 无法加载模块:Good_detail_files

[ 2016-08-09T09:49:31+08:00 ] ::1 /meizushangchengtpnew/index.php/good_detail_files/1467696242-24236.png
INFO: [ app_init ] --START--
INFO: Run Behavior\BuildLiteBehavior [ RunTime:0.001000s ]
INFO: [ app_init ] --END-- [ RunTime:0.003000s ]
ERR: 无法加载模块:Good_detail_files

[ 2016-08-09T09:49:31+08:00 ] ::1 /meizushangchengtpnew/index.php/good_detail_files/1450928272@126x126.png
INFO: [ app_init ] --START--
INFO: Run Behavior\BuildLiteBehavior [ RunTime:0.000000s ]
INFO: [ app_init ] --END-- [ RunTime:0.001000s ]
ERR: 无法加载模块:Good_detail_files

[ 2016-08-09T09:49:31+08:00 ] ::1 /meizushangchengtpnew/index.php/good_detail_files/weixin.png
INFO: [ app_init ] --START--
INFO: Run Behavior\BuildLiteBehavior [ RunTime:0.000000s ]
INFO: [ app_init ] --END-- [ RunTime:0.001000s ]
ERR: 无法加载模块:Good_detail_files

[ 2016-08-09T09:49:31+08:00 ] ::1 /meizushangchengtpnew/index.php/good_detail_files/1466996090@126x126.png
INFO: [ app_init ] --START--
INFO: Run Behavior\BuildLiteBehavior [ RunTime:0.001000s ]
INFO: [ app_init ] --END-- [ RunTime:0.001000s ]
ERR: 无法加载模块:Good_detail_files

[ 2016-08-09T09:50:50+08:00 ] ::1 /meizushangchengtpnew/index.php/good_detail_files/init-1x1.jpg
INFO: [ app_init ] --START--
INFO: Run Behavior\BuildLiteBehavior [ RunTime:0.000000s ]
INFO: [ app_init ] --END-- [ RunTime:0.000000s ]
ERR: 无法加载模块:Good_detail_files

[ 2016-08-09T09:50:50+08:00 ] ::1 /meizushangchengtpnew/index.php/good_detail_files/1467696220-57637.png
INFO: [ app_init ] --START--
INFO: Run Behavior\BuildLiteBehavior [ RunTime:0.000000s ]
INFO: [ app_init ] --END-- [ RunTime:0.000000s ]
ERR: 无法加载模块:Good_detail_files

[ 2016-08-09T09:50:50+08:00 ] ::1 /meizushangchengtpnew/index.php/good_detail_files/1467696197-95413.png
INFO: [ app_init ] --START--
INFO: Run Behavior\BuildLiteBehavior [ RunTime:0.001000s ]
INFO: [ app_init ] --END-- [ RunTime:0.004000s ]
ERR: 无法加载模块:Good_detail_files

[ 2016-08-09T09:50:50+08:00 ] ::1 /meizushangchengtpnew/index.php/good_detail_files/Cix_s1eN3IiASxVXAA9IpQ8-shg169_126x126.png
INFO: [ app_init ] --START--
INFO: Run Behavior\BuildLiteBehavior [ RunTime:0.000000s ]
INFO: [ app_init ] --END-- [ RunTime:0.001000s ]
ERR: 无法加载模块:Good_detail_files

[ 2016-08-09T09:50:50+08:00 ] ::1 /meizushangchengtpnew/index.php/good_detail_files/1467696242-24236.png
INFO: [ app_init ] --START--
INFO: Run Behavior\BuildLiteBehavior [ RunTime:0.000000s ]
INFO: [ app_init ] --END-- [ RunTime:0.001000s ]
ERR: 无法加载模块:Good_detail_files

[ 2016-08-09T09:50:50+08:00 ] ::1 /meizushangchengtpnew/index.php/good_detail_files/1467696166-40112.png
INFO: [ app_init ] --START--
INFO: Run Behavior\BuildLiteBehavior [ RunTime:0.000000s ]
INFO: [ app_init ] --END-- [ RunTime:0.002000s ]
ERR: 无法加载模块:Good_detail_files

[ 2016-08-09T09:50:50+08:00 ] ::1 /meizushangchengtpnew/index.php/good_detail_files/1467705893-97644.png
INFO: [ app_init ] --START--
INFO: Run Behavior\BuildLiteBehavior [ RunTime:0.000000s ]
INFO: [ app_init ] --END-- [ RunTime:0.005001s ]
ERR: 无法加载模块:Good_detail_files

[ 2016-08-09T09:50:50+08:00 ] ::1 /meizushangchengtpnew/index.php/good_detail_files/1450928272@126x126.png
INFO: [ app_init ] --START--
INFO: Run Behavior\BuildLiteBehavior [ RunTime:0.001000s ]
INFO: [ app_init ] --END-- [ RunTime:0.001000s ]
ERR: 无法加载模块:Good_detail_files

[ 2016-08-09T09:50:50+08:00 ] ::1 /meizushangchengtpnew/index.php/good_detail_files/1466996090@126x126.png
INFO: [ app_init ] --START--
INFO: Run Behavior\BuildLiteBehavior [ RunTime:0.000000s ]
INFO: [ app_init ] --END-- [ RunTime:0.001000s ]
ERR: 无法加载模块:Good_detail_files

[ 2016-08-09T09:50:50+08:00 ] ::1 /meizushangchengtpnew/index.php/good_detail_files/weixin.png
INFO: [ app_init ] --START--
INFO: Run Behavior\BuildLiteBehavior [ RunTime:0.000000s ]
INFO: [ app_init ] --END-- [ RunTime:0.001000s ]
ERR: 无法加载模块:Good_detail_files

[ 2016-08-09T09:57:53+08:00 ] ::1 /meizushangchengtpnew/index.php/good_detail_files/init-1x1.jpg
INFO: [ app_init ] --START--
INFO: Run Behavior\BuildLiteBehavior [ RunTime:0.000000s ]
INFO: [ app_init ] --END-- [ RunTime:0.000000s ]
ERR: 无法加载模块:Good_detail_files

[ 2016-08-09T09:57:53+08:00 ] ::1 /meizushangchengtpnew/index.php/good_detail_files/1467696220-57637.png
INFO: [ app_init ] --START--
INFO: Run Behavior\BuildLiteBehavior [ RunTime:0.001000s ]
INFO: [ app_init ] --END-- [ RunTime:0.003000s ]
ERR: 无法加载模块:Good_detail_files

[ 2016-08-09T09:57:53+08:00 ] ::1 /meizushangchengtpnew/index.php/good_detail_files/1467696242-24236.png
INFO: [ app_init ] --START--
INFO: Run Behavior\BuildLiteBehavior [ RunTime:0.000000s ]
INFO: [ app_init ] --END-- [ RunTime:0.001000s ]
ERR: 无法加载模块:Good_detail_files

[ 2016-08-09T09:57:53+08:00 ] ::1 /meizushangchengtpnew/index.php/good_detail_files/1467696197-95413.png
INFO: [ app_init ] --START--
INFO: Run Behavior\BuildLiteBehavior [ RunTime:0.000000s ]
INFO: [ app_init ] --END-- [ RunTime:0.001001s ]
ERR: 无法加载模块:Good_detail_files

[ 2016-08-09T09:57:53+08:00 ] ::1 /meizushangchengtpnew/index.php/good_detail_files/1467696166-40112.png
INFO: [ app_init ] --START--
INFO: Run Behavior\BuildLiteBehavior [ RunTime:0.001001s ]
INFO: [ app_init ] --END-- [ RunTime:0.002001s ]
ERR: 无法加载模块:Good_detail_files

[ 2016-08-09T09:57:53+08:00 ] ::1 /meizushangchengtpnew/index.php/good_detail_files/Cix_s1eN3IiASxVXAA9IpQ8-shg169_126x126.png
INFO: [ app_init ] --START--
INFO: Run Behavior\BuildLiteBehavior [ RunTime:0.000000s ]
INFO: [ app_init ] --END-- [ RunTime:0.001000s ]
ERR: 无法加载模块:Good_detail_files

[ 2016-08-09T09:57:53+08:00 ] ::1 /meizushangchengtpnew/index.php/good_detail_files/1450928272@126x126.png
INFO: [ app_init ] --START--
INFO: Run Behavior\BuildLiteBehavior [ RunTime:0.000000s ]
INFO: [ app_init ] --END-- [ RunTime:0.001000s ]
ERR: 无法加载模块:Good_detail_files

[ 2016-08-09T09:57:53+08:00 ] ::1 /meizushangchengtpnew/index.php/good_detail_files/1467705893-97644.png
INFO: [ app_init ] --START--
INFO: Run Behavior\BuildLiteBehavior [ RunTime:0.001000s ]
INFO: [ app_init ] --END-- [ RunTime:0.001000s ]
ERR: 无法加载模块:Good_detail_files

[ 2016-08-09T09:57:53+08:00 ] ::1 /meizushangchengtpnew/index.php/good_detail_files/1466996090@126x126.png
INFO: [ app_init ] --START--
INFO: Run Behavior\BuildLiteBehavior [ RunTime:0.000000s ]
INFO: [ app_init ] --END-- [ RunTime:0.001000s ]
ERR: 无法加载模块:Good_detail_files

[ 2016-08-09T09:57:53+08:00 ] ::1 /meizushangchengtpnew/index.php/good_detail_files/weixin.png
INFO: [ app_init ] --START--
INFO: Run Behavior\BuildLiteBehavior [ RunTime:0.000000s ]
INFO: [ app_init ] --END-- [ RunTime:0.001000s ]
ERR: 无法加载模块:Good_detail_files

[ 2016-08-09T09:59:01+08:00 ] ::1 /meizushangchengtpnew/index.php/good_detail_files/1467696197-95413.png
INFO: [ app_init ] --START--
INFO: Run Behavior\BuildLiteBehavior [ RunTime:0.000000s ]
INFO: [ app_init ] --END-- [ RunTime:0.001000s ]
ERR: 无法加载模块:Good_detail_files

[ 2016-08-09T09:59:01+08:00 ] ::1 /meizushangchengtpnew/index.php/good_detail_files/1467705893-97644.png
INFO: [ app_init ] --START--
INFO: Run Behavior\BuildLiteBehavior [ RunTime:0.000000s ]
INFO: [ app_init ] --END-- [ RunTime:0.001000s ]
ERR: 无法加载模块:Good_detail_files

[ 2016-08-09T09:59:01+08:00 ] ::1 /meizushangchengtpnew/index.php/good_detail_files/1467696220-57637.png
INFO: [ app_init ] --START--
INFO: Run Behavior\BuildLiteBehavior [ RunTime:0.000000s ]
INFO: [ app_init ] --END-- [ RunTime:0.011000s ]
ERR: 无法加载模块:Good_detail_files

[ 2016-08-09T09:59:01+08:00 ] ::1 /meizushangchengtpnew/index.php/good_detail_files/init-1x1.jpg
INFO: [ app_init ] --START--
INFO: Run Behavior\BuildLiteBehavior [ RunTime:0.000000s ]
INFO: [ app_init ] --END-- [ RunTime:0.001000s ]
ERR: 无法加载模块:Good_detail_files

[ 2016-08-09T09:59:01+08:00 ] ::1 /meizushangchengtpnew/index.php/good_detail_files/1467696242-24236.png
INFO: [ app_init ] --START--
INFO: Run Behavior\BuildLiteBehavior [ RunTime:0.000000s ]
INFO: [ app_init ] --END-- [ RunTime:0.001000s ]
ERR: 无法加载模块:Good_detail_files

[ 2016-08-09T09:59:01+08:00 ] ::1 /meizushangchengtpnew/index.php/good_detail_files/1467696166-40112.png
INFO: [ app_init ] --START--
INFO: Run Behavior\BuildLiteBehavior [ RunTime:0.000000s ]
INFO: [ app_init ] --END-- [ RunTime:0.001000s ]
ERR: 无法加载模块:Good_detail_files

[ 2016-08-09T09:59:01+08:00 ] ::1 /meizushangchengtpnew/index.php/good_detail_files/1466996090@126x126.png
INFO: [ app_init ] --START--
INFO: Run Behavior\BuildLiteBehavior [ RunTime:0.000000s ]
INFO: [ app_init ] --END-- [ RunTime:0.001000s ]
ERR: 无法加载模块:Good_detail_files

[ 2016-08-09T09:59:01+08:00 ] ::1 /meizushangchengtpnew/index.php/good_detail_files/weixin.png
INFO: [ app_init ] --START--
INFO: Run Behavior\BuildLiteBehavior [ RunTime:0.000000s ]
INFO: [ app_init ] --END-- [ RunTime:0.000000s ]
ERR: 无法加载模块:Good_detail_files

[ 2016-08-09T09:59:01+08:00 ] ::1 /meizushangchengtpnew/index.php/good_detail_files/Cix_s1eN3IiASxVXAA9IpQ8-shg169_126x126.png
INFO: [ app_init ] --START--
INFO: Run Behavior\BuildLiteBehavior [ RunTime:0.000000s ]
INFO: [ app_init ] --END-- [ RunTime:0.001000s ]
ERR: 无法加载模块:Good_detail_files

[ 2016-08-09T09:59:01+08:00 ] ::1 /meizushangchengtpnew/index.php/good_detail_files/1450928272@126x126.png
INFO: [ app_init ] --START--
INFO: Run Behavior\BuildLiteBehavior [ RunTime:0.000000s ]
INFO: [ app_init ] --END-- [ RunTime:0.001000s ]
ERR: 无法加载模块:Good_detail_files

[ 2016-08-09T10:04:01+08:00 ] ::1 /meizushangchengtpnew/index.php/good_detail_files/init-1x1.jpg
INFO: [ app_init ] --START--
INFO: Run Behavior\BuildLiteBehavior [ RunTime:0.000000s ]
INFO: [ app_init ] --END-- [ RunTime:0.001000s ]
ERR: 无法加载模块:Good_detail_files

[ 2016-08-09T10:04:01+08:00 ] ::1 /meizushangchengtpnew/index.php/good_detail_files/1467696220-57637.png
INFO: [ app_init ] --START--
INFO: Run Behavior\BuildLiteBehavior [ RunTime:0.001000s ]
INFO: [ app_init ] --END-- [ RunTime:0.001000s ]
ERR: 无法加载模块:Good_detail_files

[ 2016-08-09T10:04:01+08:00 ] ::1 /meizushangchengtpnew/index.php/good_detail_files/1467696197-95413.png
INFO: [ app_init ] --START--
INFO: Run Behavior\BuildLiteBehavior [ RunTime:0.000000s ]
INFO: [ app_init ] --END-- [ RunTime:0.003000s ]
ERR: 无法加载模块:Good_detail_files

[ 2016-08-09T10:04:01+08:00 ] ::1 /meizushangchengtpnew/index.php/good_detail_files/1467705893-97644.png
INFO: [ app_init ] --START--
INFO: Run Behavior\BuildLiteBehavior [ RunTime:0.000000s ]
INFO: [ app_init ] --END-- [ RunTime:0.001000s ]
ERR: 无法加载模块:Good_detail_files

[ 2016-08-09T10:04:01+08:00 ] ::1 /meizushangchengtpnew/index.php/good_detail_files/1467696166-40112.png
INFO: [ app_init ] --START--
INFO: Run Behavior\BuildLiteBehavior [ RunTime:0.000000s ]
INFO: [ app_init ] --END-- [ RunTime:0.002001s ]
ERR: 无法加载模块:Good_detail_files

[ 2016-08-09T10:04:01+08:00 ] ::1 /meizushangchengtpnew/index.php/good_detail_files/1467696242-24236.png
INFO: [ app_init ] --START--
INFO: Run Behavior\BuildLiteBehavior [ RunTime:0.000000s ]
INFO: [ app_init ] --END-- [ RunTime:0.001000s ]
ERR: 无法加载模块:Good_detail_files

[ 2016-08-09T10:04:01+08:00 ] ::1 /meizushangchengtpnew/index.php/good_detail_files/Cix_s1eN3IiASxVXAA9IpQ8-shg169_126x126.png
INFO: [ app_init ] --START--
INFO: Run Behavior\BuildLiteBehavior [ RunTime:0.000000s ]
INFO: [ app_init ] --END-- [ RunTime:0.002000s ]
ERR: 无法加载模块:Good_detail_files

[ 2016-08-09T10:04:01+08:00 ] ::1 /meizushangchengtpnew/index.php/good_detail_files/weixin.png
INFO: [ app_init ] --START--
INFO: Run Behavior\BuildLiteBehavior [ RunTime:0.000000s ]
INFO: [ app_init ] --END-- [ RunTime:0.000000s ]
ERR: 无法加载模块:Good_detail_files

[ 2016-08-09T10:04:01+08:00 ] ::1 /meizushangchengtpnew/index.php/good_detail_files/1466996090@126x126.png
INFO: [ app_init ] --START--
INFO: Run Behavior\BuildLiteBehavior [ RunTime:0.000000s ]
INFO: [ app_init ] --END-- [ RunTime:0.001000s ]
ERR: 无法加载模块:Good_detail_files

[ 2016-08-09T10:04:01+08:00 ] ::1 /meizushangchengtpnew/index.php/good_detail_files/1450928272@126x126.png
INFO: [ app_init ] --START--
INFO: Run Behavior\BuildLiteBehavior [ RunTime:0.000000s ]
INFO: [ app_init ] --END-- [ RunTime:0.002001s ]
ERR: 无法加载模块:Good_detail_files

[ 2016-08-09T10:06:54+08:00 ] ::1 /meizushangchengtpnew/index.php/good_detail_files/1467696166-40112.png
INFO: [ app_init ] --START--
INFO: Run Behavior\BuildLiteBehavior [ RunTime:0.000000s ]
INFO: [ app_init ] --END-- [ RunTime:0.000000s ]
ERR: 无法加载模块:Good_detail_files

[ 2016-08-09T10:06:54+08:00 ] ::1 /meizushangchengtpnew/index.php/good_detail_files/init-1x1.jpg
INFO: [ app_init ] --START--
INFO: Run Behavior\BuildLiteBehavior [ RunTime:0.000000s ]
INFO: [ app_init ] --END-- [ RunTime:0.002000s ]
ERR: 无法加载模块:Good_detail_files

[ 2016-08-09T10:06:54+08:00 ] ::1 /meizushangchengtpnew/index.php/good_detail_files/1467696242-24236.png
INFO: [ app_init ] --START--
INFO: Run Behavior\BuildLiteBehavior [ RunTime:0.000000s ]
INFO: [ app_init ] --END-- [ RunTime:0.001000s ]
ERR: 无法加载模块:Good_detail_files

[ 2016-08-09T10:06:54+08:00 ] ::1 /meizushangchengtpnew/index.php/good_detail_files/1467705893-97644.png
INFO: [ app_init ] --START--
INFO: Run Behavior\BuildLiteBehavior [ RunTime:0.000000s ]
INFO: [ app_init ] --END-- [ RunTime:0.002000s ]
ERR: 无法加载模块:Good_detail_files

[ 2016-08-09T10:06:54+08:00 ] ::1 /meizushangchengtpnew/index.php/good_detail_files/1467696197-95413.png
INFO: [ app_init ] --START--
INFO: Run Behavior\BuildLiteBehavior [ RunTime:0.000000s ]
INFO: [ app_init ] --END-- [ RunTime:0.002000s ]
ERR: 无法加载模块:Good_detail_files

[ 2016-08-09T10:06:54+08:00 ] ::1 /meizushangchengtpnew/index.php/good_detail_files/1467696220-57637.png
INFO: [ app_init ] --START--
INFO: Run Behavior\BuildLiteBehavior [ RunTime:0.000000s ]
INFO: [ app_init ] --END-- [ RunTime:0.001000s ]
ERR: 无法加载模块:Good_detail_files

[ 2016-08-09T10:06:54+08:00 ] ::1 /meizushangchengtpnew/index.php/good_detail_files/Cix_s1eN3IiASxVXAA9IpQ8-shg169_126x126.png
INFO: [ app_init ] --START--
INFO: Run Behavior\BuildLiteBehavior [ RunTime:0.000000s ]
INFO: [ app_init ] --END-- [ RunTime:0.001000s ]
ERR: 无法加载模块:Good_detail_files

[ 2016-08-09T10:06:54+08:00 ] ::1 /meizushangchengtpnew/index.php/good_detail_files/1450928272@126x126.png
INFO: [ app_init ] --START--
INFO: Run Behavior\BuildLiteBehavior [ RunTime:0.000000s ]
INFO: [ app_init ] --END-- [ RunTime:0.001000s ]
ERR: 无法加载模块:Good_detail_files

[ 2016-08-09T10:06:54+08:00 ] ::1 /meizushangchengtpnew/index.php/good_detail_files/1466996090@126x126.png
INFO: [ app_init ] --START--
INFO: Run Behavior\BuildLiteBehavior [ RunTime:0.000000s ]
INFO: [ app_init ] --END-- [ RunTime:0.001000s ]
ERR: 无法加载模块:Good_detail_files

[ 2016-08-09T10:06:54+08:00 ] ::1 /meizushangchengtpnew/index.php/good_detail_files/weixin.png
INFO: [ app_init ] --START--
INFO: Run Behavior\BuildLiteBehavior [ RunTime:0.000000s ]
INFO: [ app_init ] --END-- [ RunTime:0.001000s ]
ERR: 无法加载模块:Good_detail_files

[ 2016-08-09T10:08:45+08:00 ] ::1 /meizushangchengtpnew/index.php/good_detail_files/init-1x1.jpg
INFO: [ app_init ] --START--
INFO: Run Behavior\BuildLiteBehavior [ RunTime:0.000000s ]
INFO: [ app_init ] --END-- [ RunTime:0.000000s ]
ERR: 无法加载模块:Good_detail_files

[ 2016-08-09T10:08:45+08:00 ] ::1 /meizushangchengtpnew/index.php/good_detail_files/1467696166-40112.png
INFO: [ app_init ] --START--
INFO: Run Behavior\BuildLiteBehavior [ RunTime:0.000000s ]
INFO: [ app_init ] --END-- [ RunTime:0.001000s ]
ERR: 无法加载模块:Good_detail_files

[ 2016-08-09T10:08:45+08:00 ] ::1 /meizushangchengtpnew/index.php/good_detail_files/1467696220-57637.png
INFO: [ app_init ] --START--
INFO: Run Behavior\BuildLiteBehavior [ RunTime:0.000000s ]
INFO: [ app_init ] --END-- [ RunTime:0.003000s ]
ERR: 无法加载模块:Good_detail_files

[ 2016-08-09T10:08:45+08:00 ] ::1 /meizushangchengtpnew/index.php/good_detail_files/1467696197-95413.png
INFO: [ app_init ] --START--
INFO: Run Behavior\BuildLiteBehavior [ RunTime:0.000000s ]
INFO: [ app_init ] --END-- [ RunTime:0.000000s ]
ERR: 无法加载模块:Good_detail_files

[ 2016-08-09T10:08:45+08:00 ] ::1 /meizushangchengtpnew/index.php/good_detail_files/1467696242-24236.png
INFO: [ app_init ] --START--
INFO: Run Behavior\BuildLiteBehavior [ RunTime:0.000000s ]
INFO: [ app_init ] --END-- [ RunTime:0.001000s ]
ERR: 无法加载模块:Good_detail_files

[ 2016-08-09T10:08:45+08:00 ] ::1 /meizushangchengtpnew/index.php/good_detail_files/Cix_s1eN3IiASxVXAA9IpQ8-shg169_126x126.png
INFO: [ app_init ] --START--
INFO: Run Behavior\BuildLiteBehavior [ RunTime:0.000000s ]
INFO: [ app_init ] --END-- [ RunTime:0.000000s ]
ERR: 无法加载模块:Good_detail_files

[ 2016-08-09T10:08:45+08:00 ] ::1 /meizushangchengtpnew/index.php/good_detail_files/1450928272@126x126.png
INFO: [ app_init ] --START--
INFO: Run Behavior\BuildLiteBehavior [ RunTime:0.003000s ]
INFO: [ app_init ] --END-- [ RunTime:0.009000s ]
ERR: 无法加载模块:Good_detail_files

[ 2016-08-09T10:08:45+08:00 ] ::1 /meizushangchengtpnew/index.php/good_detail_files/weixin.png
INFO: [ app_init ] --START--
INFO: Run Behavior\BuildLiteBehavior [ RunTime:0.001000s ]
INFO: [ app_init ] --END-- [ RunTime:0.009001s ]
ERR: 无法加载模块:Good_detail_files

[ 2016-08-09T10:08:45+08:00 ] ::1 /meizushangchengtpnew/index.php/good_detail_files/1466996090@126x126.png
INFO: [ app_init ] --START--
INFO: Run Behavior\BuildLiteBehavior [ RunTime:0.000000s ]
INFO: [ app_init ] --END-- [ RunTime:0.001000s ]
ERR: 无法加载模块:Good_detail_files

[ 2016-08-09T10:08:45+08:00 ] ::1 /meizushangchengtpnew/index.php/good_detail_files/1467705893-97644.png
INFO: [ app_init ] --START--
INFO: Run Behavior\BuildLiteBehavior [ RunTime:0.000000s ]
INFO: [ app_init ] --END-- [ RunTime:0.001000s ]
ERR: 无法加载模块:Good_detail_files

[ 2016-08-09T10:09:14+08:00 ] ::1 /meizushangchengtpnew/index.php/good_detail_files/init-1x1.jpg
INFO: [ app_init ] --START--
INFO: Run Behavior\BuildLiteBehavior [ RunTime:0.000000s ]
INFO: [ app_init ] --END-- [ RunTime:0.001000s ]
ERR: 无法加载模块:Good_detail_files

[ 2016-08-09T10:09:14+08:00 ] ::1 /meizushangchengtpnew/index.php/good_detail_files/1467696197-95413.png
INFO: [ app_init ] --START--
INFO: Run Behavior\BuildLiteBehavior [ RunTime:0.000000s ]
INFO: [ app_init ] --END-- [ RunTime:0.002000s ]
ERR: 无法加载模块:Good_detail_files

[ 2016-08-09T10:09:14+08:00 ] ::1 /meizushangchengtpnew/index.php/good_detail_files/1467696220-57637.png
INFO: [ app_init ] --START--
INFO: Run Behavior\BuildLiteBehavior [ RunTime:0.000000s ]
INFO: [ app_init ] --END-- [ RunTime:0.001000s ]
ERR: 无法加载模块:Good_detail_files

[ 2016-08-09T10:09:14+08:00 ] ::1 /meizushangchengtpnew/index.php/good_detail_files/1467696242-24236.png
INFO: [ app_init ] --START--
INFO: Run Behavior\BuildLiteBehavior [ RunTime:0.000000s ]
INFO: [ app_init ] --END-- [ RunTime:0.001000s ]
ERR: 无法加载模块:Good_detail_files

[ 2016-08-09T10:09:14+08:00 ] ::1 /meizushangchengtpnew/index.php/good_detail_files/1467705893-97644.png
INFO: [ app_init ] --START--
INFO: Run Behavior\BuildLiteBehavior [ RunTime:0.000000s ]
INFO: [ app_init ] --END-- [ RunTime:0.001000s ]
ERR: 无法加载模块:Good_detail_files

[ 2016-08-09T10:09:14+08:00 ] ::1 /meizushangchengtpnew/index.php/good_detail_files/Cix_s1eN3IiASxVXAA9IpQ8-shg169_126x126.png
INFO: [ app_init ] --START--
INFO: Run Behavior\BuildLiteBehavior [ RunTime:0.000000s ]
INFO: [ app_init ] --END-- [ RunTime:0.001000s ]
ERR: 无法加载模块:Good_detail_files

[ 2016-08-09T10:09:14+08:00 ] ::1 /meizushangchengtpnew/index.php/good_detail_files/1467696166-40112.png
INFO: [ app_init ] --START--
INFO: Run Behavior\BuildLiteBehavior [ RunTime:0.000000s ]
INFO: [ app_init ] --END-- [ RunTime:0.005000s ]
ERR: 无法加载模块:Good_detail_files

[ 2016-08-09T10:09:14+08:00 ] ::1 /meizushangchengtpnew/index.php/good_detail_files/1466996090@126x126.png
INFO: [ app_init ] --START--
INFO: Run Behavior\BuildLiteBehavior [ RunTime:0.000000s ]
INFO: [ app_init ] --END-- [ RunTime:0.002000s ]
ERR: 无法加载模块:Good_detail_files

[ 2016-08-09T10:09:14+08:00 ] ::1 /meizushangchengtpnew/index.php/good_detail_files/weixin.png
INFO: [ app_init ] --START--
INFO: Run Behavior\BuildLiteBehavior [ RunTime:0.000000s ]
INFO: [ app_init ] --END-- [ RunTime:0.001000s ]
ERR: 无法加载模块:Good_detail_files

[ 2016-08-09T10:09:14+08:00 ] ::1 /meizushangchengtpnew/index.php/good_detail_files/1450928272@126x126.png
INFO: [ app_init ] --START--
INFO: Run Behavior\BuildLiteBehavior [ RunTime:0.000000s ]
INFO: [ app_init ] --END-- [ RunTime:0.001000s ]
ERR: 无法加载模块:Good_detail_files

[ 2016-08-09T10:10:19+08:00 ] ::1 /meizushangchengtpnew/index.php/good_detail_files/init-1x1.jpg
INFO: [ app_init ] --START--
INFO: Run Behavior\BuildLiteBehavior [ RunTime:0.000000s ]
INFO: [ app_init ] --END-- [ RunTime:0.000000s ]
ERR: 无法加载模块:Good_detail_files

[ 2016-08-09T10:10:19+08:00 ] ::1 /meizushangchengtpnew/index.php/good_detail_files/1467696166-40112.png
INFO: [ app_init ] --START--
INFO: Run Behavior\BuildLiteBehavior [ RunTime:0.000000s ]
INFO: [ app_init ] --END-- [ RunTime:0.001000s ]
ERR: 无法加载模块:Good_detail_files

[ 2016-08-09T10:10:19+08:00 ] ::1 /meizushangchengtpnew/index.php/good_detail_files/1467696197-95413.png
INFO: [ app_init ] --START--
INFO: Run Behavior\BuildLiteBehavior [ RunTime:0.000000s ]
INFO: [ app_init ] --END-- [ RunTime:0.006000s ]
ERR: 无法加载模块:Good_detail_files

[ 2016-08-09T10:10:19+08:00 ] ::1 /meizushangchengtpnew/index.php/good_detail_files/1467696242-24236.png
INFO: [ app_init ] --START--
INFO: Run Behavior\BuildLiteBehavior [ RunTime:0.000000s ]
INFO: [ app_init ] --END-- [ RunTime:0.000000s ]
ERR: 无法加载模块:Good_detail_files

[ 2016-08-09T10:10:19+08:00 ] ::1 /meizushangchengtpnew/index.php/good_detail_files/1467705893-97644.png
INFO: [ app_init ] --START--
INFO: Run Behavior\BuildLiteBehavior [ RunTime:0.000000s ]
INFO: [ app_init ] --END-- [ RunTime:0.007000s ]
ERR: 无法加载模块:Good_detail_files

[ 2016-08-09T10:10:19+08:00 ] ::1 /meizushangchengtpnew/index.php/good_detail_files/1467696220-57637.png
INFO: [ app_init ] --START--
INFO: Run Behavior\BuildLiteBehavior [ RunTime:0.001000s ]
INFO: [ app_init ] --END-- [ RunTime:0.003000s ]
ERR: 无法加载模块:Good_detail_files

[ 2016-08-09T10:10:19+08:00 ] ::1 /meizushangchengtpnew/index.php/good_detail_files/Cix_s1eN3IiASxVXAA9IpQ8-shg169_126x126.png
INFO: [ app_init ] --START--
INFO: Run Behavior\BuildLiteBehavior [ RunTime:0.000000s ]
INFO: [ app_init ] --END-- [ RunTime:0.000000s ]
ERR: 无法加载模块:Good_detail_files

[ 2016-08-09T10:10:19+08:00 ] ::1 /meizushangchengtpnew/index.php/good_detail_files/1450928272@126x126.png
INFO: [ app_init ] --START--
INFO: Run Behavior\BuildLiteBehavior [ RunTime:0.000000s ]
INFO: [ app_init ] --END-- [ RunTime:0.001000s ]
ERR: 无法加载模块:Good_detail_files

[ 2016-08-09T10:10:19+08:00 ] ::1 /meizushangchengtpnew/index.php/good_detail_files/1466996090@126x126.png
INFO: [ app_init ] --START--
INFO: Run Behavior\BuildLiteBehavior [ RunTime:0.000000s ]
INFO: [ app_init ] --END-- [ RunTime:0.001000s ]
ERR: 无法加载模块:Good_detail_files

[ 2016-08-09T10:10:19+08:00 ] ::1 /meizushangchengtpnew/index.php/good_detail_files/weixin.png
INFO: [ app_init ] --START--
INFO: Run Behavior\BuildLiteBehavior [ RunTime:0.000000s ]
INFO: [ app_init ] --END-- [ RunTime:0.001000s ]
ERR: 无法加载模块:Good_detail_files

[ 2016-08-09T10:10:49+08:00 ] ::1 /meizushangchengtpnew/index.php/good_detail_files/init-1x1.jpg
INFO: [ app_init ] --START--
INFO: Run Behavior\BuildLiteBehavior [ RunTime:0.000000s ]
INFO: [ app_init ] --END-- [ RunTime:0.001000s ]
ERR: 无法加载模块:Good_detail_files

[ 2016-08-09T10:10:49+08:00 ] ::1 /meizushangchengtpnew/index.php/good_detail_files/1467696242-24236.png
INFO: [ app_init ] --START--
INFO: Run Behavior\BuildLiteBehavior [ RunTime:0.000000s ]
INFO: [ app_init ] --END-- [ RunTime:0.000000s ]
ERR: 无法加载模块:Good_detail_files

[ 2016-08-09T10:10:49+08:00 ] ::1 /meizushangchengtpnew/index.php/good_detail_files/1467696166-40112.png
INFO: [ app_init ] --START--
INFO: Run Behavior\BuildLiteBehavior [ RunTime:0.000000s ]
INFO: [ app_init ] --END-- [ RunTime:0.001000s ]
ERR: 无法加载模块:Good_detail_files

[ 2016-08-09T10:10:49+08:00 ] ::1 /meizushangchengtpnew/index.php/good_detail_files/1467696220-57637.png
INFO: [ app_init ] --START--
INFO: Run Behavior\BuildLiteBehavior [ RunTime:0.001000s ]
INFO: [ app_init ] --END-- [ RunTime:0.003000s ]
ERR: 无法加载模块:Good_detail_files

[ 2016-08-09T10:10:49+08:00 ] ::1 /meizushangchengtpnew/index.php/good_detail_files/1467705893-97644.png
INFO: [ app_init ] --START--
INFO: Run Behavior\BuildLiteBehavior [ RunTime:0.000000s ]
INFO: [ app_init ] --END-- [ RunTime:0.001000s ]
ERR: 无法加载模块:Good_detail_files

[ 2016-08-09T10:10:49+08:00 ] ::1 /meizushangchengtpnew/index.php/good_detail_files/Cix_s1eN3IiASxVXAA9IpQ8-shg169_126x126.png
INFO: [ app_init ] --START--
INFO: Run Behavior\BuildLiteBehavior [ RunTime:0.000000s ]
INFO: [ app_init ] --END-- [ RunTime:0.003000s ]
ERR: 无法加载模块:Good_detail_files

[ 2016-08-09T10:10:49+08:00 ] ::1 /meizushangchengtpnew/index.php/good_detail_files/weixin.png
INFO: [ app_init ] --START--
INFO: Run Behavior\BuildLiteBehavior [ RunTime:0.000000s ]
INFO: [ app_init ] --END-- [ RunTime:0.001000s ]
ERR: 无法加载模块:Good_detail_files

[ 2016-08-09T10:10:49+08:00 ] ::1 /meizushangchengtpnew/index.php/good_detail_files/1466996090@126x126.png
INFO: [ app_init ] --START--
INFO: Run Behavior\BuildLiteBehavior [ RunTime:0.000000s ]
INFO: [ app_init ] --END-- [ RunTime:0.002000s ]
ERR: 无法加载模块:Good_detail_files

[ 2016-08-09T10:10:49+08:00 ] ::1 /meizushangchengtpnew/index.php/good_detail_files/1450928272@126x126.png
INFO: [ app_init ] --START--
INFO: Run Behavior\BuildLiteBehavior [ RunTime:0.000000s ]
INFO: [ app_init ] --END-- [ RunTime:0.004001s ]
ERR: 无法加载模块:Good_detail_files

[ 2016-08-09T10:10:49+08:00 ] ::1 /meizushangchengtpnew/index.php/good_detail_files/1467696197-95413.png
INFO: [ app_init ] --START--
INFO: Run Behavior\BuildLiteBehavior [ RunTime:0.000000s ]
INFO: [ app_init ] --END-- [ RunTime:0.002000s ]
ERR: 无法加载模块:Good_detail_files

[ 2016-08-09T10:11:26+08:00 ] ::1 /meizushangchengtpnew/index.php/good_detail_files/1467696220-57637.png
INFO: [ app_init ] --START--
INFO: Run Behavior\BuildLiteBehavior [ RunTime:0.000000s ]
INFO: [ app_init ] --END-- [ RunTime:0.001000s ]
ERR: 无法加载模块:Good_detail_files

[ 2016-08-09T10:11:26+08:00 ] ::1 /meizushangchengtpnew/index.php/good_detail_files/init-1x1.jpg
INFO: [ app_init ] --START--
INFO: Run Behavior\BuildLiteBehavior [ RunTime:0.000000s ]
INFO: [ app_init ] --END-- [ RunTime:0.001000s ]
ERR: 无法加载模块:Good_detail_files

[ 2016-08-09T10:11:26+08:00 ] ::1 /meizushangchengtpnew/index.php/good_detail_files/1467696242-24236.png
INFO: [ app_init ] --START--
INFO: Run Behavior\BuildLiteBehavior [ RunTime:0.000000s ]
INFO: [ app_init ] --END-- [ RunTime:0.001000s ]
ERR: 无法加载模块:Good_detail_files

[ 2016-08-09T10:11:26+08:00 ] ::1 /meizushangchengtpnew/index.php/good_detail_files/1467696197-95413.png
INFO: [ app_init ] --START--
INFO: Run Behavior\BuildLiteBehavior [ RunTime:0.000000s ]
INFO: [ app_init ] --END-- [ RunTime:0.002000s ]
ERR: 无法加载模块:Good_detail_files

[ 2016-08-09T10:11:26+08:00 ] ::1 /meizushangchengtpnew/index.php/good_detail_files/1467696166-40112.png
INFO: [ app_init ] --START--
INFO: Run Behavior\BuildLiteBehavior [ RunTime:0.000000s ]
INFO: [ app_init ] --END-- [ RunTime:0.001000s ]
ERR: 无法加载模块:Good_detail_files

[ 2016-08-09T10:11:26+08:00 ] ::1 /meizushangchengtpnew/index.php/good_detail_files/1467705893-97644.png
INFO: [ app_init ] --START--
INFO: Run Behavior\BuildLiteBehavior [ RunTime:0.000000s ]
INFO: [ app_init ] --END-- [ RunTime:0.001000s ]
ERR: 无法加载模块:Good_detail_files

[ 2016-08-09T10:11:26+08:00 ] ::1 /meizushangchengtpnew/index.php/good_detail_files/weixin.png
INFO: [ app_init ] --START--
INFO: Run Behavior\BuildLiteBehavior [ RunTime:0.000000s ]
INFO: [ app_init ] --END-- [ RunTime:0.001000s ]
ERR: 无法加载模块:Good_detail_files

[ 2016-08-09T10:11:26+08:00 ] ::1 /meizushangchengtpnew/index.php/good_detail_files/1466996090@126x126.png
INFO: [ app_init ] --START--
INFO: Run Behavior\BuildLiteBehavior [ RunTime:0.000000s ]
INFO: [ app_init ] --END-- [ RunTime:0.001001s ]
ERR: 无法加载模块:Good_detail_files

[ 2016-08-09T10:11:26+08:00 ] ::1 /meizushangchengtpnew/index.php/good_detail_files/Cix_s1eN3IiASxVXAA9IpQ8-shg169_126x126.png
INFO: [ app_init ] --START--
INFO: Run Behavior\BuildLiteBehavior [ RunTime:0.000000s ]
INFO: [ app_init ] --END-- [ RunTime:0.002001s ]
ERR: 无法加载模块:Good_detail_files

[ 2016-08-09T10:11:26+08:00 ] ::1 /meizushangchengtpnew/index.php/good_detail_files/1450928272@126x126.png
INFO: [ app_init ] --START--
INFO: Run Behavior\BuildLiteBehavior [ RunTime:0.000000s ]
INFO: [ app_init ] --END-- [ RunTime:0.001000s ]
ERR: 无法加载模块:Good_detail_files

[ 2016-08-09T10:11:42+08:00 ] ::1 /meizushangchengtpnew/index.php/good_detail_files/init-1x1.jpg
INFO: [ app_init ] --START--
INFO: Run Behavior\BuildLiteBehavior [ RunTime:0.000000s ]
INFO: [ app_init ] --END-- [ RunTime:0.000000s ]
ERR: 无法加载模块:Good_detail_files

[ 2016-08-09T10:11:42+08:00 ] ::1 /meizushangchengtpnew/index.php/good_detail_files/1467696166-40112.png
INFO: [ app_init ] --START--
INFO: Run Behavior\BuildLiteBehavior [ RunTime:0.000000s ]
INFO: [ app_init ] --END-- [ RunTime:0.001000s ]
ERR: 无法加载模块:Good_detail_files

[ 2016-08-09T10:11:42+08:00 ] ::1 /meizushangchengtpnew/index.php/good_detail_files/1467696197-95413.png
INFO: [ app_init ] --START--
INFO: Run Behavior\BuildLiteBehavior [ RunTime:0.000000s ]
INFO: [ app_init ] --END-- [ RunTime:0.003000s ]
ERR: 无法加载模块:Good_detail_files

[ 2016-08-09T10:11:42+08:00 ] ::1 /meizushangchengtpnew/index.php/good_detail_files/1467696242-24236.png
INFO: [ app_init ] --START--
INFO: Run Behavior\BuildLiteBehavior [ RunTime:0.000000s ]
INFO: [ app_init ] --END-- [ RunTime:0.000000s ]
ERR: 无法加载模块:Good_detail_files

[ 2016-08-09T10:11:42+08:00 ] ::1 /meizushangchengtpnew/index.php/good_detail_files/Cix_s1eN3IiASxVXAA9IpQ8-shg169_126x126.png
INFO: [ app_init ] --START--
INFO: Run Behavior\BuildLiteBehavior [ RunTime:0.000000s ]
INFO: [ app_init ] --END-- [ RunTime:0.001000s ]
ERR: 无法加载模块:Good_detail_files

[ 2016-08-09T10:11:42+08:00 ] ::1 /meizushangchengtpnew/index.php/good_detail_files/1450928272@126x126.png
INFO: [ app_init ] --START--
INFO: Run Behavior\BuildLiteBehavior [ RunTime:0.000000s ]
INFO: [ app_init ] --END-- [ RunTime:0.001000s ]
ERR: 无法加载模块:Good_detail_files

[ 2016-08-09T10:11:42+08:00 ] ::1 /meizushangchengtpnew/index.php/good_detail_files/weixin.png
INFO: [ app_init ] --START--
INFO: Run Behavior\BuildLiteBehavior [ RunTime:0.000000s ]
INFO: [ app_init ] --END-- [ RunTime:0.001000s ]
ERR: 无法加载模块:Good_detail_files

[ 2016-08-09T10:11:42+08:00 ] ::1 /meizushangchengtpnew/index.php/good_detail_files/1467705893-97644.png
INFO: [ app_init ] --START--
INFO: Run Behavior\BuildLiteBehavior [ RunTime:0.000000s ]
INFO: [ app_init ] --END-- [ RunTime:0.015001s ]
ERR: 无法加载模块:Good_detail_files

[ 2016-08-09T10:11:42+08:00 ] ::1 /meizushangchengtpnew/index.php/good_detail_files/1466996090@126x126.png
INFO: [ app_init ] --START--
INFO: Run Behavior\BuildLiteBehavior [ RunTime:0.001000s ]
INFO: [ app_init ] --END-- [ RunTime:0.002000s ]
ERR: 无法加载模块:Good_detail_files

[ 2016-08-09T10:11:42+08:00 ] ::1 /meizushangchengtpnew/index.php/good_detail_files/1467696220-57637.png
INFO: [ app_init ] --START--
INFO: Run Behavior\BuildLiteBehavior [ RunTime:0.000000s ]
INFO: [ app_init ] --END-- [ RunTime:0.007000s ]
ERR: 无法加载模块:Good_detail_files

[ 2016-08-09T10:12:19+08:00 ] ::1 /meizushangchengtpnew/index.php/good_detail_files/1467696166-40112.png
INFO: [ app_init ] --START--
INFO: Run Behavior\BuildLiteBehavior [ RunTime:0.000000s ]
INFO: [ app_init ] --END-- [ RunTime:0.001000s ]
ERR: 无法加载模块:Good_detail_files

[ 2016-08-09T10:12:19+08:00 ] ::1 /meizushangchengtpnew/index.php/good_detail_files/1467696197-95413.png
INFO: [ app_init ] --START--
INFO: Run Behavior\BuildLiteBehavior [ RunTime:0.000000s ]
INFO: [ app_init ] --END-- [ RunTime:0.001000s ]
ERR: 无法加载模块:Good_detail_files

[ 2016-08-09T10:12:19+08:00 ] ::1 /meizushangchengtpnew/index.php/good_detail_files/init-1x1.jpg
INFO: [ app_init ] --START--
INFO: Run Behavior\BuildLiteBehavior [ RunTime:0.000000s ]
INFO: [ app_init ] --END-- [ RunTime:0.000000s ]
ERR: 无法加载模块:Good_detail_files

[ 2016-08-09T10:12:19+08:00 ] ::1 /meizushangchengtpnew/index.php/good_detail_files/1467696220-57637.png
INFO: [ app_init ] --START--
INFO: Run Behavior\BuildLiteBehavior [ RunTime:0.000000s ]
INFO: [ app_init ] --END-- [ RunTime:0.001000s ]
ERR: 无法加载模块:Good_detail_files

[ 2016-08-09T10:12:19+08:00 ] ::1 /meizushangchengtpnew/index.php/good_detail_files/1467696242-24236.png
INFO: [ app_init ] --START--
INFO: Run Behavior\BuildLiteBehavior [ RunTime:0.000000s ]
INFO: [ app_init ] --END-- [ RunTime:0.001000s ]
ERR: 无法加载模块:Good_detail_files

[ 2016-08-09T10:12:19+08:00 ] ::1 /meizushangchengtpnew/index.php/good_detail_files/1466996090@126x126.png
INFO: [ app_init ] --START--
INFO: Run Behavior\BuildLiteBehavior [ RunTime:0.000000s ]
INFO: [ app_init ] --END-- [ RunTime:0.001000s ]
ERR: 无法加载模块:Good_detail_files

[ 2016-08-09T10:12:19+08:00 ] ::1 /meizushangchengtpnew/index.php/good_detail_files/1450928272@126x126.png
INFO: [ app_init ] --START--
INFO: Run Behavior\BuildLiteBehavior [ RunTime:0.000000s ]
INFO: [ app_init ] --END-- [ RunTime:0.001000s ]
ERR: 无法加载模块:Good_detail_files

[ 2016-08-09T10:12:19+08:00 ] ::1 /meizushangchengtpnew/index.php/good_detail_files/Cix_s1eN3IiASxVXAA9IpQ8-shg169_126x126.png
INFO: [ app_init ] --START--
INFO: Run Behavior\BuildLiteBehavior [ RunTime:0.000000s ]
INFO: [ app_init ] --END-- [ RunTime:0.001000s ]
ERR: 无法加载模块:Good_detail_files

[ 2016-08-09T10:12:19+08:00 ] ::1 /meizushangchengtpnew/index.php/good_detail_files/1467705893-97644.png
INFO: [ app_init ] --START--
INFO: Run Behavior\BuildLiteBehavior [ RunTime:0.001000s ]
INFO: [ app_init ] --END-- [ RunTime:0.001000s ]
ERR: 无法加载模块:Good_detail_files

[ 2016-08-09T10:12:19+08:00 ] ::1 /meizushangchengtpnew/index.php/good_detail_files/weixin.png
INFO: [ app_init ] --START--
INFO: Run Behavior\BuildLiteBehavior [ RunTime:0.000000s ]
INFO: [ app_init ] --END-- [ RunTime:0.001000s ]
ERR: 无法加载模块:Good_detail_files

[ 2016-08-09T10:14:14+08:00 ] ::1 /meizushangchengtpnew/index.php/good_detail_files/1467705893-97644.png
INFO: [ app_init ] --START--
INFO: Run Behavior\BuildLiteBehavior [ RunTime:0.000000s ]
INFO: [ app_init ] --END-- [ RunTime:0.001000s ]
ERR: 无法加载模块:Good_detail_files

[ 2016-08-09T10:14:14+08:00 ] ::1 /meizushangchengtpnew/index.php/good_detail_files/1467696220-57637.png
INFO: [ app_init ] --START--
INFO: Run Behavior\BuildLiteBehavior [ RunTime:0.000000s ]
INFO: [ app_init ] --END-- [ RunTime:0.006001s ]
ERR: 无法加载模块:Good_detail_files

[ 2016-08-09T10:14:14+08:00 ] ::1 /meizushangchengtpnew/index.php/good_detail_files/1467696166-40112.png
INFO: [ app_init ] --START--
INFO: Run Behavior\BuildLiteBehavior [ RunTime:0.000000s ]
INFO: [ app_init ] --END-- [ RunTime:0.000000s ]
ERR: 无法加载模块:Good_detail_files

[ 2016-08-09T10:14:14+08:00 ] ::1 /meizushangchengtpnew/index.php/good_detail_files/1467696242-24236.png
INFO: [ app_init ] --START--
INFO: Run Behavior\BuildLiteBehavior [ RunTime:0.000000s ]
INFO: [ app_init ] --END-- [ RunTime:0.001000s ]
ERR: 无法加载模块:Good_detail_files

[ 2016-08-09T10:14:14+08:00 ] ::1 /meizushangchengtpnew/index.php/good_detail_files/1467696197-95413.png
INFO: [ app_init ] --START--
INFO: Run Behavior\BuildLiteBehavior [ RunTime:0.000000s ]
INFO: [ app_init ] --END-- [ RunTime:0.001000s ]
ERR: 无法加载模块:Good_detail_files

[ 2016-08-09T10:20:30+08:00 ] ::1 /meizushangchengtpnew/index.php/good_detail_files/init-1x1.jpg
INFO: [ app_init ] --START--
INFO: Run Behavior\BuildLiteBehavior [ RunTime:0.000000s ]
INFO: [ app_init ] --END-- [ RunTime:0.001000s ]
ERR: 无法加载模块:Good_detail_files

[ 2016-08-09T10:20:30+08:00 ] ::1 /meizushangchengtpnew/index.php/good_detail_files/1467696197-95413.png
INFO: [ app_init ] --START--
INFO: Run Behavior\BuildLiteBehavior [ RunTime:0.000000s ]
INFO: [ app_init ] --END-- [ RunTime:0.001000s ]
ERR: 无法加载模块:Good_detail_files

[ 2016-08-09T10:20:30+08:00 ] ::1 /meizushangchengtpnew/index.php/good_detail_files/1467696166-40112.png
INFO: [ app_init ] --START--
INFO: Run Behavior\BuildLiteBehavior [ RunTime:0.000000s ]
INFO: [ app_init ] --END-- [ RunTime:0.003000s ]
ERR: 无法加载模块:Good_detail_files

[ 2016-08-09T10:20:30+08:00 ] ::1 /meizushangchengtpnew/index.php/good_detail_files/Cix_s1eN3IiASxVXAA9IpQ8-shg169_126x126.png
INFO: [ app_init ] --START--
INFO: Run Behavior\BuildLiteBehavior [ RunTime:0.000000s ]
INFO: [ app_init ] --END-- [ RunTime:0.001000s ]
ERR: 无法加载模块:Good_detail_files

[ 2016-08-09T10:20:30+08:00 ] ::1 /meizushangchengtpnew/index.php/good_detail_files/1467696242-24236.png
INFO: [ app_init ] --START--
INFO: Run Behavior\BuildLiteBehavior [ RunTime:0.000000s ]
INFO: [ app_init ] --END-- [ RunTime:0.001000s ]
ERR: 无法加载模块:Good_detail_files

[ 2016-08-09T10:20:30+08:00 ] ::1 /meizushangchengtpnew/index.php/good_detail_files/1467696220-57637.png
INFO: [ app_init ] --START--
INFO: Run Behavior\BuildLiteBehavior [ RunTime:0.000000s ]
INFO: [ app_init ] --END-- [ RunTime:0.004000s ]
ERR: 无法加载模块:Good_detail_files

[ 2016-08-09T10:20:30+08:00 ] ::1 /meizushangchengtpnew/index.php/good_detail_files/1467705893-97644.png
INFO: [ app_init ] --START--
INFO: Run Behavior\BuildLiteBehavior [ RunTime:0.000000s ]
INFO: [ app_init ] --END-- [ RunTime:0.003000s ]
ERR: 无法加载模块:Good_detail_files

[ 2016-08-09T10:20:30+08:00 ] ::1 /meizushangchengtpnew/index.php/good_detail_files/1450928272@126x126.png
INFO: [ app_init ] --START--
INFO: Run Behavior\BuildLiteBehavior [ RunTime:0.001000s ]
INFO: [ app_init ] --END-- [ RunTime:0.001000s ]
ERR: 无法加载模块:Good_detail_files

[ 2016-08-09T10:20:30+08:00 ] ::1 /meizushangchengtpnew/index.php/good_detail_files/1466996090@126x126.png
INFO: [ app_init ] --START--
INFO: Run Behavior\BuildLiteBehavior [ RunTime:0.000000s ]
INFO: [ app_init ] --END-- [ RunTime:0.000000s ]
ERR: 无法加载模块:Good_detail_files

[ 2016-08-09T10:20:30+08:00 ] ::1 /meizushangchengtpnew/index.php/good_detail_files/weixin.png
INFO: [ app_init ] --START--
INFO: Run Behavior\BuildLiteBehavior [ RunTime:0.000000s ]
INFO: [ app_init ] --END-- [ RunTime:0.000000s ]
ERR: 无法加载模块:Good_detail_files

[ 2016-08-09T10:26:45+08:00 ] ::1 /meizushangchengtpnew/index.php/good_detail_files/1467696242-24236.png
INFO: [ app_init ] --START--
INFO: Run Behavior\BuildLiteBehavior [ RunTime:0.000000s ]
INFO: [ app_init ] --END-- [ RunTime:0.001000s ]
ERR: 无法加载模块:Good_detail_files

[ 2016-08-09T10:26:45+08:00 ] ::1 /meizushangchengtpnew/index.php/good_detail_files/init-1x1.jpg
INFO: [ app_init ] --START--
INFO: Run Behavior\BuildLiteBehavior [ RunTime:0.000000s ]
INFO: [ app_init ] --END-- [ RunTime:0.004000s ]
ERR: 无法加载模块:Good_detail_files

[ 2016-08-09T10:26:45+08:00 ] ::1 /meizushangchengtpnew/index.php/good_detail_files/1467705893-97644.png
INFO: [ app_init ] --START--
INFO: Run Behavior\BuildLiteBehavior [ RunTime:0.000000s ]
INFO: [ app_init ] --END-- [ RunTime:0.001000s ]
ERR: 无法加载模块:Good_detail_files

[ 2016-08-09T10:26:45+08:00 ] ::1 /meizushangchengtpnew/index.php/good_detail_files/1467696166-40112.png
INFO: [ app_init ] --START--
INFO: Run Behavior\BuildLiteBehavior [ RunTime:0.000000s ]
INFO: [ app_init ] --END-- [ RunTime:0.001000s ]
ERR: 无法加载模块:Good_detail_files

[ 2016-08-09T10:26:45+08:00 ] ::1 /meizushangchengtpnew/index.php/good_detail_files/1467696197-95413.png
INFO: [ app_init ] --START--
INFO: Run Behavior\BuildLiteBehavior [ RunTime:0.001000s ]
INFO: [ app_init ] --END-- [ RunTime:0.003000s ]
ERR: 无法加载模块:Good_detail_files

[ 2016-08-09T10:26:45+08:00 ] ::1 /meizushangchengtpnew/index.php/good_detail_files/Cix_s1eN3IiASxVXAA9IpQ8-shg169_126x126.png
INFO: [ app_init ] --START--
INFO: Run Behavior\BuildLiteBehavior [ RunTime:0.000000s ]
INFO: [ app_init ] --END-- [ RunTime:0.001000s ]
ERR: 无法加载模块:Good_detail_files

[ 2016-08-09T10:26:45+08:00 ] ::1 /meizushangchengtpnew/index.php/good_detail_files/1467696220-57637.png
INFO: [ app_init ] --START--
INFO: Run Behavior\BuildLiteBehavior [ RunTime:0.000000s ]
INFO: [ app_init ] --END-- [ RunTime:0.001000s ]
ERR: 无法加载模块:Good_detail_files

[ 2016-08-09T10:26:45+08:00 ] ::1 /meizushangchengtpnew/index.php/good_detail_files/1450928272@126x126.png
INFO: [ app_init ] --START--
INFO: Run Behavior\BuildLiteBehavior [ RunTime:0.000000s ]
INFO: [ app_init ] --END-- [ RunTime:0.000000s ]
ERR: 无法加载模块:Good_detail_files

[ 2016-08-09T10:26:45+08:00 ] ::1 /meizushangchengtpnew/index.php/good_detail_files/1466996090@126x126.png
INFO: [ app_init ] --START--
INFO: Run Behavior\BuildLiteBehavior [ RunTime:0.000000s ]
INFO: [ app_init ] --END-- [ RunTime:0.001000s ]
ERR: 无法加载模块:Good_detail_files

[ 2016-08-09T10:26:45+08:00 ] ::1 /meizushangchengtpnew/index.php/good_detail_files/weixin.png
INFO: [ app_init ] --START--
INFO: Run Behavior\BuildLiteBehavior [ RunTime:0.000000s ]
INFO: [ app_init ] --END-- [ RunTime:0.002000s ]
ERR: 无法加载模块:Good_detail_files

[ 2016-08-09T10:30:35+08:00 ] ::1 /meizushangchengtpnew/index.php/good_detail_files/init-1x1.jpg
INFO: [ app_init ] --START--
INFO: Run Behavior\BuildLiteBehavior [ RunTime:0.000000s ]
INFO: [ app_init ] --END-- [ RunTime:0.001000s ]
ERR: 无法加载模块:Good_detail_files

[ 2016-08-09T10:30:35+08:00 ] ::1 /meizushangchengtpnew/index.php/good_detail_files/1467696220-57637.png
INFO: [ app_init ] --START--
INFO: Run Behavior\BuildLiteBehavior [ RunTime:0.000000s ]
INFO: [ app_init ] --END-- [ RunTime:0.001000s ]
ERR: 无法加载模块:Good_detail_files

[ 2016-08-09T10:30:35+08:00 ] ::1 /meizushangchengtpnew/index.php/good_detail_files/1467696197-95413.png
INFO: [ app_init ] --START--
INFO: Run Behavior\BuildLiteBehavior [ RunTime:0.001000s ]
INFO: [ app_init ] --END-- [ RunTime:0.001000s ]
ERR: 无法加载模块:Good_detail_files

[ 2016-08-09T10:30:35+08:00 ] ::1 /meizushangchengtpnew/index.php/good_detail_files/1467696242-24236.png
INFO: [ app_init ] --START--
INFO: Run Behavior\BuildLiteBehavior [ RunTime:0.000000s ]
INFO: [ app_init ] --END-- [ RunTime:0.001000s ]
ERR: 无法加载模块:Good_detail_files

[ 2016-08-09T10:30:35+08:00 ] ::1 /meizushangchengtpnew/index.php/good_detail_files/1467696166-40112.png
INFO: [ app_init ] --START--
INFO: Run Behavior\BuildLiteBehavior [ RunTime:0.000000s ]
INFO: [ app_init ] --END-- [ RunTime:0.001000s ]
ERR: 无法加载模块:Good_detail_files

[ 2016-08-09T10:30:35+08:00 ] ::1 /meizushangchengtpnew/index.php/good_detail_files/1467705893-97644.png
INFO: [ app_init ] --START--
INFO: Run Behavior\BuildLiteBehavior [ RunTime:0.001000s ]
INFO: [ app_init ] --END-- [ RunTime:0.001000s ]
ERR: 无法加载模块:Good_detail_files

[ 2016-08-09T10:30:35+08:00 ] ::1 /meizushangchengtpnew/index.php/good_detail_files/Cix_s1eN3IiASxVXAA9IpQ8-shg169_126x126.png
INFO: [ app_init ] --START--
INFO: Run Behavior\BuildLiteBehavior [ RunTime:0.000000s ]
INFO: [ app_init ] --END-- [ RunTime:0.003000s ]
ERR: 无法加载模块:Good_detail_files

[ 2016-08-09T10:30:35+08:00 ] ::1 /meizushangchengtpnew/index.php/good_detail_files/1450928272@126x126.png
INFO: [ app_init ] --START--
INFO: Run Behavior\BuildLiteBehavior [ RunTime:0.000000s ]
INFO: [ app_init ] --END-- [ RunTime:0.003001s ]
ERR: 无法加载模块:Good_detail_files

[ 2016-08-09T10:30:35+08:00 ] ::1 /meizushangchengtpnew/index.php/good_detail_files/1466996090@126x126.png
INFO: [ app_init ] --START--
INFO: Run Behavior\BuildLiteBehavior [ RunTime:0.000000s ]
INFO: [ app_init ] --END-- [ RunTime:0.000000s ]
ERR: 无法加载模块:Good_detail_files

[ 2016-08-09T10:30:35+08:00 ] ::1 /meizushangchengtpnew/index.php/good_detail_files/weixin.png
INFO: [ app_init ] --START--
INFO: Run Behavior\BuildLiteBehavior [ RunTime:0.000000s ]
INFO: [ app_init ] --END-- [ RunTime:0.001000s ]
ERR: 无法加载模块:Good_detail_files

[ 2016-08-09T10:30:44+08:00 ] ::1 /meizushangchengtpnew/index.php/good_detail_files/init-1x1.jpg
INFO: [ app_init ] --START--
INFO: Run Behavior\BuildLiteBehavior [ RunTime:0.000000s ]
INFO: [ app_init ] --END-- [ RunTime:0.001000s ]
ERR: 无法加载模块:Good_detail_files

[ 2016-08-09T10:30:44+08:00 ] ::1 /meizushangchengtpnew/index.php/good_detail_files/1467696220-57637.png
INFO: [ app_init ] --START--
INFO: Run Behavior\BuildLiteBehavior [ RunTime:0.000000s ]
INFO: [ app_init ] --END-- [ RunTime:0.001000s ]
ERR: 无法加载模块:Good_detail_files

[ 2016-08-09T10:30:44+08:00 ] ::1 /meizushangchengtpnew/index.php/good_detail_files/1467705893-97644.png
INFO: [ app_init ] --START--
INFO: Run Behavior\BuildLiteBehavior [ RunTime:0.000000s ]
INFO: [ app_init ] --END-- [ RunTime:0.001000s ]
ERR: 无法加载模块:Good_detail_files

[ 2016-08-09T10:30:44+08:00 ] ::1 /meizushangchengtpnew/index.php/good_detail_files/Cix_s1eN3IiASxVXAA9IpQ8-shg169_126x126.png
INFO: [ app_init ] --START--
INFO: Run Behavior\BuildLiteBehavior [ RunTime:0.000000s ]
INFO: [ app_init ] --END-- [ RunTime:0.002001s ]
ERR: 无法加载模块:Good_detail_files

[ 2016-08-09T10:30:44+08:00 ] ::1 /meizushangchengtpnew/index.php/good_detail_files/1450928272@126x126.png
INFO: [ app_init ] --START--
INFO: Run Behavior\BuildLiteBehavior [ RunTime:0.000000s ]
INFO: [ app_init ] --END-- [ RunTime:0.000000s ]
ERR: 无法加载模块:Good_detail_files

[ 2016-08-09T10:30:44+08:00 ] ::1 /meizushangchengtpnew/index.php/good_detail_files/1466996090@126x126.png
INFO: [ app_init ] --START--
INFO: Run Behavior\BuildLiteBehavior [ RunTime:0.000000s ]
INFO: [ app_init ] --END-- [ RunTime:0.004000s ]
ERR: 无法加载模块:Good_detail_files

[ 2016-08-09T10:30:44+08:00 ] ::1 /meizushangchengtpnew/index.php/good_detail_files/1467696166-40112.png
INFO: [ app_init ] --START--
INFO: Run Behavior\BuildLiteBehavior [ RunTime:0.006000s ]
INFO: [ app_init ] --END-- [ RunTime:0.013001s ]
ERR: 无法加载模块:Good_detail_files

[ 2016-08-09T10:30:44+08:00 ] ::1 /meizushangchengtpnew/index.php/good_detail_files/weixin.png
INFO: [ app_init ] --START--
INFO: Run Behavior\BuildLiteBehavior [ RunTime:0.000000s ]
INFO: [ app_init ] --END-- [ RunTime:0.001000s ]
ERR: 无法加载模块:Good_detail_files

[ 2016-08-09T10:30:44+08:00 ] ::1 /meizushangchengtpnew/index.php/good_detail_files/1467696197-95413.png
INFO: [ app_init ] --START--
INFO: Run Behavior\BuildLiteBehavior [ RunTime:0.000000s ]
INFO: [ app_init ] --END-- [ RunTime:0.001000s ]
ERR: 无法加载模块:Good_detail_files

[ 2016-08-09T10:30:44+08:00 ] ::1 /meizushangchengtpnew/index.php/good_detail_files/1467696242-24236.png
INFO: [ app_init ] --START--
INFO: Run Behavior\BuildLiteBehavior [ RunTime:0.001000s ]
INFO: [ app_init ] --END-- [ RunTime:0.001000s ]
ERR: 无法加载模块:Good_detail_files

[ 2016-08-09T10:30:54+08:00 ] ::1 /meizushangchengtpnew/index.php/good_detail_files/init-1x1.jpg
INFO: [ app_init ] --START--
INFO: Run Behavior\BuildLiteBehavior [ RunTime:0.000000s ]
INFO: [ app_init ] --END-- [ RunTime:0.001000s ]
ERR: 无法加载模块:Good_detail_files

[ 2016-08-09T10:30:54+08:00 ] ::1 /meizushangchengtpnew/index.php/good_detail_files/1467696197-95413.png
INFO: [ app_init ] --START--
INFO: Run Behavior\BuildLiteBehavior [ RunTime:0.000000s ]
INFO: [ app_init ] --END-- [ RunTime:0.000000s ]
ERR: 无法加载模块:Good_detail_files

[ 2016-08-09T10:30:54+08:00 ] ::1 /meizushangchengtpnew/index.php/good_detail_files/1467696220-57637.png
INFO: [ app_init ] --START--
INFO: Run Behavior\BuildLiteBehavior [ RunTime:0.000000s ]
INFO: [ app_init ] --END-- [ RunTime:0.000000s ]
ERR: 无法加载模块:Good_detail_files

[ 2016-08-09T10:30:54+08:00 ] ::1 /meizushangchengtpnew/index.php/good_detail_files/1467696242-24236.png
INFO: [ app_init ] --START--
INFO: Run Behavior\BuildLiteBehavior [ RunTime:0.000000s ]
INFO: [ app_init ] --END-- [ RunTime:0.001000s ]
ERR: 无法加载模块:Good_detail_files

[ 2016-08-09T10:30:54+08:00 ] ::1 /meizushangchengtpnew/index.php/good_detail_files/1467705893-97644.png
INFO: [ app_init ] --START--
INFO: Run Behavior\BuildLiteBehavior [ RunTime:0.000000s ]
INFO: [ app_init ] --END-- [ RunTime:0.000000s ]
ERR: 无法加载模块:Good_detail_files

[ 2016-08-09T10:30:54+08:00 ] ::1 /meizushangchengtpnew/index.php/good_detail_files/1450928272@126x126.png
INFO: [ app_init ] --START--
INFO: Run Behavior\BuildLiteBehavior [ RunTime:0.000000s ]
INFO: [ app_init ] --END-- [ RunTime:0.003000s ]
ERR: 无法加载模块:Good_detail_files

[ 2016-08-09T10:30:54+08:00 ] ::1 /meizushangchengtpnew/index.php/good_detail_files/Cix_s1eN3IiASxVXAA9IpQ8-shg169_126x126.png
INFO: [ app_init ] --START--
INFO: Run Behavior\BuildLiteBehavior [ RunTime:0.000000s ]
INFO: [ app_init ] --END-- [ RunTime:0.001000s ]
ERR: 无法加载模块:Good_detail_files

[ 2016-08-09T10:30:54+08:00 ] ::1 /meizushangchengtpnew/index.php/good_detail_files/1466996090@126x126.png
INFO: [ app_init ] --START--
INFO: Run Behavior\BuildLiteBehavior [ RunTime:0.000000s ]
INFO: [ app_init ] --END-- [ RunTime:0.001000s ]
ERR: 无法加载模块:Good_detail_files

[ 2016-08-09T10:30:54+08:00 ] ::1 /meizushangchengtpnew/index.php/good_detail_files/1467696166-40112.png
INFO: [ app_init ] --START--
INFO: Run Behavior\BuildLiteBehavior [ RunTime:0.000000s ]
INFO: [ app_init ] --END-- [ RunTime:0.001000s ]
ERR: 无法加载模块:Good_detail_files

[ 2016-08-09T10:30:54+08:00 ] ::1 /meizushangchengtpnew/index.php/good_detail_files/weixin.png
INFO: [ app_init ] --START--
INFO: Run Behavior\BuildLiteBehavior [ RunTime:0.000000s ]
INFO: [ app_init ] --END-- [ RunTime:0.002000s ]
ERR: 无法加载模块:Good_detail_files

[ 2016-08-09T18:16:54+08:00 ] ::1 /meizushangchengtpnew/index.php/good_detail_files/1467696197-95413.png
INFO: [ app_init ] --START--
INFO: Run Behavior\BuildLiteBehavior [ RunTime:0.000000s ]
INFO: [ app_init ] --END-- [ RunTime:0.000000s ]
ERR: 无法加载模块:Good_detail_f[ 2016-08-09T18:16:54+08:00 ] ::1 /meizushangchengtpnew/index.php/good_detail_files/1467696166-40112.png
INFO: [ app_init ] --START--
INFO: Run Behavior\BuildLiteBehavior [ RunTime:0.001000s ]
INFO: [ app_init ] --END-- [ RunTime:0.001000s ]
ERR: 无法加载模块:Good_detail_files

[ 2016-08-09T18:16:55+08:00 ] ::1 /meizushangchengtpnew/index.php/good_detail_files/1467696220-57637.png
INFO: [ app_init ] --START--
INFO: Run Behavior\BuildLiteBehavior [ RunTime:0.000000s ]
INFO: [ app_init ] --END-- [ RunTime:0.000000s ]
ERR: 无法加载模块:Good_detail_files

[ 2016-08-09T18:16:55+08:00 ] ::1 /meizushangchengtpnew/index.php/good_detail_files/1467696242-24236.png
INFO: [ app_init ] --START--
INFO: Run Behavior\BuildLiteBehavior [ RunTime:0.000000s ]
INFO: [ app_init ] --END-- [ RunTime:0.002000s ]
ERR: 无法加载模块:Good_detail_files

[ 2016-08-09T18:16:55+08:00 ] ::1 /meizushangchengtpnew/index.php/good_detail_files/1467705893-97644.png
INFO: [ app_init ] --START--
INFO: Run Behavior\BuildLiteBehavior [ RunTime:0.000000s ]
INFO: [ app_init ] --END-- [ RunTime:0.001000s ]
ERR: 无法加载模块:Good_detail_files

[ 2016-08-09T18:16:55+08:00 ] ::1 /meizushangchengtpnew/index.php/good_detail_files/Cix_s1eN3IiASxVXAA9IpQ8-shg169_126x126.png
INFO: [ app_init ] --START--
INFO: Run Behavior\BuildLiteBehavior [ RunTime:0.001000s ]
INFO: [ app_init ] --END-- [ RunTime:0.001000s ]
ERR: 无法加载模块:Good_detail_files

[ 2016-08-09T18:16:55+08:00 ] ::1 /meizushangchengtpnew/index.php/good_detail_files/1450928272@126x126.png
INFO: [ app_init ] --START--
INFO: Run Behavior\BuildLiteBehavior [ RunTime:0.000000s ]
INFO: [ app_init ] --END-- [ RunTime:0.000000s ]
ERR: 无法加载模块:Good_detail_files

[ 2016-08-09T18:16:55+08:00 ] ::1 /meizushangchengtpnew/index.php/good_detail_files/1466996090@126x126.png
INFO: [ app_init ] --START--
INFO: Run Behavior\BuildLiteBehavior [ RunTime:0.000000s ]
INFO: [ app_init ] --END-- [ RunTime:0.000000s ]
ERR: 无法加载模块:Good_detail_files

[ 2016-08-09T18:16:56+08:00 ] ::1 /meizushangchengtpnew/index.php/good_detail_files/weixin.png
INFO: [ app_init ] --START--
INFO: Run Behavior\BuildLiteBehavior [ RunTime:0.000000s ]
INFO: [ app_init ] --END-- [ RunTime:0.000000s ]
ERR: 无法加载模块:Good_detail_files

[ 2016-08-09T22:54:21+08:00 ] 127.0.0.1 /meizushangchengtpnew/index.php/good_detail_files/1467696166-40112.png
INFO: [ app_init ] --START--
INFO: Run Behavior\BuildLiteBehavior [ RunTime:0.000000s ]
INFO: [ app_init ] --END-- [ RunTime:0.001000s ]
ERR: 无法加载模块:Good_detail_files

[ 2016-08-09T22:54:21+08:00 ] 127.0.0.1 /meizushangchengtpnew/index.php/good_detail_files/1467696197-95413.png
INFO: [ app_init ] --START--
INFO: Run Behavior\BuildLiteBehavior [ RunTime:0.001000s ]
INFO: [ app_init ] --END-- [ RunTime:0.001000s ]
ERR: 无法加载模块:Good_detail_files

[ 2016-08-09T22:54:21+08:00 ] 127.0.0.1 /meizushangchengtpnew/index.php/good_detail_files/1467696242-24236.png
INFO: [ app_init ] --START--
INFO: Run Behavior\BuildLiteBehavior [ RunTime:0.000000s ]
INFO: [ app_init ] --END-- [ RunTime:0.000000s ]
ERR: 无法加载模块:Good_detail_files

[ 2016-08-09T22:54:21+08:00 ] 127.0.0.1 /meizushangchengtpnew/index.php/good_detail_files/1467696220-57637.png
INFO: [ app_init ] --START--
INFO: Run Behavior\BuildLiteBehavior [ RunTime:0.000000s ]
INFO: [ app_init ] --END-- [ RunTime:0.001000s ]
ERR: 无法加载模块:Good_detail_files

[ 2016-08-09T22:54:40+08:00 ] 127.0.0.1 /meizushangchengtpnew/index.php/good_detail_files/1467705893-97644.png
INFO: [ app_init ] --START--
INFO: Run Behavior\BuildLiteBehavior [ RunTime:0.000000s ]
INFO: [ app_init ] --END-- [ RunTime:0.001000s ]
ERR: 无法加载模块:Good_detail_files

[ 2016-08-09T22:54:40+08:00 ] 127.0.0.1 /meizushangchengtpnew/index.php/good_detail_files/1450928272@126x126.png
INFO: [ app_init ] --START--
INFO: Run Behavior\BuildLiteBehavior [ RunTime:0.000000s ]
INFO: [ app_init ] --END-- [ RunTime:0.000000s ]
ERR: 无法加载模块:Good_detail_files

[ 2016-08-09T22:54:40+08:00 ] 127.0.0.1 /meizushangchengtpnew/index.php/good_detail_files/Cix_s1eN3IiASxVXAA9IpQ8-shg169_126x126.png
INFO: [ app_init ] --START--
INFO: Run Behavior\BuildLiteBehavior [ RunTime:0.001000s ]
INFO: [ app_init ] --END-- [ RunTime:0.001000s ]
ERR: 无法加载模块:Good_detail_files

[ 2016-08-09T22:54:40+08:00 ] 127.0.0.1 /meizushangchengtpnew/index.php/good_detail_files/1466996090@126x126.png
INFO: [ app_init ] --START--
INFO: Run Behavior\BuildLiteBehavior [ RunTime:0.000000s ]
INFO: [ app_init ] --END-- [ RunTime:0.000000s ]
ERR: 无法加载模块:Good_detail_files

