[ 2016-07-30T09:04:08+08:00 ] ::1 /meizushangchengtpnew/index.php/administer
INFO: [ app_init ] --START--
INFO: Run Behavior\BuildLiteBehavior [ RunTime:0.000000s ]
INFO: [ app_init ] --END-- [ RunTime:0.000000s ]
ERR: 无法加载模块:Administer

[ 2016-07-30T15:34:12+08:00 ] ::1 /meizushangchengtpnew/index.php/images/init-1x1.jpg
INFO: [ app_init ] --START--
INFO: Run Behavior\BuildLiteBehavior [ RunTime:0.000000s ]
INFO: [ app_init ] --END-- [ RunTime:0.001000s ]
ERR: 无法加载模块:Images

[ 2016-07-30T15:34:13+08:00 ] ::1 /meizushangchengtpnew/index.php/www2.res.meizu.com/zh_cn/images/common/weixin.png-v=2015
INFO: [ app_init ] --START--
INFO: Run Behavior\BuildLiteBehavior [ RunTime:0.000000s ]
INFO: [ app_init ] --END-- [ RunTime:0.001000s ]
ERR: 无法加载模块:Www2.res.meizu.com

[ 2016-07-30T15:34:13+08:00 ] ::1 /meizushangchengtpnew/index.php/databank.yoyi.com.cn/e.gif-mon=15510f9fbd8.gif
INFO: [ app_init ] --START--
INFO: Run Behavior\BuildLiteBehavior [ RunTime:0.000000s ]
INFO: [ app_init ] --END-- [ RunTime:0.001000s ]
ERR: 无法加载模块:Databank.yoyi.com.cn

[ 2016-07-30T15:34:13+08:00 ] ::1 /meizushangchengtpnew/index.php/sccom.res.meizu.com/js/analytics-min.js
INFO: [ app_init ] --START--
INFO: Run Behavior\BuildLiteBehavior [ RunTime:0.000000s ]
INFO: [ app_init ] --END-- [ RunTime:0.001000s ]
ERR: 无法加载模块:Sccom.res.meizu.com

[ 2016-07-30T15:34:13+08:00 ] ::1 /meizushangchengtpnew/index.php/hm.baidu.com/hm.js-2a0c04774115b182994cfcacf4c122e9
INFO: [ app_init ] --START--
INFO: Run Behavior\BuildLiteBehavior [ RunTime:0.000000s ]
INFO: [ app_init ] --END-- [ RunTime:0.000000s ]
ERR: 无法加载模块:Hm.baidu.com

[ 2016-07-30T15:34:34+08:00 ] ::1 /meizushangchengtpnew/index.php/images/init-1x1.jpg
INFO: [ app_init ] --START--
INFO: Run Behavior\BuildLiteBehavior [ RunTime:0.001000s ]
INFO: [ app_init ] --END-- [ RunTime:0.003000s ]
ERR: 无法加载模块:Images

[ 2016-07-30T15:34:34+08:00 ] ::1 /meizushangchengtpnew/index.php/www2.res.meizu.com/zh_cn/images/common/weixin.png-v=2015
INFO: [ app_init ] --START--
INFO: Run Behavior\BuildLiteBehavior [ RunTime:0.000000s ]
INFO: [ app_init ] --END-- [ RunTime:0.001000s ]
ERR: 无法加载模块:Www2.res.meizu.com

[ 2016-07-30T15:34:34+08:00 ] ::1 /meizushangchengtpnew/index.php/sccom.res.meizu.com/js/analytics-min.js
INFO: [ app_init ] --START--
INFO: Run Behavior\BuildLiteBehavior [ RunTime:0.000000s ]
INFO: [ app_init ] --END-- [ RunTime:0.001000s ]
ERR: 无法加载模块:Sccom.res.meizu.com

[ 2016-07-30T15:34:35+08:00 ] ::1 /meizushangchengtpnew/index.php/databank.yoyi.com.cn/e.gif-mon=15510f9fbd8.gif
INFO: [ app_init ] --START--
INFO: Run Behavior\BuildLiteBehavior [ RunTime:0.000000s ]
INFO: [ app_init ] --END-- [ RunTime:0.002001s ]
ERR: 无法加载模块:Databank.yoyi.com.cn

[ 2016-07-30T15:34:35+08:00 ] ::1 /meizushangchengtpnew/index.php/hm.baidu.com/hm.js-2a0c04774115b182994cfcacf4c122e9
INFO: [ app_init ] --START--
INFO: Run Behavior\BuildLiteBehavior [ RunTime:0.000000s ]
INFO: [ app_init ] --END-- [ RunTime:0.000000s ]
ERR: 无法加载模块:Hm.baidu.com

[ 2016-07-30T16:07:15+08:00 ] ::1 /meizushangchengtpnew/index.php/images/init-1x1.jpg
INFO: [ app_init ] --START--
INFO: Run Behavior\BuildLiteBehavior [ RunTime:0.000000s ]
INFO: [ app_init ] --END-- [ RunTime:0.001000s ]
ERR: 无法加载模块:Images

[ 2016-07-30T16:07:15+08:00 ] ::1 /meizushangchengtpnew/index.php/www2.res.meizu.com/zh_cn/images/common/weixin.png-v=2015
INFO: [ app_init ] --START--
INFO: Run Behavior\BuildLiteBehavior [ RunTime:0.000000s ]
INFO: [ app_init ] --END-- [ RunTime:0.002000s ]
ERR: 无法加载模块:Www2.res.meizu.com

[ 2016-07-30T16:07:15+08:00 ] ::1 /meizushangchengtpnew/index.php/databank.yoyi.com.cn/e.gif-mon=15510f9fbd8.gif
INFO: [ app_init ] --START--
INFO: Run Behavior\BuildLiteBehavior [ RunTime:0.000000s ]
INFO: [ app_init ] --END-- [ RunTime:0.001000s ]
ERR: 无法加载模块:Databank.yoyi.com.cn

[ 2016-07-30T16:08:05+08:00 ] ::1 /meizushangchengtpnew/index.php/images/init-1x1.jpg
INFO: [ app_init ] --START--
INFO: Run Behavior\BuildLiteBehavior [ RunTime:0.000000s ]
INFO: [ app_init ] --END-- [ RunTime:0.001000s ]
ERR: 无法加载模块:Images

[ 2016-07-30T16:08:05+08:00 ] ::1 /meizushangchengtpnew/index.php/www2.res.meizu.com/zh_cn/images/common/weixin.png-v=2015
INFO: [ app_init ] --START--
INFO: Run Behavior\BuildLiteBehavior [ RunTime:0.000000s ]
INFO: [ app_init ] --END-- [ RunTime:0.008000s ]
ERR: 无法加载模块:Www2.res.meizu.com

[ 2016-07-30T16:08:05+08:00 ] ::1 /meizushangchengtpnew/index.php/databank.yoyi.com.cn/e.gif-mon=15510f9fbd8.gif
INFO: [ app_init ] --START--
INFO: Run Behavior\BuildLiteBehavior [ RunTime:0.000000s ]
INFO: [ app_init ] --END-- [ RunTime:0.001000s ]
ERR: 无法加载模块:Databank.yoyi.com.cn

[ 2016-07-30T16:08:33+08:00 ] ::1 /meizushangchengtpnew/index.php/www2.res.meizu.com/zh_cn/images/common/weixin.png-v=2015
INFO: [ app_init ] --START--
INFO: Run Behavior\BuildLiteBehavior [ RunTime:0.002000s ]
INFO: [ app_init ] --END-- [ RunTime:0.013001s ]
ERR: 无法加载模块:Www2.res.meizu.com

[ 2016-07-30T16:08:33+08:00 ] ::1 /meizushangchengtpnew/index.php/images/init-1x1.jpg
INFO: [ app_init ] --START--
INFO: Run Behavior\BuildLiteBehavior [ RunTime:0.000000s ]
INFO: [ app_init ] --END-- [ RunTime:0.008000s ]
ERR: 无法加载模块:Images

[ 2016-07-30T16:08:33+08:00 ] ::1 /meizushangchengtpnew/index.php/databank.yoyi.com.cn/e.gif-mon=15510f9fbd8.gif
INFO: [ app_init ] --START--
INFO: Run Behavior\BuildLiteBehavior [ RunTime:0.001000s ]
INFO: [ app_init ] --END-- [ RunTime:0.010001s ]
ERR: 无法加载模块:Databank.yoyi.com.cn

[ 2016-07-30T16:09:00+08:00 ] ::1 /meizushangchengtpnew/index.php/images/init-1x1.jpg
INFO: [ app_init ] --START--
INFO: Run Behavior\BuildLiteBehavior [ RunTime:0.000000s ]
INFO: [ app_init ] --END-- [ RunTime:0.001000s ]
ERR: 无法加载模块:Images

[ 2016-07-30T16:09:01+08:00 ] ::1 /meizushangchengtpnew/index.php/www2.res.meizu.com/zh_cn/images/common/weixin.png-v=2015
INFO: [ app_init ] --START--
INFO: Run Behavior\BuildLiteBehavior [ RunTime:0.000000s ]
INFO: [ app_init ] --END-- [ RunTime:0.007001s ]
ERR: 无法加载模块:Www2.res.meizu.com

[ 2016-07-30T16:09:01+08:00 ] ::1 /meizushangchengtpnew/index.php/databank.yoyi.com.cn/e.gif-mon=15510f9fbd8.gif
INFO: [ app_init ] --START--
INFO: Run Behavior\BuildLiteBehavior [ RunTime:0.000000s ]
INFO: [ app_init ] --END-- [ RunTime:0.001000s ]
ERR: 无法加载模块:Databank.yoyi.com.cn

[ 2016-07-30T16:19:40+08:00 ] ::1 /meizushangchengtpnew/index.php/images/init-1x1.jpg
INFO: [ app_init ] --START--
INFO: Run Behavior\BuildLiteBehavior [ RunTime:0.000000s ]
INFO: [ app_init ] --END-- [ RunTime:0.001000s ]
ERR: 无法加载模块:Images

[ 2016-07-30T16:19:40+08:00 ] ::1 /meizushangchengtpnew/index.php/www2.res.meizu.com/zh_cn/images/common/weixin.png-v=2015
INFO: [ app_init ] --START--
INFO: Run Behavior\BuildLiteBehavior [ RunTime:0.000000s ]
INFO: [ app_init ] --END-- [ RunTime:0.000000s ]
ERR: 无法加载模块:Www2.res.meizu.com

[ 2016-07-30T16:19:40+08:00 ] ::1 /meizushangchengtpnew/index.php/databank.yoyi.com.cn/e.gif-mon=15510f9fbd8.gif
INFO: [ app_init ] --START--
INFO: Run Behavior\BuildLiteBehavior [ RunTime:0.000000s ]
INFO: [ app_init ] --END-- [ RunTime:0.001000s ]
ERR: 无法加载模块:Databank.yoyi.com.cn

[ 2016-07-30T16:25:14+08:00 ] ::1 /meizushangchengtpnew/index.php/images/init-1x1.jpg
INFO: [ app_init ] --START--
INFO: Run Behavior\BuildLiteBehavior [ RunTime:0.000000s ]
INFO: [ app_init ] --END-- [ RunTime:0.028002s ]
ERR: 无法加载模块:Images

[ 2016-07-30T16:25:15+08:00 ] ::1 /meizushangchengtpnew/index.php/www2.res.meizu.com/zh_cn/images/common/weixin.png-v=2015
INFO: [ app_init ] --START--
INFO: Run Behavior\BuildLiteBehavior [ RunTime:0.000000s ]
INFO: [ app_init ] --END-- [ RunTime:0.001000s ]
ERR: 无法加载模块:Www2.res.meizu.com

[ 2016-07-30T16:25:15+08:00 ] ::1 /meizushangchengtpnew/index.php/databank.yoyi.com.cn/e.gif-mon=15510f9fbd8.gif
INFO: [ app_init ] --START--
INFO: Run Behavior\BuildLiteBehavior [ RunTime:0.000000s ]
INFO: [ app_init ] --END-- [ RunTime:0.003000s ]
ERR: 无法加载模块:Databank.yoyi.com.cn

[ 2016-07-30T16:26:38+08:00 ] ::1 /meizushangchengtpnew/index.php/images/init-1x1.jpg
INFO: [ app_init ] --START--
INFO: Run Behavior\BuildLiteBehavior [ RunTime:0.001000s ]
INFO: [ app_init ] --END-- [ RunTime:0.003000s ]
ERR: 无法加载模块:Images

[ 2016-07-30T16:26:39+08:00 ] ::1 /meizushangchengtpnew/index.php/www2.res.meizu.com/zh_cn/images/common/weixin.png-v=2015
INFO: [ app_init ] --START--
INFO: Run Behavior\BuildLiteBehavior [ RunTime:0.000000s ]
INFO: [ app_init ] --END-- [ RunTime:0.021001s ]
ERR: 无法加载模块:Www2.res.meizu.com

[ 2016-07-30T16:26:39+08:00 ] ::1 /meizushangchengtpnew/index.php/databank.yoyi.com.cn/e.gif-mon=15510f9fbd8.gif
INFO: [ app_init ] --START--
INFO: Run Behavior\BuildLiteBehavior [ RunTime:0.000000s ]
INFO: [ app_init ] --END-- [ RunTime:0.001000s ]
ERR: 无法加载模块:Databank.yoyi.com.cn

