[ 2016-08-17T09:36:51+08:00 ] ::1 /meizushangchengtpnew/index.php/good_detail_files/1466996090@126x126.png
INFO: [ app_init ] --START--
INFO: Run Behavior\BuildLiteBehavior [ RunTime:0.001000s ]
INFO: [ app_init ] --END-- [ RunTime:0.001000s ]
ERR: 无法加载模块:Good_detail_files

[ 2016-08-17T09:36:51+08:00 ] ::1 /meizushangchengtpnew/index.php/good_detail_files/Cix_s1eN3IiASxVXAA9IpQ8-shg169_126x126.png
INFO: [ app_init ] --START--
INFO: Run Behavior\BuildLiteBehavior [ RunTime:0.000000s ]
INFO: [ app_init ] --END-- [ RunTime:0.001000s ]
ERR: 无法加载模块:Good_detail_files

[ 2016-08-17T09:36:51+08:00 ] ::1 /meizushangchengtpnew/index.php/good_detail_files/1450928272@126x126.png
INFO: [ app_init ] --START--
INFO: Run Behavior\BuildLiteBehavior [ RunTime:0.001000s ]
INFO: [ app_init ] --END-- [ RunTime:0.001000s ]
ERR: 无法加载模块:Good_detail_files

[ 2016-08-17T09:36:51+08:00 ] ::1 /meizushangchengtpnew/index.php/good_detail_files/weixin.png
INFO: [ app_init ] --START--
INFO: Run Behavior\BuildLiteBehavior [ RunTime:0.000000s ]
INFO: [ app_init ] --END-- [ RunTime:0.000000s ]
ERR: 无法加载模块:Good_detail_files

[ 2016-08-17T18:13:04+08:00 ] ::1 /meizushangchengtpnew/index.php/good_detail_files/Cix_s1eN3IiASxVXAA9IpQ8-shg169_126x126.png
INFO: [ app_init ] --START--
INFO: Run Behavior\BuildLiteBehavior [ RunTime:0.000000s ]
INFO: [ app_init ] --END-- [ RunTime:0.000000s ]
ERR: 无法加载模块:Good_detail_files

[ 2016-08-17T18:13:04+08:00 ] ::1 /meizushangchengtpnew/index.php/good_detail_files/1466996090@126x126.png
INFO: [ app_init ] --START--
INFO: Run Behavior\BuildLiteBehavior [ RunTime:0.000000s ]
INFO: [ app_init ] --END-- [ RunTime:0.000000s ]
ERR: 无法加载模块:Good_detail_files

[ 2016-08-17T18:13:04+08:00 ] ::1 /meizushangchengtpnew/index.php/good_detail_files/weixin.png
INFO: [ app_init ] --START--
INFO: Run Behavior\BuildLiteBehavior [ RunTime:0.000000s ]
INFO: [ app_init ] --END-- [ RunTime:0.001000s ]
ERR: 无法加载模块:Good_detail_files

