[ 2016-11-30T15:52:05+08:00 ] 127.0.0.1 /mz/good_detail_files/1466996090@126x126.png
INFO: [ app_init ] --START--
INFO: Run Behavior\BuildLiteBehavior [ RunTime:0.000075s ]
INFO: [ app_init ] --END-- [ RunTime:0.001102s ]
ERR: 无法加载模块:Good_detail_files

[ 2016-11-30T15:52:05+08:00 ] 127.0.0.1 /mz/good_detail_files/Cix_s1eN3IiASxVXAA9IpQ8-shg169_126x126.png
INFO: [ app_init ] --START--
INFO: Run Behavior\BuildLiteBehavior [ RunTime:0.000137s ]
INFO: [ app_init ] --END-- [ RunTime:0.002121s ]
ERR: 无法加载模块:Good_detail_files

[ 2016-11-30T15:52:05+08:00 ] 127.0.0.1 /mz/good_detail_files/1450928272@126x126.png
INFO: [ app_init ] --START--
INFO: Run Behavior\BuildLiteBehavior [ RunTime:0.000083s ]
INFO: [ app_init ] --END-- [ RunTime:0.001363s ]
ERR: 无法加载模块:Good_detail_files

[ 2016-11-30T15:52:05+08:00 ] 127.0.0.1 /mz/Public/Home/js/index.js
INFO: [ app_init ] --START--
INFO: Run Behavior\BuildLiteBehavior [ RunTime:0.000050s ]
INFO: [ app_init ] --END-- [ RunTime:0.001024s ]
ERR: 无法加载模块:Public

[ 2016-11-30T15:52:05+08:00 ] 127.0.0.1 /mz/good_detail_files/weixin.png
INFO: [ app_init ] --START--
INFO: Run Behavior\BuildLiteBehavior [ RunTime:0.000054s ]
INFO: [ app_init ] --END-- [ RunTime:0.001420s ]
ERR: 无法加载模块:Good_detail_files

[ 2016-11-30T15:52:08+08:00 ] 127.0.0.1 /mz/Public/Home/img/icons.png
INFO: [ app_init ] --START--
INFO: Run Behavior\BuildLiteBehavior [ RunTime:0.000107s ]
INFO: [ app_init ] --END-- [ RunTime:0.001636s ]
ERR: 无法加载模块:Public

