[ 2016-08-13T16:38:56+08:00 ] ::1 /meizushangchengtpnew/index.php/admin/login/login
INFO: [ app_init ] --START--
INFO: Run Behavior\BuildLiteBehavior [ RunTime:0.000000s ]
INFO: [ app_init ] --END-- [ RunTime:0.000000s ]
INFO: [ app_begin ] --START--
INFO: Run Behavior\ReadHtmlCacheBehavior [ RunTime:0.001000s ]
INFO: [ app_begin ] --END-- [ RunTime:0.002000s ]
INFO: [ view_parse ] --START--
INFO: [ template_filter ] --START--
INFO: Run Behavior\ContentReplaceBehavior [ RunTime:0.001000s ]
INFO: [ template_filter ] --END-- [ RunTime:0.001000s ]
INFO: Run Behavior\ParseTemplateBehavior [ RunTime:0.067004s ]
INFO: [ view_parse ] --END-- [ RunTime:0.068004s ]
INFO: [ view_filter ] --START--
INFO: Run Behavior\WriteHtmlCacheBehavior [ RunTime:0.002000s ]
INFO: [ view_filter ] --END-- [ RunTime:0.002000s ]
INFO: [ app_end ] --START--
INFO: Run Behavior\ShowPageTraceBehavior [ RunTime:0.001000s ]
INFO: [ app_end ] --END-- [ RunTime:0.002000s ]

[ 2016-08-13T16:38:57+08:00 ] ::1 /meizushangchengtpnew/index.php/admin/verify/buildVerify.html
INFO: [ app_init ] --START--
INFO: Run Behavior\BuildLiteBehavior [ RunTime:0.000000s ]
INFO: [ app_init ] --END-- [ RunTime:0.001000s ]
INFO: [ app_begin ] --START--
INFO: Run Behavior\ReadHtmlCacheBehavior [ RunTime:0.001000s ]
INFO: [ app_begin ] --END-- [ RunTime:0.001000s ]
INFO: [ app_end ] --START--
INFO: Run Behavior\ShowPageTraceBehavior [ RunTime:0.000000s ]
INFO: [ app_end ] --END-- [ RunTime:0.000000s ]

[ 2016-08-13T16:38:57+08:00 ] ::1 /meizushangchengtpnew/index.php/admin/login/js/H-ui.js
INFO: [ app_init ] --START--
INFO: Run Behavior\BuildLiteBehavior [ RunTime:0.001000s ]
INFO: [ app_init ] --END-- [ RunTime:0.002001s ]
INFO: [ app_begin ] --START--
INFO: Run Behavior\ReadHtmlCacheBehavior [ RunTime:0.001000s ]
INFO: [ app_begin ] --END-- [ RunTime:0.001000s ]
ERR: 非法操作:js

[ 2016-08-13T16:38:57+08:00 ] ::1 /meizushangchengtpnew/index.php/admin/login/lib/jquery.min.js
INFO: [ app_init ] --START--
INFO: Run Behavior\BuildLiteBehavior [ RunTime:0.000000s ]
INFO: [ app_init ] --END-- [ RunTime:0.004000s ]
INFO: [ app_begin ] --START--
INFO: Run Behavior\ReadHtmlCacheBehavior [ RunTime:0.000000s ]
INFO: [ app_begin ] --END-- [ RunTime:0.000000s ]
ERR: 非法操作:lib

[ 2016-08-13T16:39:01+08:00 ] ::1 /meizushangchengtpnew/index.php/admin/Login/checkusername.html
INFO: [ app_init ] --START--
INFO: Run Behavior\BuildLiteBehavior [ RunTime:0.000000s ]
INFO: [ app_init ] --END-- [ RunTime:0.000000s ]
INFO: [ app_begin ] --START--
INFO: Run Behavior\ReadHtmlCacheBehavior [ RunTime:0.001000s ]
INFO: [ app_begin ] --END-- [ RunTime:0.001000s ]
SQL: select * from user where username = 'admin' and isadmin = 1 [ RunTime:0.0000s ]

[ 2016-08-13T16:39:01+08:00 ] ::1 /meizushangchengtpnew/index.php/admin/Login/checkpassword.html
INFO: [ app_init ] --START--
INFO: Run Behavior\BuildLiteBehavior [ RunTime:0.000000s ]
INFO: [ app_init ] --END-- [ RunTime:0.000000s ]
INFO: [ app_begin ] --START--
INFO: Run Behavior\ReadHtmlCacheBehavior [ RunTime:0.001000s ]
INFO: [ app_begin ] --END-- [ RunTime:0.001000s ]
SQL: select * from user where username = 'admin' and password = '21232f297a57a5a743894a0e4a801fc3' and isadmin = 1 [ RunTime:0.0000s ]

[ 2016-08-13T16:39:02+08:00 ] ::1 /meizushangchengtpnew/index.php/admin/verify/checkVerify.html
INFO: [ app_init ] --START--
INFO: Run Behavior\BuildLiteBehavior [ RunTime:0.000000s ]
INFO: [ app_init ] --END-- [ RunTime:0.000000s ]
INFO: [ app_begin ] --START--
INFO: Run Behavior\ReadHtmlCacheBehavior [ RunTime:0.001000s ]
INFO: [ app_begin ] --END-- [ RunTime:0.001000s ]

[ 2016-08-13T16:39:03+08:00 ] ::1 /meizushangchengtpnew/index.php/admin/login/allowlogin.html
INFO: [ app_init ] --START--
INFO: Run Behavior\BuildLiteBehavior [ RunTime:0.000000s ]
INFO: [ app_init ] --END-- [ RunTime:0.000000s ]
INFO: [ app_begin ] --START--
INFO: Run Behavior\ReadHtmlCacheBehavior [ RunTime:0.001000s ]
INFO: [ app_begin ] --END-- [ RunTime:0.001000s ]
SQL: select * from user where username = 'admin' and password = '21232f297a57a5a743894a0e4a801fc3' and isadmin = 1 [ RunTime:0.0000s ]
SQL: select title from auth_group t1 left join auth_group_access t2 on t1.id = t2.group_id where t2.uid = 12 [ RunTime:0.1680s ]
INFO: [ view_parse ] --START--
INFO: [ template_filter ] --START--
INFO: Run Behavior\ContentReplaceBehavior [ RunTime:0.001000s ]
INFO: [ template_filter ] --END-- [ RunTime:0.001000s ]
INFO: Run Behavior\ParseTemplateBehavior [ RunTime:0.056004s ]
INFO: [ view_parse ] --END-- [ RunTime:0.056004s ]
INFO: [ view_filter ] --START--
INFO: Run Behavior\WriteHtmlCacheBehavior [ RunTime:0.000000s ]
INFO: [ view_filter ] --END-- [ RunTime:0.000000s ]
INFO: [ app_end ] --START--
INFO: Run Behavior\ShowPageTraceBehavior [ RunTime:0.001000s ]
INFO: [ app_end ] --END-- [ RunTime:0.001000s ]

[ 2016-08-13T16:39:04+08:00 ] ::1 /meizushangchengtpnew/index.php/admin/index/index.html
INFO: [ app_init ] --START--
INFO: Run Behavior\BuildLiteBehavior [ RunTime:0.000000s ]
INFO: [ app_init ] --END-- [ RunTime:0.000000s ]
INFO: [ app_begin ] --START--
INFO: Run Behavior\ReadHtmlCacheBehavior [ RunTime:0.001000s ]
INFO: [ app_begin ] --END-- [ RunTime:0.001000s ]
INFO: [ view_parse ] --START--
INFO: [ template_filter ] --START--
INFO: Run Behavior\ContentReplaceBehavior [ RunTime:0.000000s ]
INFO: [ template_filter ] --END-- [ RunTime:0.001000s ]
INFO: Run Behavior\ParseTemplateBehavior [ RunTime:0.037002s ]
INFO: [ view_parse ] --END-- [ RunTime:0.038002s ]
INFO: [ view_filter ] --START--
INFO: Run Behavior\WriteHtmlCacheBehavior [ RunTime:0.001000s ]
INFO: [ view_filter ] --END-- [ RunTime:0.001000s ]
INFO: [ app_end ] --START--
INFO: Run Behavior\ShowPageTraceBehavior [ RunTime:0.001000s ]
INFO: [ app_end ] --END-- [ RunTime:0.001000s ]

[ 2016-08-13T16:39:04+08:00 ] ::1 /meizushangchengtpnew/index.php/admin/index/welcome.html
INFO: [ app_init ] --START--
INFO: Run Behavior\BuildLiteBehavior [ RunTime:0.000000s ]
INFO: [ app_init ] --END-- [ RunTime:0.001000s ]
INFO: [ app_begin ] --START--
INFO: Run Behavior\ReadHtmlCacheBehavior [ RunTime:0.000000s ]
INFO: [ app_begin ] --END-- [ RunTime:0.000000s ]
INFO: [ view_parse ] --START--
INFO: [ template_filter ] --START--
INFO: Run Behavior\ContentReplaceBehavior [ RunTime:0.000000s ]
INFO: [ template_filter ] --END-- [ RunTime:0.000000s ]
INFO: Run Behavior\ParseTemplateBehavior [ RunTime:0.067004s ]
INFO: [ view_parse ] --END-- [ RunTime:0.068004s ]
INFO: [ view_filter ] --START--
INFO: Run Behavior\WriteHtmlCacheBehavior [ RunTime:0.001000s ]
INFO: [ view_filter ] --END-- [ RunTime:0.001000s ]
INFO: [ app_end ] --START--
INFO: Run Behavior\ShowPageTraceBehavior [ RunTime:0.001000s ]
INFO: [ app_end ] --END-- [ RunTime:0.001000s ]

[ 2016-08-13T16:39:06+08:00 ] ::1 /meizushangchengtpnew/index.php/admin/user/userlist.html
INFO: [ app_init ] --START--
INFO: Run Behavior\BuildLiteBehavior [ RunTime:0.000000s ]
INFO: [ app_init ] --END-- [ RunTime:0.001000s ]
INFO: [ app_begin ] --START--
INFO: Run Behavior\ReadHtmlCacheBehavior [ RunTime:0.001000s ]
INFO: [ app_begin ] --END-- [ RunTime:0.001000s ]
NOTIC: [8] Undefined index: timetype E:\wamp\www\meizushangchengtpnew\meizu\Admin\Controller\UserController.class.php 第 8 行.
SQL: select * from user where isadmin = 0 and status != -3 [ RunTime:0.0260s ]
SQL: select * from user where isadmin = 0 and status != -3 limit 0,5 [ RunTime:0.0010s ]
INFO: [ view_parse ] --START--
INFO: [ template_filter ] --START--
INFO: Run Behavior\ContentReplaceBehavior [ RunTime:0.000000s ]
INFO: [ template_filter ] --END-- [ RunTime:0.001000s ]
NOTIC: [8] Undefined index: timetype E:\wamp\www\meizushangchengtpnew\meizu\Runtime\Cache\Admin\400835a012e8363e6ea1840d9e8e158a.php 第 132 行.
NOTIC: [8] Undefined index: timetype E:\wamp\www\meizushangchengtpnew\meizu\Runtime\Cache\Admin\400835a012e8363e6ea1840d9e8e158a.php 第 133 行.
NOTIC: [8] Undefined index: mintime E:\wamp\www\meizushangchengtpnew\meizu\Runtime\Cache\Admin\400835a012e8363e6ea1840d9e8e158a.php 第 135 行.
NOTIC: [8] Undefined index: maxtime E:\wamp\www\meizushangchengtpnew\meizu\Runtime\Cache\Admin\400835a012e8363e6ea1840d9e8e158a.php 第 137 行.
NOTIC: [8] Undefined index: condition E:\wamp\www\meizushangchengtpnew\meizu\Runtime\Cache\Admin\400835a012e8363e6ea1840d9e8e158a.php 第 138 行.
INFO: Run Behavior\ParseTemplateBehavior [ RunTime:0.036002s ]
INFO: [ view_parse ] --END-- [ RunTime:0.037002s ]
INFO: [ view_filter ] --START--
INFO: Run Behavior\WriteHtmlCacheBehavior [ RunTime:0.000000s ]
INFO: [ view_filter ] --END-- [ RunTime:0.001000s ]
INFO: [ app_end ] --START--
INFO: Run Behavior\ShowPageTraceBehavior [ RunTime:0.001000s ]
INFO: [ app_end ] --END-- [ RunTime:0.001000s ]

[ 2016-08-13T16:39:06+08:00 ] ::1 /meizushangchengtpnew/index.php/admin/user/userlist.html
INFO: [ app_init ] --START--
INFO: Run Behavior\BuildLiteBehavior [ RunTime:0.000000s ]
INFO: [ app_init ] --END-- [ RunTime:0.001000s ]
INFO: [ app_begin ] --START--
INFO: Run Behavior\ReadHtmlCacheBehavior [ RunTime:0.000000s ]
INFO: [ app_begin ] --END-- [ RunTime:0.001000s ]
NOTIC: [8] Undefined index: timetype E:\wamp\www\meizushangchengtpnew\meizu\Admin\Controller\UserController.class.php 第 8 行.
SQL: select * from user where isadmin = 0 and status != -3 [ RunTime:0.0010s ]
SQL: select * from user where isadmin = 0 and status != -3 limit 0,5 [ RunTime:0.0010s ]
INFO: [ view_parse ] --START--
INFO: [ template_filter ] --START--
INFO: Run Behavior\ContentReplaceBehavior [ RunTime:0.000000s ]
INFO: [ template_filter ] --END-- [ RunTime:0.000000s ]
NOTIC: [8] Undefined index: timetype E:\wamp\www\meizushangchengtpnew\meizu\Runtime\Cache\Admin\400835a012e8363e6ea1840d9e8e158a.php 第 132 行.
NOTIC: [8] Undefined index: timetype E:\wamp\www\meizushangchengtpnew\meizu\Runtime\Cache\Admin\400835a012e8363e6ea1840d9e8e158a.php 第 133 行.
NOTIC: [8] Undefined index: mintime E:\wamp\www\meizushangchengtpnew\meizu\Runtime\Cache\Admin\400835a012e8363e6ea1840d9e8e158a.php 第 135 行.
NOTIC: [8] Undefined index: maxtime E:\wamp\www\meizushangchengtpnew\meizu\Runtime\Cache\Admin\400835a012e8363e6ea1840d9e8e158a.php 第 137 行.
NOTIC: [8] Undefined index: condition E:\wamp\www\meizushangchengtpnew\meizu\Runtime\Cache\Admin\400835a012e8363e6ea1840d9e8e158a.php 第 138 行.
INFO: Run Behavior\ParseTemplateBehavior [ RunTime:0.015001s ]
INFO: [ view_parse ] --END-- [ RunTime:0.015001s ]
INFO: [ view_filter ] --START--
INFO: Run Behavior\WriteHtmlCacheBehavior [ RunTime:0.000000s ]
INFO: [ view_filter ] --END-- [ RunTime:0.001000s ]
INFO: [ app_end ] --START--
INFO: Run Behavior\ShowPageTraceBehavior [ RunTime:0.001000s ]
INFO: [ app_end ] --END-- [ RunTime:0.001000s ]

[ 2016-08-13T16:39:07+08:00 ] ::1 /meizushangchengtpnew/index.php/admin/banner/index.html
INFO: [ app_init ] --START--
INFO: Run Behavior\BuildLiteBehavior [ RunTime:0.000000s ]
INFO: [ app_init ] --END-- [ RunTime:0.001000s ]
INFO: [ app_begin ] --START--
INFO: Run Behavior\ReadHtmlCacheBehavior [ RunTime:0.001000s ]
INFO: [ app_begin ] --END-- [ RunTime:0.001000s ]
SQL: select * from banner order by banner_id desc [ RunTime:0.0010s ]
INFO: [ view_parse ] --START--
INFO: [ template_filter ] --START--
INFO: Run Behavior\ContentReplaceBehavior [ RunTime:0.000000s ]
INFO: [ template_filter ] --END-- [ RunTime:0.000000s ]
INFO: Run Behavior\ParseTemplateBehavior [ RunTime:0.022001s ]
INFO: [ view_parse ] --END-- [ RunTime:0.022001s ]
INFO: [ view_filter ] --START--
INFO: Run Behavior\WriteHtmlCacheBehavior [ RunTime:0.001000s ]
INFO: [ view_filter ] --END-- [ RunTime:0.001000s ]
INFO: [ app_end ] --START--
INFO: Run Behavior\ShowPageTraceBehavior [ RunTime:0.000000s ]
INFO: [ app_end ] --END-- [ RunTime:0.000000s ]

[ 2016-08-13T16:39:07+08:00 ] ::1 /meizushangchengtpnew/index.php/admin/banner/index.html
INFO: [ app_init ] --START--
INFO: Run Behavior\BuildLiteBehavior [ RunTime:0.000000s ]
INFO: [ app_init ] --END-- [ RunTime:0.001000s ]
INFO: [ app_begin ] --START--
INFO: Run Behavior\ReadHtmlCacheBehavior [ RunTime:0.001000s ]
INFO: [ app_begin ] --END-- [ RunTime:0.001000s ]
SQL: select * from banner order by banner_id desc [ RunTime:0.0000s ]
INFO: [ view_parse ] --START--
INFO: [ template_filter ] --START--
INFO: Run Behavior\ContentReplaceBehavior [ RunTime:0.000000s ]
INFO: [ template_filter ] --END-- [ RunTime:0.001000s ]
INFO: Run Behavior\ParseTemplateBehavior [ RunTime:0.013001s ]
INFO: [ view_parse ] --END-- [ RunTime:0.013001s ]
INFO: [ view_filter ] --START--
INFO: Run Behavior\WriteHtmlCacheBehavior [ RunTime:0.001000s ]
INFO: [ view_filter ] --END-- [ RunTime:0.001000s ]
INFO: [ app_end ] --START--
INFO: Run Behavior\ShowPageTraceBehavior [ RunTime:0.001000s ]
INFO: [ app_end ] --END-- [ RunTime:0.002000s ]

[ 2016-08-13T16:39:08+08:00 ] ::1 /meizushangchengtpnew/index.php/admin/order/index.html
INFO: [ app_init ] --START--
INFO: Run Behavior\BuildLiteBehavior [ RunTime:0.001000s ]
INFO: [ app_init ] --END-- [ RunTime:0.001000s ]
INFO: [ app_begin ] --START--
INFO: Run Behavior\ReadHtmlCacheBehavior [ RunTime:0.001000s ]
INFO: [ app_begin ] --END-- [ RunTime:0.001000s ]
SQL: select * from orders  order by order_time desc [ RunTime:0.0000s ]
SQL: select * from orders  order by order_time desc limit 0,5 [ RunTime:0.0010s ]
SQL: select username from user where uid = 12 [ RunTime:0.0000s ]
SQL: select username from user where uid = 11 [ RunTime:0.0010s ]
SQL: select username from user where uid = 11 [ RunTime:0.0000s ]
SQL: select username from user where uid = 32 [ RunTime:0.0000s ]
SQL: select username from user where uid = 11 [ RunTime:0.0000s ]
INFO: [ view_parse ] --START--
INFO: [ template_filter ] --START--
INFO: Run Behavior\ContentReplaceBehavior [ RunTime:0.000000s ]
INFO: [ template_filter ] --END-- [ RunTime:0.000000s ]
INFO: Run Behavior\ParseTemplateBehavior [ RunTime:0.047002s ]
INFO: [ view_parse ] --END-- [ RunTime:0.047002s ]
INFO: [ view_filter ] --START--
INFO: Run Behavior\WriteHtmlCacheBehavior [ RunTime:0.001000s ]
INFO: [ view_filter ] --END-- [ RunTime:0.001000s ]
INFO: [ app_end ] --START--
INFO: Run Behavior\ShowPageTraceBehavior [ RunTime:0.001000s ]
INFO: [ app_end ] --END-- [ RunTime:0.001000s ]

[ 2016-08-13T16:39:08+08:00 ] ::1 /meizushangchengtpnew/index.php/admin/order/index.html
INFO: [ app_init ] --START--
INFO: Run Behavior\BuildLiteBehavior [ RunTime:0.000000s ]
INFO: [ app_init ] --END-- [ RunTime:0.001001s ]
INFO: [ app_begin ] --START--
INFO: Run Behavior\ReadHtmlCacheBehavior [ RunTime:0.002000s ]
INFO: [ app_begin ] --END-- [ RunTime:0.002000s ]
SQL: select * from orders  order by order_time desc [ RunTime:0.0000s ]
SQL: select * from orders  order by order_time desc limit 0,5 [ RunTime:0.0010s ]
SQL: select username from user where uid = 12 [ RunTime:0.0000s ]
SQL: select username from user where uid = 11 [ RunTime:0.0000s ]
SQL: select username from user where uid = 11 [ RunTime:0.0000s ]
SQL: select username from user where uid = 32 [ RunTime:0.0000s ]
SQL: select username from user where uid = 11 [ RunTime:0.0000s ]
INFO: [ view_parse ] --START--
INFO: [ template_filter ] --START--
INFO: Run Behavior\ContentReplaceBehavior [ RunTime:0.001000s ]
INFO: [ template_filter ] --END-- [ RunTime:0.001000s ]
INFO: Run Behavior\ParseTemplateBehavior [ RunTime:0.016001s ]
INFO: [ view_parse ] --END-- [ RunTime:0.016001s ]
INFO: [ view_filter ] --START--
INFO: Run Behavior\WriteHtmlCacheBehavior [ RunTime:0.001000s ]
INFO: [ view_filter ] --END-- [ RunTime:0.001000s ]
INFO: [ app_end ] --START--
INFO: Run Behavior\ShowPageTraceBehavior [ RunTime:0.001000s ]
INFO: [ app_end ] --END-- [ RunTime:0.001000s ]

[ 2016-08-13T16:39:11+08:00 ] ::1 /meizushangchengtpnew/index.php/admin/order/index.html
INFO: [ app_init ] --START--
INFO: Run Behavior\BuildLiteBehavior [ RunTime:0.000000s ]
INFO: [ app_init ] --END-- [ RunTime:0.001000s ]
INFO: [ app_begin ] --START--
INFO: Run Behavior\ReadHtmlCacheBehavior [ RunTime:0.001000s ]
INFO: [ app_begin ] --END-- [ RunTime:0.001000s ]
SQL: select * from orders  order by order_time desc [ RunTime:0.0010s ]
SQL: select * from orders  order by order_time desc limit 0,5 [ RunTime:0.0000s ]
SQL: select username from user where uid = 12 [ RunTime:0.0000s ]
SQL: select username from user where uid = 11 [ RunTime:0.0000s ]
SQL: select username from user where uid = 11 [ RunTime:0.0000s ]
SQL: select username from user where uid = 32 [ RunTime:0.0000s ]
SQL: select username from user where uid = 11 [ RunTime:0.0000s ]
INFO: [ view_parse ] --START--
INFO: [ template_filter ] --START--
INFO: Run Behavior\ContentReplaceBehavior [ RunTime:0.000000s ]
INFO: [ template_filter ] --END-- [ RunTime:0.000000s ]
INFO: Run Behavior\ParseTemplateBehavior [ RunTime:0.013001s ]
INFO: [ view_parse ] --END-- [ RunTime:0.013001s ]
INFO: [ view_filter ] --START--
INFO: Run Behavior\WriteHtmlCacheBehavior [ RunTime:0.001000s ]
INFO: [ view_filter ] --END-- [ RunTime:0.001000s ]
INFO: [ app_end ] --START--
INFO: Run Behavior\ShowPageTraceBehavior [ RunTime:0.001000s ]
INFO: [ app_end ] --END-- [ RunTime:0.001000s ]

[ 2016-08-13T16:39:16+08:00 ] ::1 /meizushangchengtpnew/index.php/admin/order/send/orderid/35.html
INFO: [ app_init ] --START--
INFO: Run Behavior\BuildLiteBehavior [ RunTime:0.000000s ]
INFO: [ app_init ] --END-- [ RunTime:0.001000s ]
INFO: [ app_begin ] --START--
INFO: Run Behavior\ReadHtmlCacheBehavior [ RunTime:0.001000s ]
INFO: [ app_begin ] --END-- [ RunTime:0.001000s ]
SQL: update orders set status = 2 where order_id = '35' [ RunTime:0.0000s ]
INFO: [ view_parse ] --START--
INFO: [ template_filter ] --START--
INFO: Run Behavior\ContentReplaceBehavior [ RunTime:0.000000s ]
INFO: [ template_filter ] --END-- [ RunTime:0.000000s ]
INFO: Run Behavior\ParseTemplateBehavior [ RunTime:0.006001s ]
INFO: [ view_parse ] --END-- [ RunTime:0.006001s ]
INFO: [ view_filter ] --START--
INFO: Run Behavior\WriteHtmlCacheBehavior [ RunTime:0.000000s ]
INFO: [ view_filter ] --END-- [ RunTime:0.000000s ]
INFO: [ app_end ] --START--
INFO: Run Behavior\ShowPageTraceBehavior [ RunTime:0.000000s ]
INFO: [ app_end ] --END-- [ RunTime:0.001000s ]

[ 2016-08-13T16:39:18+08:00 ] ::1 /meizushangchengtpnew/index.php/admin/order/index.html
INFO: [ app_init ] --START--
INFO: Run Behavior\BuildLiteBehavior [ RunTime:0.000000s ]
INFO: [ app_init ] --END-- [ RunTime:0.000000s ]
INFO: [ app_begin ] --START--
INFO: Run Behavior\ReadHtmlCacheBehavior [ RunTime:0.001000s ]
INFO: [ app_begin ] --END-- [ RunTime:0.001000s ]
SQL: select * from orders  order by order_time desc [ RunTime:0.0000s ]
SQL: select * from orders  order by order_time desc limit 0,5 [ RunTime:0.0000s ]
SQL: select username from user where uid = 12 [ RunTime:0.0020s ]
SQL: select username from user where uid = 11 [ RunTime:0.0010s ]
SQL: select username from user where uid = 11 [ RunTime:0.0000s ]
SQL: select username from user where uid = 32 [ RunTime:0.0010s ]
SQL: select username from user where uid = 11 [ RunTime:0.0000s ]
INFO: [ view_parse ] --START--
INFO: [ template_filter ] --START--
INFO: Run Behavior\ContentReplaceBehavior [ RunTime:0.000000s ]
INFO: [ template_filter ] --END-- [ RunTime:0.000000s ]
INFO: Run Behavior\ParseTemplateBehavior [ RunTime:0.012000s ]
INFO: [ view_parse ] --END-- [ RunTime:0.012000s ]
INFO: [ view_filter ] --START--
INFO: Run Behavior\WriteHtmlCacheBehavior [ RunTime:0.001000s ]
INFO: [ view_filter ] --END-- [ RunTime:0.001000s ]
INFO: [ app_end ] --START--
INFO: Run Behavior\ShowPageTraceBehavior [ RunTime:0.002000s ]
INFO: [ app_end ] --END-- [ RunTime:0.002000s ]

[ 2016-08-13T16:39:31+08:00 ] ::1 /meizushangchengtpnew/index.php/admin/order/send/orderid/34.html
INFO: [ app_init ] --START--
INFO: Run Behavior\BuildLiteBehavior [ RunTime:0.000000s ]
INFO: [ app_init ] --END-- [ RunTime:0.000000s ]
INFO: [ app_begin ] --START--
INFO: Run Behavior\ReadHtmlCacheBehavior [ RunTime:0.000000s ]
INFO: [ app_begin ] --END-- [ RunTime:0.000000s ]
SQL: update orders set status = 2 where order_id = '34' [ RunTime:0.0010s ]
INFO: [ view_parse ] --START--
INFO: [ template_filter ] --START--
INFO: Run Behavior\ContentReplaceBehavior [ RunTime:0.000000s ]
INFO: [ template_filter ] --END-- [ RunTime:0.000000s ]
INFO: Run Behavior\ParseTemplateBehavior [ RunTime:0.006000s ]
INFO: [ view_parse ] --END-- [ RunTime:0.006000s ]
INFO: [ view_filter ] --START--
INFO: Run Behavior\WriteHtmlCacheBehavior [ RunTime:0.000000s ]
INFO: [ view_filter ] --END-- [ RunTime:0.001000s ]
INFO: [ app_end ] --START--
INFO: Run Behavior\ShowPageTraceBehavior [ RunTime:0.001000s ]
INFO: [ app_end ] --END-- [ RunTime:0.001000s ]

[ 2016-08-13T16:39:32+08:00 ] ::1 /meizushangchengtpnew/index.php/admin/order/index.html
INFO: [ app_init ] --START--
INFO: Run Behavior\BuildLiteBehavior [ RunTime:0.000000s ]
INFO: [ app_init ] --END-- [ RunTime:0.001000s ]
INFO: [ app_begin ] --START--
INFO: Run Behavior\ReadHtmlCacheBehavior [ RunTime:0.001000s ]
INFO: [ app_begin ] --END-- [ RunTime:0.002001s ]
SQL: select * from orders  order by order_time desc [ RunTime:0.0000s ]
SQL: select * from orders  order by order_time desc limit 0,5 [ RunTime:0.0010s ]
SQL: select username from user where uid = 12 [ RunTime:0.0010s ]
SQL: select username from user where uid = 11 [ RunTime:0.0010s ]
SQL: select username from user where uid = 11 [ RunTime:0.0000s ]
SQL: select username from user where uid = 32 [ RunTime:0.0010s ]
SQL: select username from user where uid = 11 [ RunTime:0.0000s ]
INFO: [ view_parse ] --START--
INFO: [ template_filter ] --START--
INFO: Run Behavior\ContentReplaceBehavior [ RunTime:0.001000s ]
INFO: [ template_filter ] --END-- [ RunTime:0.001000s ]
INFO: Run Behavior\ParseTemplateBehavior [ RunTime:0.013000s ]
INFO: [ view_parse ] --END-- [ RunTime:0.013000s ]
INFO: [ view_filter ] --START--
INFO: Run Behavior\WriteHtmlCacheBehavior [ RunTime:0.001001s ]
INFO: [ view_filter ] --END-- [ RunTime:0.001001s ]
INFO: [ app_end ] --START--
INFO: Run Behavior\ShowPageTraceBehavior [ RunTime:0.001000s ]
INFO: [ app_end ] --END-- [ RunTime:0.001000s ]

[ 2016-08-13T16:40:13+08:00 ] ::1 /meizushangchengtpnew/index.php/admin/order/index.html
INFO: [ app_init ] --START--
INFO: Run Behavior\BuildLiteBehavior [ RunTime:0.000000s ]
INFO: [ app_init ] --END-- [ RunTime:0.001000s ]
INFO: [ app_begin ] --START--
INFO: Run Behavior\ReadHtmlCacheBehavior [ RunTime:0.000000s ]
INFO: [ app_begin ] --END-- [ RunTime:0.000000s ]
SQL: select * from orders  order by order_time desc [ RunTime:0.0000s ]
SQL: select * from orders  order by order_time desc limit 0,5 [ RunTime:0.0000s ]
SQL: select username from user where uid = 12 [ RunTime:0.0000s ]
SQL: select username from user where uid = 11 [ RunTime:0.0000s ]
SQL: select username from user where uid = 11 [ RunTime:0.0000s ]
SQL: select username from user where uid = 32 [ RunTime:0.0000s ]
SQL: select username from user where uid = 11 [ RunTime:0.0000s ]
INFO: [ view_parse ] --START--
INFO: [ template_filter ] --START--
INFO: Run Behavior\ContentReplaceBehavior [ RunTime:0.000000s ]
INFO: [ template_filter ] --END-- [ RunTime:0.000000s ]
INFO: Run Behavior\ParseTemplateBehavior [ RunTime:0.012001s ]
INFO: [ view_parse ] --END-- [ RunTime:0.012001s ]
INFO: [ view_filter ] --START--
INFO: Run Behavior\WriteHtmlCacheBehavior [ RunTime:0.001000s ]
INFO: [ view_filter ] --END-- [ RunTime:0.001000s ]
INFO: [ app_end ] --START--
INFO: Run Behavior\ShowPageTraceBehavior [ RunTime:0.001000s ]
INFO: [ app_end ] --END-- [ RunTime:0.001000s ]

[ 2016-08-13T16:40:28+08:00 ] ::1 /meizushangchengtpnew/index.php/admin/order/orderdetail/orderid/35.html
INFO: [ app_init ] --START--
INFO: Run Behavior\BuildLiteBehavior [ RunTime:0.000000s ]
INFO: [ app_init ] --END-- [ RunTime:0.002001s ]
INFO: [ app_begin ] --START--
INFO: Run Behavior\ReadHtmlCacheBehavior [ RunTime:0.001000s ]
INFO: [ app_begin ] --END-- [ RunTime:0.001000s ]
SQL: select * from orders where order_id = '35'  order by order_time desc [ RunTime:0.0000s ]
SQL: select t1.*,t2.*,t3.good_name,t3.good_pic from order_sku t1 left join shop_goods_list t2 on t1.gdlist_id = t2.good_listid left join shop_goods t3 on t1.good_id = t3.good_id where t1.order_id = '35' [ RunTime:0.0010s ]
SQL: select good_attr_value from shop_goods_attr where good_attr_id='93' [ RunTime:0.0000s ]
SQL: select username from user where uid = 12 [ RunTime:0.0010s ]
INFO: [ view_parse ] --START--
INFO: [ template_filter ] --START--
INFO: Run Behavior\ContentReplaceBehavior [ RunTime:0.000000s ]
INFO: [ template_filter ] --END-- [ RunTime:0.001000s ]
INFO: Run Behavior\ParseTemplateBehavior [ RunTime:0.034001s ]
INFO: [ view_parse ] --END-- [ RunTime:0.034001s ]
INFO: [ view_filter ] --START--
INFO: Run Behavior\WriteHtmlCacheBehavior [ RunTime:0.001001s ]
INFO: [ view_filter ] --END-- [ RunTime:0.001001s ]
INFO: [ app_end ] --START--
INFO: Run Behavior\ShowPageTraceBehavior [ RunTime:0.000000s ]
INFO: [ app_end ] --END-- [ RunTime:0.000000s ]

[ 2016-08-13T16:46:11+08:00 ] ::1 /meizushangchengtpnew/index.php/Admin/Order/index/p/3.html
INFO: [ app_init ] --START--
INFO: Run Behavior\BuildLiteBehavior [ RunTime:0.001000s ]
INFO: [ app_init ] --END-- [ RunTime:0.001000s ]
INFO: [ app_begin ] --START--
INFO: Run Behavior\ReadHtmlCacheBehavior [ RunTime:0.001000s ]
INFO: [ app_begin ] --END-- [ RunTime:0.001000s ]
SQL: select * from orders  order by order_time desc [ RunTime:0.0000s ]
SQL: select * from orders  order by order_time desc limit 10,5 [ RunTime:0.0000s ]
SQL: select username from user where uid = 11 [ RunTime:0.0000s ]
INFO: [ view_parse ] --START--
INFO: [ template_filter ] --START--
INFO: Run Behavior\ContentReplaceBehavior [ RunTime:0.000000s ]
INFO: [ template_filter ] --END-- [ RunTime:0.000000s ]
INFO: Run Behavior\ParseTemplateBehavior [ RunTime:0.009001s ]
INFO: [ view_parse ] --END-- [ RunTime:0.009001s ]
INFO: [ view_filter ] --START--
INFO: Run Behavior\WriteHtmlCacheBehavior [ RunTime:0.001000s ]
INFO: [ view_filter ] --END-- [ RunTime:0.001000s ]
INFO: [ app_end ] --START--
INFO: Run Behavior\ShowPageTraceBehavior [ RunTime:0.000000s ]
INFO: [ app_end ] --END-- [ RunTime:0.000000s ]

[ 2016-08-13T16:46:12+08:00 ] ::1 /meizushangchengtpnew/index.php/Admin/Order/index/p/1.html
INFO: [ app_init ] --START--
INFO: Run Behavior\BuildLiteBehavior [ RunTime:0.000000s ]
INFO: [ app_init ] --END-- [ RunTime:0.001000s ]
INFO: [ app_begin ] --START--
INFO: Run Behavior\ReadHtmlCacheBehavior [ RunTime:0.000000s ]
INFO: [ app_begin ] --END-- [ RunTime:0.000000s ]
SQL: select * from orders  order by order_time desc [ RunTime:0.0000s ]
SQL: select * from orders  order by order_time desc limit 0,5 [ RunTime:0.0000s ]
SQL: select username from user where uid = 12 [ RunTime:0.0000s ]
SQL: select username from user where uid = 11 [ RunTime:0.0010s ]
SQL: select username from user where uid = 11 [ RunTime:0.0000s ]
SQL: select username from user where uid = 32 [ RunTime:0.0000s ]
SQL: select username from user where uid = 11 [ RunTime:0.0010s ]
INFO: [ view_parse ] --START--
INFO: [ template_filter ] --START--
INFO: Run Behavior\ContentReplaceBehavior [ RunTime:0.000000s ]
INFO: [ template_filter ] --END-- [ RunTime:0.000000s ]
INFO: Run Behavior\ParseTemplateBehavior [ RunTime:0.012000s ]
INFO: [ view_parse ] --END-- [ RunTime:0.012000s ]
INFO: [ view_filter ] --START--
INFO: Run Behavior\WriteHtmlCacheBehavior [ RunTime:0.000000s ]
INFO: [ view_filter ] --END-- [ RunTime:0.000000s ]
INFO: [ app_end ] --START--
INFO: Run Behavior\ShowPageTraceBehavior [ RunTime:0.001000s ]
INFO: [ app_end ] --END-- [ RunTime:0.001000s ]

[ 2016-08-13T16:46:33+08:00 ] ::1 /meizushangchengtpnew/index.php/admin/order/orderdetail/orderid/32.html
INFO: [ app_init ] --START--
INFO: Run Behavior\BuildLiteBehavior [ RunTime:0.000000s ]
INFO: [ app_init ] --END-- [ RunTime:0.000000s ]
INFO: [ app_begin ] --START--
INFO: Run Behavior\ReadHtmlCacheBehavior [ RunTime:0.000000s ]
INFO: [ app_begin ] --END-- [ RunTime:0.000000s ]
SQL: select * from orders where order_id = '32'  order by order_time desc [ RunTime:0.0010s ]
SQL: select t1.*,t2.*,t3.good_name,t3.good_pic from order_sku t1 left join shop_goods_list t2 on t1.gdlist_id = t2.good_listid left join shop_goods t3 on t1.good_id = t3.good_id where t1.order_id = '32' [ RunTime:0.0010s ]
SQL: select good_attr_value from shop_goods_attr where good_attr_id='19' [ RunTime:0.0010s ]
SQL: select good_attr_value from shop_goods_attr where good_attr_id='20' [ RunTime:0.0000s ]
SQL: select good_attr_value from shop_goods_attr where good_attr_id='22' [ RunTime:0.0010s ]
SQL: select good_attr_value from shop_goods_attr where good_attr_id='19' [ RunTime:0.0010s ]
SQL: select good_attr_value from shop_goods_attr where good_attr_id='20' [ RunTime:0.0010s ]
SQL: select good_attr_value from shop_goods_attr where good_attr_id='23' [ RunTime:0.0000s ]
SQL: select username from user where uid = 32 [ RunTime:0.0000s ]
INFO: [ view_parse ] --START--
INFO: [ template_filter ] --START--
INFO: Run Behavior\ContentReplaceBehavior [ RunTime:0.001000s ]
INFO: [ template_filter ] --END-- [ RunTime:0.001000s ]
INFO: Run Behavior\ParseTemplateBehavior [ RunTime:0.008001s ]
INFO: [ view_parse ] --END-- [ RunTime:0.009001s ]
INFO: [ view_filter ] --START--
INFO: Run Behavior\WriteHtmlCacheBehavior [ RunTime:0.000000s ]
INFO: [ view_filter ] --END-- [ RunTime:0.000000s ]
INFO: [ app_end ] --START--
INFO: Run Behavior\ShowPageTraceBehavior [ RunTime:0.001000s ]
INFO: [ app_end ] --END-- [ RunTime:0.001000s ]

[ 2016-08-13T16:46:41+08:00 ] ::1 /meizushangchengtpnew/index.php/admin/order/orderdetail/orderid/34.html
INFO: [ app_init ] --START--
INFO: Run Behavior\BuildLiteBehavior [ RunTime:0.000000s ]
INFO: [ app_init ] --END-- [ RunTime:0.000000s ]
INFO: [ app_begin ] --START--
INFO: Run Behavior\ReadHtmlCacheBehavior [ RunTime:0.000000s ]
INFO: [ app_begin ] --END-- [ RunTime:0.001000s ]
SQL: select * from orders where order_id = '34'  order by order_time desc [ RunTime:0.0010s ]
SQL: select t1.*,t2.*,t3.good_name,t3.good_pic from order_sku t1 left join shop_goods_list t2 on t1.gdlist_id = t2.good_listid left join shop_goods t3 on t1.good_id = t3.good_id where t1.order_id = '34' [ RunTime:0.0000s ]
SQL: select good_attr_value from shop_goods_attr where good_attr_id='91' [ RunTime:0.0000s ]
SQL: select username from user where uid = 11 [ RunTime:0.0010s ]
INFO: [ view_parse ] --START--
INFO: [ template_filter ] --START--
INFO: Run Behavior\ContentReplaceBehavior [ RunTime:0.000000s ]
INFO: [ template_filter ] --END-- [ RunTime:0.000000s ]
INFO: Run Behavior\ParseTemplateBehavior [ RunTime:0.009000s ]
INFO: [ view_parse ] --END-- [ RunTime:0.009000s ]
INFO: [ view_filter ] --START--
INFO: Run Behavior\WriteHtmlCacheBehavior [ RunTime:0.001000s ]
INFO: [ view_filter ] --END-- [ RunTime:0.001000s ]
INFO: [ app_end ] --START--
INFO: Run Behavior\ShowPageTraceBehavior [ RunTime:0.000000s ]
INFO: [ app_end ] --END-- [ RunTime:0.001000s ]

[ 2016-08-13T16:46:43+08:00 ] ::1 /meizushangchengtpnew/index.php/admin/order/orderdetail/orderid/32.html
INFO: [ app_init ] --START--
INFO: Run Behavior\BuildLiteBehavior [ RunTime:0.000000s ]
INFO: [ app_init ] --END-- [ RunTime:0.001000s ]
INFO: [ app_begin ] --START--
INFO: Run Behavior\ReadHtmlCacheBehavior [ RunTime:0.001000s ]
INFO: [ app_begin ] --END-- [ RunTime:0.001000s ]
SQL: select * from orders where order_id = '32'  order by order_time desc [ RunTime:0.0010s ]
SQL: select t1.*,t2.*,t3.good_name,t3.good_pic from order_sku t1 left join shop_goods_list t2 on t1.gdlist_id = t2.good_listid left join shop_goods t3 on t1.good_id = t3.good_id where t1.order_id = '32' [ RunTime:0.0000s ]
SQL: select good_attr_value from shop_goods_attr where good_attr_id='19' [ RunTime:0.0000s ]
SQL: select good_attr_value from shop_goods_attr where good_attr_id='20' [ RunTime:0.0010s ]
SQL: select good_attr_value from shop_goods_attr where good_attr_id='22' [ RunTime:0.0000s ]
SQL: select good_attr_value from shop_goods_attr where good_attr_id='19' [ RunTime:0.0010s ]
SQL: select good_attr_value from shop_goods_attr where good_attr_id='20' [ RunTime:0.0000s ]
SQL: select good_attr_value from shop_goods_attr where good_attr_id='23' [ RunTime:0.0000s ]
SQL: select username from user where uid = 32 [ RunTime:0.0000s ]
INFO: [ view_parse ] --START--
INFO: [ template_filter ] --START--
INFO: Run Behavior\ContentReplaceBehavior [ RunTime:0.000000s ]
INFO: [ template_filter ] --END-- [ RunTime:0.000000s ]
INFO: Run Behavior\ParseTemplateBehavior [ RunTime:0.013001s ]
INFO: [ view_parse ] --END-- [ RunTime:0.013001s ]
INFO: [ view_filter ] --START--
INFO: Run Behavior\WriteHtmlCacheBehavior [ RunTime:0.001000s ]
INFO: [ view_filter ] --END-- [ RunTime:0.002000s ]
INFO: [ app_end ] --START--
INFO: Run Behavior\ShowPageTraceBehavior [ RunTime:0.001000s ]
INFO: [ app_end ] --END-- [ RunTime:0.001000s ]

[ 2016-08-13T16:56:39+08:00 ] ::1 /meizushangchengtpnew/index.php/Admin/Order/index/p/2.html
INFO: [ app_init ] --START--
INFO: Run Behavior\BuildLiteBehavior [ RunTime:0.001000s ]
INFO: [ app_init ] --END-- [ RunTime:0.001000s ]
INFO: [ app_begin ] --START--
INFO: Run Behavior\ReadHtmlCacheBehavior [ RunTime:0.000000s ]
INFO: [ app_begin ] --END-- [ RunTime:0.000000s ]
SQL: select * from orders  order by order_time desc [ RunTime:0.0010s ]
SQL: select * from orders  order by order_time desc limit 5,5 [ RunTime:0.0010s ]
SQL: select username from user where uid = 11 [ RunTime:0.0000s ]
SQL: select username from user where uid = 11 [ RunTime:0.0000s ]
SQL: select username from user where uid = 11 [ RunTime:0.0000s ]
SQL: select username from user where uid = 11 [ RunTime:0.0010s ]
SQL: select username from user where uid = 11 [ RunTime:0.0000s ]
INFO: [ view_parse ] --START--
INFO: [ template_filter ] --START--
INFO: Run Behavior\ContentReplaceBehavior [ RunTime:0.000000s ]
INFO: [ template_filter ] --END-- [ RunTime:0.000000s ]
INFO: Run Behavior\ParseTemplateBehavior [ RunTime:0.012000s ]
INFO: [ view_parse ] --END-- [ RunTime:0.012000s ]
INFO: [ view_filter ] --START--
INFO: Run Behavior\WriteHtmlCacheBehavior [ RunTime:0.001000s ]
INFO: [ view_filter ] --END-- [ RunTime:0.001000s ]
INFO: [ app_end ] --START--
INFO: Run Behavior\ShowPageTraceBehavior [ RunTime:0.000000s ]
INFO: [ app_end ] --END-- [ RunTime:0.001000s ]

[ 2016-08-13T16:56:40+08:00 ] ::1 /meizushangchengtpnew/index.php/Admin/Order/index/p/3.html
INFO: [ app_init ] --START--
INFO: Run Behavior\BuildLiteBehavior [ RunTime:0.000000s ]
INFO: [ app_init ] --END-- [ RunTime:0.001000s ]
INFO: [ app_begin ] --START--
INFO: Run Behavior\ReadHtmlCacheBehavior [ RunTime:0.001000s ]
INFO: [ app_begin ] --END-- [ RunTime:0.001000s ]
SQL: select * from orders  order by order_time desc [ RunTime:0.0000s ]
SQL: select * from orders  order by order_time desc limit 10,5 [ RunTime:0.0000s ]
SQL: select username from user where uid = 11 [ RunTime:0.0000s ]
INFO: [ view_parse ] --START--
INFO: [ template_filter ] --START--
INFO: Run Behavior\ContentReplaceBehavior [ RunTime:0.000000s ]
INFO: [ template_filter ] --END-- [ RunTime:0.000000s ]
INFO: Run Behavior\ParseTemplateBehavior [ RunTime:0.009001s ]
INFO: [ view_parse ] --END-- [ RunTime:0.009001s ]
INFO: [ view_filter ] --START--
INFO: Run Behavior\WriteHtmlCacheBehavior [ RunTime:0.000000s ]
INFO: [ view_filter ] --END-- [ RunTime:0.000000s ]
INFO: [ app_end ] --START--
INFO: Run Behavior\ShowPageTraceBehavior [ RunTime:0.001000s ]
INFO: [ app_end ] --END-- [ RunTime:0.001000s ]

[ 2016-08-13T16:56:42+08:00 ] ::1 /meizushangchengtpnew/index.php/Admin/Order/index/p/1.html
INFO: [ app_init ] --START--
INFO: Run Behavior\BuildLiteBehavior [ RunTime:0.000000s ]
INFO: [ app_init ] --END-- [ RunTime:0.000000s ]
INFO: [ app_begin ] --START--
INFO: Run Behavior\ReadHtmlCacheBehavior [ RunTime:0.001000s ]
INFO: [ app_begin ] --END-- [ RunTime:0.001000s ]
SQL: select * from orders  order by order_time desc [ RunTime:0.0010s ]
SQL: select * from orders  order by order_time desc limit 0,5 [ RunTime:0.0000s ]
SQL: select username from user where uid = 12 [ RunTime:0.0000s ]
SQL: select username from user where uid = 11 [ RunTime:0.0000s ]
SQL: select username from user where uid = 11 [ RunTime:0.0010s ]
SQL: select username from user where uid = 32 [ RunTime:0.0000s ]
SQL: select username from user where uid = 11 [ RunTime:0.0000s ]
INFO: [ view_parse ] --START--
INFO: [ template_filter ] --START--
INFO: Run Behavior\ContentReplaceBehavior [ RunTime:0.000000s ]
INFO: [ template_filter ] --END-- [ RunTime:0.000000s ]
INFO: Run Behavior\ParseTemplateBehavior [ RunTime:0.011000s ]
INFO: [ view_parse ] --END-- [ RunTime:0.011000s ]
INFO: [ view_filter ] --START--
INFO: Run Behavior\WriteHtmlCacheBehavior [ RunTime:0.001000s ]
INFO: [ view_filter ] --END-- [ RunTime:0.001000s ]
INFO: [ app_end ] --START--
INFO: Run Behavior\ShowPageTraceBehavior [ RunTime:0.001000s ]
INFO: [ app_end ] --END-- [ RunTime:0.001000s ]

[ 2016-08-13T16:56:44+08:00 ] ::1 /meizushangchengtpnew/index.php/Admin/Order/index/p/2.html
INFO: [ app_init ] --START--
INFO: Run Behavior\BuildLiteBehavior [ RunTime:0.000000s ]
INFO: [ app_init ] --END-- [ RunTime:0.001000s ]
INFO: [ app_begin ] --START--
INFO: Run Behavior\ReadHtmlCacheBehavior [ RunTime:0.000000s ]
INFO: [ app_begin ] --END-- [ RunTime:0.001000s ]
SQL: select * from orders  order by order_time desc [ RunTime:0.0000s ]
SQL: select * from orders  order by order_time desc limit 5,5 [ RunTime:0.0000s ]
SQL: select username from user where uid = 11 [ RunTime:0.0000s ]
SQL: select username from user where uid = 11 [ RunTime:0.0000s ]
SQL: select username from user where uid = 11 [ RunTime:0.0000s ]
SQL: select username from user where uid = 11 [ RunTime:0.0000s ]
SQL: select username from user where uid = 11 [ RunTime:0.0000s ]
INFO: [ view_parse ] --START--
INFO: [ template_filter ] --START--
INFO: Run Behavior\ContentReplaceBehavior [ RunTime:0.000000s ]
INFO: [ template_filter ] --END-- [ RunTime:0.000000s ]
INFO: Run Behavior\ParseTemplateBehavior [ RunTime:0.015000s ]
INFO: [ view_parse ] --END-- [ RunTime:0.015000s ]
INFO: [ view_filter ] --START--
INFO: Run Behavior\WriteHtmlCacheBehavior [ RunTime:0.000000s ]
INFO: [ view_filter ] --END-- [ RunTime:0.000000s ]
INFO: [ app_end ] --START--
INFO: Run Behavior\ShowPageTraceBehavior [ RunTime:0.000000s ]
INFO: [ app_end ] --END-- [ RunTime:0.000000s ]

[ 2016-08-13T17:08:02+08:00 ] ::1 /meizushangchengtpnew/index.php/Admin/Order/index/p/3.html
INFO: [ app_init ] --START--
INFO: Run Behavior\BuildLiteBehavior [ RunTime:0.000000s ]
INFO: [ app_init ] --END-- [ RunTime:0.000000s ]
INFO: [ app_begin ] --START--
INFO: Run Behavior\ReadHtmlCacheBehavior [ RunTime:0.000000s ]
INFO: [ app_begin ] --END-- [ RunTime:0.001000s ]
SQL: select * from orders  order by order_time desc [ RunTime:0.0000s ]
SQL: select * from orders  order by order_time desc limit 10,5 [ RunTime:0.0000s ]
SQL: select username from user where uid = 11 [ RunTime:0.0000s ]
INFO: [ view_parse ] --START--
INFO: [ template_filter ] --START--
INFO: Run Behavior\ContentReplaceBehavior [ RunTime:0.000000s ]
INFO: [ template_filter ] --END-- [ RunTime:0.000000s ]
INFO: Run Behavior\ParseTemplateBehavior [ RunTime:0.009000s ]
INFO: [ view_parse ] --END-- [ RunTime:0.009000s ]
INFO: [ view_filter ] --START--
INFO: Run Behavior\WriteHtmlCacheBehavior [ RunTime:0.001000s ]
INFO: [ view_filter ] --END-- [ RunTime:0.001000s ]
INFO: [ app_end ] --START--
INFO: Run Behavior\ShowPageTraceBehavior [ RunTime:0.000000s ]
INFO: [ app_end ] --END-- [ RunTime:0.001000s ]

[ 2016-08-13T17:08:04+08:00 ] ::1 /meizushangchengtpnew/index.php/Admin/Order/index/p/1.html
INFO: [ app_init ] --START--
INFO: Run Behavior\BuildLiteBehavior [ RunTime:0.000000s ]
INFO: [ app_init ] --END-- [ RunTime:0.000000s ]
INFO: [ app_begin ] --START--
INFO: Run Behavior\ReadHtmlCacheBehavior [ RunTime:0.000000s ]
INFO: [ app_begin ] --END-- [ RunTime:0.000000s ]
SQL: select * from orders  order by order_time desc [ RunTime:0.0000s ]
SQL: select * from orders  order by order_time desc limit 0,5 [ RunTime:0.0010s ]
SQL: select username from user where uid = 12 [ RunTime:0.0000s ]
SQL: select username from user where uid = 11 [ RunTime:0.0010s ]
SQL: select username from user where uid = 11 [ RunTime:0.0000s ]
SQL: select username from user where uid = 32 [ RunTime:0.0000s ]
SQL: select username from user where uid = 11 [ RunTime:0.0000s ]
INFO: [ view_parse ] --START--
INFO: [ template_filter ] --START--
INFO: Run Behavior\ContentReplaceBehavior [ RunTime:0.001000s ]
INFO: [ template_filter ] --END-- [ RunTime:0.001000s ]
INFO: Run Behavior\ParseTemplateBehavior [ RunTime:0.012000s ]
INFO: [ view_parse ] --END-- [ RunTime:0.012000s ]
INFO: [ view_filter ] --START--
INFO: Run Behavior\WriteHtmlCacheBehavior [ RunTime:0.001000s ]
INFO: [ view_filter ] --END-- [ RunTime:0.001000s ]
INFO: [ app_end ] --START--
INFO: Run Behavior\ShowPageTraceBehavior [ RunTime:0.001000s ]
INFO: [ app_end ] --END-- [ RunTime:0.001000s ]

[ 2016-08-13T17:10:59+08:00 ] ::1 /meizushangchengtpnew/index.php/admin/banner/index.html
INFO: [ app_init ] --START--
INFO: Run Behavior\BuildLiteBehavior [ RunTime:0.000000s ]
INFO: [ app_init ] --END-- [ RunTime:0.001000s ]
INFO: [ app_begin ] --START--
INFO: Run Behavior\ReadHtmlCacheBehavior [ RunTime:0.001000s ]
INFO: [ app_begin ] --END-- [ RunTime:0.001000s ]
SQL: select * from banner order by banner_id desc [ RunTime:0.0010s ]
INFO: [ view_parse ] --START--
INFO: [ template_filter ] --START--
INFO: Run Behavior\ContentReplaceBehavior [ RunTime:0.000000s ]
INFO: [ template_filter ] --END-- [ RunTime:0.000000s ]
INFO: Run Behavior\ParseTemplateBehavior [ RunTime:0.011001s ]
INFO: [ view_parse ] --END-- [ RunTime:0.011001s ]
INFO: [ view_filter ] --START--
INFO: Run Behavior\WriteHtmlCacheBehavior [ RunTime:0.000000s ]
INFO: [ view_filter ] --END-- [ RunTime:0.001000s ]
INFO: [ app_end ] --START--
INFO: Run Behavior\ShowPageTraceBehavior [ RunTime:0.001000s ]
INFO: [ app_end ] --END-- [ RunTime:0.001000s ]

[ 2016-08-13T17:11:01+08:00 ] ::1 /meizushangchengtpnew/index.php/admin/shop/index.html
INFO: [ app_init ] --START--
INFO: Run Behavior\BuildLiteBehavior [ RunTime:0.000000s ]
INFO: [ app_init ] --END-- [ RunTime:0.001000s ]
INFO: [ app_begin ] --START--
INFO: Run Behavior\ReadHtmlCacheBehavior [ RunTime:0.000000s ]
INFO: [ app_begin ] --END-- [ RunTime:0.001000s ]
NOTIC: [8] Undefined index: cid E:\wamp\www\meizushangchengtpnew\meizu\Admin\Controller\ShopController.class.php 第 11 行.
SQL: select * from shop_goods t1 left join shop_category t2 on t1.cate_id = t2.cid order by  good_id desc [ RunTime:0.0010s ]
SQL: select * from shop_goods t1 left join shop_category t2 on t1.cate_id = t2.cid order by  good_id desc limit 0,5 [ RunTime:0.0010s ]
SQL: select count(good_listid) count from shop_goods_list where good_id='68' [ RunTime:0.0110s ]
SQL: select count(good_listid) count from shop_goods_list where good_id='67' [ RunTime:0.0000s ]
SQL: select count(good_listid) count from shop_goods_list where good_id='66' [ RunTime:0.0000s ]
SQL: select count(good_listid) count from shop_goods_list where good_id='65' [ RunTime:0.0000s ]
SQL: select count(good_listid) count from shop_goods_list where good_id='64' [ RunTime:0.0000s ]
SQL: select * from shop_category t1 left join shop_type t2 on t1.type_id = t2.type_id order by t1.sort asc [ RunTime:0.0360s ]
INFO: [ view_parse ] --START--
INFO: [ template_filter ] --START--
INFO: Run Behavior\ContentReplaceBehavior [ RunTime:0.000000s ]
INFO: [ template_filter ] --END-- [ RunTime:0.000000s ]
NOTIC: [8] Undefined index: cid E:\wamp\www\meizushangchengtpnew\meizu\Runtime\Cache\Admin\8595ca944caee70229fd2a300294a1fd.php 第 145 行.
NOTIC: [8] Undefined index: cid E:\wamp\www\meizushangchengtpnew\meizu\Runtime\Cache\Admin\8595ca944caee70229fd2a300294a1fd.php 第 145 行.
NOTIC: [8] Undefined index: cid E:\wamp\www\meizushangchengtpnew\meizu\Runtime\Cache\Admin\8595ca944caee70229fd2a300294a1fd.php 第 145 行.
NOTIC: [8] Undefined index: cid E:\wamp\www\meizushangchengtpnew\meizu\Runtime\Cache\Admin\8595ca944caee70229fd2a300294a1fd.php 第 145 行.
NOTIC: [8] Undefined index: cid E:\wamp\www\meizushangchengtpnew\meizu\Runtime\Cache\Admin\8595ca944caee70229fd2a300294a1fd.php 第 145 行.
NOTIC: [8] Undefined index: cid E:\wamp\www\meizushangchengtpnew\meizu\Runtime\Cache\Admin\8595ca944caee70229fd2a300294a1fd.php 第 145 行.
NOTIC: [8] Undefined index: cid E:\wamp\www\meizushangchengtpnew\meizu\Runtime\Cache\Admin\8595ca944caee70229fd2a300294a1fd.php 第 145 行.
NOTIC: [8] Undefined index: cid E:\wamp\www\meizushangchengtpnew\meizu\Runtime\Cache\Admin\8595ca944caee70229fd2a300294a1fd.php 第 145 行.
NOTIC: [8] Undefined index: cid E:\wamp\www\meizushangchengtpnew\meizu\Runtime\Cache\Admin\8595ca944caee70229fd2a300294a1fd.php 第 145 行.
NOTIC: [8] A non well formed numeric value encountered E:\wamp\www\meizushangchengtpnew\meizu\Runtime\Cache\Admin\8595ca944caee70229fd2a300294a1fd.php 第 170 行.
NOTIC: [8] A non well formed numeric value encountered E:\wamp\www\meizushangchengtpnew\meizu\Runtime\Cache\Admin\8595ca944caee70229fd2a300294a1fd.php 第 170 行.
NOTIC: [8] A non well formed numeric value encountered E:\wamp\www\meizushangchengtpnew\meizu\Runtime\Cache\Admin\8595ca944caee70229fd2a300294a1fd.php 第 170 行.
NOTIC: [8] A non well formed numeric value encountered E:\wamp\www\meizushangchengtpnew\meizu\Runtime\Cache\Admin\8595ca944caee70229fd2a300294a1fd.php 第 170 行.
NOTIC: [8] A non well formed numeric value encountered E:\wamp\www\meizushangchengtpnew\meizu\Runtime\Cache\Admin\8595ca944caee70229fd2a300294a1fd.php 第 170 行.
INFO: Run Behavior\ParseTemplateBehavior [ RunTime:0.045003s ]
INFO: [ view_parse ] --END-- [ RunTime:0.045003s ]
INFO: [ view_filter ] --START--
INFO: Run Behavior\WriteHtmlCacheBehavior [ RunTime:0.000000s ]
INFO: [ view_filter ] --END-- [ RunTime:0.001000s ]
INFO: [ app_end ] --START--
INFO: Run Behavior\ShowPageTraceBehavior [ RunTime:0.000000s ]
INFO: [ app_end ] --END-- [ RunTime:0.001000s ]

[ 2016-08-13T17:11:01+08:00 ] ::1 /meizushangchengtpnew/index.php/admin/shop/index.html
INFO: [ app_init ] --START--
INFO: Run Behavior\BuildLiteBehavior [ RunTime:0.000000s ]
INFO: [ app_init ] --END-- [ RunTime:0.000000s ]
INFO: [ app_begin ] --START--
INFO: Run Behavior\ReadHtmlCacheBehavior [ RunTime:0.000000s ]
INFO: [ app_begin ] --END-- [ RunTime:0.001000s ]
NOTIC: [8] Undefined index: cid E:\wamp\www\meizushangchengtpnew\meizu\Admin\Controller\ShopController.class.php 第 11 行.
SQL: select * from shop_goods t1 left join shop_category t2 on t1.cate_id = t2.cid order by  good_id desc [ RunTime:0.0000s ]
SQL: select * from shop_goods t1 left join shop_category t2 on t1.cate_id = t2.cid order by  good_id desc limit 0,5 [ RunTime:0.0000s ]
SQL: select count(good_listid) count from shop_goods_list where good_id='68' [ RunTime:0.0000s ]
SQL: select count(good_listid) count from shop_goods_list where good_id='67' [ RunTime:0.0000s ]
SQL: select count(good_listid) count from shop_goods_list where good_id='66' [ RunTime:0.0000s ]
SQL: select count(good_listid) count from shop_goods_list where good_id='65' [ RunTime:0.0000s ]
SQL: select count(good_listid) count from shop_goods_list where good_id='64' [ RunTime:0.0010s ]
SQL: select * from shop_category t1 left join shop_type t2 on t1.type_id = t2.type_id order by t1.sort asc [ RunTime:0.0010s ]
INFO: [ view_parse ] --START--
INFO: [ template_filter ] --START--
INFO: Run Behavior\ContentReplaceBehavior [ RunTime:0.000000s ]
INFO: [ template_filter ] --END-- [ RunTime:0.000000s ]
NOTIC: [8] Undefined index: cid E:\wamp\www\meizushangchengtpnew\meizu\Runtime\Cache\Admin\8595ca944caee70229fd2a300294a1fd.php 第 145 行.
NOTIC: [8] Undefined index: cid E:\wamp\www\meizushangchengtpnew\meizu\Runtime\Cache\Admin\8595ca944caee70229fd2a300294a1fd.php 第 145 行.
NOTIC: [8] Undefined index: cid E:\wamp\www\meizushangchengtpnew\meizu\Runtime\Cache\Admin\8595ca944caee70229fd2a300294a1fd.php 第 145 行.
NOTIC: [8] Undefined index: cid E:\wamp\www\meizushangchengtpnew\meizu\Runtime\Cache\Admin\8595ca944caee70229fd2a300294a1fd.php 第 145 行.
NOTIC: [8] Undefined index: cid E:\wamp\www\meizushangchengtpnew\meizu\Runtime\Cache\Admin\8595ca944caee70229fd2a300294a1fd.php 第 145 行.
NOTIC: [8] Undefined index: cid E:\wamp\www\meizushangchengtpnew\meizu\Runtime\Cache\Admin\8595ca944caee70229fd2a300294a1fd.php 第 145 行.
NOTIC: [8] Undefined index: cid E:\wamp\www\meizushangchengtpnew\meizu\Runtime\Cache\Admin\8595ca944caee70229fd2a300294a1fd.php 第 145 行.
NOTIC: [8] Undefined index: cid E:\wamp\www\meizushangchengtpnew\meizu\Runtime\Cache\Admin\8595ca944caee70229fd2a300294a1fd.php 第 145 行.
NOTIC: [8] Undefined index: cid E:\wamp\www\meizushangchengtpnew\meizu\Runtime\Cache\Admin\8595ca944caee70229fd2a300294a1fd.php 第 145 行.
NOTIC: [8] A non well formed numeric value encountered E:\wamp\www\meizushangchengtpnew\meizu\Runtime\Cache\Admin\8595ca944caee70229fd2a300294a1fd.php 第 170 行.
NOTIC: [8] A non well formed numeric value encountered E:\wamp\www\meizushangchengtpnew\meizu\Runtime\Cache\Admin\8595ca944caee70229fd2a300294a1fd.php 第 170 行.
NOTIC: [8] A non well formed numeric value encountered E:\wamp\www\meizushangchengtpnew\meizu\Runtime\Cache\Admin\8595ca944caee70229fd2a300294a1fd.php 第 170 行.
NOTIC: [8] A non well formed numeric value encountered E:\wamp\www\meizushangchengtpnew\meizu\Runtime\Cache\Admin\8595ca944caee70229fd2a300294a1fd.php 第 170 行.
NOTIC: [8] A non well formed numeric value encountered E:\wamp\www\meizushangchengtpnew\meizu\Runtime\Cache\Admin\8595ca944caee70229fd2a300294a1fd.php 第 170 行.
INFO: Run Behavior\ParseTemplateBehavior [ RunTime:0.015001s ]
INFO: [ view_parse ] --END-- [ RunTime:0.015001s ]
INFO: [ view_filter ] --START--
INFO: Run Behavior\WriteHtmlCacheBehavior [ RunTime:0.000000s ]
INFO: [ view_filter ] --END-- [ RunTime:0.000000s ]
INFO: [ app_end ] --START--
INFO: Run Behavior\ShowPageTraceBehavior [ RunTime:0.000000s ]
INFO: [ app_end ] --END-- [ RunTime:0.000000s ]

[ 2016-08-13T17:11:04+08:00 ] ::1 /meizushangchengtpnew/index.php/admin/shop/publishshop.html
INFO: [ app_init ] --START--
INFO: Run Behavior\BuildLiteBehavior [ RunTime:0.000000s ]
INFO: [ app_init ] --END-- [ RunTime:0.000000s ]
INFO: [ app_begin ] --START--
INFO: Run Behavior\ReadHtmlCacheBehavior [ RunTime:0.000000s ]
INFO: [ app_begin ] --END-- [ RunTime:0.000000s ]
SQL: select * from shop_category where pid = 0 [ RunTime:0.0010s ]
INFO: [ view_parse ] --START--
INFO: [ template_filter ] --START--
INFO: Run Behavior\ContentReplaceBehavior [ RunTime:0.000000s ]
INFO: [ template_filter ] --END-- [ RunTime:0.000000s ]
INFO: Run Behavior\ParseTemplateBehavior [ RunTime:0.032002s ]
INFO: [ view_parse ] --END-- [ RunTime:0.032002s ]
INFO: [ view_filter ] --START--
INFO: Run Behavior\WriteHtmlCacheBehavior [ RunTime:0.000000s ]
INFO: [ view_filter ] --END-- [ RunTime:0.001000s ]
INFO: [ app_end ] --START--
INFO: Run Behavior\ShowPageTraceBehavior [ RunTime:0.001000s ]
INFO: [ app_end ] --END-- [ RunTime:0.001000s ]

[ 2016-08-13T17:11:05+08:00 ] ::1 /meizushangchengtpnew/index.php/admin/shop/getthesoncate.html
INFO: [ app_init ] --START--
INFO: Run Behavior\BuildLiteBehavior [ RunTime:0.000000s ]
INFO: [ app_init ] --END-- [ RunTime:0.000000s ]
INFO: [ app_begin ] --START--
INFO: Run Behavior\ReadHtmlCacheBehavior [ RunTime:0.000000s ]
INFO: [ app_begin ] --END-- [ RunTime:0.001000s ]
SQL: select * from shop_category where pid = '30' [ RunTime:0.0010s ]

[ 2016-08-13T17:11:05+08:00 ] ::1 /meizushangchengtpnew/index.php/admin/shop/getthesoncate.html
INFO: [ app_init ] --START--
INFO: Run Behavior\BuildLiteBehavior [ RunTime:0.000000s ]
INFO: [ app_init ] --END-- [ RunTime:0.001000s ]
INFO: [ app_begin ] --START--
INFO: Run Behavior\ReadHtmlCacheBehavior [ RunTime:0.000000s ]
INFO: [ app_begin ] --END-- [ RunTime:0.000000s ]
SQL: select * from shop_category where pid = '28' [ RunTime:0.0010s ]

[ 2016-08-13T17:11:13+08:00 ] ::1 /meizushangchengtpnew/index.php/admin/shop/getthesoncate.html
INFO: [ app_init ] --START--
INFO: Run Behavior\BuildLiteBehavior [ RunTime:0.000000s ]
INFO: [ app_init ] --END-- [ RunTime:0.000000s ]
INFO: [ app_begin ] --START--
INFO: Run Behavior\ReadHtmlCacheBehavior [ RunTime:0.001000s ]
INFO: [ app_begin ] --END-- [ RunTime:0.001000s ]
SQL: select * from shop_category where pid = '1' [ RunTime:0.0000s ]
NOTIC: [8] Undefined variable: str E:\wamp\www\meizushangchengtpnew\meizu\Admin\Controller\ShopController.class.php 第 125 行.

[ 2016-08-13T17:11:13+08:00 ] ::1 /meizushangchengtpnew/index.php/admin/shop/getthesoncate.html
INFO: [ app_init ] --START--
INFO: Run Behavior\BuildLiteBehavior [ RunTime:0.000000s ]
INFO: [ app_init ] --END-- [ RunTime:0.000000s ]
INFO: [ app_begin ] --START--
INFO: Run Behavior\ReadHtmlCacheBehavior [ RunTime:0.000000s ]
INFO: [ app_begin ] --END-- [ RunTime:0.000000s ]
SQL: select * from shop_category where pid = '36' [ RunTime:0.0000s ]

[ 2016-08-13T17:11:14+08:00 ] ::1 /meizushangchengtpnew/index.php/admin/shop/getthesoncate.html
INFO: [ app_init ] --START--
INFO: Run Behavior\BuildLiteBehavior [ RunTime:0.000000s ]
INFO: [ app_init ] --END-- [ RunTime:0.001000s ]
INFO: [ app_begin ] --START--
INFO: Run Behavior\ReadHtmlCacheBehavior [ RunTime:0.000000s ]
INFO: [ app_begin ] --END-- [ RunTime:0.000000s ]
SQL: select * from shop_category where pid = '1' [ RunTime:0.0000s ]
NOTIC: [8] Undefined variable: str E:\wamp\www\meizushangchengtpnew\meizu\Admin\Controller\ShopController.class.php 第 125 行.

[ 2016-08-13T17:11:14+08:00 ] ::1 /meizushangchengtpnew/index.php/admin/shop/getthesecondsoncate.html
INFO: [ app_init ] --START--
INFO: Run Behavior\BuildLiteBehavior [ RunTime:0.000000s ]
INFO: [ app_init ] --END-- [ RunTime:0.001000s ]
INFO: [ app_begin ] --START--
INFO: Run Behavior\ReadHtmlCacheBehavior [ RunTime:0.000000s ]
INFO: [ app_begin ] --END-- [ RunTime:0.000000s ]
SQL: select * from shop_category where pid = '43' [ RunTime:0.0000s ]
NOTIC: [8] Undefined variable: str E:\wamp\www\meizushangchengtpnew\meizu\Admin\Controller\ShopController.class.php 第 155 行.

