[ 2016-08-05T08:56:03+08:00 ] ::1 /meizushangchengtpnew/index.php/admin/login/login
INFO: [ app_init ] --START--
INFO: Run Behavior\BuildLiteBehavior [ RunTime:0.000000s ]
INFO: [ app_init ] --END-- [ RunTime:0.001000s ]
INFO: [ app_begin ] --START--
INFO: Run Behavior\ReadHtmlCacheBehavior [ RunTime:0.001000s ]
INFO: [ app_begin ] --END-- [ RunTime:0.001000s ]
INFO: [ view_parse ] --START--
INFO: [ template_filter ] --START--
INFO: Run Behavior\ContentReplaceBehavior [ RunTime:0.000000s ]
INFO: [ template_filter ] --END-- [ RunTime:0.001001s ]
INFO: Run Behavior\ParseTemplateBehavior [ RunTime:0.020002s ]
INFO: [ view_parse ] --END-- [ RunTime:0.021002s ]
INFO: [ view_filter ] --START--
INFO: Run Behavior\WriteHtmlCacheBehavior [ RunTime:0.001000s ]
INFO: [ view_filter ] --END-- [ RunTime:0.001000s ]
INFO: [ app_end ] --START--
INFO: Run Behavior\ShowPageTraceBehavior [ RunTime:0.001000s ]
INFO: [ app_end ] --END-- [ RunTime:0.001000s ]

[ 2016-08-05T08:56:03+08:00 ] ::1 /meizushangchengtpnew/index.php/admin/login/lib/jquery.min.js
INFO: [ app_init ] --START--
INFO: Run Behavior\BuildLiteBehavior [ RunTime:0.001000s ]
INFO: [ app_init ] --END-- [ RunTime:0.001000s ]
INFO: [ app_begin ] --START--
INFO: Run Behavior\ReadHtmlCacheBehavior [ RunTime:0.000000s ]
INFO: [ app_begin ] --END-- [ RunTime:0.001000s ]
ERR: 非法操作:lib

[ 2016-08-05T08:56:03+08:00 ] ::1 /meizushangchengtpnew/index.php/admin/login/js/H-ui.js
INFO: [ app_init ] --START--
INFO: Run Behavior\BuildLiteBehavior [ RunTime:0.000000s ]
INFO: [ app_init ] --END-- [ RunTime:0.001000s ]
INFO: [ app_begin ] --START--
INFO: Run Behavior\ReadHtmlCacheBehavior [ RunTime:0.001000s ]
INFO: [ app_begin ] --END-- [ RunTime:0.001000s ]
ERR: 非法操作:js

[ 2016-08-05T08:56:03+08:00 ] ::1 /meizushangchengtpnew/index.php/admin/verify/buildVerify.html
INFO: [ app_init ] --START--
INFO: Run Behavior\BuildLiteBehavior [ RunTime:0.000000s ]
INFO: [ app_init ] --END-- [ RunTime:0.000000s ]
INFO: [ app_begin ] --START--
INFO: Run Behavior\ReadHtmlCacheBehavior [ RunTime:0.001000s ]
INFO: [ app_begin ] --END-- [ RunTime:0.001000s ]
INFO: [ app_end ] --START--
INFO: Run Behavior\ShowPageTraceBehavior [ RunTime:0.001000s ]
INFO: [ app_end ] --END-- [ RunTime:0.001000s ]

[ 2016-08-05T08:56:10+08:00 ] ::1 /meizushangchengtpnew/index.php/admin/Login/checkusername.html
INFO: [ app_init ] --START--
INFO: Run Behavior\BuildLiteBehavior [ RunTime:0.000000s ]
INFO: [ app_init ] --END-- [ RunTime:0.001000s ]
INFO: [ app_begin ] --START--
INFO: Run Behavior\ReadHtmlCacheBehavior [ RunTime:0.000000s ]
INFO: [ app_begin ] --END-- [ RunTime:0.000000s ]
SQL: select * from user where username = 'admin' and isadmin = 1 [ RunTime:0.0000s ]

[ 2016-08-05T08:56:10+08:00 ] ::1 /meizushangchengtpnew/index.php/admin/Login/checkpassword.html
INFO: [ app_init ] --START--
INFO: Run Behavior\BuildLiteBehavior [ RunTime:0.000000s ]
INFO: [ app_init ] --END-- [ RunTime:0.001000s ]
INFO: [ app_begin ] --START--
INFO: Run Behavior\ReadHtmlCacheBehavior [ RunTime:0.000000s ]
INFO: [ app_begin ] --END-- [ RunTime:0.001000s ]
SQL: select * from user where username = 'admin' and password = '21232f297a57a5a743894a0e4a801fc3' and isadmin = 1 [ RunTime:0.0000s ]

[ 2016-08-05T08:56:12+08:00 ] ::1 /meizushangchengtpnew/index.php/admin/verify/checkVerify.html
INFO: [ app_init ] --START--
INFO: Run Behavior\BuildLiteBehavior [ RunTime:0.000000s ]
INFO: [ app_init ] --END-- [ RunTime:0.001000s ]
INFO: [ app_begin ] --START--
INFO: Run Behavior\ReadHtmlCacheBehavior [ RunTime:0.000000s ]
INFO: [ app_begin ] --END-- [ RunTime:0.001000s ]

[ 2016-08-05T08:56:14+08:00 ] ::1 /meizushangchengtpnew/index.php/admin/login/allowlogin.html
INFO: [ app_init ] --START--
INFO: Run Behavior\BuildLiteBehavior [ RunTime:0.000000s ]
INFO: [ app_init ] --END-- [ RunTime:0.000000s ]
INFO: [ app_begin ] --START--
INFO: Run Behavior\ReadHtmlCacheBehavior [ RunTime:0.001000s ]
INFO: [ app_begin ] --END-- [ RunTime:0.001000s ]
SQL: select * from user where username = 'admin' and password = '21232f297a57a5a743894a0e4a801fc3' and isadmin = 1 [ RunTime:0.0000s ]
SQL: select title from auth_group t1 left join auth_group_access t2 on t1.id = t2.group_id where t2.uid = 12 [ RunTime:0.3740s ]
INFO: [ view_parse ] --START--
INFO: [ template_filter ] --START--
INFO: Run Behavior\ContentReplaceBehavior [ RunTime:0.000000s ]
INFO: [ template_filter ] --END-- [ RunTime:0.000000s ]
INFO: Run Behavior\ParseTemplateBehavior [ RunTime:0.008000s ]
INFO: [ view_parse ] --END-- [ RunTime:0.008000s ]
INFO: [ view_filter ] --START--
INFO: Run Behavior\WriteHtmlCacheBehavior [ RunTime:0.000000s ]
INFO: [ view_filter ] --END-- [ RunTime:0.000000s ]
INFO: [ app_end ] --START--
INFO: Run Behavior\ShowPageTraceBehavior [ RunTime:0.000000s ]
INFO: [ app_end ] --END-- [ RunTime:0.000000s ]

[ 2016-08-05T08:56:15+08:00 ] ::1 /meizushangchengtpnew/index.php/admin/index/index.html
INFO: [ app_init ] --START--
INFO: Run Behavior\BuildLiteBehavior [ RunTime:0.000000s ]
INFO: [ app_init ] --END-- [ RunTime:0.000000s ]
INFO: [ app_begin ] --START--
INFO: Run Behavior\ReadHtmlCacheBehavior [ RunTime:0.000000s ]
INFO: [ app_begin ] --END-- [ RunTime:0.001000s ]
INFO: [ view_parse ] --START--
INFO: [ template_filter ] --START--
INFO: Run Behavior\ContentReplaceBehavior [ RunTime:0.000000s ]
INFO: [ template_filter ] --END-- [ RunTime:0.000000s ]
INFO: Run Behavior\ParseTemplateBehavior [ RunTime:0.032002s ]
INFO: [ view_parse ] --END-- [ RunTime:0.032002s ]
INFO: [ view_filter ] --START--
INFO: Run Behavior\WriteHtmlCacheBehavior [ RunTime:0.000000s ]
INFO: [ view_filter ] --END-- [ RunTime:0.001000s ]
INFO: [ app_end ] --START--
INFO: Run Behavior\ShowPageTraceBehavior [ RunTime:0.001000s ]
INFO: [ app_end ] --END-- [ RunTime:0.001000s ]

[ 2016-08-05T08:56:15+08:00 ] ::1 /meizushangchengtpnew/index.php/admin/index/welcome.html
INFO: [ app_init ] --START--
INFO: Run Behavior\BuildLiteBehavior [ RunTime:0.000000s ]
INFO: [ app_init ] --END-- [ RunTime:0.001000s ]
INFO: [ app_begin ] --START--
INFO: Run Behavior\ReadHtmlCacheBehavior [ RunTime:0.000000s ]
INFO: [ app_begin ] --END-- [ RunTime:0.000000s ]
INFO: [ view_parse ] --START--
INFO: [ template_filter ] --START--
INFO: Run Behavior\ContentReplaceBehavior [ RunTime:0.000000s ]
INFO: [ template_filter ] --END-- [ RunTime:0.000000s ]
INFO: Run Behavior\ParseTemplateBehavior [ RunTime:0.035002s ]
INFO: [ view_parse ] --END-- [ RunTime:0.035002s ]
INFO: [ view_filter ] --START--
INFO: Run Behavior\WriteHtmlCacheBehavior [ RunTime:0.001000s ]
INFO: [ view_filter ] --END-- [ RunTime:0.001000s ]
INFO: [ app_end ] --START--
INFO: Run Behavior\ShowPageTraceBehavior [ RunTime:0.001000s ]
INFO: [ app_end ] --END-- [ RunTime:0.001000s ]

[ 2016-08-05T08:56:18+08:00 ] ::1 /meizushangchengtpnew/index.php/admin/shop/index.html
INFO: [ app_init ] --START--
INFO: Run Behavior\BuildLiteBehavior [ RunTime:0.000000s ]
INFO: [ app_init ] --END-- [ RunTime:0.001001s ]
INFO: [ app_begin ] --START--
INFO: Run Behavior\ReadHtmlCacheBehavior [ RunTime:0.001000s ]
INFO: [ app_begin ] --END-- [ RunTime:0.001000s ]
SQL: select * from shop_goods t1 left join shop_category t2 on t1.cate_id = t2.cid [ RunTime:0.0330s ]
SQL: select count(good_listid) count from shop_goods_list where good_id='31' [ RunTime:0.0000s ]
SQL: select count(good_listid) count from shop_goods_list where good_id='27' [ RunTime:0.0000s ]
SQL: select count(good_listid) count from shop_goods_list where good_id='26' [ RunTime:0.0010s ]
SQL: select count(good_listid) count from shop_goods_list where good_id='24' [ RunTime:0.0000s ]
SQL: select count(good_listid) count from shop_goods_list where good_id='25' [ RunTime:0.0000s ]
INFO: [ view_parse ] --START--
INFO: [ template_filter ] --START--
INFO: Run Behavior\ContentReplaceBehavior [ RunTime:0.000000s ]
INFO: [ template_filter ] --END-- [ RunTime:0.000000s ]
NOTIC: [8] A non well formed numeric value encountered E:\wamp\www\meizushangchengtpnew\meizu\Runtime\Cache\Admin\8595ca944caee70229fd2a300294a1fd.php 第 65 行.
NOTIC: [8] A non well formed numeric value encountered E:\wamp\www\meizushangchengtpnew\meizu\Runtime\Cache\Admin\8595ca944caee70229fd2a300294a1fd.php 第 65 行.
NOTIC: [8] A non well formed numeric value encountered E:\wamp\www\meizushangchengtpnew\meizu\Runtime\Cache\Admin\8595ca944caee70229fd2a300294a1fd.php 第 65 行.
NOTIC: [8] A non well formed numeric value encountered E:\wamp\www\meizushangchengtpnew\meizu\Runtime\Cache\Admin\8595ca944caee70229fd2a300294a1fd.php 第 65 行.
NOTIC: [8] A non well formed numeric value encountered E:\wamp\www\meizushangchengtpnew\meizu\Runtime\Cache\Admin\8595ca944caee70229fd2a300294a1fd.php 第 65 行.
INFO: Run Behavior\ParseTemplateBehavior [ RunTime:0.032002s ]
INFO: [ view_parse ] --END-- [ RunTime:0.032002s ]
INFO: [ view_filter ] --START--
INFO: Run Behavior\WriteHtmlCacheBehavior [ RunTime:0.001000s ]
INFO: [ view_filter ] --END-- [ RunTime:0.001000s ]
INFO: [ app_end ] --START--
INFO: Run Behavior\ShowPageTraceBehavior [ RunTime:0.001000s ]
INFO: [ app_end ] --END-- [ RunTime:0.001000s ]

[ 2016-08-05T08:56:19+08:00 ] ::1 /meizushangchengtpnew/index.php/admin/shop/shopskulist/good_id/31/type_id/3.html
INFO: [ app_init ] --START--
INFO: Run Behavior\BuildLiteBehavior [ RunTime:0.000000s ]
INFO: [ app_init ] --END-- [ RunTime:0.000000s ]
INFO: [ app_begin ] --START--
INFO: Run Behavior\ReadHtmlCacheBehavior [ RunTime:0.000000s ]
INFO: [ app_begin ] --END-- [ RunTime:0.001000s ]
SQL: select t1.*,t2.ispublish,t2.good_name,t2.create_time from shop_goods_list t1 left join shop_goods t2 on t1.good_id = t2.good_id where t1.good_id = 31 [ RunTime:0.0010s ]
SQL: select  good_attr_value from  shop_goods_attr where good_attr_id = 24 [ RunTime:0.0010s ]
NOTIC: [8] Undefined index: sku_detail E:\wamp\www\meizushangchengtpnew\meizu\Admin\Controller\ShopController.class.php 第 290 行.
SQL: select  good_attr_value from  shop_goods_attr where good_attr_id = 25 [ RunTime:0.0000s ]
NOTIC: [8] Undefined index: sku_detail E:\wamp\www\meizushangchengtpnew\meizu\Admin\Controller\ShopController.class.php 第 290 行.
INFO: [ view_parse ] --START--
INFO: [ template_filter ] --START--
INFO: Run Behavior\ContentReplaceBehavior [ RunTime:0.000000s ]
INFO: [ template_filter ] --END-- [ RunTime:0.000000s ]
INFO: Run Behavior\ParseTemplateBehavior [ RunTime:0.083005s ]
INFO: [ view_parse ] --END-- [ RunTime:0.084005s ]
INFO: [ view_filter ] --START--
INFO: Run Behavior\WriteHtmlCacheBehavior [ RunTime:0.000000s ]
INFO: [ view_filter ] --END-- [ RunTime:0.001000s ]
INFO: [ app_end ] --START--
INFO: Run Behavior\ShowPageTraceBehavior [ RunTime:0.000000s ]
INFO: [ app_end ] --END-- [ RunTime:0.000000s ]

[ 2016-08-05T08:56:27+08:00 ] ::1 /meizushangchengtpnew/index.php/admin/shop/deleteSkuImg/listid/21/good_id/31/type_id/3.html
INFO: [ app_init ] --START--
INFO: Run Behavior\BuildLiteBehavior [ RunTime:0.000000s ]
INFO: [ app_init ] --END-- [ RunTime:0.001000s ]
INFO: [ app_begin ] --START--
INFO: Run Behavior\ReadHtmlCacheBehavior [ RunTime:0.001000s ]
INFO: [ app_begin ] --END-- [ RunTime:0.001000s ]
SQL: update shop_goods_list set good_imgs = '' where good_listid = '21' [ RunTime:0.0010s ]
INFO: [ view_parse ] --START--
INFO: [ template_filter ] --START--
INFO: Run Behavior\ContentReplaceBehavior [ RunTime:0.022002s ]
INFO: [ template_filter ] --END-- [ RunTime:0.022002s ]
INFO: Run Behavior\ParseTemplateBehavior [ RunTime:0.028002s ]
INFO: [ view_parse ] --END-- [ RunTime:0.028002s ]
INFO: [ view_filter ] --START--
INFO: Run Behavior\WriteHtmlCacheBehavior [ RunTime:0.000000s ]
INFO: [ view_filter ] --END-- [ RunTime:0.001000s ]
INFO: [ app_end ] --START--
INFO: Run Behavior\ShowPageTraceBehavior [ RunTime:0.001000s ]
INFO: [ app_end ] --END-- [ RunTime:0.001000s ]

[ 2016-08-05T08:56:28+08:00 ] ::1 /meizushangchengtpnew/index.php/admin/shop/shopskulist/good_id/31/type_id/3.html
INFO: [ app_init ] --START--
INFO: Run Behavior\BuildLiteBehavior [ RunTime:0.000000s ]
INFO: [ app_init ] --END-- [ RunTime:0.001000s ]
INFO: [ app_begin ] --START--
INFO: Run Behavior\ReadHtmlCacheBehavior [ RunTime:0.000000s ]
INFO: [ app_begin ] --END-- [ RunTime:0.000000s ]
SQL: select t1.*,t2.ispublish,t2.good_name,t2.create_time from shop_goods_list t1 left join shop_goods t2 on t1.good_id = t2.good_id where t1.good_id = 31 [ RunTime:0.0000s ]
SQL: select  good_attr_value from  shop_goods_attr where good_attr_id = 24 [ RunTime:0.0000s ]
NOTIC: [8] Undefined index: sku_detail E:\wamp\www\meizushangchengtpnew\meizu\Admin\Controller\ShopController.class.php 第 290 行.
SQL: select  good_attr_value from  shop_goods_attr where good_attr_id = 25 [ RunTime:0.0000s ]
NOTIC: [8] Undefined index: sku_detail E:\wamp\www\meizushangchengtpnew\meizu\Admin\Controller\ShopController.class.php 第 290 行.
INFO: [ view_parse ] --START--
INFO: [ template_filter ] --START--
INFO: Run Behavior\ContentReplaceBehavior [ RunTime:0.000000s ]
INFO: [ template_filter ] --END-- [ RunTime:0.001000s ]
INFO: Run Behavior\ParseTemplateBehavior [ RunTime:0.009001s ]
INFO: [ view_parse ] --END-- [ RunTime:0.009001s ]
INFO: [ view_filter ] --START--
INFO: Run Behavior\WriteHtmlCacheBehavior [ RunTime:0.000000s ]
INFO: [ view_filter ] --END-- [ RunTime:0.001000s ]
INFO: [ app_end ] --START--
INFO: Run Behavior\ShowPageTraceBehavior [ RunTime:0.001000s ]
INFO: [ app_end ] --END-- [ RunTime:0.001000s ]

[ 2016-08-05T08:56:30+08:00 ] ::1 /meizushangchengtpnew/index.php/admin/shop/shopskuimg/listid/21/good_id/31/type_id/3.html
INFO: [ app_init ] --START--
INFO: Run Behavior\BuildLiteBehavior [ RunTime:0.000000s ]
INFO: [ app_init ] --END-- [ RunTime:0.000000s ]
INFO: [ app_begin ] --START--
INFO: Run Behavior\ReadHtmlCacheBehavior [ RunTime:0.001000s ]
INFO: [ app_begin ] --END-- [ RunTime:0.001000s ]
SQL: select t1.*,t2.ispublish,t2.good_name,t2.create_time from shop_goods_list t1 left join shop_goods t2 on t1.good_id = t2.good_id where t1.good_id = 31 and t1.good_listid != 21 [ RunTime:0.0000s ]
SQL: select  good_attr_value from  shop_goods_attr where good_attr_id = 25 [ RunTime:0.0000s ]
NOTIC: [8] Undefined index: sku_detail E:\wamp\www\meizushangchengtpnew\meizu\Admin\Controller\ShopController.class.php 第 352 行.
SQL: select t1.*,t2.good_name,t2.create_time from shop_goods_list t1 left join shop_goods t2 on t1.good_id = t2.good_id where t1.good_listid = 21 [ RunTime:0.0000s ]
SQL: select  good_attr_value from  shop_goods_attr where good_attr_id = 24 [ RunTime:0.0000s ]
NOTIC: [8] Undefined index: sku_detail E:\wamp\www\meizushangchengtpnew\meizu\Admin\Controller\ShopController.class.php 第 371 行.
INFO: [ view_parse ] --START--
INFO: [ template_filter ] --START--
INFO: Run Behavior\ContentReplaceBehavior [ RunTime:0.000000s ]
INFO: [ template_filter ] --END-- [ RunTime:0.000000s ]
INFO: Run Behavior\ParseTemplateBehavior [ RunTime:0.028002s ]
INFO: [ view_parse ] --END-- [ RunTime:0.028002s ]
INFO: [ view_filter ] --START--
INFO: Run Behavior\WriteHtmlCacheBehavior [ RunTime:0.000000s ]
INFO: [ view_filter ] --END-- [ RunTime:0.000000s ]
INFO: [ app_end ] --START--
INFO: Run Behavior\ShowPageTraceBehavior [ RunTime:0.000000s ]
INFO: [ app_end ] --END-- [ RunTime:0.000000s ]

[ 2016-08-05T08:56:56+08:00 ] ::1 /meizushangchengtpnew/index.php/admin/shop/mutipleImgUpload.html
INFO: [ app_init ] --START--
INFO: Run Behavior\BuildLiteBehavior [ RunTime:0.000000s ]
INFO: [ app_init ] --END-- [ RunTime:0.000000s ]
INFO: [ app_begin ] --START--
INFO: Run Behavior\ReadHtmlCacheBehavior [ RunTime:0.000000s ]
INFO: [ app_begin ] --END-- [ RunTime:0.000000s ]
NOTIC: [8] Undefined index: imgs E:\wamp\www\meizushangchengtpnew\meizu\Admin\Controller\ShopController.class.php 第 388 行.
NOTIC: [8] Undefined index: imgs E:\wamp\www\meizushangchengtpnew\meizu\Admin\Controller\ShopController.class.php 第 416 行.
INFO: [ app_end ] --START--
INFO: Run Behavior\ShowPageTraceBehavior [ RunTime:0.001000s ]
INFO: [ app_end ] --END-- [ RunTime:0.001000s ]

[ 2016-08-05T08:56:56+08:00 ] ::1 /meizushangchengtpnew/index.php/admin/shop/mutipleImgUpload.html
INFO: [ app_init ] --START--
INFO: Run Behavior\BuildLiteBehavior [ RunTime:0.000000s ]
INFO: [ app_init ] --END-- [ RunTime:0.001001s ]
INFO: [ app_begin ] --START--
INFO: Run Behavior\ReadHtmlCacheBehavior [ RunTime:0.001000s ]
INFO: [ app_begin ] --END-- [ RunTime:0.001000s ]
INFO: [ app_end ] --START--
INFO: Run Behavior\ShowPageTraceBehavior [ RunTime:0.001000s ]
INFO: [ app_end ] --END-- [ RunTime:0.001000s ]

[ 2016-08-05T08:56:56+08:00 ] ::1 /meizushangchengtpnew/index.php/admin/shop/mutipleImgUpload.html
INFO: [ app_init ] --START--
INFO: Run Behavior\BuildLiteBehavior [ RunTime:0.000000s ]
INFO: [ app_init ] --END-- [ RunTime:0.001000s ]
INFO: [ app_begin ] --START--
INFO: Run Behavior\ReadHtmlCacheBehavior [ RunTime:0.000000s ]
INFO: [ app_begin ] --END-- [ RunTime:0.001000s ]
INFO: [ app_end ] --START--
INFO: Run Behavior\ShowPageTraceBehavior [ RunTime:0.000000s ]
INFO: [ app_end ] --END-- [ RunTime:0.001000s ]

[ 2016-08-05T08:56:56+08:00 ] ::1 /meizushangchengtpnew/index.php/admin/shop/mutipleImgUpload.html
INFO: [ app_init ] --START--
INFO: Run Behavior\BuildLiteBehavior [ RunTime:0.000000s ]
INFO: [ app_init ] --END-- [ RunTime:0.000000s ]
INFO: [ app_begin ] --START--
INFO: Run Behavior\ReadHtmlCacheBehavior [ RunTime:0.001000s ]
INFO: [ app_begin ] --END-- [ RunTime:0.001000s ]
INFO: [ app_end ] --START--
INFO: Run Behavior\ShowPageTraceBehavior [ RunTime:0.001001s ]
INFO: [ app_end ] --END-- [ RunTime:0.001001s ]

[ 2016-08-05T08:56:57+08:00 ] ::1 /meizushangchengtpnew/index.php/admin/shop/shopSkuImg.html
INFO: [ app_init ] --START--
INFO: Run Behavior\BuildLiteBehavior [ RunTime:0.000000s ]
INFO: [ app_init ] --END-- [ RunTime:0.001000s ]
INFO: [ app_begin ] --START--
INFO: Run Behavior\ReadHtmlCacheBehavior [ RunTime:0.001000s ]
INFO: [ app_begin ] --END-- [ RunTime:0.001000s ]
NOTIC: [8] Undefined index: sameimgid E:\wamp\www\meizushangchengtpnew\meizu\Admin\Controller\ShopController.class.php 第 309 行.
SQL: update shop_goods_list set good_imgs = './Uploads/product_imgs/2016-08-05/147035861666137.jpg,./Uploads/product_imgs/2016-08-05/147035861644288.jpg,./Uploads/product_imgs/2016-08-05/147035861625812.jpg,./Uploads/product_imgs/2016-08-05/147035861640709.jpg' where good_listid = 21 [ RunTime:0.0010s ]
INFO: [ view_parse ] --START--
INFO: [ template_filter ] --START--
INFO: Run Behavior\ContentReplaceBehavior [ RunTime:0.000000s ]
INFO: [ template_filter ] --END-- [ RunTime:0.001000s ]
INFO: Run Behavior\ParseTemplateBehavior [ RunTime:0.006000s ]
INFO: [ view_parse ] --END-- [ RunTime:0.006000s ]
INFO: [ view_filter ] --START--
INFO: Run Behavior\WriteHtmlCacheBehavior [ RunTime:0.000000s ]
INFO: [ view_filter ] --END-- [ RunTime:0.000000s ]
INFO: [ app_end ] --START--
INFO: Run Behavior\ShowPageTraceBehavior [ RunTime:0.000000s ]
INFO: [ app_end ] --END-- [ RunTime:0.001000s ]

[ 2016-08-05T08:56:58+08:00 ] ::1 /meizushangchengtpnew/index.php/admin/shop/shopskulist/good_id/31/type_id/3.html
INFO: [ app_init ] --START--
INFO: Run Behavior\BuildLiteBehavior [ RunTime:0.000000s ]
INFO: [ app_init ] --END-- [ RunTime:0.000000s ]
INFO: [ app_begin ] --START--
INFO: Run Behavior\ReadHtmlCacheBehavior [ RunTime:0.000000s ]
INFO: [ app_begin ] --END-- [ RunTime:0.001001s ]
SQL: select t1.*,t2.ispublish,t2.good_name,t2.create_time from shop_goods_list t1 left join shop_goods t2 on t1.good_id = t2.good_id where t1.good_id = 31 [ RunTime:0.0010s ]
SQL: select  good_attr_value from  shop_goods_attr where good_attr_id = 24 [ RunTime:0.0010s ]
NOTIC: [8] Undefined index: sku_detail E:\wamp\www\meizushangchengtpnew\meizu\Admin\Controller\ShopController.class.php 第 290 行.
SQL: select  good_attr_value from  shop_goods_attr where good_attr_id = 25 [ RunTime:0.0010s ]
NOTIC: [8] Undefined index: sku_detail E:\wamp\www\meizushangchengtpnew\meizu\Admin\Controller\ShopController.class.php 第 290 行.
INFO: [ view_parse ] --START--
INFO: [ template_filter ] --START--
INFO: Run Behavior\ContentReplaceBehavior [ RunTime:0.001000s ]
INFO: [ template_filter ] --END-- [ RunTime:0.001000s ]
INFO: Run Behavior\ParseTemplateBehavior [ RunTime:0.017001s ]
INFO: [ view_parse ] --END-- [ RunTime:0.017001s ]
INFO: [ view_filter ] --START--
INFO: Run Behavior\WriteHtmlCacheBehavior [ RunTime:0.000000s ]
INFO: [ view_filter ] --END-- [ RunTime:0.001000s ]
INFO: [ app_end ] --START--
INFO: Run Behavior\ShowPageTraceBehavior [ RunTime:0.001000s ]
INFO: [ app_end ] --END-- [ RunTime:0.001000s ]

[ 2016-08-05T08:57:05+08:00 ] ::1 /meizushangchengtpnew/index.php/admin/shop/showimgs/good_listid/22.html
INFO: [ app_init ] --START--
INFO: Run Behavior\BuildLiteBehavior [ RunTime:0.000000s ]
INFO: [ app_init ] --END-- [ RunTime:0.000000s ]
INFO: [ app_begin ] --START--
INFO: Run Behavior\ReadHtmlCacheBehavior [ RunTime:0.001000s ]
INFO: [ app_begin ] --END-- [ RunTime:0.002000s ]
SQL: select good_imgs from shop_goods_list where good_listid = '22' [ RunTime:0.0000s ]
INFO: [ view_parse ] --START--
INFO: [ template_filter ] --START--
INFO: Run Behavior\ContentReplaceBehavior [ RunTime:0.000000s ]
INFO: [ template_filter ] --END-- [ RunTime:0.000000s ]
NOTIC: [8] Undefined variable: i E:\wamp\www\meizushangchengtpnew\meizu\Runtime\Cache\Admin\2ece7c0cd67351d211053923a41fde46.php 第 44 行.
NOTIC: [8] Undefined variable: i E:\wamp\www\meizushangchengtpnew\meizu\Runtime\Cache\Admin\2ece7c0cd67351d211053923a41fde46.php 第 44 行.
NOTIC: [8] Undefined variable: i E:\wamp\www\meizushangchengtpnew\meizu\Runtime\Cache\Admin\2ece7c0cd67351d211053923a41fde46.php 第 44 行.
NOTIC: [8] Undefined variable: i E:\wamp\www\meizushangchengtpnew\meizu\Runtime\Cache\Admin\2ece7c0cd67351d211053923a41fde46.php 第 44 行.
INFO: Run Behavior\ParseTemplateBehavior [ RunTime:0.026001s ]
INFO: [ view_parse ] --END-- [ RunTime:0.026001s ]
INFO: [ view_filter ] --START--
INFO: Run Behavior\WriteHtmlCacheBehavior [ RunTime:0.000000s ]
INFO: [ view_filter ] --END-- [ RunTime:0.000000s ]
INFO: [ app_end ] --START--
INFO: Run Behavior\ShowPageTraceBehavior [ RunTime:0.001000s ]
INFO: [ app_end ] --END-- [ RunTime:0.001000s ]

[ 2016-08-05T08:57:09+08:00 ] ::1 /meizushangchengtpnew/index.php/admin/shop/index.html
INFO: [ app_init ] --START--
INFO: Run Behavior\BuildLiteBehavior [ RunTime:0.000000s ]
INFO: [ app_init ] --END-- [ RunTime:0.001000s ]
INFO: [ app_begin ] --START--
INFO: Run Behavior\ReadHtmlCacheBehavior [ RunTime:0.001001s ]
INFO: [ app_begin ] --END-- [ RunTime:0.003001s ]
SQL: select * from shop_goods t1 left join shop_category t2 on t1.cate_id = t2.cid [ RunTime:0.0010s ]
SQL: select count(good_listid) count from shop_goods_list where good_id='31' [ RunTime:0.0010s ]
SQL: select count(good_listid) count from shop_goods_list where good_id='27' [ RunTime:0.0000s ]
SQL: select count(good_listid) count from shop_goods_list where good_id='26' [ RunTime:0.0000s ]
SQL: select count(good_listid) count from shop_goods_list where good_id='24' [ RunTime:0.0010s ]
SQL: select count(good_listid) count from shop_goods_list where good_id='25' [ RunTime:0.0000s ]
INFO: [ view_parse ] --START--
INFO: [ template_filter ] --START--
INFO: Run Behavior\ContentReplaceBehavior [ RunTime:0.000000s ]
INFO: [ template_filter ] --END-- [ RunTime:0.001000s ]
NOTIC: [8] A non well formed numeric value encountered E:\wamp\www\meizushangchengtpnew\meizu\Runtime\Cache\Admin\8595ca944caee70229fd2a300294a1fd.php 第 65 行.
NOTIC: [8] A non well formed numeric value encountered E:\wamp\www\meizushangchengtpnew\meizu\Runtime\Cache\Admin\8595ca944caee70229fd2a300294a1fd.php 第 65 行.
NOTIC: [8] A non well formed numeric value encountered E:\wamp\www\meizushangchengtpnew\meizu\Runtime\Cache\Admin\8595ca944caee70229fd2a300294a1fd.php 第 65 行.
NOTIC: [8] A non well formed numeric value encountered E:\wamp\www\meizushangchengtpnew\meizu\Runtime\Cache\Admin\8595ca944caee70229fd2a300294a1fd.php 第 65 行.
NOTIC: [8] A non well formed numeric value encountered E:\wamp\www\meizushangchengtpnew\meizu\Runtime\Cache\Admin\8595ca944caee70229fd2a300294a1fd.php 第 65 行.
INFO: Run Behavior\ParseTemplateBehavior [ RunTime:0.037002s ]
INFO: [ view_parse ] --END-- [ RunTime:0.038003s ]
INFO: [ view_filter ] --START--
INFO: Run Behavior\WriteHtmlCacheBehavior [ RunTime:0.000000s ]
INFO: [ view_filter ] --END-- [ RunTime:0.000000s ]
INFO: [ app_end ] --START--
INFO: Run Behavior\ShowPageTraceBehavior [ RunTime:0.001000s ]
INFO: [ app_end ] --END-- [ RunTime:0.001000s ]

[ 2016-08-05T08:57:11+08:00 ] ::1 /meizushangchengtpnew/index.php/admin/shop/shopskulist/good_id/24/type_id/1.html
INFO: [ app_init ] --START--
INFO: Run Behavior\BuildLiteBehavior [ RunTime:0.000000s ]
INFO: [ app_init ] --END-- [ RunTime:0.000000s ]
INFO: [ app_begin ] --START--
INFO: Run Behavior\ReadHtmlCacheBehavior [ RunTime:0.000000s ]
INFO: [ app_begin ] --END-- [ RunTime:0.000000s ]
SQL: select t1.*,t2.ispublish,t2.good_name,t2.create_time from shop_goods_list t1 left join shop_goods t2 on t1.good_id = t2.good_id where t1.good_id = 24 [ RunTime:0.0000s ]
SQL: select  good_attr_value from  shop_goods_attr where good_attr_id = 2 [ RunTime:0.0010s ]
NOTIC: [8] Undefined index: sku_detail E:\wamp\www\meizushangchengtpnew\meizu\Admin\Controller\ShopController.class.php 第 290 行.
SQL: select  good_attr_value from  shop_goods_attr where good_attr_id = 5 [ RunTime:0.0000s ]
SQL: select  good_attr_value from  shop_goods_attr where good_attr_id = 6 [ RunTime:0.0000s ]
SQL: select  good_attr_value from  shop_goods_attr where good_attr_id = 2 [ RunTime:0.0000s ]
NOTIC: [8] Undefined index: sku_detail E:\wamp\www\meizushangchengtpnew\meizu\Admin\Controller\ShopController.class.php 第 290 行.
SQL: select  good_attr_value from  shop_goods_attr where good_attr_id = 5 [ RunTime:0.0000s ]
SQL: select  good_attr_value from  shop_goods_attr where good_attr_id = 7 [ RunTime:0.0010s ]
SQL: select  good_attr_value from  shop_goods_attr where good_attr_id = 2 [ RunTime:0.0000s ]
NOTIC: [8] Undefined index: sku_detail E:\wamp\www\meizushangchengtpnew\meizu\Admin\Controller\ShopController.class.php 第 290 行.
SQL: select  good_attr_value from  shop_goods_attr where good_attr_id = 5 [ RunTime:0.0000s ]
SQL: select  good_attr_value from  shop_goods_attr where good_attr_id = 8 [ RunTime:0.0000s ]
SQL: select  good_attr_value from  shop_goods_attr where good_attr_id = 3 [ RunTime:0.0000s ]
NOTIC: [8] Undefined index: sku_detail E:\wamp\www\meizushangchengtpnew\meizu\Admin\Controller\ShopController.class.php 第 290 行.
SQL: select  good_attr_value from  shop_goods_attr where good_attr_id = 5 [ RunTime:0.0000s ]
SQL: select  good_attr_value from  shop_goods_attr where good_attr_id = 6 [ RunTime:0.0000s ]
SQL: select  good_attr_value from  shop_goods_attr where good_attr_id = 3 [ RunTime:0.0000s ]
NOTIC: [8] Undefined index: sku_detail E:\wamp\www\meizushangchengtpnew\meizu\Admin\Controller\ShopController.class.php 第 290 行.
SQL: select  good_attr_value from  shop_goods_attr where good_attr_id = 5 [ RunTime:0.0000s ]
SQL: select  good_attr_value from  shop_goods_attr where good_attr_id = 7 [ RunTime:0.0000s ]
SQL: select  good_attr_value from  shop_goods_attr where good_attr_id = 3 [ RunTime:0.0010s ]
NOTIC: [8] Undefined index: sku_detail E:\wamp\www\meizushangchengtpnew\meizu\Admin\Controller\ShopController.class.php 第 290 行.
SQL: select  good_attr_value from  shop_goods_attr where good_attr_id = 5 [ RunTime:0.0000s ]
SQL: select  good_attr_value from  shop_goods_attr where good_attr_id = 8 [ RunTime:0.0000s ]
SQL: select  good_attr_value from  shop_goods_attr where good_attr_id = 4 [ RunTime:0.0000s ]
NOTIC: [8] Undefined index: sku_detail E:\wamp\www\meizushangchengtpnew\meizu\Admin\Controller\ShopController.class.php 第 290 行.
SQL: select  good_attr_value from  shop_goods_attr where good_attr_id = 5 [ RunTime:0.0000s ]
SQL: select  good_attr_value from  shop_goods_attr where good_attr_id = 6 [ RunTime:0.0010s ]
SQL: select  good_attr_value from  shop_goods_attr where good_attr_id = 4 [ RunTime:0.0000s ]
NOTIC: [8] Undefined index: sku_detail E:\wamp\www\meizushangchengtpnew\meizu\Admin\Controller\ShopController.class.php 第 290 行.
SQL: select  good_attr_value from  shop_goods_attr where good_attr_id = 5 [ RunTime:0.0000s ]
SQL: select  good_attr_value from  shop_goods_attr where good_attr_id = 7 [ RunTime:0.0010s ]
SQL: select  good_attr_value from  shop_goods_attr where good_attr_id = 4 [ RunTime:0.0000s ]
NOTIC: [8] Undefined index: sku_detail E:\wamp\www\meizushangchengtpnew\meizu\Admin\Controller\ShopController.class.php 第 290 行.
SQL: select  good_attr_value from  shop_goods_attr where good_attr_id = 5 [ RunTime:0.0000s ]
SQL: select  good_attr_value from  shop_goods_attr where good_attr_id = 8 [ RunTime:0.0000s ]
INFO: [ view_parse ] --START--
INFO: [ template_filter ] --START--
INFO: Run Behavior\ContentReplaceBehavior [ RunTime:0.001000s ]
INFO: [ template_filter ] --END-- [ RunTime:0.001000s ]
INFO: Run Behavior\ParseTemplateBehavior [ RunTime:0.013001s ]
INFO: [ view_parse ] --END-- [ RunTime:0.013001s ]
INFO: [ view_filter ] --START--
INFO: Run Behavior\WriteHtmlCacheBehavior [ RunTime:0.001000s ]
INFO: [ view_filter ] --END-- [ RunTime:0.001000s ]
INFO: [ app_end ] --START--
INFO: Run Behavior\ShowPageTraceBehavior [ RunTime:0.000000s ]
INFO: [ app_end ] --END-- [ RunTime:0.001000s ]

[ 2016-08-05T08:57:20+08:00 ] ::1 /meizushangchengtpnew/index.php/admin/shop/deleteSkuImg/listid/1/good_id/24/type_id/1.html
INFO: [ app_init ] --START--
INFO: Run Behavior\BuildLiteBehavior [ RunTime:0.000000s ]
INFO: [ app_init ] --END-- [ RunTime:0.000000s ]
INFO: [ app_begin ] --START--
INFO: Run Behavior\ReadHtmlCacheBehavior [ RunTime:0.000000s ]
INFO: [ app_begin ] --END-- [ RunTime:0.000000s ]
SQL: update shop_goods_list set good_imgs = '' where good_listid = '1' [ RunTime:0.0000s ]
INFO: [ view_parse ] --START--
INFO: [ template_filter ] --START--
INFO: Run Behavior\ContentReplaceBehavior [ RunTime:0.000000s ]
INFO: [ template_filter ] --END-- [ RunTime:0.000000s ]
INFO: Run Behavior\ParseTemplateBehavior [ RunTime:0.007000s ]
INFO: [ view_parse ] --END-- [ RunTime:0.007000s ]
INFO: [ view_filter ] --START--
INFO: Run Behavior\WriteHtmlCacheBehavior [ RunTime:0.000000s ]
INFO: [ view_filter ] --END-- [ RunTime:0.000000s ]
INFO: [ app_end ] --START--
INFO: Run Behavior\ShowPageTraceBehavior [ RunTime:0.000000s ]
INFO: [ app_end ] --END-- [ RunTime:0.000000s ]

[ 2016-08-05T08:57:21+08:00 ] ::1 /meizushangchengtpnew/index.php/admin/shop/shopskulist/good_id/24/type_id/1.html
INFO: [ app_init ] --START--
INFO: Run Behavior\BuildLiteBehavior [ RunTime:0.000000s ]
INFO: [ app_init ] --END-- [ RunTime:0.002000s ]
INFO: [ app_begin ] --START--
INFO: Run Behavior\ReadHtmlCacheBehavior [ RunTime:0.001000s ]
INFO: [ app_begin ] --END-- [ RunTime:0.001000s ]
SQL: select t1.*,t2.ispublish,t2.good_name,t2.create_time from shop_goods_list t1 left join shop_goods t2 on t1.good_id = t2.good_id where t1.good_id = 24 [ RunTime:0.0000s ]
SQL: select  good_attr_value from  shop_goods_attr where good_attr_id = 2 [ RunTime:0.0000s ]
NOTIC: [8] Undefined index: sku_detail E:\wamp\www\meizushangchengtpnew\meizu\Admin\Controller\ShopController.class.php 第 290 行.
SQL: select  good_attr_value from  shop_goods_attr where good_attr_id = 5 [ RunTime:0.0000s ]
SQL: select  good_attr_value from  shop_goods_attr where good_attr_id = 6 [ RunTime:0.0000s ]
SQL: select  good_attr_value from  shop_goods_attr where good_attr_id = 2 [ RunTime:0.0000s ]
NOTIC: [8] Undefined index: sku_detail E:\wamp\www\meizushangchengtpnew\meizu\Admin\Controller\ShopController.class.php 第 290 行.
SQL: select  good_attr_value from  shop_goods_attr where good_attr_id = 5 [ RunTime:0.0000s ]
SQL: select  good_attr_value from  shop_goods_attr where good_attr_id = 7 [ RunTime:0.0000s ]
SQL: select  good_attr_value from  shop_goods_attr where good_attr_id = 2 [ RunTime:0.0000s ]
NOTIC: [8] Undefined index: sku_detail E:\wamp\www\meizushangchengtpnew\meizu\Admin\Controller\ShopController.class.php 第 290 行.
SQL: select  good_attr_value from  shop_goods_attr where good_attr_id = 5 [ RunTime:0.0000s ]
SQL: select  good_attr_value from  shop_goods_attr where good_attr_id = 8 [ RunTime:0.0000s ]
SQL: select  good_attr_value from  shop_goods_attr where good_attr_id = 3 [ RunTime:0.0000s ]
NOTIC: [8] Undefined index: sku_detail E:\wamp\www\meizushangchengtpnew\meizu\Admin\Controller\ShopController.class.php 第 290 行.
SQL: select  good_attr_value from  shop_goods_attr where good_attr_id = 5 [ RunTime:0.0000s ]
SQL: select  good_attr_value from  shop_goods_attr where good_attr_id = 6 [ RunTime:0.0000s ]
SQL: select  good_attr_value from  shop_goods_attr where good_attr_id = 3 [ RunTime:0.0010s ]
NOTIC: [8] Undefined index: sku_detail E:\wamp\www\meizushangchengtpnew\meizu\Admin\Controller\ShopController.class.php 第 290 行.
SQL: select  good_attr_value from  shop_goods_attr where good_attr_id = 5 [ RunTime:0.0000s ]
SQL: select  good_attr_value from  shop_goods_attr where good_attr_id = 7 [ RunTime:0.0000s ]
SQL: select  good_attr_value from  shop_goods_attr where good_attr_id = 3 [ RunTime:0.0000s ]
NOTIC: [8] Undefined index: sku_detail E:\wamp\www\meizushangchengtpnew\meizu\Admin\Controller\ShopController.class.php 第 290 行.
SQL: select  good_attr_value from  shop_goods_attr where good_attr_id = 5 [ RunTime:0.0000s ]
SQL: select  good_attr_value from  shop_goods_attr where good_attr_id = 8 [ RunTime:0.0000s ]
SQL: select  good_attr_value from  shop_goods_attr where good_attr_id = 4 [ RunTime:0.0000s ]
NOTIC: [8] Undefined index: sku_detail E:\wamp\www\meizushangchengtpnew\meizu\Admin\Controller\ShopController.class.php 第 290 行.
SQL: select  good_attr_value from  shop_goods_attr where good_attr_id = 5 [ RunTime:0.0000s ]
SQL: select  good_attr_value from  shop_goods_attr where good_attr_id = 6 [ RunTime:0.0000s ]
SQL: select  good_attr_value from  shop_goods_attr where good_attr_id = 4 [ RunTime:0.0000s ]
NOTIC: [8] Undefined index: sku_detail E:\wamp\www\meizushangchengtpnew\meizu\Admin\Controller\ShopController.class.php 第 290 行.
SQL: select  good_attr_value from  shop_goods_attr where good_attr_id = 5 [ RunTime:0.0000s ]
SQL: select  good_attr_value from  shop_goods_attr where good_attr_id = 7 [ RunTime:0.0010s ]
SQL: select  good_attr_value from  shop_goods_attr where good_attr_id = 4 [ RunTime:0.0000s ]
NOTIC: [8] Undefined index: sku_detail E:\wamp\www\meizushangchengtpnew\meizu\Admin\Controller\ShopController.class.php 第 290 行.
SQL: select  good_attr_value from  shop_goods_attr where good_attr_id = 5 [ RunTime:0.0000s ]
SQL: select  good_attr_value from  shop_goods_attr where good_attr_id = 8 [ RunTime:0.0000s ]
INFO: [ view_parse ] --START--
INFO: [ template_filter ] --START--
INFO: Run Behavior\ContentReplaceBehavior [ RunTime:0.001000s ]
INFO: [ template_filter ] --END-- [ RunTime:0.001000s ]
INFO: Run Behavior\ParseTemplateBehavior [ RunTime:0.013001s ]
INFO: [ view_parse ] --END-- [ RunTime:0.013001s ]
INFO: [ view_filter ] --START--
INFO: Run Behavior\WriteHtmlCacheBehavior [ RunTime:0.001000s ]
INFO: [ view_filter ] --END-- [ RunTime:0.001000s ]
INFO: [ app_end ] --START--
INFO: Run Behavior\ShowPageTraceBehavior [ RunTime:0.001000s ]
INFO: [ app_end ] --END-- [ RunTime:0.001000s ]

[ 2016-08-05T08:57:22+08:00 ] ::1 /meizushangchengtpnew/index.php/admin/shop/shopskuimg/listid/1/good_id/24/type_id/1.html
INFO: [ app_init ] --START--
INFO: Run Behavior\BuildLiteBehavior [ RunTime:0.000000s ]
INFO: [ app_init ] --END-- [ RunTime:0.000000s ]
INFO: [ app_begin ] --START--
INFO: Run Behavior\ReadHtmlCacheBehavior [ RunTime:0.000000s ]
INFO: [ app_begin ] --END-- [ RunTime:0.000000s ]
SQL: select t1.*,t2.ispublish,t2.good_name,t2.create_time from shop_goods_list t1 left join shop_goods t2 on t1.good_id = t2.good_id where t1.good_id = 24 and t1.good_listid != 1 [ RunTime:0.0010s ]
SQL: select  good_attr_value from  shop_goods_attr where good_attr_id = 2 [ RunTime:0.0000s ]
NOTIC: [8] Undefined index: sku_detail E:\wamp\www\meizushangchengtpnew\meizu\Admin\Controller\ShopController.class.php 第 352 行.
SQL: select  good_attr_value from  shop_goods_attr where good_attr_id = 5 [ RunTime:0.0000s ]
SQL: select  good_attr_value from  shop_goods_attr where good_attr_id = 7 [ RunTime:0.0010s ]
SQL: select  good_attr_value from  shop_goods_attr where good_attr_id = 2 [ RunTime:0.0000s ]
NOTIC: [8] Undefined index: sku_detail E:\wamp\www\meizushangchengtpnew\meizu\Admin\Controller\ShopController.class.php 第 352 行.
SQL: select  good_attr_value from  shop_goods_attr where good_attr_id = 5 [ RunTime:0.0000s ]
SQL: select  good_attr_value from  shop_goods_attr where good_attr_id = 8 [ RunTime:0.0010s ]
SQL: select  good_attr_value from  shop_goods_attr where good_attr_id = 3 [ RunTime:0.0000s ]
NOTIC: [8] Undefined index: sku_detail E:\wamp\www\meizushangchengtpnew\meizu\Admin\Controller\ShopController.class.php 第 352 行.
SQL: select  good_attr_value from  shop_goods_attr where good_attr_id = 5 [ RunTime:0.0000s ]
SQL: select  good_attr_value from  shop_goods_attr where good_attr_id = 6 [ RunTime:0.0000s ]
SQL: select  good_attr_value from  shop_goods_attr where good_attr_id = 3 [ RunTime:0.0000s ]
NOTIC: [8] Undefined index: sku_detail E:\wamp\www\meizushangchengtpnew\meizu\Admin\Controller\ShopController.class.php 第 352 行.
SQL: select  good_attr_value from  shop_goods_attr where good_attr_id = 5 [ RunTime:0.0000s ]
SQL: select  good_attr_value from  shop_goods_attr where good_attr_id = 7 [ RunTime:0.0000s ]
SQL: select  good_attr_value from  shop_goods_attr where good_attr_id = 3 [ RunTime:0.0000s ]
NOTIC: [8] Undefined index: sku_detail E:\wamp\www\meizushangchengtpnew\meizu\Admin\Controller\ShopController.class.php 第 352 行.
SQL: select  good_attr_value from  shop_goods_attr where good_attr_id = 5 [ RunTime:0.0010s ]
SQL: select  good_attr_value from  shop_goods_attr where good_attr_id = 8 [ RunTime:0.0010s ]
SQL: select  good_attr_value from  shop_goods_attr where good_attr_id = 4 [ RunTime:0.0010s ]
NOTIC: [8] Undefined index: sku_detail E:\wamp\www\meizushangchengtpnew\meizu\Admin\Controller\ShopController.class.php 第 352 行.
SQL: select  good_attr_value from  shop_goods_attr where good_attr_id = 5 [ RunTime:0.0010s ]
SQL: select  good_attr_value from  shop_goods_attr where good_attr_id = 6 [ RunTime:0.0010s ]
SQL: select  good_attr_value from  shop_goods_attr where good_attr_id = 4 [ RunTime:0.0000s ]
NOTIC: [8] Undefined index: sku_detail E:\wamp\www\meizushangchengtpnew\meizu\Admin\Controller\ShopController.class.php 第 352 行.
SQL: select  good_attr_value from  shop_goods_attr where good_attr_id = 5 [ RunTime:0.0000s ]
SQL: select  good_attr_value from  shop_goods_attr where good_attr_id = 7 [ RunTime:0.0010s ]
SQL: select  good_attr_value from  shop_goods_attr where good_attr_id = 4 [ RunTime:0.0010s ]
NOTIC: [8] Undefined index: sku_detail E:\wamp\www\meizushangchengtpnew\meizu\Admin\Controller\ShopController.class.php 第 352 行.
SQL: select  good_attr_value from  shop_goods_attr where good_attr_id = 5 [ RunTime:0.0010s ]
SQL: select  good_attr_value from  shop_goods_attr where good_attr_id = 8 [ RunTime:0.0010s ]
SQL: select t1.*,t2.good_name,t2.create_time from shop_goods_list t1 left join shop_goods t2 on t1.good_id = t2.good_id where t1.good_listid = 1 [ RunTime:0.0010s ]
SQL: select  good_attr_value from  shop_goods_attr where good_attr_id = 2 [ RunTime:0.0000s ]
NOTIC: [8] Undefined index: sku_detail E:\wamp\www\meizushangchengtpnew\meizu\Admin\Controller\ShopController.class.php 第 371 行.
SQL: select  good_attr_value from  shop_goods_attr where good_attr_id = 5 [ RunTime:0.0010s ]
SQL: select  good_attr_value from  shop_goods_attr where good_attr_id = 6 [ RunTime:0.0040s ]
INFO: [ view_parse ] --START--
INFO: [ template_filter ] --START--
INFO: Run Behavior\ContentReplaceBehavior [ RunTime:0.000000s ]
INFO: [ template_filter ] --END-- [ RunTime:0.000000s ]
INFO: Run Behavior\ParseTemplateBehavior [ RunTime:0.007001s ]
INFO: [ view_parse ] --END-- [ RunTime:0.008001s ]
INFO: [ view_filter ] --START--
INFO: Run Behavior\WriteHtmlCacheBehavior [ RunTime:0.000000s ]
INFO: [ view_filter ] --END-- [ RunTime:0.000000s ]
INFO: [ app_end ] --START--
INFO: Run Behavior\ShowPageTraceBehavior [ RunTime:0.001000s ]
INFO: [ app_end ] --END-- [ RunTime:0.001000s ]

[ 2016-08-05T08:57:30+08:00 ] ::1 /meizushangchengtpnew/index.php/admin/shop/mutipleImgUpload.html
INFO: [ app_init ] --START--
INFO: Run Behavior\BuildLiteBehavior [ RunTime:0.000000s ]
INFO: [ app_init ] --END-- [ RunTime:0.001000s ]
INFO: [ app_begin ] --START--
INFO: Run Behavior\ReadHtmlCacheBehavior [ RunTime:0.000000s ]
INFO: [ app_begin ] --END-- [ RunTime:0.000000s ]
NOTIC: [8] Undefined index: imgs E:\wamp\www\meizushangchengtpnew\meizu\Admin\Controller\ShopController.class.php 第 388 行.
NOTIC: [8] Undefined index: imgs E:\wamp\www\meizushangchengtpnew\meizu\Admin\Controller\ShopController.class.php 第 416 行.
INFO: [ app_end ] --START--
INFO: Run Behavior\ShowPageTraceBehavior [ RunTime:0.000000s ]
INFO: [ app_end ] --END-- [ RunTime:0.000000s ]

[ 2016-08-05T08:57:30+08:00 ] ::1 /meizushangchengtpnew/index.php/admin/shop/mutipleImgUpload.html
INFO: [ app_init ] --START--
INFO: Run Behavior\BuildLiteBehavior [ RunTime:0.000000s ]
INFO: [ app_init ] --END-- [ RunTime:0.000000s ]
INFO: [ app_begin ] --START--
INFO: Run Behavior\ReadHtmlCacheBehavior [ RunTime:0.001000s ]
INFO: [ app_begin ] --END-- [ RunTime:0.001000s ]
INFO: [ app_end ] --START--
INFO: Run Behavior\ShowPageTraceBehavior [ RunTime:0.000000s ]
INFO: [ app_end ] --END-- [ RunTime:0.000000s ]

[ 2016-08-05T08:57:30+08:00 ] ::1 /meizushangchengtpnew/index.php/admin/shop/mutipleImgUpload.html
INFO: [ app_init ] --START--
INFO: Run Behavior\BuildLiteBehavior [ RunTime:0.000000s ]
INFO: [ app_init ] --END-- [ RunTime:0.000000s ]
INFO: [ app_begin ] --START--
INFO: Run Behavior\ReadHtmlCacheBehavior [ RunTime:0.000000s ]
INFO: [ app_begin ] --END-- [ RunTime:0.001000s ]
INFO: [ app_end ] --START--
INFO: Run Behavior\ShowPageTraceBehavior [ RunTime:0.001000s ]
INFO: [ app_end ] --END-- [ RunTime:0.001000s ]

[ 2016-08-05T08:57:30+08:00 ] ::1 /meizushangchengtpnew/index.php/admin/shop/mutipleImgUpload.html
INFO: [ app_init ] --START--
INFO: Run Behavior\BuildLiteBehavior [ RunTime:0.001000s ]
INFO: [ app_init ] --END-- [ RunTime:0.001000s ]
INFO: [ app_begin ] --START--
INFO: Run Behavior\ReadHtmlCacheBehavior [ RunTime:0.001000s ]
INFO: [ app_begin ] --END-- [ RunTime:0.001000s ]
INFO: [ app_end ] --START--
INFO: Run Behavior\ShowPageTraceBehavior [ RunTime:0.001001s ]
INFO: [ app_end ] --END-- [ RunTime:0.001001s ]

[ 2016-08-05T08:57:40+08:00 ] ::1 /meizushangchengtpnew/index.php/admin/shop/shopSkuImg.html
INFO: [ app_init ] --START--
INFO: Run Behavior\BuildLiteBehavior [ RunTime:0.000000s ]
INFO: [ app_init ] --END-- [ RunTime:0.000000s ]
INFO: [ app_begin ] --START--
INFO: Run Behavior\ReadHtmlCacheBehavior [ RunTime:0.000000s ]
INFO: [ app_begin ] --END-- [ RunTime:0.001000s ]
NOTIC: [8] Undefined index: sameimgid E:\wamp\www\meizushangchengtpnew\meizu\Admin\Controller\ShopController.class.php 第 309 行.
SQL: update shop_goods_list set good_imgs = './Uploads/product_imgs/2016-08-05/147035865037199.jpg,./Uploads/product_imgs/2016-08-05/147035865096297.jpg,./Uploads/product_imgs/2016-08-05/147035865050970.jpg,./Uploads/product_imgs/2016-08-05/147035865013938.jpg' where good_listid = 1 [ RunTime:0.0000s ]
INFO: [ view_parse ] --START--
INFO: [ template_filter ] --START--
INFO: Run Behavior\ContentReplaceBehavior [ RunTime:0.000000s ]
INFO: [ template_filter ] --END-- [ RunTime:0.000000s ]
INFO: Run Behavior\ParseTemplateBehavior [ RunTime:0.007001s ]
INFO: [ view_parse ] --END-- [ RunTime:0.007001s ]
INFO: [ view_filter ] --START--
INFO: Run Behavior\WriteHtmlCacheBehavior [ RunTime:0.000000s ]
INFO: [ view_filter ] --END-- [ RunTime:0.000000s ]
INFO: [ app_end ] --START--
INFO: Run Behavior\ShowPageTraceBehavior [ RunTime:0.000000s ]
INFO: [ app_end ] --END-- [ RunTime:0.001000s ]

[ 2016-08-05T08:57:41+08:00 ] ::1 /meizushangchengtpnew/index.php/admin/shop/shopskulist/good_id/24/type_id/1.html
INFO: [ app_init ] --START--
INFO: Run Behavior\BuildLiteBehavior [ RunTime:0.000000s ]
INFO: [ app_init ] --END-- [ RunTime:0.000000s ]
INFO: [ app_begin ] --START--
INFO: Run Behavior\ReadHtmlCacheBehavior [ RunTime:0.001000s ]
INFO: [ app_begin ] --END-- [ RunTime:0.001000s ]
SQL: select t1.*,t2.ispublish,t2.good_name,t2.create_time from shop_goods_list t1 left join shop_goods t2 on t1.good_id = t2.good_id where t1.good_id = 24 [ RunTime:0.0010s ]
SQL: select  good_attr_value from  shop_goods_attr where good_attr_id = 2 [ RunTime:0.0000s ]
NOTIC: [8] Undefined index: sku_detail E:\wamp\www\meizushangchengtpnew\meizu\Admin\Controller\ShopController.class.php 第 290 行.
SQL: select  good_attr_value from  shop_goods_attr where good_attr_id = 5 [ RunTime:0.0000s ]
SQL: select  good_attr_value from  shop_goods_attr where good_attr_id = 6 [ RunTime:0.0000s ]
SQL: select  good_attr_value from  shop_goods_attr where good_attr_id = 2 [ RunTime:0.0000s ]
NOTIC: [8] Undefined index: sku_detail E:\wamp\www\meizushangchengtpnew\meizu\Admin\Controller\ShopController.class.php 第 290 行.
SQL: select  good_attr_value from  shop_goods_attr where good_attr_id = 5 [ RunTime:0.0000s ]
SQL: select  good_attr_value from  shop_goods_attr where good_attr_id = 7 [ RunTime:0.0000s ]
SQL: select  good_attr_value from  shop_goods_attr where good_attr_id = 2 [ RunTime:0.0000s ]
NOTIC: [8] Undefined index: sku_detail E:\wamp\www\meizushangchengtpnew\meizu\Admin\Controller\ShopController.class.php 第 290 行.
SQL: select  good_attr_value from  shop_goods_attr where good_attr_id = 5 [ RunTime:0.0000s ]
SQL: select  good_attr_value from  shop_goods_attr where good_attr_id = 8 [ RunTime:0.0000s ]
SQL: select  good_attr_value from  shop_goods_attr where good_attr_id = 3 [ RunTime:0.0000s ]
NOTIC: [8] Undefined index: sku_detail E:\wamp\www\meizushangchengtpnew\meizu\Admin\Controller\ShopController.class.php 第 290 行.
SQL: select  good_attr_value from  shop_goods_attr where good_attr_id = 5 [ RunTime:0.0010s ]
SQL: select  good_attr_value from  shop_goods_attr where good_attr_id = 6 [ RunTime:0.0000s ]
SQL: select  good_attr_value from  shop_goods_attr where good_attr_id = 3 [ RunTime:0.0000s ]
NOTIC: [8] Undefined index: sku_detail E:\wamp\www\meizushangchengtpnew\meizu\Admin\Controller\ShopController.class.php 第 290 行.
SQL: select  good_attr_value from  shop_goods_attr where good_attr_id = 5 [ RunTime:0.0000s ]
SQL: select  good_attr_value from  shop_goods_attr where good_attr_id = 7 [ RunTime:0.0000s ]
SQL: select  good_attr_value from  shop_goods_attr where good_attr_id = 3 [ RunTime:0.0000s ]
NOTIC: [8] Undefined index: sku_detail E:\wamp\www\meizushangchengtpnew\meizu\Admin\Controller\ShopController.class.php 第 290 行.
SQL: select  good_attr_value from  shop_goods_attr where good_attr_id = 5 [ RunTime:0.0000s ]
SQL: select  good_attr_value from  shop_goods_attr where good_attr_id = 8 [ RunTime:0.0000s ]
SQL: select  good_attr_value from  shop_goods_attr where good_attr_id = 4 [ RunTime:0.0000s ]
NOTIC: [8] Undefined index: sku_detail E:\wamp\www\meizushangchengtpnew\meizu\Admin\Controller\ShopController.class.php 第 290 行.
SQL: select  good_attr_value from  shop_goods_attr where good_attr_id = 5 [ RunTime:0.0000s ]
SQL: select  good_attr_value from  shop_goods_attr where good_attr_id = 6 [ RunTime:0.0010s ]
SQL: select  good_attr_value from  shop_goods_attr where good_attr_id = 4 [ RunTime:0.0000s ]
NOTIC: [8] Undefined index: sku_detail E:\wamp\www\meizushangchengtpnew\meizu\Admin\Controller\ShopController.class.php 第 290 行.
SQL: select  good_attr_value from  shop_goods_attr where good_attr_id = 5 [ RunTime:0.0000s ]
SQL: select  good_attr_value from  shop_goods_attr where good_attr_id = 7 [ RunTime:0.0010s ]
SQL: select  good_attr_value from  shop_goods_attr where good_attr_id = 4 [ RunTime:0.0000s ]
NOTIC: [8] Undefined index: sku_detail E:\wamp\www\meizushangchengtpnew\meizu\Admin\Controller\ShopController.class.php 第 290 行.
SQL: select  good_attr_value from  shop_goods_attr where good_attr_id = 5 [ RunTime:0.0000s ]
SQL: select  good_attr_value from  shop_goods_attr where good_attr_id = 8 [ RunTime:0.0010s ]
INFO: [ view_parse ] --START--
INFO: [ template_filter ] --START--
INFO: Run Behavior\ContentReplaceBehavior [ RunTime:0.000000s ]
INFO: [ template_filter ] --END-- [ RunTime:0.001000s ]
INFO: Run Behavior\ParseTemplateBehavior [ RunTime:0.013001s ]
INFO: [ view_parse ] --END-- [ RunTime:0.013001s ]
INFO: [ view_filter ] --START--
INFO: Run Behavior\WriteHtmlCacheBehavior [ RunTime:0.000000s ]
INFO: [ view_filter ] --END-- [ RunTime:0.001000s ]
INFO: [ app_end ] --START--
INFO: Run Behavior\ShowPageTraceBehavior [ RunTime:0.001000s ]
INFO: [ app_end ] --END-- [ RunTime:0.001000s ]

[ 2016-08-05T08:57:54+08:00 ] ::1 /meizushangchengtpnew/index.php/admin/shop/deleteSkuImg/listid/1/good_id/24/type_id/1.html
INFO: [ app_init ] --START--
INFO: Run Behavior\BuildLiteBehavior [ RunTime:0.000000s ]
INFO: [ app_init ] --END-- [ RunTime:0.000000s ]
INFO: [ app_begin ] --START--
INFO: Run Behavior\ReadHtmlCacheBehavior [ RunTime:0.001000s ]
INFO: [ app_begin ] --END-- [ RunTime:0.001000s ]
SQL: update shop_goods_list set good_imgs = '' where good_listid = '1' [ RunTime:0.0000s ]
INFO: [ view_parse ] --START--
INFO: [ template_filter ] --START--
INFO: Run Behavior\ContentReplaceBehavior [ RunTime:0.000000s ]
INFO: [ template_filter ] --END-- [ RunTime:0.000000s ]
INFO: Run Behavior\ParseTemplateBehavior [ RunTime:0.006000s ]
INFO: [ view_parse ] --END-- [ RunTime:0.006000s ]
INFO: [ view_filter ] --START--
INFO: Run Behavior\WriteHtmlCacheBehavior [ RunTime:0.000000s ]
INFO: [ view_filter ] --END-- [ RunTime:0.000000s ]
INFO: [ app_end ] --START--
INFO: Run Behavior\ShowPageTraceBehavior [ RunTime:0.001000s ]
INFO: [ app_end ] --END-- [ RunTime:0.001000s ]

[ 2016-08-05T08:57:55+08:00 ] ::1 /meizushangchengtpnew/index.php/admin/shop/shopskulist/good_id/24/type_id/1.html
INFO: [ app_init ] --START--
INFO: Run Behavior\BuildLiteBehavior [ RunTime:0.000000s ]
INFO: [ app_init ] --END-- [ RunTime:0.001000s ]
INFO: [ app_begin ] --START--
INFO: Run Behavior\ReadHtmlCacheBehavior [ RunTime:0.001000s ]
INFO: [ app_begin ] --END-- [ RunTime:0.001000s ]
SQL: select t1.*,t2.ispublish,t2.good_name,t2.create_time from shop_goods_list t1 left join shop_goods t2 on t1.good_id = t2.good_id where t1.good_id = 24 [ RunTime:0.0000s ]
SQL: select  good_attr_value from  shop_goods_attr where good_attr_id = 2 [ RunTime:0.0000s ]
NOTIC: [8] Undefined index: sku_detail E:\wamp\www\meizushangchengtpnew\meizu\Admin\Controller\ShopController.class.php 第 290 行.
SQL: select  good_attr_value from  shop_goods_attr where good_attr_id = 5 [ RunTime:0.0010s ]
SQL: select  good_attr_value from  shop_goods_attr where good_attr_id = 6 [ RunTime:0.0000s ]
SQL: select  good_attr_value from  shop_goods_attr where good_attr_id = 2 [ RunTime:0.0000s ]
NOTIC: [8] Undefined index: sku_detail E:\wamp\www\meizushangchengtpnew\meizu\Admin\Controller\ShopController.class.php 第 290 行.
SQL: select  good_attr_value from  shop_goods_attr where good_attr_id = 5 [ RunTime:0.0000s ]
SQL: select  good_attr_value from  shop_goods_attr where good_attr_id = 7 [ RunTime:0.0000s ]
SQL: select  good_attr_value from  shop_goods_attr where good_attr_id = 2 [ RunTime:0.0000s ]
NOTIC: [8] Undefined index: sku_detail E:\wamp\www\meizushangchengtpnew\meizu\Admin\Controller\ShopController.class.php 第 290 行.
SQL: select  good_attr_value from  shop_goods_attr where good_attr_id = 5 [ RunTime:0.0000s ]
SQL: select  good_attr_value from  shop_goods_attr where good_attr_id = 8 [ RunTime:0.0000s ]
SQL: select  good_attr_value from  shop_goods_attr where good_attr_id = 3 [ RunTime:0.0010s ]
NOTIC: [8] Undefined index: sku_detail E:\wamp\www\meizushangchengtpnew\meizu\Admin\Controller\ShopController.class.php 第 290 行.
SQL: select  good_attr_value from  shop_goods_attr where good_attr_id = 5 [ RunTime:0.0000s ]
SQL: select  good_attr_value from  shop_goods_attr where good_attr_id = 6 [ RunTime:0.0010s ]
SQL: select  good_attr_value from  shop_goods_attr where good_attr_id = 3 [ RunTime:0.0000s ]
NOTIC: [8] Undefined index: sku_detail E:\wamp\www\meizushangchengtpnew\meizu\Admin\Controller\ShopController.class.php 第 290 行.
SQL: select  good_attr_value from  shop_goods_attr where good_attr_id = 5 [ RunTime:0.0000s ]
SQL: select  good_attr_value from  shop_goods_attr where good_attr_id = 7 [ RunTime:0.0000s ]
SQL: select  good_attr_value from  shop_goods_attr where good_attr_id = 3 [ RunTime:0.0000s ]
NOTIC: [8] Undefined index: sku_detail E:\wamp\www\meizushangchengtpnew\meizu\Admin\Controller\ShopController.class.php 第 290 行.
SQL: select  good_attr_value from  shop_goods_attr where good_attr_id = 5 [ RunTime:0.0000s ]
SQL: select  good_attr_value from  shop_goods_attr where good_attr_id = 8 [ RunTime:0.0000s ]
SQL: select  good_attr_value from  shop_goods_attr where good_attr_id = 4 [ RunTime:0.0010s ]
NOTIC: [8] Undefined index: sku_detail E:\wamp\www\meizushangchengtpnew\meizu\Admin\Controller\ShopController.class.php 第 290 行.
SQL: select  good_attr_value from  shop_goods_attr where good_attr_id = 5 [ RunTime:0.0000s ]
SQL: select  good_attr_value from  shop_goods_attr where good_attr_id = 6 [ RunTime:0.0000s ]
SQL: select  good_attr_value from  shop_goods_attr where good_attr_id = 4 [ RunTime:0.0000s ]
NOTIC: [8] Undefined index: sku_detail E:\wamp\www\meizushangchengtpnew\meizu\Admin\Controller\ShopController.class.php 第 290 行.
SQL: select  good_attr_value from  shop_goods_attr where good_attr_id = 5 [ RunTime:0.0000s ]
SQL: select  good_attr_value from  shop_goods_attr where good_attr_id = 7 [ RunTime:0.0010s ]
SQL: select  good_attr_value from  shop_goods_attr where good_attr_id = 4 [ RunTime:0.0000s ]
NOTIC: [8] Undefined index: sku_detail E:\wamp\www\meizushangchengtpnew\meizu\Admin\Controller\ShopController.class.php 第 290 行.
SQL: select  good_attr_value from  shop_goods_attr where good_attr_id = 5 [ RunTime:0.0000s ]
SQL: select  good_attr_value from  shop_goods_attr where good_attr_id = 8 [ RunTime:0.0000s ]
INFO: [ view_parse ] --START--
INFO: [ template_filter ] --START--
INFO: Run Behavior\ContentReplaceBehavior [ RunTime:0.000000s ]
INFO: [ template_filter ] --END-- [ RunTime:0.000000s ]
INFO: Run Behavior\ParseTemplateBehavior [ RunTime:0.014000s ]
INFO: [ view_parse ] --END-- [ RunTime:0.014000s ]
INFO: [ view_filter ] --START--
INFO: Run Behavior\WriteHtmlCacheBehavior [ RunTime:0.000000s ]
INFO: [ view_filter ] --END-- [ RunTime:0.000000s ]
INFO: [ app_end ] --START--
INFO: Run Behavior\ShowPageTraceBehavior [ RunTime:0.000000s ]
INFO: [ app_end ] --END-- [ RunTime:0.000000s ]

[ 2016-08-05T08:57:57+08:00 ] ::1 /meizushangchengtpnew/index.php/admin/shop/shopskuimg/listid/1/good_id/24/type_id/1.html
INFO: [ app_init ] --START--
INFO: Run Behavior\BuildLiteBehavior [ RunTime:0.000000s ]
INFO: [ app_init ] --END-- [ RunTime:0.001000s ]
INFO: [ app_begin ] --START--
INFO: Run Behavior\ReadHtmlCacheBehavior [ RunTime:0.000000s ]
INFO: [ app_begin ] --END-- [ RunTime:0.000000s ]
SQL: select t1.*,t2.ispublish,t2.good_name,t2.create_time from shop_goods_list t1 left join shop_goods t2 on t1.good_id = t2.good_id where t1.good_id = 24 and t1.good_listid != 1 [ RunTime:0.0010s ]
SQL: select  good_attr_value from  shop_goods_attr where good_attr_id = 2 [ RunTime:0.0000s ]
NOTIC: [8] Undefined index: sku_detail E:\wamp\www\meizushangchengtpnew\meizu\Admin\Controller\ShopController.class.php 第 352 行.
SQL: select  good_attr_value from  shop_goods_attr where good_attr_id = 5 [ RunTime:0.0010s ]
SQL: select  good_attr_value from  shop_goods_attr where good_attr_id = 7 [ RunTime:0.0000s ]
SQL: select  good_attr_value from  shop_goods_attr where good_attr_id = 2 [ RunTime:0.0000s ]
NOTIC: [8] Undefined index: sku_detail E:\wamp\www\meizushangchengtpnew\meizu\Admin\Controller\ShopController.class.php 第 352 行.
SQL: select  good_attr_value from  shop_goods_attr where good_attr_id = 5 [ RunTime:0.0000s ]
SQL: select  good_attr_value from  shop_goods_attr where good_attr_id = 8 [ RunTime:0.0000s ]
SQL: select  good_attr_value from  shop_goods_attr where good_attr_id = 3 [ RunTime:0.0010s ]
NOTIC: [8] Undefined index: sku_detail E:\wamp\www\meizushangchengtpnew\meizu\Admin\Controller\ShopController.class.php 第 352 行.
SQL: select  good_attr_value from  shop_goods_attr where good_attr_id = 5 [ RunTime:0.0000s ]
SQL: select  good_attr_value from  shop_goods_attr where good_attr_id = 6 [ RunTime:0.0000s ]
SQL: select  good_attr_value from  shop_goods_attr where good_attr_id = 3 [ RunTime:0.0000s ]
NOTIC: [8] Undefined index: sku_detail E:\wamp\www\meizushangchengtpnew\meizu\Admin\Controller\ShopController.class.php 第 352 行.
SQL: select  good_attr_value from  shop_goods_attr where good_attr_id = 5 [ RunTime:0.0000s ]
SQL: select  good_attr_value from  shop_goods_attr where good_attr_id = 7 [ RunTime:0.0000s ]
SQL: select  good_attr_value from  shop_goods_attr where good_attr_id = 3 [ RunTime:0.0000s ]
NOTIC: [8] Undefined index: sku_detail E:\wamp\www\meizushangchengtpnew\meizu\Admin\Controller\ShopController.class.php 第 352 行.
SQL: select  good_attr_value from  shop_goods_attr where good_attr_id = 5 [ RunTime:0.0000s ]
SQL: select  good_attr_value from  shop_goods_attr where good_attr_id = 8 [ RunTime:0.0000s ]
SQL: select  good_attr_value from  shop_goods_attr where good_attr_id = 4 [ RunTime:0.0000s ]
NOTIC: [8] Undefined index: sku_detail E:\wamp\www\meizushangchengtpnew\meizu\Admin\Controller\ShopController.class.php 第 352 行.
SQL: select  good_attr_value from  shop_goods_attr where good_attr_id = 5 [ RunTime:0.0010s ]
SQL: select  good_attr_value from  shop_goods_attr where good_attr_id = 6 [ RunTime:0.0000s ]
SQL: select  good_attr_value from  shop_goods_attr where good_attr_id = 4 [ RunTime:0.0000s ]
NOTIC: [8] Undefined index: sku_detail E:\wamp\www\meizushangchengtpnew\meizu\Admin\Controller\ShopController.class.php 第 352 行.
SQL: select  good_attr_value from  shop_goods_attr where good_attr_id = 5 [ RunTime:0.0010s ]
SQL: select  good_attr_value from  shop_goods_attr where good_attr_id = 7 [ RunTime:0.0000s ]
SQL: select  good_attr_value from  shop_goods_attr where good_attr_id = 4 [ RunTime:0.0000s ]
NOTIC: [8] Undefined index: sku_detail E:\wamp\www\meizushangchengtpnew\meizu\Admin\Controller\ShopController.class.php 第 352 行.
SQL: select  good_attr_value from  shop_goods_attr where good_attr_id = 5 [ RunTime:0.0010s ]
SQL: select  good_attr_value from  shop_goods_attr where good_attr_id = 8 [ RunTime:0.0000s ]
SQL: select t1.*,t2.good_name,t2.create_time from shop_goods_list t1 left join shop_goods t2 on t1.good_id = t2.good_id where t1.good_listid = 1 [ RunTime:0.0000s ]
SQL: select  good_attr_value from  shop_goods_attr where good_attr_id = 2 [ RunTime:0.0000s ]
NOTIC: [8] Undefined index: sku_detail E:\wamp\www\meizushangchengtpnew\meizu\Admin\Controller\ShopController.class.php 第 371 行.
SQL: select  good_attr_value from  shop_goods_attr where good_attr_id = 5 [ RunTime:0.0000s ]
SQL: select  good_attr_value from  shop_goods_attr where good_attr_id = 6 [ RunTime:0.0000s ]
INFO: [ view_parse ] --START--
INFO: [ template_filter ] --START--
INFO: Run Behavior\ContentReplaceBehavior [ RunTime:0.000000s ]
INFO: [ template_filter ] --END-- [ RunTime:0.001000s ]
INFO: Run Behavior\ParseTemplateBehavior [ RunTime:0.008001s ]
INFO: [ view_parse ] --END-- [ RunTime:0.008001s ]
INFO: [ view_filter ] --START--
INFO: Run Behavior\WriteHtmlCacheBehavior [ RunTime:0.000000s ]
INFO: [ view_filter ] --END-- [ RunTime:0.000000s ]
INFO: [ app_end ] --START--
INFO: Run Behavior\ShowPageTraceBehavior [ RunTime:0.000000s ]
INFO: [ app_end ] --END-- [ RunTime:0.000000s ]

[ 2016-08-05T08:58:16+08:00 ] ::1 /meizushangchengtpnew/index.php/admin/shop/mutipleImgUpload.html
INFO: [ app_init ] --START--
INFO: Run Behavior\BuildLiteBehavior [ RunTime:0.000000s ]
INFO: [ app_init ] --END-- [ RunTime:0.001000s ]
INFO: [ app_begin ] --START--
INFO: Run Behavior\ReadHtmlCacheBehavior [ RunTime:0.000000s ]
INFO: [ app_begin ] --END-- [ RunTime:0.000000s ]
NOTIC: [8] Undefined index: imgs E:\wamp\www\meizushangchengtpnew\meizu\Admin\Controller\ShopController.class.php 第 388 行.
NOTIC: [8] Undefined index: imgs E:\wamp\www\meizushangchengtpnew\meizu\Admin\Controller\ShopController.class.php 第 416 行.
INFO: [ app_end ] --START--
INFO: Run Behavior\ShowPageTraceBehavior [ RunTime:0.001000s ]
INFO: [ app_end ] --END-- [ RunTime:0.001000s ]

[ 2016-08-05T08:58:16+08:00 ] ::1 /meizushangchengtpnew/index.php/admin/shop/mutipleImgUpload.html
INFO: [ app_init ] --START--
INFO: Run Behavior\BuildLiteBehavior [ RunTime:0.000000s ]
INFO: [ app_init ] --END-- [ RunTime:0.000000s ]
INFO: [ app_begin ] --START--
INFO: Run Behavior\ReadHtmlCacheBehavior [ RunTime:0.000000s ]
INFO: [ app_begin ] --END-- [ RunTime:0.001000s ]
INFO: [ app_end ] --START--
INFO: Run Behavior\ShowPageTraceBehavior [ RunTime:0.001000s ]
INFO: [ app_end ] --END-- [ RunTime:0.001000s ]

[ 2016-08-05T08:58:16+08:00 ] ::1 /meizushangchengtpnew/index.php/admin/shop/mutipleImgUpload.html
INFO: [ app_init ] --START--
INFO: Run Behavior\BuildLiteBehavior [ RunTime:0.000000s ]
INFO: [ app_init ] --END-- [ RunTime:0.000000s ]
INFO: [ app_begin ] --START--
INFO: Run Behavior\ReadHtmlCacheBehavior [ RunTime:0.000000s ]
INFO: [ app_begin ] --END-- [ RunTime:0.001001s ]
INFO: [ app_end ] --START--
INFO: Run Behavior\ShowPageTraceBehavior [ RunTime:0.001000s ]
INFO: [ app_end ] --END-- [ RunTime:0.001000s ]

[ 2016-08-05T08:58:16+08:00 ] ::1 /meizushangchengtpnew/index.php/admin/shop/mutipleImgUpload.html
INFO: [ app_init ] --START--
INFO: Run Behavior\BuildLiteBehavior [ RunTime:0.000000s ]
INFO: [ app_init ] --END-- [ RunTime:0.000000s ]
INFO: [ app_begin ] --START--
INFO: Run Behavior\ReadHtmlCacheBehavior [ RunTime:0.001000s ]
INFO: [ app_begin ] --END-- [ RunTime:0.001000s ]
INFO: [ app_end ] --START--
INFO: Run Behavior\ShowPageTraceBehavior [ RunTime:0.001000s ]
INFO: [ app_end ] --END-- [ RunTime:0.001000s ]

[ 2016-08-05T08:58:20+08:00 ] ::1 /meizushangchengtpnew/index.php/admin/shop/shopSkuImg.html
INFO: [ app_init ] --START--
INFO: Run Behavior\BuildLiteBehavior [ RunTime:0.000000s ]
INFO: [ app_init ] --END-- [ RunTime:0.001000s ]
INFO: [ app_begin ] --START--
INFO: Run Behavior\ReadHtmlCacheBehavior [ RunTime:0.001000s ]
INFO: [ app_begin ] --END-- [ RunTime:0.001000s ]
NOTIC: [8] Undefined index: sameimgid E:\wamp\www\meizushangchengtpnew\meizu\Admin\Controller\ShopController.class.php 第 309 行.
SQL: update shop_goods_list set good_imgs = './Uploads/product_imgs/2016-08-05/147035869672891.jpg,./Uploads/product_imgs/2016-08-05/147035869611238.jpg,./Uploads/product_imgs/2016-08-05/147035869616267.jpg,./Uploads/product_imgs/2016-08-05/147035869673457.jpg' where good_listid = 1 [ RunTime:0.0010s ]
INFO: [ view_parse ] --START--
INFO: [ template_filter ] --START--
INFO: Run Behavior\ContentReplaceBehavior [ RunTime:0.000000s ]
INFO: [ template_filter ] --END-- [ RunTime:0.000000s ]
INFO: Run Behavior\ParseTemplateBehavior [ RunTime:0.008000s ]
INFO: [ view_parse ] --END-- [ RunTime:0.008000s ]
INFO: [ view_filter ] --START--
INFO: Run Behavior\WriteHtmlCacheBehavior [ RunTime:0.000000s ]
INFO: [ view_filter ] --END-- [ RunTime:0.000000s ]
INFO: [ app_end ] --START--
INFO: Run Behavior\ShowPageTraceBehavior [ RunTime:0.001000s ]
INFO: [ app_end ] --END-- [ RunTime:0.001000s ]

[ 2016-08-05T08:58:21+08:00 ] ::1 /meizushangchengtpnew/index.php/admin/shop/shopskulist/good_id/24/type_id/1.html
INFO: [ app_init ] --START--
INFO: Run Behavior\BuildLiteBehavior [ RunTime:0.000000s ]
INFO: [ app_init ] --END-- [ RunTime:0.001000s ]
INFO: [ app_begin ] --START--
INFO: Run Behavior\ReadHtmlCacheBehavior [ RunTime:0.001000s ]
INFO: [ app_begin ] --END-- [ RunTime:0.001000s ]
SQL: select t1.*,t2.ispublish,t2.good_name,t2.create_time from shop_goods_list t1 left join shop_goods t2 on t1.good_id = t2.good_id where t1.good_id = 24 [ RunTime:0.0000s ]
SQL: select  good_attr_value from  shop_goods_attr where good_attr_id = 2 [ RunTime:0.0000s ]
NOTIC: [8] Undefined index: sku_detail E:\wamp\www\meizushangchengtpnew\meizu\Admin\Controller\ShopController.class.php 第 290 行.
SQL: select  good_attr_value from  shop_goods_attr where good_attr_id = 5 [ RunTime:0.0000s ]
SQL: select  good_attr_value from  shop_goods_attr where good_attr_id = 6 [ RunTime:0.0000s ]
SQL: select  good_attr_value from  shop_goods_attr where good_attr_id = 2 [ RunTime:0.0000s ]
NOTIC: [8] Undefined index: sku_detail E:\wamp\www\meizushangchengtpnew\meizu\Admin\Controller\ShopController.class.php 第 290 行.
SQL: select  good_attr_value from  shop_goods_attr where good_attr_id = 5 [ RunTime:0.0010s ]
SQL: select  good_attr_value from  shop_goods_attr where good_attr_id = 7 [ RunTime:0.0000s ]
SQL: select  good_attr_value from  shop_goods_attr where good_attr_id = 2 [ RunTime:0.0000s ]
NOTIC: [8] Undefined index: sku_detail E:\wamp\www\meizushangchengtpnew\meizu\Admin\Controller\ShopController.class.php 第 290 行.
SQL: select  good_attr_value from  shop_goods_attr where good_attr_id = 5 [ RunTime:0.0010s ]
SQL: select  good_attr_value from  shop_goods_attr where good_attr_id = 8 [ RunTime:0.0000s ]
SQL: select  good_attr_value from  shop_goods_attr where good_attr_id = 3 [ RunTime:0.0000s ]
NOTIC: [8] Undefined index: sku_detail E:\wamp\www\meizushangchengtpnew\meizu\Admin\Controller\ShopController.class.php 第 290 行.
SQL: select  good_attr_value from  shop_goods_attr where good_attr_id = 5 [ RunTime:0.0000s ]
SQL: select  good_attr_value from  shop_goods_attr where good_attr_id = 6 [ RunTime:0.0000s ]
SQL: select  good_attr_value from  shop_goods_attr where good_attr_id = 3 [ RunTime:0.0000s ]
NOTIC: [8] Undefined index: sku_detail E:\wamp\www\meizushangchengtpnew\meizu\Admin\Controller\ShopController.class.php 第 290 行.
SQL: select  good_attr_value from  shop_goods_attr where good_attr_id = 5 [ RunTime:0.0000s ]
SQL: select  good_attr_value from  shop_goods_attr where good_attr_id = 7 [ RunTime:0.0010s ]
SQL: select  good_attr_value from  shop_goods_attr where good_attr_id = 3 [ RunTime:0.0000s ]
NOTIC: [8] Undefined index: sku_detail E:\wamp\www\meizushangchengtpnew\meizu\Admin\Controller\ShopController.class.php 第 290 行.
SQL: select  good_attr_value from  shop_goods_attr where good_attr_id = 5 [ RunTime:0.0000s ]
SQL: select  good_attr_value from  shop_goods_attr where good_attr_id = 8 [ RunTime:0.0000s ]
SQL: select  good_attr_value from  shop_goods_attr where good_attr_id = 4 [ RunTime:0.0000s ]
NOTIC: [8] Undefined index: sku_detail E:\wamp\www\meizushangchengtpnew\meizu\Admin\Controller\ShopController.class.php 第 290 行.
SQL: select  good_attr_value from  shop_goods_attr where good_attr_id = 5 [ RunTime:0.0000s ]
SQL: select  good_attr_value from  shop_goods_attr where good_attr_id = 6 [ RunTime:0.0000s ]
SQL: select  good_attr_value from  shop_goods_attr where good_attr_id = 4 [ RunTime:0.0000s ]
NOTIC: [8] Undefined index: sku_detail E:\wamp\www\meizushangchengtpnew\meizu\Admin\Controller\ShopController.class.php 第 290 行.
SQL: select  good_attr_value from  shop_goods_attr where good_attr_id = 5 [ RunTime:0.0000s ]
SQL: select  good_attr_value from  shop_goods_attr where good_attr_id = 7 [ RunTime:0.0000s ]
SQL: select  good_attr_value from  shop_goods_attr where good_attr_id = 4 [ RunTime:0.0000s ]
NOTIC: [8] Undefined index: sku_detail E:\wamp\www\meizushangchengtpnew\meizu\Admin\Controller\ShopController.class.php 第 290 行.
SQL: select  good_attr_value from  shop_goods_attr where good_attr_id = 5 [ RunTime:0.0000s ]
SQL: select  good_attr_value from  shop_goods_attr where good_attr_id = 8 [ RunTime:0.0000s ]
INFO: [ view_parse ] --START--
INFO: [ template_filter ] --START--
INFO: Run Behavior\ContentReplaceBehavior [ RunTime:0.000000s ]
INFO: [ template_filter ] --END-- [ RunTime:0.000000s ]
INFO: Run Behavior\ParseTemplateBehavior [ RunTime:0.014001s ]
INFO: [ view_parse ] --END-- [ RunTime:0.014001s ]
INFO: [ view_filter ] --START--
INFO: Run Behavior\WriteHtmlCacheBehavior [ RunTime:0.000000s ]
INFO: [ view_filter ] --END-- [ RunTime:0.000000s ]
INFO: [ app_end ] --START--
INFO: Run Behavior\ShowPageTraceBehavior [ RunTime:0.000000s ]
INFO: [ app_end ] --END-- [ RunTime:0.001000s ]

[ 2016-08-05T08:58:24+08:00 ] ::1 /meizushangchengtpnew/index.php/admin/shop/showimgs/good_listid/2.html
INFO: [ app_init ] --START--
INFO: Run Behavior\BuildLiteBehavior [ RunTime:0.000000s ]
INFO: [ app_init ] --END-- [ RunTime:0.001000s ]
INFO: [ app_begin ] --START--
INFO: Run Behavior\ReadHtmlCacheBehavior [ RunTime:0.001001s ]
INFO: [ app_begin ] --END-- [ RunTime:0.001001s ]
SQL: select good_imgs from shop_goods_list where good_listid = '2' [ RunTime:0.0010s ]
INFO: [ view_parse ] --START--
INFO: [ template_filter ] --START--
INFO: Run Behavior\ContentReplaceBehavior [ RunTime:0.000000s ]
INFO: [ template_filter ] --END-- [ RunTime:0.001000s ]
NOTIC: [8] Undefined variable: i E:\wamp\www\meizushangchengtpnew\meizu\Runtime\Cache\Admin\2ece7c0cd67351d211053923a41fde46.php 第 44 行.
NOTIC: [8] Undefined variable: i E:\wamp\www\meizushangchengtpnew\meizu\Runtime\Cache\Admin\2ece7c0cd67351d211053923a41fde46.php 第 44 行.
NOTIC: [8] Undefined variable: i E:\wamp\www\meizushangchengtpnew\meizu\Runtime\Cache\Admin\2ece7c0cd67351d211053923a41fde46.php 第 44 行.
NOTIC: [8] Undefined variable: i E:\wamp\www\meizushangchengtpnew\meizu\Runtime\Cache\Admin\2ece7c0cd67351d211053923a41fde46.php 第 44 行.
INFO: Run Behavior\ParseTemplateBehavior [ RunTime:0.009001s ]
INFO: [ view_parse ] --END-- [ RunTime:0.010001s ]
INFO: [ view_filter ] --START--
INFO: Run Behavior\WriteHtmlCacheBehavior [ RunTime:0.001000s ]
INFO: [ view_filter ] --END-- [ RunTime:0.001000s ]
INFO: [ app_end ] --START--
INFO: Run Behavior\ShowPageTraceBehavior [ RunTime:0.001000s ]
INFO: [ app_end ] --END-- [ RunTime:0.001000s ]

[ 2016-08-05T08:58:32+08:00 ] ::1 /meizushangchengtpnew/index.php/admin/shop/showimgs/good_listid/9.html
INFO: [ app_init ] --START--
INFO: Run Behavior\BuildLiteBehavior [ RunTime:0.000000s ]
INFO: [ app_init ] --END-- [ RunTime:0.001000s ]
INFO: [ app_begin ] --START--
INFO: Run Behavior\ReadHtmlCacheBehavior [ RunTime:0.002000s ]
INFO: [ app_begin ] --END-- [ RunTime:0.002000s ]
SQL: select good_imgs from shop_goods_list where good_listid = '9' [ RunTime:0.0010s ]
INFO: [ view_parse ] --START--
INFO: [ template_filter ] --START--
INFO: Run Behavior\ContentReplaceBehavior [ RunTime:0.000000s ]
INFO: [ template_filter ] --END-- [ RunTime:0.000000s ]
NOTIC: [8] Undefined variable: i E:\wamp\www\meizushangchengtpnew\meizu\Runtime\Cache\Admin\2ece7c0cd67351d211053923a41fde46.php 第 44 行.
NOTIC: [8] Undefined variable: i E:\wamp\www\meizushangchengtpnew\meizu\Runtime\Cache\Admin\2ece7c0cd67351d211053923a41fde46.php 第 44 行.
NOTIC: [8] Undefined variable: i E:\wamp\www\meizushangchengtpnew\meizu\Runtime\Cache\Admin\2ece7c0cd67351d211053923a41fde46.php 第 44 行.
NOTIC: [8] Undefined variable: i E:\wamp\www\meizushangchengtpnew\meizu\Runtime\Cache\Admin\2ece7c0cd67351d211053923a41fde46.php 第 44 行.
INFO: Run Behavior\ParseTemplateBehavior [ RunTime:0.017001s ]
INFO: [ view_parse ] --END-- [ RunTime:0.018001s ]
INFO: [ view_filter ] --START--
INFO: Run Behavior\WriteHtmlCacheBehavior [ RunTime:0.000000s ]
INFO: [ view_filter ] --END-- [ RunTime:0.000000s ]
INFO: [ app_end ] --START--
INFO: Run Behavior\ShowPageTraceBehavior [ RunTime:0.000000s ]
INFO: [ app_end ] --END-- [ RunTime:0.000000s ]

[ 2016-08-05T08:58:44+08:00 ] ::1 /meizushangchengtpnew/index.php/admin/shop/showimgs/good_listid/1.html
INFO: [ app_init ] --START--
INFO: Run Behavior\BuildLiteBehavior [ RunTime:0.000000s ]
INFO: [ app_init ] --END-- [ RunTime:0.001001s ]
INFO: [ app_begin ] --START--
INFO: Run Behavior\ReadHtmlCacheBehavior [ RunTime:0.001000s ]
INFO: [ app_begin ] --END-- [ RunTime:0.001000s ]
SQL: select good_imgs from shop_goods_list where good_listid = '1' [ RunTime:0.0010s ]
INFO: [ view_parse ] --START--
INFO: [ template_filter ] --START--
INFO: Run Behavior\ContentReplaceBehavior [ RunTime:0.001000s ]
INFO: [ template_filter ] --END-- [ RunTime:0.001000s ]
NOTIC: [8] Undefined variable: i E:\wamp\www\meizushangchengtpnew\meizu\Runtime\Cache\Admin\2ece7c0cd67351d211053923a41fde46.php 第 44 行.
NOTIC: [8] Undefined variable: i E:\wamp\www\meizushangchengtpnew\meizu\Runtime\Cache\Admin\2ece7c0cd67351d211053923a41fde46.php 第 44 行.
NOTIC: [8] Undefined variable: i E:\wamp\www\meizushangchengtpnew\meizu\Runtime\Cache\Admin\2ece7c0cd67351d211053923a41fde46.php 第 44 行.
NOTIC: [8] Undefined variable: i E:\wamp\www\meizushangchengtpnew\meizu\Runtime\Cache\Admin\2ece7c0cd67351d211053923a41fde46.php 第 44 行.
INFO: Run Behavior\ParseTemplateBehavior [ RunTime:0.010001s ]
INFO: [ view_parse ] --END-- [ RunTime:0.010001s ]
INFO: [ view_filter ] --START--
INFO: Run Behavior\WriteHtmlCacheBehavior [ RunTime:0.001000s ]
INFO: [ view_filter ] --END-- [ RunTime:0.001000s ]
INFO: [ app_end ] --START--
INFO: Run Behavior\ShowPageTraceBehavior [ RunTime:0.001000s ]
INFO: [ app_end ] --END-- [ RunTime:0.001000s ]

[ 2016-08-05T09:19:19+08:00 ] ::1 /meizushangchengtpnew/index.php/admin/shop/index.html
INFO: [ app_init ] --START--
INFO: Run Behavior\BuildLiteBehavior [ RunTime:0.000000s ]
INFO: [ app_init ] --END-- [ RunTime:0.001000s ]
INFO: [ app_begin ] --START--
INFO: Run Behavior\ReadHtmlCacheBehavior [ RunTime:0.001000s ]
INFO: [ app_begin ] --END-- [ RunTime:0.001000s ]
SQL: select * from shop_goods t1 left join shop_category t2 on t1.cate_id = t2.cid [ RunTime:0.0010s ]
SQL: select count(good_listid) count from shop_goods_list where good_id='31' [ RunTime:0.0000s ]
SQL: select count(good_listid) count from shop_goods_list where good_id='27' [ RunTime:0.0010s ]
SQL: select count(good_listid) count from shop_goods_list where good_id='26' [ RunTime:0.0000s ]
SQL: select count(good_listid) count from shop_goods_list where good_id='24' [ RunTime:0.0000s ]
SQL: select count(good_listid) count from shop_goods_list where good_id='25' [ RunTime:0.0000s ]
INFO: [ view_parse ] --START--
INFO: [ template_filter ] --START--
INFO: Run Behavior\ContentReplaceBehavior [ RunTime:0.000000s ]
INFO: [ template_filter ] --END-- [ RunTime:0.001000s ]
NOTIC: [8] A non well formed numeric value encountered E:\wamp\www\meizushangchengtpnew\meizu\Runtime\Cache\Admin\8595ca944caee70229fd2a300294a1fd.php 第 65 行.
NOTIC: [8] A non well formed numeric value encountered E:\wamp\www\meizushangchengtpnew\meizu\Runtime\Cache\Admin\8595ca944caee70229fd2a300294a1fd.php 第 65 行.
NOTIC: [8] A non well formed numeric value encountered E:\wamp\www\meizushangchengtpnew\meizu\Runtime\Cache\Admin\8595ca944caee70229fd2a300294a1fd.php 第 65 行.
NOTIC: [8] A non well formed numeric value encountered E:\wamp\www\meizushangchengtpnew\meizu\Runtime\Cache\Admin\8595ca944caee70229fd2a300294a1fd.php 第 65 行.
NOTIC: [8] A non well formed numeric value encountered E:\wamp\www\meizushangchengtpnew\meizu\Runtime\Cache\Admin\8595ca944caee70229fd2a300294a1fd.php 第 65 行.
INFO: Run Behavior\ParseTemplateBehavior [ RunTime:0.015000s ]
INFO: [ view_parse ] --END-- [ RunTime:0.015000s ]
INFO: [ view_filter ] --START--
INFO: Run Behavior\WriteHtmlCacheBehavior [ RunTime:0.001000s ]
INFO: [ view_filter ] --END-- [ RunTime:0.001000s ]
INFO: [ app_end ] --START--
INFO: Run Behavior\ShowPageTraceBehavior [ RunTime:0.001001s ]
INFO: [ app_end ] --END-- [ RunTime:0.001001s ]

[ 2016-08-05T09:19:55+08:00 ] ::1 /meizushangchengtpnew/index.php/admin/shop/index.html
INFO: [ app_init ] --START--
INFO: Run Behavior\BuildLiteBehavior [ RunTime:0.000000s ]
INFO: [ app_init ] --END-- [ RunTime:0.001000s ]
INFO: [ app_begin ] --START--
INFO: Run Behavior\ReadHtmlCacheBehavior [ RunTime:0.001000s ]
INFO: [ app_begin ] --END-- [ RunTime:0.001000s ]
SQL: select * from shop_goods t1 left join shop_category t2 on t1.cate_id = t2.cid [ RunTime:0.0000s ]
SQL: select count(good_listid) count from shop_goods_list where good_id='31' [ RunTime:0.0000s ]
SQL: select count(good_listid) count from shop_goods_list where good_id='27' [ RunTime:0.0000s ]
SQL: select count(good_listid) count from shop_goods_list where good_id='26' [ RunTime:0.0010s ]
SQL: select count(good_listid) count from shop_goods_list where good_id='24' [ RunTime:0.0000s ]
SQL: select count(good_listid) count from shop_goods_list where good_id='25' [ RunTime:0.0010s ]
INFO: [ view_parse ] --START--
INFO: [ template_filter ] --START--
INFO: Run Behavior\ContentReplaceBehavior [ RunTime:0.000000s ]
INFO: [ template_filter ] --END-- [ RunTime:0.000000s ]
NOTIC: [8] A non well formed numeric value encountered E:\wamp\www\meizushangchengtpnew\meizu\Runtime\Cache\Admin\8595ca944caee70229fd2a300294a1fd.php 第 65 行.
NOTIC: [8] A non well formed numeric value encountered E:\wamp\www\meizushangchengtpnew\meizu\Runtime\Cache\Admin\8595ca944caee70229fd2a300294a1fd.php 第 65 行.
NOTIC: [8] A non well formed numeric value encountered E:\wamp\www\meizushangchengtpnew\meizu\Runtime\Cache\Admin\8595ca944caee70229fd2a300294a1fd.php 第 65 行.
NOTIC: [8] A non well formed numeric value encountered E:\wamp\www\meizushangchengtpnew\meizu\Runtime\Cache\Admin\8595ca944caee70229fd2a300294a1fd.php 第 65 行.
NOTIC: [8] A non well formed numeric value encountered E:\wamp\www\meizushangchengtpnew\meizu\Runtime\Cache\Admin\8595ca944caee70229fd2a300294a1fd.php 第 65 行.
INFO: Run Behavior\ParseTemplateBehavior [ RunTime:0.014001s ]
INFO: [ view_parse ] --END-- [ RunTime:0.014001s ]
INFO: [ view_filter ] --START--
INFO: Run Behavior\WriteHtmlCacheBehavior [ RunTime:0.001000s ]
INFO: [ view_filter ] --END-- [ RunTime:0.001000s ]
INFO: [ app_end ] --START--
INFO: Run Behavior\ShowPageTraceBehavior [ RunTime:0.001000s ]
INFO: [ app_end ] --END-- [ RunTime:0.001000s ]

[ 2016-08-05T15:55:57+08:00 ] 127.0.0.1 /meizushangchengtpnew/index.php/admin/login/login
INFO: [ app_init ] --START--
INFO: Run Behavior\BuildLiteBehavior [ RunTime:0.000000s ]
INFO: [ app_init ] --END-- [ RunTime:0.001000s ]
INFO: [ app_begin ] --START--
INFO: Run Behavior\ReadHtmlCacheBehavior [ RunTime:0.001000s ]
INFO: [ app_begin ] --END-- [ RunTime:0.001000s ]
INFO: [ view_parse ] --START--
INFO: [ template_filter ] --START--
INFO: Run Behavior\ContentReplaceBehavior [ RunTime:0.000000s ]
INFO: [ template_filter ] --END-- [ RunTime:0.000000s ]
INFO: Run Behavior\ParseTemplateBehavior [ RunTime:0.020001s ]
INFO: [ view_parse ] --END-- [ RunTime:0.020001s ]
INFO: [ view_filter ] --START--
INFO: Run Behavior\WriteHtmlCacheBehavior [ RunTime:0.000000s ]
INFO: [ view_filter ] --END-- [ RunTime:0.000000s ]
INFO: [ app_end ] --START--
INFO: Run Behavior\ShowPageTraceBehavior [ RunTime:0.000000s ]
INFO: [ app_end ] --END-- [ RunTime:0.000000s ]

[ 2016-08-05T15:55:57+08:00 ] 127.0.0.1 /meizushangchengtpnew/index.php/admin/login/lib/jquery.min.js
INFO: [ app_init ] --START--
INFO: Run Behavior\BuildLiteBehavior [ RunTime:0.000000s ]
INFO: [ app_init ] --END-- [ RunTime:0.001000s ]
INFO: [ app_begin ] --START--
INFO: Run Behavior\ReadHtmlCacheBehavior [ RunTime:0.001000s ]
INFO: [ app_begin ] --END-- [ RunTime:0.001000s ]
ERR: 非法操作:lib

[ 2016-08-05T15:55:57+08:00 ] 127.0.0.1 /meizushangchengtpnew/index.php/admin/login/js/H-ui.js
INFO: [ app_init ] --START--
INFO: Run Behavior\BuildLiteBehavior [ RunTime:0.000000s ]
INFO: [ app_init ] --END-- [ RunTime:0.001000s ]
INFO: [ app_begin ] --START--
INFO: Run Behavior\ReadHtmlCacheBehavior [ RunTime:0.000000s ]
INFO: [ app_begin ] --END-- [ RunTime:0.001000s ]
ERR: 非法操作:js

[ 2016-08-05T15:55:58+08:00 ] ::1 /meizushangchengtpnew/index.php/admin/verify/buildVerify.html
INFO: [ app_init ] --START--
INFO: Run Behavior\BuildLiteBehavior [ RunTime:0.000000s ]
INFO: [ app_init ] --END-- [ RunTime:0.001000s ]
INFO: [ app_begin ] --START--
INFO: Run Behavior\ReadHtmlCacheBehavior [ RunTime:0.001000s ]
INFO: [ app_begin ] --END-- [ RunTime:0.001000s ]
INFO: [ app_end ] --START--
INFO: Run Behavior\ShowPageTraceBehavior [ RunTime:0.001000s ]
INFO: [ app_end ] --END-- [ RunTime:0.001000s ]

[ 2016-08-05T22:03:11+08:00 ] ::1 /meizushangchengtpnew/index.php/admin/login/login
INFO: [ app_init ] --START--
INFO: Run Behavior\BuildLiteBehavior [ RunTime:0.000000s ]
INFO: [ app_init ] --END-- [ RunTime:0.000000s ]
INFO: [ app_begin ] --START--
INFO: Run Behavior\ReadHtmlCacheBehavior [ RunTime:0.001000s ]
INFO: [ app_begin ] --END-- [ RunTime:0.001000s ]
INFO: [ view_parse ] --START--
INFO: [ template_filter ] --START--
INFO: Run Behavior\ContentReplaceBehavior [ RunTime:0.000000s ]
INFO: [ template_filter ] --END-- [ RunTime:0.001000s ]
INFO: Run Behavior\ParseTemplateBehavior [ RunTime:0.036002s ]
INFO: [ view_parse ] --END-- [ RunTime:0.036002s ]
INFO: [ view_filter ] --START--
INFO: Run Behavior\WriteHtmlCacheBehavior [ RunTime:0.000000s ]
INFO: [ view_filter ] --END-- [ RunTime:0.001000s ]
INFO: [ app_end ] --START--
INFO: Run Behavior\ShowPageTraceBehavior [ RunTime:0.001000s ]
INFO: [ app_end ] --END-- [ RunTime:0.001000s ]

[ 2016-08-05T22:03:11+08:00 ] ::1 /meizushangchengtpnew/index.php/admin/login/lib/jquery.min.js
INFO: [ app_init ] --START--
INFO: Run Behavior\BuildLiteBehavior [ RunTime:0.000000s ]
INFO: [ app_init ] --END-- [ RunTime:0.001000s ]
INFO: [ app_begin ] --START--
INFO: Run Behavior\ReadHtmlCacheBehavior [ RunTime:0.000000s ]
INFO: [ app_begin ] --END-- [ RunTime:0.001000s ]
ERR: 非法操作:lib

[ 2016-08-05T22:03:11+08:00 ] ::1 /meizushangchengtpnew/index.php/admin/login/js/H-ui.js
INFO: [ app_init ] --START--
INFO: Run Behavior\BuildLiteBehavior [ RunTime:0.000000s ]
INFO: [ app_init ] --END-- [ RunTime:0.001000s ]
INFO: [ app_begin ] --START--
INFO: Run Behavior\ReadHtmlCacheBehavior [ RunTime:0.000000s ]
INFO: [ app_begin ] --END-- [ RunTime:0.002000s ]
ERR: 非法操作:js

[ 2016-08-05T22:03:12+08:00 ] ::1 /meizushangchengtpnew/index.php/admin/verify/buildVerify.html
INFO: [ app_init ] --START--
INFO: Run Behavior\BuildLiteBehavior [ RunTime:0.000000s ]
INFO: [ app_init ] --END-- [ RunTime:0.001000s ]
INFO: [ app_begin ] --START--
INFO: Run Behavior\ReadHtmlCacheBehavior [ RunTime:0.000000s ]
INFO: [ app_begin ] --END-- [ RunTime:0.001000s ]
INFO: [ app_end ] --START--
INFO: Run Behavior\ShowPageTraceBehavior [ RunTime:0.003000s ]
INFO: [ app_end ] --END-- [ RunTime:0.004000s ]

[ 2016-08-05T22:03:15+08:00 ] ::1 /meizushangchengtpnew/index.php/admin/Login/checkusername.html
INFO: [ app_init ] --START--
INFO: Run Behavior\BuildLiteBehavior [ RunTime:0.000000s ]
INFO: [ app_init ] --END-- [ RunTime:0.001000s ]
INFO: [ app_begin ] --START--
INFO: Run Behavior\ReadHtmlCacheBehavior [ RunTime:0.000000s ]
INFO: [ app_begin ] --END-- [ RunTime:0.000000s ]
SQL: select * from user where username = 'huangzhenjiang1' and isadmin = 1 [ RunTime:0.0000s ]

[ 2016-08-05T22:03:17+08:00 ] ::1 /meizushangchengtpnew/index.php/admin/Login/checkpassword.html
INFO: [ app_init ] --START--
INFO: Run Behavior\BuildLiteBehavior [ RunTime:0.000000s ]
INFO: [ app_init ] --END-- [ RunTime:0.001000s ]
INFO: [ app_begin ] --START--
INFO: Run Behavior\ReadHtmlCacheBehavior [ RunTime:0.000000s ]
INFO: [ app_begin ] --END-- [ RunTime:0.000000s ]
SQL: select * from user where username = 'huangzhenjiang1' and password = '0650fab58b9d0aade4849a744820a04e' and isadmin = 1 [ RunTime:0.0000s ]

[ 2016-08-05T22:03:18+08:00 ] ::1 /meizushangchengtpnew/index.php/admin/Login/checkusername.html
INFO: [ app_init ] --START--
INFO: Run Behavior\BuildLiteBehavior [ RunTime:0.000000s ]
INFO: [ app_init ] --END-- [ RunTime:0.001000s ]
INFO: [ app_begin ] --START--
INFO: Run Behavior\ReadHtmlCacheBehavior [ RunTime:0.001000s ]
INFO: [ app_begin ] --END-- [ RunTime:0.001000s ]
SQL: select * from user where username = 'admin' and isadmin = 1 [ RunTime:0.0010s ]

[ 2016-08-05T22:03:18+08:00 ] ::1 /meizushangchengtpnew/index.php/admin/Login/checkpassword.html
INFO: [ app_init ] --START--
INFO: Run Behavior\BuildLiteBehavior [ RunTime:0.000000s ]
INFO: [ app_init ] --END-- [ RunTime:0.001000s ]
INFO: [ app_begin ] --START--
INFO: Run Behavior\ReadHtmlCacheBehavior [ RunTime:0.000000s ]
INFO: [ app_begin ] --END-- [ RunTime:0.000000s ]
SQL: select * from user where username = 'admin' and password = '21232f297a57a5a743894a0e4a801fc3' and isadmin = 1 [ RunTime:0.0010s ]

[ 2016-08-05T22:03:20+08:00 ] ::1 /meizushangchengtpnew/index.php/admin/verify/checkVerify.html
INFO: [ app_init ] --START--
INFO: Run Behavior\BuildLiteBehavior [ RunTime:0.000000s ]
INFO: [ app_init ] --END-- [ RunTime:0.000000s ]
INFO: [ app_begin ] --START--
INFO: Run Behavior\ReadHtmlCacheBehavior [ RunTime:0.001000s ]
INFO: [ app_begin ] --END-- [ RunTime:0.001000s ]

[ 2016-08-05T22:03:20+08:00 ] ::1 /meizushangchengtpnew/index.php/admin/login/allowlogin.html
INFO: [ app_init ] --START--
INFO: Run Behavior\BuildLiteBehavior [ RunTime:0.000000s ]
INFO: [ app_init ] --END-- [ RunTime:0.001000s ]
INFO: [ app_begin ] --START--
INFO: Run Behavior\ReadHtmlCacheBehavior [ RunTime:0.001000s ]
INFO: [ app_begin ] --END-- [ RunTime:0.001000s ]
SQL: select * from user where username = 'admin' and password = '21232f297a57a5a743894a0e4a801fc3' and isadmin = 1 [ RunTime:0.0000s ]
SQL: select title from auth_group t1 left join auth_group_access t2 on t1.id = t2.group_id where t2.uid = 12 [ RunTime:0.0920s ]
INFO: [ view_parse ] --START--
INFO: [ template_filter ] --START--
INFO: Run Behavior\ContentReplaceBehavior [ RunTime:0.001000s ]
INFO: [ template_filter ] --END-- [ RunTime:0.001000s ]
INFO: Run Behavior\ParseTemplateBehavior [ RunTime:0.029002s ]
INFO: [ view_parse ] --END-- [ RunTime:0.029002s ]
INFO: [ view_filter ] --START--
INFO: Run Behavior\WriteHtmlCacheBehavior [ RunTime:0.000000s ]
INFO: [ view_filter ] --END-- [ RunTime:0.002000s ]
INFO: [ app_end ] --START--
INFO: Run Behavior\ShowPageTraceBehavior [ RunTime:0.001000s ]
INFO: [ app_end ] --END-- [ RunTime:0.002000s ]

[ 2016-08-05T22:03:21+08:00 ] ::1 /meizushangchengtpnew/index.php/admin/index/index.html
INFO: [ app_init ] --START--
INFO: Run Behavior\BuildLiteBehavior [ RunTime:0.000000s ]
INFO: [ app_init ] --END-- [ RunTime:0.001000s ]
INFO: [ app_begin ] --START--
INFO: Run Behavior\ReadHtmlCacheBehavior [ RunTime:0.000000s ]
INFO: [ app_begin ] --END-- [ RunTime:0.000000s ]
INFO: [ view_parse ] --START--
INFO: [ template_filter ] --START--
INFO: Run Behavior\ContentReplaceBehavior [ RunTime:0.000000s ]
INFO: [ template_filter ] --END-- [ RunTime:0.000000s ]
INFO: Run Behavior\ParseTemplateBehavior [ RunTime:0.024001s ]
INFO: [ view_parse ] --END-- [ RunTime:0.024001s ]
INFO: [ view_filter ] --START--
INFO: Run Behavior\WriteHtmlCacheBehavior [ RunTime:0.000000s ]
INFO: [ view_filter ] --END-- [ RunTime:0.000000s ]
INFO: [ app_end ] --START--
INFO: Run Behavior\ShowPageTraceBehavior [ RunTime:0.001000s ]
INFO: [ app_end ] --END-- [ RunTime:0.001000s ]

[ 2016-08-05T22:03:22+08:00 ] ::1 /meizushangchengtpnew/index.php/admin/index/welcome.html
INFO: [ app_init ] --START--
INFO: Run Behavior\BuildLiteBehavior [ RunTime:0.000000s ]
INFO: [ app_init ] --END-- [ RunTime:0.000000s ]
INFO: [ app_begin ] --START--
INFO: Run Behavior\ReadHtmlCacheBehavior [ RunTime:0.000000s ]
INFO: [ app_begin ] --END-- [ RunTime:0.001000s ]
INFO: [ view_parse ] --START--
INFO: [ template_filter ] --START--
INFO: Run Behavior\ContentReplaceBehavior [ RunTime:0.001000s ]
INFO: [ template_filter ] --END-- [ RunTime:0.001000s ]
INFO: Run Behavior\ParseTemplateBehavior [ RunTime:0.063003s ]
INFO: [ view_parse ] --END-- [ RunTime:0.064003s ]
INFO: [ view_filter ] --START--
INFO: Run Behavior\WriteHtmlCacheBehavior [ RunTime:0.001000s ]
INFO: [ view_filter ] --END-- [ RunTime:0.001000s ]
INFO: [ app_end ] --START--
INFO: Run Behavior\ShowPageTraceBehavior [ RunTime:0.002000s ]
INFO: [ app_end ] --END-- [ RunTime:0.002000s ]

[ 2016-08-05T22:03:23+08:00 ] ::1 /meizushangchengtpnew/index.php/admin/shoptype/index.html
INFO: [ app_init ] --START--
INFO: Run Behavior\BuildLiteBehavior [ RunTime:0.001000s ]
INFO: [ app_init ] --END-- [ RunTime:0.001000s ]
INFO: [ app_begin ] --START--
INFO: Run Behavior\ReadHtmlCacheBehavior [ RunTime:0.000000s ]
INFO: [ app_begin ] --END-- [ RunTime:0.000000s ]
SQL: select * from shop_type [ RunTime:0.0000s ]
INFO: [ view_parse ] --START--
INFO: [ template_filter ] --START--
INFO: Run Behavior\ContentReplaceBehavior [ RunTime:0.000000s ]
INFO: [ template_filter ] --END-- [ RunTime:0.000000s ]
INFO: Run Behavior\ParseTemplateBehavior [ RunTime:0.036002s ]
INFO: [ view_parse ] --END-- [ RunTime:0.036002s ]
INFO: [ view_filter ] --START--
INFO: Run Behavior\WriteHtmlCacheBehavior [ RunTime:0.000000s ]
INFO: [ view_filter ] --END-- [ RunTime:0.001000s ]
INFO: [ app_end ] --START--
INFO: Run Behavior\ShowPageTraceBehavior [ RunTime:0.001000s ]
INFO: [ app_end ] --END-- [ RunTime:0.001000s ]

[ 2016-08-05T22:03:25+08:00 ] ::1 /meizushangchengtpnew/index.php/admin/shop/index.html
INFO: [ app_init ] --START--
INFO: Run Behavior\BuildLiteBehavior [ RunTime:0.000000s ]
INFO: [ app_init ] --END-- [ RunTime:0.001000s ]
INFO: [ app_begin ] --START--
INFO: Run Behavior\ReadHtmlCacheBehavior [ RunTime:0.001000s ]
INFO: [ app_begin ] --END-- [ RunTime:0.001000s ]
SQL: select * from shop_goods t1 left join shop_category t2 on t1.cate_id = t2.cid [ RunTime:0.0010s ]
SQL: select count(good_listid) count from shop_goods_list where good_id='31' [ RunTime:0.0350s ]
SQL: select count(good_listid) count from shop_goods_list where good_id='27' [ RunTime:0.0000s ]
SQL: select count(good_listid) count from shop_goods_list where good_id='26' [ RunTime:0.0000s ]
SQL: select count(good_listid) count from shop_goods_list where good_id='24' [ RunTime:0.0000s ]
SQL: select count(good_listid) count from shop_goods_list where good_id='25' [ RunTime:0.0000s ]
INFO: [ view_parse ] --START--
INFO: [ template_filter ] --START--
INFO: Run Behavior\ContentReplaceBehavior [ RunTime:0.001000s ]
INFO: [ template_filter ] --END-- [ RunTime:0.001000s ]
NOTIC: [8] A non well formed numeric value encountered E:\wamp\www\meizushangchengtpnew\meizu\Runtime\Cache\Admin\8595ca944caee70229fd2a300294a1fd.php 第 65 行.
NOTIC: [8] A non well formed numeric value encountered E:\wamp\www\meizushangchengtpnew\meizu\Runtime\Cache\Admin\8595ca944caee70229fd2a300294a1fd.php 第 65 行.
NOTIC: [8] A non well formed numeric value encountered E:\wamp\www\meizushangchengtpnew\meizu\Runtime\Cache\Admin\8595ca944caee70229fd2a300294a1fd.php 第 65 行.
NOTIC: [8] A non well formed numeric value encountered E:\wamp\www\meizushangchengtpnew\meizu\Runtime\Cache\Admin\8595ca944caee70229fd2a300294a1fd.php 第 65 行.
NOTIC: [8] A non well formed numeric value encountered E:\wamp\www\meizushangchengtpnew\meizu\Runtime\Cache\Admin\8595ca944caee70229fd2a300294a1fd.php 第 65 行.
INFO: Run Behavior\ParseTemplateBehavior [ RunTime:0.045002s ]
INFO: [ view_parse ] --END-- [ RunTime:0.045002s ]
INFO: [ view_filter ] --START--
INFO: Run Behavior\WriteHtmlCacheBehavior [ RunTime:0.001000s ]
INFO: [ view_filter ] --END-- [ RunTime:0.001000s ]
INFO: [ app_end ] --START--
INFO: Run Behavior\ShowPageTraceBehavior [ RunTime:0.001001s ]
INFO: [ app_end ] --END-- [ RunTime:0.001001s ]

[ 2016-08-05T22:03:26+08:00 ] ::1 /meizushangchengtpnew/index.php/admin/shopcate/index.html
INFO: [ app_init ] --START--
INFO: Run Behavior\BuildLiteBehavior [ RunTime:0.000000s ]
INFO: [ app_init ] --END-- [ RunTime:0.001000s ]
INFO: [ app_begin ] --START--
INFO: Run Behavior\ReadHtmlCacheBehavior [ RunTime:0.001000s ]
INFO: [ app_begin ] --END-- [ RunTime:0.001000s ]
SQL: select * from shop_category t1 left join shop_type t2 on t1.type_id = t2.type_id [ RunTime:0.0000s ]
SQL: SHOW COLUMNS FROM `shop_type` [ RunTime:0.0130s ]
SQL: SELECT * FROM `shop_type`  [ RunTime:0.0000s ]
INFO: [ view_parse ] --START--
INFO: [ template_filter ] --START--
INFO: Run Behavior\ContentReplaceBehavior [ RunTime:0.000000s ]
INFO: [ template_filter ] --END-- [ RunTime:0.000000s ]
INFO: Run Behavior\ParseTemplateBehavior [ RunTime:0.017001s ]
INFO: [ view_parse ] --END-- [ RunTime:0.017001s ]
INFO: [ view_filter ] --START--
INFO: Run Behavior\WriteHtmlCacheBehavior [ RunTime:0.001000s ]
INFO: [ view_filter ] --END-- [ RunTime:0.001000s ]
INFO: [ app_end ] --START--
INFO: Run Behavior\ShowPageTraceBehavior [ RunTime:0.000000s ]
INFO: [ app_end ] --END-- [ RunTime:0.001000s ]

[ 2016-08-05T22:03:26+08:00 ] ::1 /meizushangchengtpnew/index.php/admin/shopcate/index.html
INFO: [ app_init ] --START--
INFO: Run Behavior\BuildLiteBehavior [ RunTime:0.000000s ]
INFO: [ app_init ] --END-- [ RunTime:0.001000s ]
INFO: [ app_begin ] --START--
INFO: Run Behavior\ReadHtmlCacheBehavior [ RunTime:0.001000s ]
INFO: [ app_begin ] --END-- [ RunTime:0.001000s ]
SQL: select * from shop_category t1 left join shop_type t2 on t1.type_id = t2.type_id [ RunTime:0.0000s ]
SQL: SHOW COLUMNS FROM `shop_type` [ RunTime:0.0030s ]
SQL: SELECT * FROM `shop_type`  [ RunTime:0.0000s ]
INFO: [ view_parse ] --START--
INFO: [ template_filter ] --START--
INFO: Run Behavior\ContentReplaceBehavior [ RunTime:0.000000s ]
INFO: [ template_filter ] --END-- [ RunTime:0.000000s ]
INFO: Run Behavior\ParseTemplateBehavior [ RunTime:0.009001s ]
INFO: [ view_parse ] --END-- [ RunTime:0.009001s ]
INFO: [ view_filter ] --START--
INFO: Run Behavior\WriteHtmlCacheBehavior [ RunTime:0.000000s ]
INFO: [ view_filter ] --END-- [ RunTime:0.000000s ]
INFO: [ app_end ] --START--
INFO: Run Behavior\ShowPageTraceBehavior [ RunTime:0.000000s ]
INFO: [ app_end ] --END-- [ RunTime:0.001000s ]

[ 2016-08-05T22:03:27+08:00 ] ::1 /meizushangchengtpnew/index.php/admin/shop/index.html
INFO: [ app_init ] --START--
INFO: Run Behavior\BuildLiteBehavior [ RunTime:0.001000s ]
INFO: [ app_init ] --END-- [ RunTime:0.002000s ]
INFO: [ app_begin ] --START--
INFO: Run Behavior\ReadHtmlCacheBehavior [ RunTime:0.001000s ]
INFO: [ app_begin ] --END-- [ RunTime:0.001000s ]
SQL: select * from shop_goods t1 left join shop_category t2 on t1.cate_id = t2.cid [ RunTime:0.0010s ]
SQL: select count(good_listid) count from shop_goods_list where good_id='31' [ RunTime:0.0010s ]
SQL: select count(good_listid) count from shop_goods_list where good_id='27' [ RunTime:0.0000s ]
SQL: select count(good_listid) count from shop_goods_list where good_id='26' [ RunTime:0.0000s ]
SQL: select count(good_listid) count from shop_goods_list where good_id='24' [ RunTime:0.0000s ]
SQL: select count(good_listid) count from shop_goods_list where good_id='25' [ RunTime:0.0010s ]
INFO: [ view_parse ] --START--
INFO: [ template_filter ] --START--
INFO: Run Behavior\ContentReplaceBehavior [ RunTime:0.000000s ]
INFO: [ template_filter ] --END-- [ RunTime:0.001001s ]
NOTIC: [8] A non well formed numeric value encountered E:\wamp\www\meizushangchengtpnew\meizu\Runtime\Cache\Admin\8595ca944caee70229fd2a300294a1fd.php 第 65 行.
NOTIC: [8] A non well formed numeric value encountered E:\wamp\www\meizushangchengtpnew\meizu\Runtime\Cache\Admin\8595ca944caee70229fd2a300294a1fd.php 第 65 行.
NOTIC: [8] A non well formed numeric value encountered E:\wamp\www\meizushangchengtpnew\meizu\Runtime\Cache\Admin\8595ca944caee70229fd2a300294a1fd.php 第 65 行.
NOTIC: [8] A non well formed numeric value encountered E:\wamp\www\meizushangchengtpnew\meizu\Runtime\Cache\Admin\8595ca944caee70229fd2a300294a1fd.php 第 65 行.
NOTIC: [8] A non well formed numeric value encountered E:\wamp\www\meizushangchengtpnew\meizu\Runtime\Cache\Admin\8595ca944caee70229fd2a300294a1fd.php 第 65 行.
INFO: Run Behavior\ParseTemplateBehavior [ RunTime:0.014001s ]
INFO: [ view_parse ] --END-- [ RunTime:0.014001s ]
INFO: [ view_filter ] --START--
INFO: Run Behavior\WriteHtmlCacheBehavior [ RunTime:0.001000s ]
INFO: [ view_filter ] --END-- [ RunTime:0.001000s ]
INFO: [ app_end ] --START--
INFO: Run Behavior\ShowPageTraceBehavior [ RunTime:0.002000s ]
INFO: [ app_end ] --END-- [ RunTime:0.002000s ]

