[ 2016-07-28T22:42:21+08:00 ] ::1 /meizushangchengtpnew/index.php/admin/shop/editsku/listid/63/good_id/7/type_id/1.html
INFO: [ app_init ] --START--
INFO: Run Behavior\BuildLiteBehavior [ RunTime:0.000000s ]
INFO: [ app_init ] --END-- [ RunTime:0.001000s ]
INFO: [ app_begin ] --START--
INFO: Run Behavior\ReadHtmlCacheBehavior [ RunTime:0.001000s ]
INFO: [ app_begin ] --END-- [ RunTime:0.001000s ]
SQL: select t1.*,t2.ispublish,t2.good_name,t2.create_time,t1.good_price as sku_price from shop_goods_list t1 left join shop_goods t2 on t1.good_id = t2.good_id where t1.good_listid = 63 [ RunTime:0.0000s ]
SQL: select  good_attr_value from  shop_goods_attr where good_attr_id = 222 [ RunTime:0.0010s ]
NOTIC: [8] Undefined index: sku_detail E:\wamp\www\meizushangchengtpnew\meizu\Admin\Controller\ShopController.class.php 第 460 行.
SQL: select  good_attr_value from  shop_goods_attr where good_attr_id = 223 [ RunTime:0.0000s ]
SQL: select  good_attr_value from  shop_goods_attr where good_attr_id = 225 [ RunTime:0.0010s ]
SQL: select  good_attr_value from  shop_goods_attr where good_attr_id = 226 [ RunTime:0.0000s ]
INFO: [ view_parse ] --START--
INFO: [ template_filter ] --START--
INFO: Run Behavior\ContentReplaceBehavior [ RunTime:0.000000s ]
INFO: [ template_filter ] --END-- [ RunTime:0.000000s ]
INFO: Run Behavior\ParseTemplateBehavior [ RunTime:0.008000s ]
INFO: [ view_parse ] --END-- [ RunTime:0.008000s ]
INFO: [ view_filter ] --START--
INFO: Run Behavior\WriteHtmlCacheBehavior [ RunTime:0.000000s ]
INFO: [ view_filter ] --END-- [ RunTime:0.000000s ]
INFO: [ app_end ] --START--
INFO: Run Behavior\ShowPageTraceBehavior [ RunTime:0.000000s ]
INFO: [ app_end ] --END-- [ RunTime:0.000000s ]

[ 2016-07-28T22:42:22+08:00 ] ::1 /meizushangchengtpnew/index.php/admin/shop/index.html
INFO: [ app_init ] --START--
INFO: Run Behavior\BuildLiteBehavior [ RunTime:0.000000s ]
INFO: [ app_init ] --END-- [ RunTime:0.001000s ]
INFO: [ app_begin ] --START--
INFO: Run Behavior\ReadHtmlCacheBehavior [ RunTime:0.001000s ]
INFO: [ app_begin ] --END-- [ RunTime:0.001000s ]
SQL: select * from shop_goods t1 left join shop_category t2 on t1.cate_id = t2.cid [ RunTime:0.0010s ]
SQL: select count(good_listid) count from shop_goods_list where good_id='6' [ RunTime:0.0000s ]
SQL: select count(good_listid) count from shop_goods_list where good_id='7' [ RunTime:0.0010s ]
INFO: [ view_parse ] --START--
INFO: [ template_filter ] --START--
INFO: Run Behavior\ContentReplaceBehavior [ RunTime:0.000000s ]
INFO: [ template_filter ] --END-- [ RunTime:0.000000s ]
NOTIC: [8] A non well formed numeric value encountered E:\wamp\www\meizushangchengtpnew\meizu\Runtime\Cache\Admin\8595ca944caee70229fd2a300294a1fd.php 第 65 行.
NOTIC: [8] A non well formed numeric value encountered E:\wamp\www\meizushangchengtpnew\meizu\Runtime\Cache\Admin\8595ca944caee70229fd2a300294a1fd.php 第 65 行.
INFO: Run Behavior\ParseTemplateBehavior [ RunTime:0.012001s ]
INFO: [ view_parse ] --END-- [ RunTime:0.012001s ]
INFO: [ view_filter ] --START--
INFO: Run Behavior\WriteHtmlCacheBehavior [ RunTime:0.001000s ]
INFO: [ view_filter ] --END-- [ RunTime:0.001000s ]
INFO: [ app_end ] --START--
INFO: Run Behavior\ShowPageTraceBehavior [ RunTime:0.001000s ]
INFO: [ app_end ] --END-- [ RunTime:0.001000s ]

[ 2016-07-28T22:42:25+08:00 ] ::1 /meizushangchengtpnew/index.php/admin/shop/shopdetail/good_id/6.html
INFO: [ app_init ] --START--
INFO: Run Behavior\BuildLiteBehavior [ RunTime:0.000000s ]
INFO: [ app_init ] --END-- [ RunTime:0.000000s ]
INFO: [ app_begin ] --START--
INFO: Run Behavior\ReadHtmlCacheBehavior [ RunTime:0.001000s ]
INFO: [ app_begin ] --END-- [ RunTime:0.001000s ]
SQL: select * from shop_goods t1 left join shop_category t2 on t1.cate_id = t2.cid left join shop_type t3 on t2.type_id = t3.type_id where good_id = '6' [ RunTime:0.0000s ]
SQL: select * from shop_type_attr where type_id = 1 and attr_name = '规格参数' [ RunTime:0.0000s ]
INFO: [ view_parse ] --START--
INFO: [ template_filter ] --START--
INFO: Run Behavior\ContentReplaceBehavior [ RunTime:0.000000s ]
INFO: [ template_filter ] --END-- [ RunTime:0.000000s ]
NOTIC: [8] Undefined index: good_price E:\wamp\www\meizushangchengtpnew\meizu\Runtime\Cache\Admin\5c88b4a1b80248fcc55082d5dadfc954.php 第 100 行.
INFO: Run Behavior\ParseTemplateBehavior [ RunTime:0.009001s ]
INFO: [ view_parse ] --END-- [ RunTime:0.009001s ]
INFO: [ view_filter ] --START--
INFO: Run Behavior\WriteHtmlCacheBehavior [ RunTime:0.000000s ]
INFO: [ view_filter ] --END-- [ RunTime:0.000000s ]
INFO: [ app_end ] --START--
INFO: Run Behavior\ShowPageTraceBehavior [ RunTime:0.000000s ]
INFO: [ app_end ] --END-- [ RunTime:0.001000s ]

[ 2016-07-28T22:42:56+08:00 ] ::1 /meizushangchengtpnew/index.php/admin/shop/index.html
INFO: [ app_init ] --START--
INFO: Run Behavior\BuildLiteBehavior [ RunTime:0.001001s ]
INFO: [ app_init ] --END-- [ RunTime:0.001001s ]
INFO: [ app_begin ] --START--
INFO: Run Behavior\ReadHtmlCacheBehavior [ RunTime:0.001000s ]
INFO: [ app_begin ] --END-- [ RunTime:0.001000s ]
SQL: select * from shop_goods t1 left join shop_category t2 on t1.cate_id = t2.cid [ RunTime:0.0000s ]
SQL: select count(good_listid) count from shop_goods_list where good_id='6' [ RunTime:0.0000s ]
SQL: select count(good_listid) count from shop_goods_list where good_id='7' [ RunTime:0.0000s ]
INFO: [ view_parse ] --START--
INFO: [ template_filter ] --START--
INFO: Run Behavior\ContentReplaceBehavior [ RunTime:0.000000s ]
INFO: [ template_filter ] --END-- [ RunTime:0.000000s ]
NOTIC: [8] A non well formed numeric value encountered E:\wamp\www\meizushangchengtpnew\meizu\Runtime\Cache\Admin\8595ca944caee70229fd2a300294a1fd.php 第 65 行.
NOTIC: [8] A non well formed numeric value encountered E:\wamp\www\meizushangchengtpnew\meizu\Runtime\Cache\Admin\8595ca944caee70229fd2a300294a1fd.php 第 65 行.
INFO: Run Behavior\ParseTemplateBehavior [ RunTime:0.011001s ]
INFO: [ view_parse ] --END-- [ RunTime:0.011001s ]
INFO: [ view_filter ] --START--
INFO: Run Behavior\WriteHtmlCacheBehavior [ RunTime:0.001000s ]
INFO: [ view_filter ] --END-- [ RunTime:0.001000s ]
INFO: [ app_end ] --START--
INFO: Run Behavior\ShowPageTraceBehavior [ RunTime:0.002000s ]
INFO: [ app_end ] --END-- [ RunTime:0.002000s ]

[ 2016-07-28T22:43:18+08:00 ] ::1 /meizushangchengtpnew/index.php/admin/shop/index.html
INFO: [ app_init ] --START--
INFO: Run Behavior\BuildLiteBehavior [ RunTime:0.000000s ]
INFO: [ app_init ] --END-- [ RunTime:0.001000s ]
INFO: [ app_begin ] --START--
INFO: Run Behavior\ReadHtmlCacheBehavior [ RunTime:0.000000s ]
INFO: [ app_begin ] --END-- [ RunTime:0.001000s ]
SQL: select * from shop_goods t1 left join shop_category t2 on t1.cate_id = t2.cid [ RunTime:0.0010s ]
SQL: select count(good_listid) count from shop_goods_list where good_id='6' [ RunTime:0.0000s ]
SQL: select count(good_listid) count from shop_goods_list where good_id='7' [ RunTime:0.0000s ]
INFO: [ view_parse ] --START--
INFO: [ template_filter ] --START--
INFO: Run Behavior\ContentReplaceBehavior [ RunTime:0.000000s ]
INFO: [ template_filter ] --END-- [ RunTime:0.001000s ]
NOTIC: [8] A non well formed numeric value encountered E:\wamp\www\meizushangchengtpnew\meizu\Runtime\Cache\Admin\8595ca944caee70229fd2a300294a1fd.php 第 65 行.
NOTIC: [8] A non well formed numeric value encountered E:\wamp\www\meizushangchengtpnew\meizu\Runtime\Cache\Admin\8595ca944caee70229fd2a300294a1fd.php 第 65 行.
INFO: Run Behavior\ParseTemplateBehavior [ RunTime:0.012001s ]
INFO: [ view_parse ] --END-- [ RunTime:0.012001s ]
INFO: [ view_filter ] --START--
INFO: Run Behavior\WriteHtmlCacheBehavior [ RunTime:0.000000s ]
INFO: [ view_filter ] --END-- [ RunTime:0.000000s ]
INFO: [ app_end ] --START--
INFO: Run Behavior\ShowPageTraceBehavior [ RunTime:0.001000s ]
INFO: [ app_end ] --END-- [ RunTime:0.001000s ]

[ 2016-07-28T22:43:23+08:00 ] ::1 /meizushangchengtpnew/index.php/admin/shop/deleteshop.html
INFO: [ app_init ] --START--
INFO: Run Behavior\BuildLiteBehavior [ RunTime:0.000000s ]
INFO: [ app_init ] --END-- [ RunTime:0.001000s ]
INFO: [ app_begin ] --START--
INFO: Run Behavior\ReadHtmlCacheBehavior [ RunTime:0.000000s ]
INFO: [ app_begin ] --END-- [ RunTime:0.001000s ]
NOTIC: [8] Undefined variable: good_listid E:\wamp\www\meizushangchengtpnew\meizu\Admin\Controller\ShopController.class.php 第 508 行.
SQL: delete from shop_goods_list where good_listid = '' [ RunTime:0.0010s ]

[ 2016-07-28T22:45:04+08:00 ] ::1 /meizushangchengtpnew/index.php/admin/shop/index.html
INFO: [ app_init ] --START--
INFO: Run Behavior\BuildLiteBehavior [ RunTime:0.000000s ]
INFO: [ app_init ] --END-- [ RunTime:0.001000s ]
INFO: [ app_begin ] --START--
INFO: Run Behavior\ReadHtmlCacheBehavior [ RunTime:0.001000s ]
INFO: [ app_begin ] --END-- [ RunTime:0.001000s ]
SQL: select * from shop_goods t1 left join shop_category t2 on t1.cate_id = t2.cid [ RunTime:0.0000s ]
SQL: select count(good_listid) count from shop_goods_list where good_id='6' [ RunTime:0.0000s ]
SQL: select count(good_listid) count from shop_goods_list where good_id='7' [ RunTime:0.0000s ]
INFO: [ view_parse ] --START--
INFO: [ template_filter ] --START--
INFO: Run Behavior\ContentReplaceBehavior [ RunTime:0.000000s ]
INFO: [ template_filter ] --END-- [ RunTime:0.000000s ]
NOTIC: [8] A non well formed numeric value encountered E:\wamp\www\meizushangchengtpnew\meizu\Runtime\Cache\Admin\8595ca944caee70229fd2a300294a1fd.php 第 65 行.
NOTIC: [8] A non well formed numeric value encountered E:\wamp\www\meizushangchengtpnew\meizu\Runtime\Cache\Admin\8595ca944caee70229fd2a300294a1fd.php 第 65 行.
INFO: Run Behavior\ParseTemplateBehavior [ RunTime:0.010000s ]
INFO: [ view_parse ] --END-- [ RunTime:0.011000s ]
INFO: [ view_filter ] --START--
INFO: Run Behavior\WriteHtmlCacheBehavior [ RunTime:0.000000s ]
INFO: [ view_filter ] --END-- [ RunTime:0.000000s ]
INFO: [ app_end ] --START--
INFO: Run Behavior\ShowPageTraceBehavior [ RunTime:0.000000s ]
INFO: [ app_end ] --END-- [ RunTime:0.001000s ]

[ 2016-07-28T22:45:09+08:00 ] ::1 /meizushangchengtpnew/index.php/admin/shop/index.html
INFO: [ app_init ] --START--
INFO: Run Behavior\BuildLiteBehavior [ RunTime:0.000000s ]
INFO: [ app_init ] --END-- [ RunTime:0.002001s ]
INFO: [ app_begin ] --START--
INFO: Run Behavior\ReadHtmlCacheBehavior [ RunTime:0.000000s ]
INFO: [ app_begin ] --END-- [ RunTime:0.001000s ]
SQL: select * from shop_goods t1 left join shop_category t2 on t1.cate_id = t2.cid [ RunTime:0.0010s ]
SQL: select count(good_listid) count from shop_goods_list where good_id='6' [ RunTime:0.0010s ]
SQL: select count(good_listid) count from shop_goods_list where good_id='7' [ RunTime:0.0000s ]
INFO: [ view_parse ] --START--
INFO: [ template_filter ] --START--
INFO: Run Behavior\ContentReplaceBehavior [ RunTime:0.000000s ]
INFO: [ template_filter ] --END-- [ RunTime:0.000000s ]
NOTIC: [8] A non well formed numeric value encountered E:\wamp\www\meizushangchengtpnew\meizu\Runtime\Cache\Admin\8595ca944caee70229fd2a300294a1fd.php 第 65 行.
NOTIC: [8] A non well formed numeric value encountered E:\wamp\www\meizushangchengtpnew\meizu\Runtime\Cache\Admin\8595ca944caee70229fd2a300294a1fd.php 第 65 行.
INFO: Run Behavior\ParseTemplateBehavior [ RunTime:0.011000s ]
INFO: [ view_parse ] --END-- [ RunTime:0.011000s ]
INFO: [ view_filter ] --START--
INFO: Run Behavior\WriteHtmlCacheBehavior [ RunTime:0.000000s ]
INFO: [ view_filter ] --END-- [ RunTime:0.001000s ]
INFO: [ app_end ] --START--
INFO: Run Behavior\ShowPageTraceBehavior [ RunTime:0.001000s ]
INFO: [ app_end ] --END-- [ RunTime:0.002000s ]

[ 2016-07-28T22:45:14+08:00 ] ::1 /meizushangchengtpnew/index.php/admin/shop/deleteshop.html
INFO: [ app_init ] --START--
INFO: Run Behavior\BuildLiteBehavior [ RunTime:0.000000s ]
INFO: [ app_init ] --END-- [ RunTime:0.000000s ]
INFO: [ app_begin ] --START--
INFO: Run Behavior\ReadHtmlCacheBehavior [ RunTime:0.001000s ]
INFO: [ app_begin ] --END-- [ RunTime:0.001000s ]
NOTIC: [8] Undefined variable: good_listid E:\wamp\www\meizushangchengtpnew\meizu\Admin\Controller\ShopController.class.php 第 508 行.
SQL: delete from shop_goods_list where good_listid = '' [ RunTime:0.0000s ]

[ 2016-07-28T22:45:44+08:00 ] ::1 /meizushangchengtpnew/index.php/admin/shop/deleteshop.html
INFO: [ app_init ] --START--
INFO: Run Behavior\BuildLiteBehavior [ RunTime:0.000000s ]
INFO: [ app_init ] --END-- [ RunTime:0.001000s ]
INFO: [ app_begin ] --START--
INFO: Run Behavior\ReadHtmlCacheBehavior [ RunTime:0.001000s ]
INFO: [ app_begin ] --END-- [ RunTime:0.001000s ]
NOTIC: [8] Undefined variable: good_listid E:\wamp\www\meizushangchengtpnew\meizu\Admin\Controller\ShopController.class.php 第 508 行.

[ 2016-07-28T22:47:37+08:00 ] ::1 /meizushangchengtpnew/index.php/admin/shop/index.html
INFO: [ app_init ] --START--
INFO: Run Behavior\BuildLiteBehavior [ RunTime:0.000000s ]
INFO: [ app_init ] --END-- [ RunTime:0.001001s ]
INFO: [ app_begin ] --START--
INFO: Run Behavior\ReadHtmlCacheBehavior [ RunTime:0.001000s ]
INFO: [ app_begin ] --END-- [ RunTime:0.001000s ]
SQL: select * from shop_goods t1 left join shop_category t2 on t1.cate_id = t2.cid [ RunTime:0.0000s ]
SQL: select count(good_listid) count from shop_goods_list where good_id='6' [ RunTime:0.0000s ]
SQL: select count(good_listid) count from shop_goods_list where good_id='7' [ RunTime:0.0000s ]
INFO: [ view_parse ] --START--
INFO: [ template_filter ] --START--
INFO: Run Behavior\ContentReplaceBehavior [ RunTime:0.000000s ]
INFO: [ template_filter ] --END-- [ RunTime:0.000000s ]
NOTIC: [8] A non well formed numeric value encountered E:\wamp\www\meizushangchengtpnew\meizu\Runtime\Cache\Admin\8595ca944caee70229fd2a300294a1fd.php 第 65 行.
NOTIC: [8] A non well formed numeric value encountered E:\wamp\www\meizushangchengtpnew\meizu\Runtime\Cache\Admin\8595ca944caee70229fd2a300294a1fd.php 第 65 行.
INFO: Run Behavior\ParseTemplateBehavior [ RunTime:0.012001s ]
INFO: [ view_parse ] --END-- [ RunTime:0.012001s ]
INFO: [ view_filter ] --START--
INFO: Run Behavior\WriteHtmlCacheBehavior [ RunTime:0.000000s ]
INFO: [ view_filter ] --END-- [ RunTime:0.000000s ]
INFO: [ app_end ] --START--
INFO: Run Behavior\ShowPageTraceBehavior [ RunTime:0.001000s ]
INFO: [ app_end ] --END-- [ RunTime:0.001000s ]

[ 2016-07-28T22:47:45+08:00 ] ::1 /meizushangchengtpnew/index.php/admin/shop/deleteshop.html
INFO: [ app_init ] --START--
INFO: Run Behavior\BuildLiteBehavior [ RunTime:0.000000s ]
INFO: [ app_init ] --END-- [ RunTime:0.002000s ]
INFO: [ app_begin ] --START--
INFO: Run Behavior\ReadHtmlCacheBehavior [ RunTime:0.001000s ]
INFO: [ app_begin ] --END-- [ RunTime:0.001000s ]
SQL: delete from shop_goods_list where good_listid = '7' [ RunTime:0.0000s ]

[ 2016-07-28T22:47:50+08:00 ] ::1 /meizushangchengtpnew/index.php/admin/shop/index.html
INFO: [ app_init ] --START--
INFO: Run Behavior\BuildLiteBehavior [ RunTime:0.000000s ]
INFO: [ app_init ] --END-- [ RunTime:0.000000s ]
INFO: [ app_begin ] --START--
INFO: Run Behavior\ReadHtmlCacheBehavior [ RunTime:0.001000s ]
INFO: [ app_begin ] --END-- [ RunTime:0.001000s ]
SQL: select * from shop_goods t1 left join shop_category t2 on t1.cate_id = t2.cid [ RunTime:0.0010s ]
SQL: select count(good_listid) count from shop_goods_list where good_id='6' [ RunTime:0.0000s ]
SQL: select count(good_listid) count from shop_goods_list where good_id='7' [ RunTime:0.0000s ]
INFO: [ view_parse ] --START--
INFO: [ template_filter ] --START--
INFO: Run Behavior\ContentReplaceBehavior [ RunTime:0.000000s ]
INFO: [ template_filter ] --END-- [ RunTime:0.001000s ]
NOTIC: [8] A non well formed numeric value encountered E:\wamp\www\meizushangchengtpnew\meizu\Runtime\Cache\Admin\8595ca944caee70229fd2a300294a1fd.php 第 65 行.
NOTIC: [8] A non well formed numeric value encountered E:\wamp\www\meizushangchengtpnew\meizu\Runtime\Cache\Admin\8595ca944caee70229fd2a300294a1fd.php 第 65 行.
INFO: Run Behavior\ParseTemplateBehavior [ RunTime:0.011001s ]
INFO: [ view_parse ] --END-- [ RunTime:0.011001s ]
INFO: [ view_filter ] --START--
INFO: Run Behavior\WriteHtmlCacheBehavior [ RunTime:0.001000s ]
INFO: [ view_filter ] --END-- [ RunTime:0.001000s ]
INFO: [ app_end ] --START--
INFO: Run Behavior\ShowPageTraceBehavior [ RunTime:0.001000s ]
INFO: [ app_end ] --END-- [ RunTime:0.001000s ]

[ 2016-07-28T22:48:13+08:00 ] ::1 /meizushangchengtpnew/index.php/admin/shop/index.html
INFO: [ app_init ] --START--
INFO: Run Behavior\BuildLiteBehavior [ RunTime:0.000000s ]
INFO: [ app_init ] --END-- [ RunTime:0.001000s ]
INFO: [ app_begin ] --START--
INFO: Run Behavior\ReadHtmlCacheBehavior [ RunTime:0.001000s ]
INFO: [ app_begin ] --END-- [ RunTime:0.001000s ]
SQL: select * from shop_goods t1 left join shop_category t2 on t1.cate_id = t2.cid [ RunTime:0.0010s ]
SQL: select count(good_listid) count from shop_goods_list where good_id='6' [ RunTime:0.0000s ]
SQL: select count(good_listid) count from shop_goods_list where good_id='7' [ RunTime:0.0000s ]
INFO: [ view_parse ] --START--
INFO: [ template_filter ] --START--
INFO: Run Behavior\ContentReplaceBehavior [ RunTime:0.000000s ]
INFO: [ template_filter ] --END-- [ RunTime:0.000000s ]
NOTIC: [8] A non well formed numeric value encountered E:\wamp\www\meizushangchengtpnew\meizu\Runtime\Cache\Admin\8595ca944caee70229fd2a300294a1fd.php 第 65 行.
NOTIC: [8] A non well formed numeric value encountered E:\wamp\www\meizushangchengtpnew\meizu\Runtime\Cache\Admin\8595ca944caee70229fd2a300294a1fd.php 第 65 行.
INFO: Run Behavior\ParseTemplateBehavior [ RunTime:0.012001s ]
INFO: [ view_parse ] --END-- [ RunTime:0.012001s ]
INFO: [ view_filter ] --START--
INFO: Run Behavior\WriteHtmlCacheBehavior [ RunTime:0.000000s ]
INFO: [ view_filter ] --END-- [ RunTime:0.000000s ]
INFO: [ app_end ] --START--
INFO: Run Behavior\ShowPageTraceBehavior [ RunTime:0.000000s ]
INFO: [ app_end ] --END-- [ RunTime:0.000000s ]

[ 2016-07-28T22:48:16+08:00 ] ::1 /meizushangchengtpnew/index.php/admin/shop/deleteshop.html
INFO: [ app_init ] --START--
INFO: Run Behavior\BuildLiteBehavior [ RunTime:0.000000s ]
INFO: [ app_init ] --END-- [ RunTime:0.000000s ]
INFO: [ app_begin ] --START--
INFO: Run Behavior\ReadHtmlCacheBehavior [ RunTime:0.001000s ]
INFO: [ app_begin ] --END-- [ RunTime:0.001000s ]
SQL: delete from shop_goods_list where good_listid = '7' [ RunTime:0.0000s ]

[ 2016-07-28T22:48:53+08:00 ] ::1 /meizushangchengtpnew/index.php/admin/shop/deleteshop.html
INFO: [ app_init ] --START--
INFO: Run Behavior\BuildLiteBehavior [ RunTime:0.000000s ]
INFO: [ app_init ] --END-- [ RunTime:0.001000s ]
INFO: [ app_begin ] --START--
INFO: Run Behavior\ReadHtmlCacheBehavior [ RunTime:0.002000s ]
INFO: [ app_begin ] --END-- [ RunTime:0.002000s ]

[ 2016-07-28T22:50:43+08:00 ] ::1 /meizushangchengtpnew/index.php/admin/shop/index.html
INFO: [ app_init ] --START--
INFO: Run Behavior\BuildLiteBehavior [ RunTime:0.000000s ]
INFO: [ app_init ] --END-- [ RunTime:0.001000s ]
INFO: [ app_begin ] --START--
INFO: Run Behavior\ReadHtmlCacheBehavior [ RunTime:0.000000s ]
INFO: [ app_begin ] --END-- [ RunTime:0.001000s ]
SQL: select * from shop_goods t1 left join shop_category t2 on t1.cate_id = t2.cid [ RunTime:0.0000s ]
SQL: select count(good_listid) count from shop_goods_list where good_id='6' [ RunTime:0.0000s ]
SQL: select count(good_listid) count from shop_goods_list where good_id='7' [ RunTime:0.0000s ]
INFO: [ view_parse ] --START--
INFO: [ template_filter ] --START--
INFO: Run Behavior\ContentReplaceBehavior [ RunTime:0.000000s ]
INFO: [ template_filter ] --END-- [ RunTime:0.000000s ]
NOTIC: [8] A non well formed numeric value encountered E:\wamp\www\meizushangchengtpnew\meizu\Runtime\Cache\Admin\8595ca944caee70229fd2a300294a1fd.php 第 65 行.
NOTIC: [8] A non well formed numeric value encountered E:\wamp\www\meizushangchengtpnew\meizu\Runtime\Cache\Admin\8595ca944caee70229fd2a300294a1fd.php 第 65 行.
INFO: Run Behavior\ParseTemplateBehavior [ RunTime:0.011001s ]
INFO: [ view_parse ] --END-- [ RunTime:0.011001s ]
INFO: [ view_filter ] --START--
INFO: Run Behavior\WriteHtmlCacheBehavior [ RunTime:0.001000s ]
INFO: [ view_filter ] --END-- [ RunTime:0.001000s ]
INFO: [ app_end ] --START--
INFO: Run Behavior\ShowPageTraceBehavior [ RunTime:0.001000s ]
INFO: [ app_end ] --END-- [ RunTime:0.002000s ]

[ 2016-07-28T22:51:39+08:00 ] ::1 /meizushangchengtpnew/index.php/admin/shop/deleteshop.html
INFO: [ app_init ] --START--
INFO: Run Behavior\BuildLiteBehavior [ RunTime:0.000000s ]
INFO: [ app_init ] --END-- [ RunTime:0.000000s ]
INFO: [ app_begin ] --START--
INFO: Run Behavior\ReadHtmlCacheBehavior [ RunTime:0.001000s ]
INFO: [ app_begin ] --END-- [ RunTime:0.001000s ]
SQL: delete from shop_goods_list where good_id = '7' [ RunTime:0.0000s ]
SQL: delete from shop_goods where good_id = '7' [ RunTime:0.0010s ]

[ 2016-07-28T22:51:41+08:00 ] ::1 /meizushangchengtpnew/index.php/admin/shop/index.html
INFO: [ app_init ] --START--
INFO: Run Behavior\BuildLiteBehavior [ RunTime:0.000000s ]
INFO: [ app_init ] --END-- [ RunTime:0.001000s ]
INFO: [ app_begin ] --START--
INFO: Run Behavior\ReadHtmlCacheBehavior [ RunTime:0.001000s ]
INFO: [ app_begin ] --END-- [ RunTime:0.001000s ]
SQL: select * from shop_goods t1 left join shop_category t2 on t1.cate_id = t2.cid [ RunTime:0.0010s ]
SQL: select count(good_listid) count from shop_goods_list where good_id='6' [ RunTime:0.0000s ]
INFO: [ view_parse ] --START--
INFO: [ template_filter ] --START--
INFO: Run Behavior\ContentReplaceBehavior [ RunTime:0.000000s ]
INFO: [ template_filter ] --END-- [ RunTime:0.001000s ]
NOTIC: [8] A non well formed numeric value encountered E:\wamp\www\meizushangchengtpnew\meizu\Runtime\Cache\Admin\8595ca944caee70229fd2a300294a1fd.php 第 65 行.
INFO: Run Behavior\ParseTemplateBehavior [ RunTime:0.012001s ]
INFO: [ view_parse ] --END-- [ RunTime:0.012001s ]
INFO: [ view_filter ] --START--
INFO: Run Behavior\WriteHtmlCacheBehavior [ RunTime:0.001000s ]
INFO: [ view_filter ] --END-- [ RunTime:0.001000s ]
INFO: [ app_end ] --START--
INFO: Run Behavior\ShowPageTraceBehavior [ RunTime:0.001000s ]
INFO: [ app_end ] --END-- [ RunTime:0.001000s ]

[ 2016-07-28T22:54:05+08:00 ] ::1 /meizushangchengtpnew/index.php/admin/shop/index.html
INFO: [ app_init ] --START--
INFO: Run Behavior\BuildLiteBehavior [ RunTime:0.000000s ]
INFO: [ app_init ] --END-- [ RunTime:0.001000s ]
INFO: [ app_begin ] --START--
INFO: Run Behavior\ReadHtmlCacheBehavior [ RunTime:0.000000s ]
INFO: [ app_begin ] --END-- [ RunTime:0.001000s ]
SQL: select * from shop_goods t1 left join shop_category t2 on t1.cate_id = t2.cid [ RunTime:0.0020s ]
SQL: select count(good_listid) count from shop_goods_list where good_id='6' [ RunTime:0.0010s ]
INFO: [ view_parse ] --START--
INFO: [ template_filter ] --START--
INFO: Run Behavior\ContentReplaceBehavior [ RunTime:0.000000s ]
INFO: [ template_filter ] --END-- [ RunTime:0.001000s ]
NOTIC: [8] A non well formed numeric value encountered E:\wamp\www\meizushangchengtpnew\meizu\Runtime\Cache\Admin\8595ca944caee70229fd2a300294a1fd.php 第 65 行.
INFO: Run Behavior\ParseTemplateBehavior [ RunTime:0.015001s ]
INFO: [ view_parse ] --END-- [ RunTime:0.015001s ]
INFO: [ view_filter ] --START--
INFO: Run Behavior\WriteHtmlCacheBehavior [ RunTime:0.000000s ]
INFO: [ view_filter ] --END-- [ RunTime:0.000000s ]
INFO: [ app_end ] --START--
INFO: Run Behavior\ShowPageTraceBehavior [ RunTime:0.000000s ]
INFO: [ app_end ] --END-- [ RunTime:0.001000s ]

[ 2016-07-28T22:54:29+08:00 ] ::1 /meizushangchengtpnew/index.php/admin/shop/index.html
INFO: [ app_init ] --START--
INFO: Run Behavior\BuildLiteBehavior [ RunTime:0.000000s ]
INFO: [ app_init ] --END-- [ RunTime:0.001000s ]
INFO: [ app_begin ] --START--
INFO: Run Behavior\ReadHtmlCacheBehavior [ RunTime:0.001000s ]
INFO: [ app_begin ] --END-- [ RunTime:0.001000s ]
SQL: select * from shop_goods t1 left join shop_category t2 on t1.cate_id = t2.cid [ RunTime:0.0000s ]
SQL: select count(good_listid) count from shop_goods_list where good_id='6' [ RunTime:0.0000s ]
INFO: [ view_parse ] --START--
INFO: [ template_filter ] --START--
INFO: Run Behavior\ContentReplaceBehavior [ RunTime:0.001000s ]
INFO: [ template_filter ] --END-- [ RunTime:0.001000s ]
NOTIC: [8] A non well formed numeric value encountered E:\wamp\www\meizushangchengtpnew\meizu\Runtime\Cache\Admin\8595ca944caee70229fd2a300294a1fd.php 第 65 行.
INFO: Run Behavior\ParseTemplateBehavior [ RunTime:0.013000s ]
INFO: [ view_parse ] --END-- [ RunTime:0.013000s ]
INFO: [ view_filter ] --START--
INFO: Run Behavior\WriteHtmlCacheBehavior [ RunTime:0.000000s ]
INFO: [ view_filter ] --END-- [ RunTime:0.000000s ]
INFO: [ app_end ] --START--
INFO: Run Behavior\ShowPageTraceBehavior [ RunTime:0.001000s ]
INFO: [ app_end ] --END-- [ RunTime:0.001000s ]

[ 2016-07-28T22:55:12+08:00 ] ::1 /meizushangchengtpnew/index.php/admin/shop/shopsku/good_id/6/type_id/1.html
INFO: [ app_init ] --START--
INFO: Run Behavior\BuildLiteBehavior [ RunTime:0.000000s ]
INFO: [ app_init ] --END-- [ RunTime:0.001000s ]
INFO: [ app_begin ] --START--
INFO: Run Behavior\ReadHtmlCacheBehavior [ RunTime:0.000000s ]
INFO: [ app_begin ] --END-- [ RunTime:0.000000s ]
SQL: select * from shop_type_attr where type_id = 1 and isbeselected = 1 [ RunTime:0.0000s ]
INFO: [ view_parse ] --START--
INFO: [ template_filter ] --START--
INFO: Run Behavior\ContentReplaceBehavior [ RunTime:0.000000s ]
INFO: [ template_filter ] --END-- [ RunTime:0.000000s ]
INFO: Run Behavior\ParseTemplateBehavior [ RunTime:0.007001s ]
INFO: [ view_parse ] --END-- [ RunTime:0.007001s ]
INFO: [ view_filter ] --START--
INFO: Run Behavior\WriteHtmlCacheBehavior [ RunTime:0.001000s ]
INFO: [ view_filter ] --END-- [ RunTime:0.001000s ]
INFO: [ app_end ] --START--
INFO: Run Behavior\ShowPageTraceBehavior [ RunTime:0.001000s ]
INFO: [ app_end ] --END-- [ RunTime:0.001000s ]

[ 2016-07-28T22:55:15+08:00 ] ::1 /meizushangchengtpnew/index.php/admin/shop/index.html
INFO: [ app_init ] --START--
INFO: Run Behavior\BuildLiteBehavior [ RunTime:0.000000s ]
INFO: [ app_init ] --END-- [ RunTime:0.001000s ]
INFO: [ app_begin ] --START--
INFO: Run Behavior\ReadHtmlCacheBehavior [ RunTime:0.001000s ]
INFO: [ app_begin ] --END-- [ RunTime:0.001000s ]
SQL: select * from shop_goods t1 left join shop_category t2 on t1.cate_id = t2.cid [ RunTime:0.0000s ]
SQL: select count(good_listid) count from shop_goods_list where good_id='6' [ RunTime:0.0000s ]
INFO: [ view_parse ] --START--
INFO: [ template_filter ] --START--
INFO: Run Behavior\ContentReplaceBehavior [ RunTime:0.000000s ]
INFO: [ template_filter ] --END-- [ RunTime:0.000000s ]
NOTIC: [8] A non well formed numeric value encountered E:\wamp\www\meizushangchengtpnew\meizu\Runtime\Cache\Admin\8595ca944caee70229fd2a300294a1fd.php 第 65 行.
INFO: Run Behavior\ParseTemplateBehavior [ RunTime:0.011000s ]
INFO: [ view_parse ] --END-- [ RunTime:0.011000s ]
INFO: [ view_filter ] --START--
INFO: Run Behavior\WriteHtmlCacheBehavior [ RunTime:0.001000s ]
INFO: [ view_filter ] --END-- [ RunTime:0.001000s ]
INFO: [ app_end ] --START--
INFO: Run Behavior\ShowPageTraceBehavior [ RunTime:0.001001s ]
INFO: [ app_end ] --END-- [ RunTime:0.001001s ]

[ 2016-07-28T23:48:08+08:00 ] ::1 /meizushangchengtpnew/index.php/admin/shop/index.html
INFO: [ app_init ] --START--
INFO: Run Behavior\BuildLiteBehavior [ RunTime:0.000000s ]
INFO: [ app_init ] --END-- [ RunTime:0.001000s ]
INFO: [ app_begin ] --START--
INFO: Run Behavior\ReadHtmlCacheBehavior [ RunTime:0.001000s ]
INFO: [ app_begin ] --END-- [ RunTime:0.001000s ]
SQL: select * from shop_goods t1 left join shop_category t2 on t1.cate_id = t2.cid [ RunTime:0.0000s ]
SQL: select count(good_listid) count from shop_goods_list where good_id='6' [ RunTime:0.0010s ]
INFO: [ view_parse ] --START--
INFO: [ template_filter ] --START--
INFO: Run Behavior\ContentReplaceBehavior [ RunTime:0.000000s ]
INFO: [ template_filter ] --END-- [ RunTime:0.001000s ]
NOTIC: [8] A non well formed numeric value encountered E:\wamp\www\meizushangchengtpnew\meizu\Runtime\Cache\Admin\8595ca944caee70229fd2a300294a1fd.php 第 65 行.
INFO: Run Behavior\ParseTemplateBehavior [ RunTime:0.012001s ]
INFO: [ view_parse ] --END-- [ RunTime:0.012001s ]
INFO: [ view_filter ] --START--
INFO: Run Behavior\WriteHtmlCacheBehavior [ RunTime:0.000000s ]
INFO: [ view_filter ] --END-- [ RunTime:0.000000s ]
INFO: [ app_end ] --START--
INFO: Run Behavior\ShowPageTraceBehavior [ RunTime:0.000000s ]
INFO: [ app_end ] --END-- [ RunTime:0.000000s ]

[ 2016-07-28T23:48:30+08:00 ] ::1 /meizushangchengtpnew/index.php/admin/shop/index.html
INFO: [ app_init ] --START--
INFO: Run Behavior\BuildLiteBehavior [ RunTime:0.000000s ]
INFO: [ app_init ] --END-- [ RunTime:0.001000s ]
INFO: [ app_begin ] --START--
INFO: Run Behavior\ReadHtmlCacheBehavior [ RunTime:0.000000s ]
INFO: [ app_begin ] --END-- [ RunTime:0.001001s ]
SQL: select * from shop_goods t1 left join shop_category t2 on t1.cate_id = t2.cid [ RunTime:0.0010s ]
SQL: select count(good_listid) count from shop_goods_list where good_id='6' [ RunTime:0.0000s ]
INFO: [ view_parse ] --START--
INFO: [ template_filter ] --START--
INFO: Run Behavior\ContentReplaceBehavior [ RunTime:0.000000s ]
INFO: [ template_filter ] --END-- [ RunTime:0.001000s ]
NOTIC: [8] A non well formed numeric value encountered E:\wamp\www\meizushangchengtpnew\meizu\Runtime\Cache\Admin\8595ca944caee70229fd2a300294a1fd.php 第 65 行.
INFO: Run Behavior\ParseTemplateBehavior [ RunTime:0.011001s ]
INFO: [ view_parse ] --END-- [ RunTime:0.011001s ]
INFO: [ view_filter ] --START--
INFO: Run Behavior\WriteHtmlCacheBehavior [ RunTime:0.000000s ]
INFO: [ view_filter ] --END-- [ RunTime:0.001000s ]
INFO: [ app_end ] --START--
INFO: Run Behavior\ShowPageTraceBehavior [ RunTime:0.000000s ]
INFO: [ app_end ] --END-- [ RunTime:0.001000s ]

[ 2016-07-28T23:48:30+08:00 ] ::1 /meizushangchengtpnew/index.php/admin/shop/publishshop.html
INFO: [ app_init ] --START--
INFO: Run Behavior\BuildLiteBehavior [ RunTime:0.000000s ]
INFO: [ app_init ] --END-- [ RunTime:0.001000s ]
INFO: [ app_begin ] --START--
INFO: Run Behavior\ReadHtmlCacheBehavior [ RunTime:0.001000s ]
INFO: [ app_begin ] --END-- [ RunTime:0.001000s ]
SQL: select * from shop_category where pid = 0 [ RunTime:0.0000s ]
INFO: [ view_parse ] --START--
INFO: [ template_filter ] --START--
INFO: Run Behavior\ContentReplaceBehavior [ RunTime:0.000000s ]
INFO: [ template_filter ] --END-- [ RunTime:0.000000s ]
INFO: Run Behavior\ParseTemplateBehavior [ RunTime:0.008001s ]
INFO: [ view_parse ] --END-- [ RunTime:0.008001s ]
INFO: [ view_filter ] --START--
INFO: Run Behavior\WriteHtmlCacheBehavior [ RunTime:0.000000s ]
INFO: [ view_filter ] --END-- [ RunTime:0.000000s ]
INFO: [ app_end ] --START--
INFO: Run Behavior\ShowPageTraceBehavior [ RunTime:0.001000s ]
INFO: [ app_end ] --END-- [ RunTime:0.001000s ]

[ 2016-07-28T23:48:32+08:00 ] ::1 /meizushangchengtpnew/index.php/admin/shop/getthesoncate.html
INFO: [ app_init ] --START--
INFO: Run Behavior\BuildLiteBehavior [ RunTime:0.000000s ]
INFO: [ app_init ] --END-- [ RunTime:0.001000s ]
INFO: [ app_begin ] --START--
INFO: Run Behavior\ReadHtmlCacheBehavior [ RunTime:0.001000s ]
INFO: [ app_begin ] --END-- [ RunTime:0.001000s ]
SQL: select * from shop_category where pid = '1' [ RunTime:0.0000s ]

[ 2016-07-28T23:48:32+08:00 ] ::1 /meizushangchengtpnew/index.php/admin/shop/publishshop.html
INFO: [ app_init ] --START--
INFO: Run Behavior\BuildLiteBehavior [ RunTime:0.000000s ]
INFO: [ app_init ] --END-- [ RunTime:0.001000s ]
INFO: [ app_begin ] --START--
INFO: Run Behavior\ReadHtmlCacheBehavior [ RunTime:0.002000s ]
INFO: [ app_begin ] --END-- [ RunTime:0.002000s ]
SQL: select * from shop_category where cid = 1 [ RunTime:0.0000s ]
SQL: select * from shop_type where type_id = 1 [ RunTime:0.0010s ]
SQL: select * from shop_type_attr where type_id = 1 and attr_name = '规格参数' [ RunTime:0.0000s ]
INFO: [ view_parse ] --START--
INFO: [ template_filter ] --START--
INFO: Run Behavior\ContentReplaceBehavior [ RunTime:0.000000s ]
INFO: [ template_filter ] --END-- [ RunTime:0.001000s ]
INFO: Run Behavior\ParseTemplateBehavior [ RunTime:0.009001s ]
INFO: [ view_parse ] --END-- [ RunTime:0.009001s ]
INFO: [ view_filter ] --START--
INFO: Run Behavior\WriteHtmlCacheBehavior [ RunTime:0.001000s ]
INFO: [ view_filter ] --END-- [ RunTime:0.001000s ]
INFO: [ app_end ] --START--
INFO: Run Behavior\ShowPageTraceBehavior [ RunTime:0.000000s ]
INFO: [ app_end ] --END-- [ RunTime:0.000000s ]

[ 2016-07-28T23:48:33+08:00 ] ::1 /meizushangchengtpnew/index.php/admin/shop/ueditor.html?action=config&&noCache=1469720913086
INFO: [ app_init ] --START--
INFO: Run Behavior\BuildLiteBehavior [ RunTime:0.000000s ]
INFO: [ app_init ] --END-- [ RunTime:0.001000s ]
INFO: [ app_begin ] --START--
INFO: Run Behavior\ReadHtmlCacheBehavior [ RunTime:0.000000s ]
INFO: [ app_begin ] --END-- [ RunTime:0.001000s ]
INFO: [ app_end ] --START--
INFO: Run Behavior\ShowPageTraceBehavior [ RunTime:0.001000s ]
INFO: [ app_end ] --END-- [ RunTime:0.001000s ]

[ 2016-07-28T23:49:17+08:00 ] ::1 /meizushangchengtpnew/index.php/admin/shop/index.html
INFO: [ app_init ] --START--
INFO: Run Behavior\BuildLiteBehavior [ RunTime:0.000000s ]
INFO: [ app_init ] --END-- [ RunTime:0.000000s ]
INFO: [ app_begin ] --START--
INFO: Run Behavior\ReadHtmlCacheBehavior [ RunTime:0.001000s ]
INFO: [ app_begin ] --END-- [ RunTime:0.001000s ]
SQL: select * from shop_goods t1 left join shop_category t2 on t1.cate_id = t2.cid [ RunTime:0.0000s ]
SQL: select count(good_listid) count from shop_goods_list where good_id='6' [ RunTime:0.0000s ]
INFO: [ view_parse ] --START--
INFO: [ template_filter ] --START--
INFO: Run Behavior\ContentReplaceBehavior [ RunTime:0.000000s ]
INFO: [ template_filter ] --END-- [ RunTime:0.000000s ]
NOTIC: [8] A non well formed numeric value encountered E:\wamp\www\meizushangchengtpnew\meizu\Runtime\Cache\Admin\8595ca944caee70229fd2a300294a1fd.php 第 65 行.
INFO: Run Behavior\ParseTemplateBehavior [ RunTime:0.010000s ]
INFO: [ view_parse ] --END-- [ RunTime:0.010000s ]
INFO: [ view_filter ] --START--
INFO: Run Behavior\WriteHtmlCacheBehavior [ RunTime:0.001001s ]
INFO: [ view_filter ] --END-- [ RunTime:0.001001s ]
INFO: [ app_end ] --START--
INFO: Run Behavior\ShowPageTraceBehavior [ RunTime:0.000000s ]
INFO: [ app_end ] --END-- [ RunTime:0.001000s ]

[ 2016-07-28T23:50:03+08:00 ] ::1 /meizushangchengtpnew/index.php/admin/shop/index.html
INFO: [ app_init ] --START--
INFO: Run Behavior\BuildLiteBehavior [ RunTime:0.000000s ]
INFO: [ app_init ] --END-- [ RunTime:0.001000s ]
INFO: [ app_begin ] --START--
INFO: Run Behavior\ReadHtmlCacheBehavior [ RunTime:0.001000s ]
INFO: [ app_begin ] --END-- [ RunTime:0.002000s ]
SQL: select * from shop_goods t1 left join shop_category t2 on t1.cate_id = t2.cid [ RunTime:0.0000s ]
SQL: select count(good_listid) count from shop_goods_list where good_id='6' [ RunTime:0.0000s ]
INFO: [ view_parse ] --START--
INFO: [ template_filter ] --START--
INFO: Run Behavior\ContentReplaceBehavior [ RunTime:0.001000s ]
INFO: [ template_filter ] --END-- [ RunTime:0.001000s ]
NOTIC: [8] A non well formed numeric value encountered E:\wamp\www\meizushangchengtpnew\meizu\Runtime\Cache\Admin\8595ca944caee70229fd2a300294a1fd.php 第 65 行.
INFO: Run Behavior\ParseTemplateBehavior [ RunTime:0.009001s ]
INFO: [ view_parse ] --END-- [ RunTime:0.009001s ]
INFO: [ view_filter ] --START--
INFO: Run Behavior\WriteHtmlCacheBehavior [ RunTime:0.000000s ]
INFO: [ view_filter ] --END-- [ RunTime:0.000000s ]
INFO: [ app_end ] --START--
INFO: Run Behavior\ShowPageTraceBehavior [ RunTime:0.001000s ]
INFO: [ app_end ] --END-- [ RunTime:0.001000s ]

[ 2016-07-28T23:50:25+08:00 ] ::1 /meizushangchengtpnew/index.php/admin/shop/index.html
INFO: [ app_init ] --START--
INFO: Run Behavior\BuildLiteBehavior [ RunTime:0.000000s ]
INFO: [ app_init ] --END-- [ RunTime:0.001001s ]
INFO: [ app_begin ] --START--
INFO: Run Behavior\ReadHtmlCacheBehavior [ RunTime:0.001000s ]
INFO: [ app_begin ] --END-- [ RunTime:0.002000s ]
SQL: select * from shop_goods t1 left join shop_category t2 on t1.cate_id = t2.cid [ RunTime:0.0000s ]
SQL: select count(good_listid) count from shop_goods_list where good_id='6' [ RunTime:0.0000s ]
INFO: [ view_parse ] --START--
INFO: [ template_filter ] --START--
INFO: Run Behavior\ContentReplaceBehavior [ RunTime:0.001000s ]
INFO: [ template_filter ] --END-- [ RunTime:0.001000s ]
NOTIC: [8] A non well formed numeric value encountered E:\wamp\www\meizushangchengtpnew\meizu\Runtime\Cache\Admin\8595ca944caee70229fd2a300294a1fd.php 第 65 行.
INFO: Run Behavior\ParseTemplateBehavior [ RunTime:0.010001s ]
INFO: [ view_parse ] --END-- [ RunTime:0.010001s ]
INFO: [ view_filter ] --START--
INFO: Run Behavior\WriteHtmlCacheBehavior [ RunTime:0.000000s ]
INFO: [ view_filter ] --END-- [ RunTime:0.000000s ]
INFO: [ app_end ] --START--
INFO: Run Behavior\ShowPageTraceBehavior [ RunTime:0.001000s ]
INFO: [ app_end ] --END-- [ RunTime:0.001000s ]

[ 2016-07-28T23:50:27+08:00 ] ::1 /meizushangchengtpnew/index.php/admin/shop/shopskulist/good_id/6/type_id/1.html
INFO: [ app_init ] --START--
INFO: Run Behavior\BuildLiteBehavior [ RunTime:0.000000s ]
INFO: [ app_init ] --END-- [ RunTime:0.000000s ]
INFO: [ app_begin ] --START--
INFO: Run Behavior\ReadHtmlCacheBehavior [ RunTime:0.001000s ]
INFO: [ app_begin ] --END-- [ RunTime:0.002000s ]
SQL: select t1.*,t2.ispublish,t2.good_name,t2.create_time from shop_goods_list t1 left join shop_goods t2 on t1.good_id = t2.good_id where t1.good_id = 6 [ RunTime:0.0000s ]
SQL: select  good_attr_value from  shop_goods_attr where good_attr_id = 214 [ RunTime:0.0000s ]
NOTIC: [8] Undefined index: sku_detail E:\wamp\www\meizushangchengtpnew\meizu\Admin\Controller\ShopController.class.php 第 280 行.
SQL: select  good_attr_value from  shop_goods_attr where good_attr_id = 217 [ RunTime:0.0000s ]
SQL: select  good_attr_value from  shop_goods_attr where good_attr_id = 218 [ RunTime:0.0010s ]
SQL: select  good_attr_value from  shop_goods_attr where good_attr_id = 221 [ RunTime:0.0000s ]
SQL: select  good_attr_value from  shop_goods_attr where good_attr_id = 214 [ RunTime:0.0000s ]
NOTIC: [8] Undefined index: sku_detail E:\wamp\www\meizushangchengtpnew\meizu\Admin\Controller\ShopController.class.php 第 280 行.
SQL: select  good_attr_value from  shop_goods_attr where good_attr_id = 217 [ RunTime:0.0000s ]
SQL: select  good_attr_value from  shop_goods_attr where good_attr_id = 219 [ RunTime:0.0000s ]
SQL: select  good_attr_value from  shop_goods_attr where good_attr_id = 221 [ RunTime:0.0000s ]
SQL: select  good_attr_value from  shop_goods_attr where good_attr_id = 214 [ RunTime:0.0000s ]
NOTIC: [8] Undefined index: sku_detail E:\wamp\www\meizushangchengtpnew\meizu\Admin\Controller\ShopController.class.php 第 280 行.
SQL: select  good_attr_value from  shop_goods_attr where good_attr_id = 217 [ RunTime:0.0000s ]
SQL: select  good_attr_value from  shop_goods_attr where good_attr_id = 220 [ RunTime:0.0000s ]
SQL: select  good_attr_value from  shop_goods_attr where good_attr_id = 221 [ RunTime:0.0000s ]
SQL: select  good_attr_value from  shop_goods_attr where good_attr_id = 215 [ RunTime:0.0000s ]
NOTIC: [8] Undefined index: sku_detail E:\wamp\www\meizushangchengtpnew\meizu\Admin\Controller\ShopController.class.php 第 280 行.
SQL: select  good_attr_value from  shop_goods_attr where good_attr_id = 217 [ RunTime:0.0010s ]
SQL: select  good_attr_value from  shop_goods_attr where good_attr_id = 218 [ RunTime:0.0000s ]
SQL: select  good_attr_value from  shop_goods_attr where good_attr_id = 221 [ RunTime:0.0010s ]
SQL: select  good_attr_value from  shop_goods_attr where good_attr_id = 215 [ RunTime:0.0000s ]
NOTIC: [8] Undefined index: sku_detail E:\wamp\www\meizushangchengtpnew\meizu\Admin\Controller\ShopController.class.php 第 280 行.
SQL: select  good_attr_value from  shop_goods_attr where good_attr_id = 217 [ RunTime:0.0010s ]
SQL: select  good_attr_value from  shop_goods_attr where good_attr_id = 219 [ RunTime:0.0000s ]
SQL: select  good_attr_value from  shop_goods_attr where good_attr_id = 221 [ RunTime:0.0000s ]
SQL: select  good_attr_value from  shop_goods_attr where good_attr_id = 215 [ RunTime:0.0010s ]
NOTIC: [8] Undefined index: sku_detail E:\wamp\www\meizushangchengtpnew\meizu\Admin\Controller\ShopController.class.php 第 280 行.
SQL: select  good_attr_value from  shop_goods_attr where good_attr_id = 217 [ RunTime:0.0000s ]
SQL: select  good_attr_value from  shop_goods_attr where good_attr_id = 220 [ RunTime:0.0000s ]
SQL: select  good_attr_value from  shop_goods_attr where good_attr_id = 221 [ RunTime:0.0000s ]
SQL: select  good_attr_value from  shop_goods_attr where good_attr_id = 216 [ RunTime:0.0000s ]
NOTIC: [8] Undefined index: sku_detail E:\wamp\www\meizushangchengtpnew\meizu\Admin\Controller\ShopController.class.php 第 280 行.
SQL: select  good_attr_value from  shop_goods_attr where good_attr_id = 217 [ RunTime:0.0000s ]
SQL: select  good_attr_value from  shop_goods_attr where good_attr_id = 218 [ RunTime:0.0000s ]
SQL: select  good_attr_value from  shop_goods_attr where good_attr_id = 221 [ RunTime:0.0000s ]
SQL: select  good_attr_value from  shop_goods_attr where good_attr_id = 216 [ RunTime:0.0000s ]
NOTIC: [8] Undefined index: sku_detail E:\wamp\www\meizushangchengtpnew\meizu\Admin\Controller\ShopController.class.php 第 280 行.
SQL: select  good_attr_value from  shop_goods_attr where good_attr_id = 217 [ RunTime:0.0000s ]
SQL: select  good_attr_value from  shop_goods_attr where good_attr_id = 219 [ RunTime:0.0000s ]
SQL: select  good_attr_value from  shop_goods_attr where good_attr_id = 221 [ RunTime:0.0000s ]
INFO: [ view_parse ] --START--
INFO: [ template_filter ] --START--
INFO: Run Behavior\ContentReplaceBehavior [ RunTime:0.000000s ]
INFO: [ template_filter ] --END-- [ RunTime:0.001000s ]
INFO: Run Behavior\ParseTemplateBehavior [ RunTime:0.014001s ]
INFO: [ view_parse ] --END-- [ RunTime:0.014001s ]
INFO: [ view_filter ] --START--
INFO: Run Behavior\WriteHtmlCacheBehavior [ RunTime:0.000000s ]
INFO: [ view_filter ] --END-- [ RunTime:0.000000s ]
INFO: [ app_end ] --START--
INFO: Run Behavior\ShowPageTraceBehavior [ RunTime:0.000000s ]
INFO: [ app_end ] --END-- [ RunTime:0.000000s ]

[ 2016-07-28T23:52:05+08:00 ] ::1 /meizushangchengtpnew/index.php/admin/shop/showimgs/good_listid/60.html
INFO: [ app_init ] --START--
INFO: Run Behavior\BuildLiteBehavior [ RunTime:0.000000s ]
INFO: [ app_init ] --END-- [ RunTime:0.001000s ]
INFO: [ app_begin ] --START--
INFO: Run Behavior\ReadHtmlCacheBehavior [ RunTime:0.000000s ]
INFO: [ app_begin ] --END-- [ RunTime:0.001001s ]
SQL: select good_imgs from shop_goods_list where good_listid = '60' [ RunTime:0.0000s ]
INFO: [ view_parse ] --START--
INFO: [ template_filter ] --START--
INFO: Run Behavior\ContentReplaceBehavior [ RunTime:0.001000s ]
INFO: [ template_filter ] --END-- [ RunTime:0.001000s ]
NOTIC: [8] Undefined variable: i E:\wamp\www\meizushangchengtpnew\meizu\Runtime\Cache\Admin\2ece7c0cd67351d211053923a41fde46.php 第 44 行.
NOTIC: [8] Undefined variable: i E:\wamp\www\meizushangchengtpnew\meizu\Runtime\Cache\Admin\2ece7c0cd67351d211053923a41fde46.php 第 44 行.
NOTIC: [8] Undefined variable: i E:\wamp\www\meizushangchengtpnew\meizu\Runtime\Cache\Admin\2ece7c0cd67351d211053923a41fde46.php 第 44 行.
NOTIC: [8] Undefined variable: i E:\wamp\www\meizushangchengtpnew\meizu\Runtime\Cache\Admin\2ece7c0cd67351d211053923a41fde46.php 第 44 行.
INFO: Run Behavior\ParseTemplateBehavior [ RunTime:0.009001s ]
INFO: [ view_parse ] --END-- [ RunTime:0.009001s ]
INFO: [ view_filter ] --START--
INFO: Run Behavior\WriteHtmlCacheBehavior [ RunTime:0.000000s ]
INFO: [ view_filter ] --END-- [ RunTime:0.002000s ]
INFO: [ app_end ] --START--
INFO: Run Behavior\ShowPageTraceBehavior [ RunTime:0.001000s ]
INFO: [ app_end ] --END-- [ RunTime:0.001000s ]

[ 2016-07-28T23:52:11+08:00 ] ::1 /meizushangchengtpnew/index.php/admin/shop/showimgs/good_listid/53.html
INFO: [ app_init ] --START--
INFO: Run Behavior\BuildLiteBehavior [ RunTime:0.000000s ]
INFO: [ app_init ] --END-- [ RunTime:0.001000s ]
INFO: [ app_begin ] --START--
INFO: Run Behavior\ReadHtmlCacheBehavior [ RunTime:0.001000s ]
INFO: [ app_begin ] --END-- [ RunTime:0.001000s ]
SQL: select good_imgs from shop_goods_list where good_listid = '53' [ RunTime:0.0000s ]
INFO: [ view_parse ] --START--
INFO: [ template_filter ] --START--
INFO: Run Behavior\ContentReplaceBehavior [ RunTime:0.000000s ]
INFO: [ template_filter ] --END-- [ RunTime:0.000000s ]
NOTIC: [8] Undefined variable: i E:\wamp\www\meizushangchengtpnew\meizu\Runtime\Cache\Admin\2ece7c0cd67351d211053923a41fde46.php 第 44 行.
NOTIC: [8] Undefined variable: i E:\wamp\www\meizushangchengtpnew\meizu\Runtime\Cache\Admin\2ece7c0cd67351d211053923a41fde46.php 第 44 行.
NOTIC: [8] Undefined variable: i E:\wamp\www\meizushangchengtpnew\meizu\Runtime\Cache\Admin\2ece7c0cd67351d211053923a41fde46.php 第 44 行.
NOTIC: [8] Undefined variable: i E:\wamp\www\meizushangchengtpnew\meizu\Runtime\Cache\Admin\2ece7c0cd67351d211053923a41fde46.php 第 44 行.
INFO: Run Behavior\ParseTemplateBehavior [ RunTime:0.014001s ]
INFO: [ view_parse ] --END-- [ RunTime:0.014001s ]
INFO: [ view_filter ] --START--
INFO: Run Behavior\WriteHtmlCacheBehavior [ RunTime:0.000000s ]
INFO: [ view_filter ] --END-- [ RunTime:0.000000s ]
INFO: [ app_end ] --START--
INFO: Run Behavior\ShowPageTraceBehavior [ RunTime:0.001000s ]
INFO: [ app_end ] --END-- [ RunTime:0.001000s ]

[ 2016-07-28T23:52:21+08:00 ] ::1 /meizushangchengtpnew/index.php/admin/shop/showimgs/good_listid/60.html
INFO: [ app_init ] --START--
INFO: Run Behavior\BuildLiteBehavior [ RunTime:0.000000s ]
INFO: [ app_init ] --END-- [ RunTime:0.001000s ]
INFO: [ app_begin ] --START--
INFO: Run Behavior\ReadHtmlCacheBehavior [ RunTime:0.001000s ]
INFO: [ app_begin ] --END-- [ RunTime:0.002000s ]
SQL: select good_imgs from shop_goods_list where good_listid = '60' [ RunTime:0.0020s ]
INFO: [ view_parse ] --START--
INFO: [ template_filter ] --START--
INFO: Run Behavior\ContentReplaceBehavior [ RunTime:0.000000s ]
INFO: [ template_filter ] --END-- [ RunTime:0.001000s ]
NOTIC: [8] Undefined variable: i E:\wamp\www\meizushangchengtpnew\meizu\Runtime\Cache\Admin\2ece7c0cd67351d211053923a41fde46.php 第 44 行.
NOTIC: [8] Undefined variable: i E:\wamp\www\meizushangchengtpnew\meizu\Runtime\Cache\Admin\2ece7c0cd67351d211053923a41fde46.php 第 44 行.
NOTIC: [8] Undefined variable: i E:\wamp\www\meizushangchengtpnew\meizu\Runtime\Cache\Admin\2ece7c0cd67351d211053923a41fde46.php 第 44 行.
NOTIC: [8] Undefined variable: i E:\wamp\www\meizushangchengtpnew\meizu\Runtime\Cache\Admin\2ece7c0cd67351d211053923a41fde46.php 第 44 行.
INFO: Run Behavior\ParseTemplateBehavior [ RunTime:0.011001s ]
INFO: [ view_parse ] --END-- [ RunTime:0.011001s ]
INFO: [ view_filter ] --START--
INFO: Run Behavior\WriteHtmlCacheBehavior [ RunTime:0.001000s ]
INFO: [ view_filter ] --END-- [ RunTime:0.001000s ]
INFO: [ app_end ] --START--
INFO: Run Behavior\ShowPageTraceBehavior [ RunTime:0.001000s ]
INFO: [ app_end ] --END-- [ RunTime:0.001000s ]

[ 2016-07-28T23:55:15+08:00 ] ::1 /meizushangchengtpnew/index.php/admin/shop/shopskulist/good_id/6/type_id/1.html
INFO: [ app_init ] --START--
INFO: Run Behavior\BuildLiteBehavior [ RunTime:0.000000s ]
INFO: [ app_init ] --END-- [ RunTime:0.001000s ]
INFO: [ app_begin ] --START--
INFO: Run Behavior\ReadHtmlCacheBehavior [ RunTime:0.001000s ]
INFO: [ app_begin ] --END-- [ RunTime:0.001000s ]
SQL: select t1.*,t2.ispublish,t2.good_name,t2.create_time from shop_goods_list t1 left join shop_goods t2 on t1.good_id = t2.good_id where t1.good_id = 6 [ RunTime:0.0010s ]
SQL: select  good_attr_value from  shop_goods_attr where good_attr_id = 214 [ RunTime:0.0000s ]
NOTIC: [8] Undefined index: sku_detail E:\wamp\www\meizushangchengtpnew\meizu\Admin\Controller\ShopController.class.php 第 280 行.
SQL: select  good_attr_value from  shop_goods_attr where good_attr_id = 217 [ RunTime:0.0010s ]
SQL: select  good_attr_value from  shop_goods_attr where good_attr_id = 218 [ RunTime:0.0000s ]
SQL: select  good_attr_value from  shop_goods_attr where good_attr_id = 221 [ RunTime:0.0000s ]
SQL: select  good_attr_value from  shop_goods_attr where good_attr_id = 214 [ RunTime:0.0000s ]
NOTIC: [8] Undefined index: sku_detail E:\wamp\www\meizushangchengtpnew\meizu\Admin\Controller\ShopController.class.php 第 280 行.
SQL: select  good_attr_value from  shop_goods_attr where good_attr_id = 217 [ RunTime:0.0000s ]
SQL: select  good_attr_value from  shop_goods_attr where good_attr_id = 219 [ RunTime:0.0000s ]
SQL: select  good_attr_value from  shop_goods_attr where good_attr_id = 221 [ RunTime:0.0000s ]
SQL: select  good_attr_value from  shop_goods_attr where good_attr_id = 214 [ RunTime:0.0010s ]
NOTIC: [8] Undefined index: sku_detail E:\wamp\www\meizushangchengtpnew\meizu\Admin\Controller\ShopController.class.php 第 280 行.
SQL: select  good_attr_value from  shop_goods_attr where good_attr_id = 217 [ RunTime:0.0000s ]
SQL: select  good_attr_value from  shop_goods_attr where good_attr_id = 220 [ RunTime:0.0000s ]
SQL: select  good_attr_value from  shop_goods_attr where good_attr_id = 221 [ RunTime:0.0000s ]
SQL: select  good_attr_value from  shop_goods_attr where good_attr_id = 215 [ RunTime:0.0000s ]
NOTIC: [8] Undefined index: sku_detail E:\wamp\www\meizushangchengtpnew\meizu\Admin\Controller\ShopController.class.php 第 280 行.
SQL: select  good_attr_value from  shop_goods_attr where good_attr_id = 217 [ RunTime:0.0010s ]
SQL: select  good_attr_value from  shop_goods_attr where good_attr_id = 218 [ RunTime:0.0000s ]
SQL: select  good_attr_value from  shop_goods_attr where good_attr_id = 221 [ RunTime:0.0000s ]
SQL: select  good_attr_value from  shop_goods_attr where good_attr_id = 215 [ RunTime:0.0000s ]
NOTIC: [8] Undefined index: sku_detail E:\wamp\www\meizushangchengtpnew\meizu\Admin\Controller\ShopController.class.php 第 280 行.
SQL: select  good_attr_value from  shop_goods_attr where good_attr_id = 217 [ RunTime:0.0000s ]
SQL: select  good_attr_value from  shop_goods_attr where good_attr_id = 219 [ RunTime:0.0000s ]
SQL: select  good_attr_value from  shop_goods_attr where good_attr_id = 221 [ RunTime:0.0000s ]
SQL: select  good_attr_value from  shop_goods_attr where good_attr_id = 215 [ RunTime:0.0010s ]
NOTIC: [8] Undefined index: sku_detail E:\wamp\www\meizushangchengtpnew\meizu\Admin\Controller\ShopController.class.php 第 280 行.
SQL: select  good_attr_value from  shop_goods_attr where good_attr_id = 217 [ RunTime:0.0000s ]
SQL: select  good_attr_value from  shop_goods_attr where good_attr_id = 220 [ RunTime:0.0000s ]
SQL: select  good_attr_value from  shop_goods_attr where good_attr_id = 221 [ RunTime:0.0000s ]
SQL: select  good_attr_value from  shop_goods_attr where good_attr_id = 216 [ RunTime:0.0000s ]
NOTIC: [8] Undefined index: sku_detail E:\wamp\www\meizushangchengtpnew\meizu\Admin\Controller\ShopController.class.php 第 280 行.
SQL: select  good_attr_value from  shop_goods_attr where good_attr_id = 217 [ RunTime:0.0000s ]
SQL: select  good_attr_value from  shop_goods_attr where good_attr_id = 218 [ RunTime:0.0000s ]
SQL: select  good_attr_value from  shop_goods_attr where good_attr_id = 221 [ RunTime:0.0010s ]
SQL: select  good_attr_value from  shop_goods_attr where good_attr_id = 216 [ RunTime:0.0000s ]
NOTIC: [8] Undefined index: sku_detail E:\wamp\www\meizushangchengtpnew\meizu\Admin\Controller\ShopController.class.php 第 280 行.
SQL: select  good_attr_value from  shop_goods_attr where good_attr_id = 217 [ RunTime:0.0000s ]
SQL: select  good_attr_value from  shop_goods_attr where good_attr_id = 219 [ RunTime:0.0000s ]
SQL: select  good_attr_value from  shop_goods_attr where good_attr_id = 221 [ RunTime:0.0000s ]
INFO: [ view_parse ] --START--
INFO: [ template_filter ] --START--
INFO: Run Behavior\ContentReplaceBehavior [ RunTime:0.000000s ]
INFO: [ template_filter ] --END-- [ RunTime:0.000000s ]
INFO: Run Behavior\ParseTemplateBehavior [ RunTime:0.013000s ]
INFO: [ view_parse ] --END-- [ RunTime:0.013000s ]
INFO: [ view_filter ] --START--
INFO: Run Behavior\WriteHtmlCacheBehavior [ RunTime:0.001000s ]
INFO: [ view_filter ] --END-- [ RunTime:0.001000s ]
INFO: [ app_end ] --START--
INFO: Run Behavior\ShowPageTraceBehavior [ RunTime:0.001000s ]
INFO: [ app_end ] --END-- [ RunTime:0.001000s ]

[ 2016-07-28T23:56:09+08:00 ] ::1 /meizushangchengtpnew/index.php/admin/shop/index.html
INFO: [ app_init ] --START--
INFO: Run Behavior\BuildLiteBehavior [ RunTime:0.000000s ]
INFO: [ app_init ] --END-- [ RunTime:0.001000s ]
INFO: [ app_begin ] --START--
INFO: Run Behavior\ReadHtmlCacheBehavior [ RunTime:0.001000s ]
INFO: [ app_begin ] --END-- [ RunTime:0.001000s ]
SQL: select * from shop_goods t1 left join shop_category t2 on t1.cate_id = t2.cid [ RunTime:0.0010s ]
SQL: select count(good_listid) count from shop_goods_list where good_id='6' [ RunTime:0.0000s ]
INFO: [ view_parse ] --START--
INFO: [ template_filter ] --START--
INFO: Run Behavior\ContentReplaceBehavior [ RunTime:0.000000s ]
INFO: [ template_filter ] --END-- [ RunTime:0.000000s ]
NOTIC: [8] A non well formed numeric value encountered E:\wamp\www\meizushangchengtpnew\meizu\Runtime\Cache\Admin\8595ca944caee70229fd2a300294a1fd.php 第 65 行.
INFO: Run Behavior\ParseTemplateBehavior [ RunTime:0.009000s ]
INFO: [ view_parse ] --END-- [ RunTime:0.009000s ]
INFO: [ view_filter ] --START--
INFO: Run Behavior\WriteHtmlCacheBehavior [ RunTime:0.000000s ]
INFO: [ view_filter ] --END-- [ RunTime:0.000000s ]
INFO: [ app_end ] --START--
INFO: Run Behavior\ShowPageTraceBehavior [ RunTime:0.001000s ]
INFO: [ app_end ] --END-- [ RunTime:0.001000s ]

