[ 2016-10-19T12:42:12+08:00 ] 127.0.0.1 /mz/index.php/admin/
INFO: [ app_init ] --START--
INFO: Run Behavior\BuildLiteBehavior [ RunTime:0.000041s ]
INFO: [ app_init ] --END-- [ RunTime:0.000773s ]
INFO: [ app_begin ] --START--
INFO: Run Behavior\ReadHtmlCacheBehavior [ RunTime:0.000906s ]
INFO: [ app_begin ] --END-- [ RunTime:0.001086s ]
INFO: [ view_parse ] --START--
INFO: [ template_filter ] --START--
INFO: Run Behavior\ContentReplaceBehavior [ RunTime:0.000114s ]
INFO: [ template_filter ] --END-- [ RunTime:0.000318s ]
INFO: Run Behavior\ParseTemplateBehavior [ RunTime:0.019661s ]
INFO: [ view_parse ] --END-- [ RunTime:0.019861s ]
INFO: [ view_filter ] --START--
INFO: Run Behavior\WriteHtmlCacheBehavior [ RunTime:0.000707s ]
INFO: [ view_filter ] --END-- [ RunTime:0.000876s ]

[ 2016-10-19T12:42:15+08:00 ] 127.0.0.1 /mz/index.php/admin/login/login.html
INFO: [ app_init ] --START--
INFO: Run Behavior\BuildLiteBehavior [ RunTime:0.000060s ]
INFO: [ app_init ] --END-- [ RunTime:0.001236s ]
INFO: [ app_begin ] --START--
INFO: Run Behavior\ReadHtmlCacheBehavior [ RunTime:0.001352s ]
INFO: [ app_begin ] --END-- [ RunTime:0.001642s ]
INFO: [ view_parse ] --START--
INFO: [ template_filter ] --START--
INFO: Run Behavior\ContentReplaceBehavior [ RunTime:0.000152s ]
INFO: [ template_filter ] --END-- [ RunTime:0.000360s ]
INFO: Run Behavior\ParseTemplateBehavior [ RunTime:0.016008s ]
INFO: [ view_parse ] --END-- [ RunTime:0.016245s ]
INFO: [ view_filter ] --START--
INFO: Run Behavior\WriteHtmlCacheBehavior [ RunTime:0.000851s ]
INFO: [ view_filter ] --END-- [ RunTime:0.001021s ]
INFO: [ app_end ] --START--
INFO: Run Behavior\ShowPageTraceBehavior [ RunTime:0.001197s ]
INFO: [ app_end ] --END-- [ RunTime:0.001377s ]

[ 2016-10-19T12:42:15+08:00 ] 127.0.0.1 /mz/index.php/admin/verify/buildVerify.html
INFO: [ app_init ] --START--
INFO: Run Behavior\BuildLiteBehavior [ RunTime:0.000081s ]
INFO: [ app_init ] --END-- [ RunTime:0.001177s ]
INFO: [ app_begin ] --START--
INFO: Run Behavior\ReadHtmlCacheBehavior [ RunTime:0.001088s ]
INFO: [ app_begin ] --END-- [ RunTime:0.001469s ]
INFO: [ app_end ] --START--
INFO: Run Behavior\ShowPageTraceBehavior [ RunTime:0.001446s ]
INFO: [ app_end ] --END-- [ RunTime:0.001800s ]

[ 2016-10-19T12:42:15+08:00 ] 127.0.0.1 /mz/index.php/admin/login/js/H-ui.js
INFO: [ app_init ] --START--
INFO: Run Behavior\BuildLiteBehavior [ RunTime:0.000236s ]
INFO: [ app_init ] --END-- [ RunTime:0.001516s ]
INFO: [ app_begin ] --START--
INFO: Run Behavior\ReadHtmlCacheBehavior [ RunTime:0.001629s ]
INFO: [ app_begin ] --END-- [ RunTime:0.002001s ]
ERR: 非法操作:js

[ 2016-10-19T12:42:15+08:00 ] 127.0.0.1 /mz/index.php/admin/login/lib/jquery.min.js
INFO: [ app_init ] --START--
INFO: Run Behavior\BuildLiteBehavior [ RunTime:0.000072s ]
INFO: [ app_init ] --END-- [ RunTime:0.001339s ]
INFO: [ app_begin ] --START--
INFO: Run Behavior\ReadHtmlCacheBehavior [ RunTime:0.001834s ]
INFO: [ app_begin ] --END-- [ RunTime:0.002369s ]
ERR: 非法操作:lib

[ 2016-10-19T12:42:15+08:00 ] 127.0.0.1 /mz/index.php/admin/login/js/H-ui.js
INFO: [ app_init ] --START--
INFO: Run Behavior\BuildLiteBehavior [ RunTime:0.000081s ]
INFO: [ app_init ] --END-- [ RunTime:0.001664s ]
INFO: [ app_begin ] --START--
INFO: Run Behavior\ReadHtmlCacheBehavior [ RunTime:0.001677s ]
INFO: [ app_begin ] --END-- [ RunTime:0.002115s ]
ERR: 非法操作:js

[ 2016-10-19T12:42:20+08:00 ] 127.0.0.1 /mz/index.php/admin/Login/checkusername.html
INFO: [ app_init ] --START--
INFO: Run Behavior\BuildLiteBehavior [ RunTime:0.000042s ]
INFO: [ app_init ] --END-- [ RunTime:0.000821s ]
INFO: [ app_begin ] --START--
INFO: Run Behavior\ReadHtmlCacheBehavior [ RunTime:0.000994s ]
INFO: [ app_begin ] --END-- [ RunTime:0.001223s ]
SQL: select * from user where username = 'admin' and isadmin = 1 [ RunTime:0.0007s ]

[ 2016-10-19T12:42:23+08:00 ] 127.0.0.1 /mz/index.php/admin/Login/checkpassword.html
INFO: [ app_init ] --START--
INFO: Run Behavior\BuildLiteBehavior [ RunTime:0.000047s ]
INFO: [ app_init ] --END-- [ RunTime:0.000930s ]
INFO: [ app_begin ] --START--
INFO: Run Behavior\ReadHtmlCacheBehavior [ RunTime:0.000918s ]
INFO: [ app_begin ] --END-- [ RunTime:0.001098s ]
SQL: select * from user where username = 'admin' and password = 'e10adc3949ba59abbe56e057f20f883e' and isadmin = 1 [ RunTime:0.0006s ]

[ 2016-10-19T12:42:24+08:00 ] 127.0.0.1 /mz/index.php/admin/verify/buildVerify.html?0.2316028758715447
INFO: [ app_init ] --START--
INFO: Run Behavior\BuildLiteBehavior [ RunTime:0.000042s ]
INFO: [ app_init ] --END-- [ RunTime:0.000865s ]
INFO: [ app_begin ] --START--
INFO: Run Behavior\ReadHtmlCacheBehavior [ RunTime:0.000801s ]
INFO: [ app_begin ] --END-- [ RunTime:0.001012s ]
INFO: [ app_end ] --START--
INFO: Run Behavior\ShowPageTraceBehavior [ RunTime:0.001259s ]
INFO: [ app_end ] --END-- [ RunTime:0.001472s ]

[ 2016-10-19T12:42:29+08:00 ] 127.0.0.1 /mz/index.php/admin/verify/checkVerify.html
INFO: [ app_init ] --START--
INFO: Run Behavior\BuildLiteBehavior [ RunTime:0.000065s ]
INFO: [ app_init ] --END-- [ RunTime:0.001333s ]
INFO: [ app_begin ] --START--
INFO: Run Behavior\ReadHtmlCacheBehavior [ RunTime:0.001239s ]
INFO: [ app_begin ] --END-- [ RunTime:0.001503s ]

[ 2016-10-19T12:42:29+08:00 ] 127.0.0.1 /mz/index.php/admin/verify/buildVerify.html?0.2316028758715447?0.6146708058518671
INFO: [ app_init ] --START--
INFO: Run Behavior\BuildLiteBehavior [ RunTime:0.000041s ]
INFO: [ app_init ] --END-- [ RunTime:0.000828s ]
INFO: [ app_begin ] --START--
INFO: Run Behavior\ReadHtmlCacheBehavior [ RunTime:0.000807s ]
INFO: [ app_begin ] --END-- [ RunTime:0.000987s ]
INFO: [ app_end ] --START--
INFO: Run Behavior\ShowPageTraceBehavior [ RunTime:0.000950s ]
INFO: [ app_end ] --END-- [ RunTime:0.001162s ]

[ 2016-10-19T12:42:31+08:00 ] 127.0.0.1 /mz/index.php/admin/verify/checkVerify.html
INFO: [ app_init ] --START--
INFO: Run Behavior\BuildLiteBehavior [ RunTime:0.000043s ]
INFO: [ app_init ] --END-- [ RunTime:0.000747s ]
INFO: [ app_begin ] --START--
INFO: Run Behavior\ReadHtmlCacheBehavior [ RunTime:0.000752s ]
INFO: [ app_begin ] --END-- [ RunTime:0.000919s ]

[ 2016-10-19T12:42:31+08:00 ] 127.0.0.1 /mz/index.php/admin/verify/checkVerify.html
INFO: [ app_init ] --START--
INFO: Run Behavior\BuildLiteBehavior [ RunTime:0.000041s ]
INFO: [ app_init ] --END-- [ RunTime:0.000749s ]
INFO: [ app_begin ] --START--
INFO: Run Behavior\ReadHtmlCacheBehavior [ RunTime:0.001123s ]
INFO: [ app_begin ] --END-- [ RunTime:0.001361s ]

[ 2016-10-19T12:42:32+08:00 ] 127.0.0.1 /mz/index.php/admin/verify/checkVerify.html
INFO: [ app_init ] --START--
INFO: Run Behavior\BuildLiteBehavior [ RunTime:0.000047s ]
INFO: [ app_init ] --END-- [ RunTime:0.000959s ]
INFO: [ app_begin ] --START--
INFO: Run Behavior\ReadHtmlCacheBehavior [ RunTime:0.000795s ]
INFO: [ app_begin ] --END-- [ RunTime:0.000980s ]

[ 2016-10-19T12:42:40+08:00 ] 127.0.0.1 /mz/index.php/admin/Login/checkpassword.html
INFO: [ app_init ] --START--
INFO: Run Behavior\BuildLiteBehavior [ RunTime:0.000092s ]
INFO: [ app_init ] --END-- [ RunTime:0.001361s ]
INFO: [ app_begin ] --START--
INFO: Run Behavior\ReadHtmlCacheBehavior [ RunTime:0.001008s ]
INFO: [ app_begin ] --END-- [ RunTime:0.001218s ]
SQL: select * from user where username = 'admin' and password = '0cc175b9c0f1b6a831c399e269772661' and isadmin = 1 [ RunTime:0.0007s ]

[ 2016-10-19T12:42:41+08:00 ] 127.0.0.1 /mz/index.php/admin/Login/checkpassword.html
INFO: [ app_init ] --START--
INFO: Run Behavior\BuildLiteBehavior [ RunTime:0.000057s ]
INFO: [ app_init ] --END-- [ RunTime:0.001241s ]
INFO: [ app_begin ] --START--
INFO: Run Behavior\ReadHtmlCacheBehavior [ RunTime:0.001105s ]
INFO: [ app_begin ] --END-- [ RunTime:0.001356s ]
SQL: select * from user where username = 'admin' and password = '523af537946b79c4f8369ed39ba78605' and isadmin = 1 [ RunTime:0.0006s ]

[ 2016-10-19T12:42:41+08:00 ] 127.0.0.1 /mz/index.php/admin/Login/checkpassword.html
INFO: [ app_init ] --START--
INFO: Run Behavior\BuildLiteBehavior [ RunTime:0.000080s ]
INFO: [ app_init ] --END-- [ RunTime:0.001150s ]
INFO: [ app_begin ] --START--
INFO: Run Behavior\ReadHtmlCacheBehavior [ RunTime:0.001025s ]
INFO: [ app_begin ] --END-- [ RunTime:0.001202s ]
SQL: select * from user where username = 'admin' and password = '60eb0f73e33ce3ffd4e51d974447db53' and isadmin = 1 [ RunTime:0.0008s ]

[ 2016-10-19T12:42:41+08:00 ] 127.0.0.1 /mz/index.php/admin/Login/checkpassword.html
INFO: [ app_init ] --START--
INFO: Run Behavior\BuildLiteBehavior [ RunTime:0.000062s ]
INFO: [ app_init ] --END-- [ RunTime:0.001290s ]
INFO: [ app_begin ] --START--
INFO: Run Behavior\ReadHtmlCacheBehavior [ RunTime:0.001175s ]
INFO: [ app_begin ] --END-- [ RunTime:0.001441s ]
SQL: select * from user where username = 'admin' and password = '21232f297a57a5a743894a0e4a801fc3' and isadmin = 1 [ RunTime:0.0007s ]

[ 2016-10-19T12:42:43+08:00 ] 127.0.0.1 /mz/index.php/admin/login/allowlogin.html
INFO: [ app_init ] --START--
INFO: Run Behavior\BuildLiteBehavior [ RunTime:0.000043s ]
INFO: [ app_init ] --END-- [ RunTime:0.001109s ]
INFO: [ app_begin ] --START--
INFO: Run Behavior\ReadHtmlCacheBehavior [ RunTime:0.000867s ]
INFO: [ app_begin ] --END-- [ RunTime:0.001059s ]
SQL: select * from user where username = 'admin' and password = '21232f297a57a5a743894a0e4a801fc3' and isadmin = 1 [ RunTime:0.0008s ]
SQL: select title from auth_group t1 left join auth_group_access t2 on t1.id = t2.group_id where t2.uid = 12 [ RunTime:0.0006s ]
INFO: [ view_parse ] --START--
INFO: [ template_filter ] --START--
INFO: Run Behavior\ContentReplaceBehavior [ RunTime:0.000183s ]
INFO: [ template_filter ] --END-- [ RunTime:0.000390s ]
INFO: Run Behavior\ParseTemplateBehavior [ RunTime:0.011117s ]
INFO: [ view_parse ] --END-- [ RunTime:0.011307s ]
INFO: [ view_filter ] --START--
INFO: Run Behavior\WriteHtmlCacheBehavior [ RunTime:0.000727s ]
INFO: [ view_filter ] --END-- [ RunTime:0.000895s ]
INFO: [ app_end ] --START--
INFO: Run Behavior\ShowPageTraceBehavior [ RunTime:0.000816s ]
INFO: [ app_end ] --END-- [ RunTime:0.000991s ]

[ 2016-10-19T12:42:45+08:00 ] 127.0.0.1 /mz/index.php/admin/index/index.html
INFO: [ app_init ] --START--
INFO: Run Behavior\BuildLiteBehavior [ RunTime:0.000048s ]
INFO: [ app_init ] --END-- [ RunTime:0.001072s ]
INFO: [ app_begin ] --START--
INFO: Run Behavior\ReadHtmlCacheBehavior [ RunTime:0.001040s ]
INFO: [ app_begin ] --END-- [ RunTime:0.001254s ]
INFO: [ view_parse ] --START--
INFO: [ template_filter ] --START--
INFO: Run Behavior\ContentReplaceBehavior [ RunTime:0.000198s ]
INFO: [ template_filter ] --END-- [ RunTime:0.000440s ]
NOTIC: [8] Undefined index: username F:\wamp\www\mz\meizu\Runtime\Cache\Admin\d3cb86088ccc7f3e1c570875240154db.php 第 33 行.
INFO: Run Behavior\ParseTemplateBehavior [ RunTime:0.032273s ]
INFO: [ view_parse ] --END-- [ RunTime:0.032491s ]
INFO: [ view_filter ] --START--
INFO: Run Behavior\WriteHtmlCacheBehavior [ RunTime:0.001049s ]
INFO: [ view_filter ] --END-- [ RunTime:0.001246s ]
INFO: [ app_end ] --START--
INFO: Run Behavior\ShowPageTraceBehavior [ RunTime:0.001142s ]
INFO: [ app_end ] --END-- [ RunTime:0.001355s ]

[ 2016-10-19T12:42:45+08:00 ] 127.0.0.1 /mz/index.php/admin/index/welcome.html
INFO: [ app_init ] --START--
INFO: Run Behavior\BuildLiteBehavior [ RunTime:0.000075s ]
INFO: [ app_init ] --END-- [ RunTime:0.001347s ]
INFO: [ app_begin ] --START--
INFO: Run Behavior\ReadHtmlCacheBehavior [ RunTime:0.001076s ]
INFO: [ app_begin ] --END-- [ RunTime:0.001298s ]
INFO: [ view_parse ] --START--
INFO: [ template_filter ] --START--
INFO: Run Behavior\ContentReplaceBehavior [ RunTime:0.000349s ]
INFO: [ template_filter ] --END-- [ RunTime:0.000737s ]
INFO: Run Behavior\ParseTemplateBehavior [ RunTime:0.024612s ]
INFO: [ view_parse ] --END-- [ RunTime:0.024850s ]
INFO: [ view_filter ] --START--
INFO: Run Behavior\WriteHtmlCacheBehavior [ RunTime:0.000766s ]
INFO: [ view_filter ] --END-- [ RunTime:0.001027s ]
INFO: [ app_end ] --START--
INFO: Run Behavior\ShowPageTraceBehavior [ RunTime:0.001943s ]
INFO: [ app_end ] --END-- [ RunTime:0.002213s ]

[ 2016-10-19T12:42:48+08:00 ] 127.0.0.1 /mz/index.php/admin/user/userlist.html
INFO: [ app_init ] --START--
INFO: Run Behavior\BuildLiteBehavior [ RunTime:0.000081s ]
INFO: [ app_init ] --END-- [ RunTime:0.001156s ]
INFO: [ app_begin ] --START--
INFO: Run Behavior\ReadHtmlCacheBehavior [ RunTime:0.000762s ]
INFO: [ app_begin ] --END-- [ RunTime:0.000967s ]
NOTIC: [8] Undefined index: timetype F:\wamp\www\mz\meizu\Admin\Controller\UserController.class.php 第 8 行.
SQL: select * from user where isadmin = 0 and status != -3 [ RunTime:0.0633s ]
SQL: select * from user where isadmin = 0 and status != -3 limit 0,5 [ RunTime:0.0009s ]
INFO: [ view_parse ] --START--
INFO: [ template_filter ] --START--
INFO: Run Behavior\ContentReplaceBehavior [ RunTime:0.000222s ]
INFO: [ template_filter ] --END-- [ RunTime:0.000424s ]
NOTIC: [8] Undefined index: timetype F:\wamp\www\mz\meizu\Runtime\Cache\Admin\400835a012e8363e6ea1840d9e8e158a.php 第 132 行.
NOTIC: [8] Undefined index: timetype F:\wamp\www\mz\meizu\Runtime\Cache\Admin\400835a012e8363e6ea1840d9e8e158a.php 第 133 行.
NOTIC: [8] Undefined index: mintime F:\wamp\www\mz\meizu\Runtime\Cache\Admin\400835a012e8363e6ea1840d9e8e158a.php 第 135 行.
NOTIC: [8] Undefined index: maxtime F:\wamp\www\mz\meizu\Runtime\Cache\Admin\400835a012e8363e6ea1840d9e8e158a.php 第 137 行.
NOTIC: [8] Undefined index: condition F:\wamp\www\mz\meizu\Runtime\Cache\Admin\400835a012e8363e6ea1840d9e8e158a.php 第 138 行.
INFO: Run Behavior\ParseTemplateBehavior [ RunTime:0.021201s ]
INFO: [ view_parse ] --END-- [ RunTime:0.021405s ]
INFO: [ view_filter ] --START--
INFO: Run Behavior\WriteHtmlCacheBehavior [ RunTime:0.001183s ]
INFO: [ view_filter ] --END-- [ RunTime:0.001516s ]
INFO: [ app_end ] --START--
INFO: Run Behavior\ShowPageTraceBehavior [ RunTime:0.001466s ]
INFO: [ app_end ] --END-- [ RunTime:0.001719s ]

[ 2016-10-19T12:42:48+08:00 ] 127.0.0.1 /mz/index.php/admin/user/userlist.html
INFO: [ app_init ] --START--
INFO: Run Behavior\BuildLiteBehavior [ RunTime:0.000039s ]
INFO: [ app_init ] --END-- [ RunTime:0.000707s ]
INFO: [ app_begin ] --START--
INFO: Run Behavior\ReadHtmlCacheBehavior [ RunTime:0.000820s ]
INFO: [ app_begin ] --END-- [ RunTime:0.001082s ]
NOTIC: [8] Undefined index: timetype F:\wamp\www\mz\meizu\Admin\Controller\UserController.class.php 第 8 行.
SQL: select * from user where isadmin = 0 and status != -3 [ RunTime:0.0007s ]
SQL: select * from user where isadmin = 0 and status != -3 limit 0,5 [ RunTime:0.0009s ]
INFO: [ view_parse ] --START--
INFO: [ template_filter ] --START--
INFO: Run Behavior\ContentReplaceBehavior [ RunTime:0.000363s ]
INFO: [ template_filter ] --END-- [ RunTime:0.000644s ]
NOTIC: [8] Undefined index: timetype F:\wamp\www\mz\meizu\Runtime\Cache\Admin\400835a012e8363e6ea1840d9e8e158a.php 第 132 行.
NOTIC: [8] Undefined index: timetype F:\wamp\www\mz\meizu\Runtime\Cache\Admin\400835a012e8363e6ea1840d9e8e158a.php 第 133 行.
NOTIC: [8] Undefined index: mintime F:\wamp\www\mz\meizu\Runtime\Cache\Admin\400835a012e8363e6ea1840d9e8e158a.php 第 135 行.
NOTIC: [8] Undefined index: maxtime F:\wamp\www\mz\meizu\Runtime\Cache\Admin\400835a012e8363e6ea1840d9e8e158a.php 第 137 行.
NOTIC: [8] Undefined index: condition F:\wamp\www\mz\meizu\Runtime\Cache\Admin\400835a012e8363e6ea1840d9e8e158a.php 第 138 行.
INFO: Run Behavior\ParseTemplateBehavior [ RunTime:0.022897s ]
INFO: [ view_parse ] --END-- [ RunTime:0.023084s ]
INFO: [ view_filter ] --START--
INFO: Run Behavior\WriteHtmlCacheBehavior [ RunTime:0.001008s ]
INFO: [ view_filter ] --END-- [ RunTime:0.001181s ]
INFO: [ app_end ] --START--
INFO: Run Behavior\ShowPageTraceBehavior [ RunTime:0.001038s ]
INFO: [ app_end ] --END-- [ RunTime:0.001241s ]

[ 2016-10-19T12:43:01+08:00 ] 127.0.0.1 /mz/index.php/admin/user/userstart.html
INFO: [ app_init ] --START--
INFO: Run Behavior\BuildLiteBehavior [ RunTime:0.000042s ]
INFO: [ app_init ] --END-- [ RunTime:0.000979s ]
INFO: [ app_begin ] --START--
INFO: Run Behavior\ReadHtmlCacheBehavior [ RunTime:0.000861s ]
INFO: [ app_begin ] --END-- [ RunTime:0.001011s ]
SQL: update user set status = 1 where uid = '9' [ RunTime:0.1959s ]
SQL: insert into operation_logs(admin_id,operation_name,operation_time,operation_ip) values('12','用户启用,用户id是:9','1476852181','127.0.0.1') [ RunTime:0.0007s ]

[ 2016-10-19T12:43:06+08:00 ] 127.0.0.1 /mz/index.php/admin/user/usershow/userid/9.html
INFO: [ app_init ] --START--
INFO: Run Behavior\BuildLiteBehavior [ RunTime:0.000080s ]
INFO: [ app_init ] --END-- [ RunTime:0.001397s ]
INFO: [ app_begin ] --START--
INFO: Run Behavior\ReadHtmlCacheBehavior [ RunTime:0.001113s ]
INFO: [ app_begin ] --END-- [ RunTime:0.001461s ]
SQL: select * from user where uid = '9' [ RunTime:0.0007s ]
INFO: [ view_parse ] --START--
INFO: [ template_filter ] --START--
INFO: Run Behavior\ContentReplaceBehavior [ RunTime:0.000187s ]
INFO: [ template_filter ] --END-- [ RunTime:0.000419s ]
NOTIC: [8] Array to string conversion F:\wamp\www\mz\meizu\Runtime\Cache\Admin\1d537fcce9da1cde601da4bac69d0334.php 第 90 行.
INFO: Run Behavior\ParseTemplateBehavior [ RunTime:0.015210s ]
INFO: [ view_parse ] --END-- [ RunTime:0.015407s ]
INFO: [ view_filter ] --START--
INFO: Run Behavior\WriteHtmlCacheBehavior [ RunTime:0.000664s ]
INFO: [ view_filter ] --END-- [ RunTime:0.000851s ]
INFO: [ app_end ] --START--
INFO: Run Behavior\ShowPageTraceBehavior [ RunTime:0.000876s ]
INFO: [ app_end ] --END-- [ RunTime:0.001048s ]

[ 2016-10-19T12:43:15+08:00 ] 127.0.0.1 /mz/index.php/admin/user/userlist.html
INFO: [ app_init ] --START--
INFO: Run Behavior\BuildLiteBehavior [ RunTime:0.000040s ]
INFO: [ app_init ] --END-- [ RunTime:0.000824s ]
INFO: [ app_begin ] --START--
INFO: Run Behavior\ReadHtmlCacheBehavior [ RunTime:0.000838s ]
INFO: [ app_begin ] --END-- [ RunTime:0.001061s ]
NOTIC: [8] Undefined index: timetype F:\wamp\www\mz\meizu\Admin\Controller\UserController.class.php 第 8 行.
SQL: select * from user where isadmin = 0 and status != -3 [ RunTime:0.0008s ]
SQL: select * from user where isadmin = 0 and status != -3 limit 0,5 [ RunTime:0.0007s ]
INFO: [ view_parse ] --START--
INFO: [ template_filter ] --START--
INFO: Run Behavior\ContentReplaceBehavior [ RunTime:0.000217s ]
INFO: [ template_filter ] --END-- [ RunTime:0.000411s ]
NOTIC: [8] Undefined index: timetype F:\wamp\www\mz\meizu\Runtime\Cache\Admin\400835a012e8363e6ea1840d9e8e158a.php 第 132 行.
NOTIC: [8] Undefined index: timetype F:\wamp\www\mz\meizu\Runtime\Cache\Admin\400835a012e8363e6ea1840d9e8e158a.php 第 133 行.
NOTIC: [8] Undefined index: mintime F:\wamp\www\mz\meizu\Runtime\Cache\Admin\400835a012e8363e6ea1840d9e8e158a.php 第 135 行.
NOTIC: [8] Undefined index: maxtime F:\wamp\www\mz\meizu\Runtime\Cache\Admin\400835a012e8363e6ea1840d9e8e158a.php 第 137 行.
NOTIC: [8] Undefined index: condition F:\wamp\www\mz\meizu\Runtime\Cache\Admin\400835a012e8363e6ea1840d9e8e158a.php 第 138 行.
INFO: Run Behavior\ParseTemplateBehavior [ RunTime:0.020730s ]
INFO: [ view_parse ] --END-- [ RunTime:0.020920s ]
INFO: [ view_filter ] --START--
INFO: Run Behavior\WriteHtmlCacheBehavior [ RunTime:0.000881s ]
INFO: [ view_filter ] --END-- [ RunTime:0.001062s ]
INFO: [ app_end ] --START--
INFO: Run Behavior\ShowPageTraceBehavior [ RunTime:0.001375s ]
INFO: [ app_end ] --END-- [ RunTime:0.001654s ]

[ 2016-10-19T12:43:16+08:00 ] 127.0.0.1 /mz/index.php/admin/feedback/index.html
INFO: [ app_init ] --START--
INFO: Run Behavior\BuildLiteBehavior [ RunTime:0.000075s ]
INFO: [ app_init ] --END-- [ RunTime:0.001144s ]
INFO: [ app_begin ] --START--
INFO: Run Behavior\ReadHtmlCacheBehavior [ RunTime:0.001339s ]
INFO: [ app_begin ] --END-- [ RunTime:0.001718s ]
SQL: select t1.*,t2.username from feedback t1 left join user t2 on t1.uid = t2.uid [ RunTime:0.0005s ]
SQL: select t1.*,t2.username from feedback t1 left join user t2 on t1.uid = t2.uid limit 0,2 [ RunTime:0.0006s ]
SQL: select type_name from feedback_type where id = '2' [ RunTime:0.0003s ]
INFO: [ view_parse ] --START--
INFO: [ template_filter ] --START--
INFO: Run Behavior\ContentReplaceBehavior [ RunTime:0.000166s ]
INFO: [ template_filter ] --END-- [ RunTime:0.000379s ]
INFO: Run Behavior\ParseTemplateBehavior [ RunTime:0.016006s ]
INFO: [ view_parse ] --END-- [ RunTime:0.016216s ]
INFO: [ view_filter ] --START--
INFO: Run Behavior\WriteHtmlCacheBehavior [ RunTime:0.000724s ]
INFO: [ view_filter ] --END-- [ RunTime:0.000898s ]
INFO: [ app_end ] --START--
INFO: Run Behavior\ShowPageTraceBehavior [ RunTime:0.000901s ]
INFO: [ app_end ] --END-- [ RunTime:0.001076s ]

[ 2016-10-19T12:43:16+08:00 ] 127.0.0.1 /mz/index.php/admin/feedback/index.html
INFO: [ app_init ] --START--
INFO: Run Behavior\BuildLiteBehavior [ RunTime:0.000073s ]
INFO: [ app_init ] --END-- [ RunTime:0.001337s ]
INFO: [ app_begin ] --START--
INFO: Run Behavior\ReadHtmlCacheBehavior [ RunTime:0.000755s ]
INFO: [ app_begin ] --END-- [ RunTime:0.000949s ]
SQL: select t1.*,t2.username from feedback t1 left join user t2 on t1.uid = t2.uid [ RunTime:0.0005s ]
SQL: select t1.*,t2.username from feedback t1 left join user t2 on t1.uid = t2.uid limit 0,2 [ RunTime:0.0004s ]
SQL: select type_name from feedback_type where id = '2' [ RunTime:0.0003s ]
INFO: [ view_parse ] --START--
INFO: [ template_filter ] --START--
INFO: Run Behavior\ContentReplaceBehavior [ RunTime:0.000167s ]
INFO: [ template_filter ] --END-- [ RunTime:0.000379s ]
INFO: Run Behavior\ParseTemplateBehavior [ RunTime:0.014156s ]
INFO: [ view_parse ] --END-- [ RunTime:0.014346s ]
INFO: [ view_filter ] --START--
INFO: Run Behavior\WriteHtmlCacheBehavior [ RunTime:0.000685s ]
INFO: [ view_filter ] --END-- [ RunTime:0.000921s ]
INFO: [ app_end ] --START--
INFO: Run Behavior\ShowPageTraceBehavior [ RunTime:0.000896s ]
INFO: [ app_end ] --END-- [ RunTime:0.001069s ]

[ 2016-10-19T12:43:18+08:00 ] 127.0.0.1 /mz/index.php/admin/feedback/feedcate.html
INFO: [ app_init ] --START--
INFO: Run Behavior\BuildLiteBehavior [ RunTime:0.000043s ]
INFO: [ app_init ] --END-- [ RunTime:0.000860s ]
INFO: [ app_begin ] --START--
INFO: Run Behavior\ReadHtmlCacheBehavior [ RunTime:0.000919s ]
INFO: [ app_begin ] --END-- [ RunTime:0.001216s ]
SQL: select * from feedback_type order by id desc [ RunTime:0.0006s ]
INFO: [ view_parse ] --START--
INFO: [ template_filter ] --START--
INFO: Run Behavior\ContentReplaceBehavior [ RunTime:0.000171s ]
INFO: [ template_filter ] --END-- [ RunTime:0.000379s ]
NOTIC: [8] Undefined variable: count F:\wamp\www\mz\meizu\Runtime\Cache\Admin\210387f63610f597a786a18967a8e4ec.php 第 34 行.
INFO: Run Behavior\ParseTemplateBehavior [ RunTime:0.013970s ]
INFO: [ view_parse ] --END-- [ RunTime:0.014165s ]
INFO: [ view_filter ] --START--
INFO: Run Behavior\WriteHtmlCacheBehavior [ RunTime:0.000893s ]
INFO: [ view_filter ] --END-- [ RunTime:0.001143s ]
INFO: [ app_end ] --START--
INFO: Run Behavior\ShowPageTraceBehavior [ RunTime:0.001961s ]
INFO: [ app_end ] --END-- [ RunTime:0.002372s ]

[ 2016-10-19T12:43:23+08:00 ] 127.0.0.1 /mz/index.php/admin/shoptype/index.html
INFO: [ app_init ] --START--
INFO: Run Behavior\BuildLiteBehavior [ RunTime:0.000045s ]
INFO: [ app_init ] --END-- [ RunTime:0.000799s ]
INFO: [ app_begin ] --START--
INFO: Run Behavior\ReadHtmlCacheBehavior [ RunTime:0.000887s ]
INFO: [ app_begin ] --END-- [ RunTime:0.001076s ]
SQL: select * from shop_type [ RunTime:0.0004s ]
INFO: [ view_parse ] --START--
INFO: [ template_filter ] --START--
INFO: Run Behavior\ContentReplaceBehavior [ RunTime:0.000148s ]
INFO: [ template_filter ] --END-- [ RunTime:0.000355s ]
INFO: Run Behavior\ParseTemplateBehavior [ RunTime:0.013971s ]
INFO: [ view_parse ] --END-- [ RunTime:0.014165s ]
INFO: [ view_filter ] --START--
INFO: Run Behavior\WriteHtmlCacheBehavior [ RunTime:0.000709s ]
INFO: [ view_filter ] --END-- [ RunTime:0.000948s ]
INFO: [ app_end ] --START--
INFO: Run Behavior\ShowPageTraceBehavior [ RunTime:0.001061s ]
INFO: [ app_end ] --END-- [ RunTime:0.001252s ]

[ 2016-10-19T12:43:23+08:00 ] 127.0.0.1 /mz/index.php/admin/shoptype/index.html
INFO: [ app_init ] --START--
INFO: Run Behavior\BuildLiteBehavior [ RunTime:0.000043s ]
INFO: [ app_init ] --END-- [ RunTime:0.000771s ]
INFO: [ app_begin ] --START--
INFO: Run Behavior\ReadHtmlCacheBehavior [ RunTime:0.001469s ]
INFO: [ app_begin ] --END-- [ RunTime:0.001783s ]
SQL: select * from shop_type [ RunTime:0.0004s ]
INFO: [ view_parse ] --START--
INFO: [ template_filter ] --START--
INFO: Run Behavior\ContentReplaceBehavior [ RunTime:0.000144s ]
INFO: [ template_filter ] --END-- [ RunTime:0.000345s ]
INFO: Run Behavior\ParseTemplateBehavior [ RunTime:0.013967s ]
INFO: [ view_parse ] --END-- [ RunTime:0.014155s ]
INFO: [ view_filter ] --START--
INFO: Run Behavior\WriteHtmlCacheBehavior [ RunTime:0.000636s ]
INFO: [ view_filter ] --END-- [ RunTime:0.000806s ]
INFO: [ app_end ] --START--
INFO: Run Behavior\ShowPageTraceBehavior [ RunTime:0.001267s ]
INFO: [ app_end ] --END-- [ RunTime:0.001478s ]

[ 2016-10-19T12:43:27+08:00 ] 127.0.0.1 /mz/index.php/admin/shoptype/edittype/type_id/1.html
INFO: [ app_init ] --START--
INFO: Run Behavior\BuildLiteBehavior [ RunTime:0.000040s ]
INFO: [ app_init ] --END-- [ RunTime:0.000951s ]
INFO: [ app_begin ] --START--
INFO: Run Behavior\ReadHtmlCacheBehavior [ RunTime:0.000926s ]
INFO: [ app_begin ] --END-- [ RunTime:0.001105s ]
SQL: select * from shop_type where type_id = 1 [ RunTime:0.0006s ]
INFO: [ view_parse ] --START--
INFO: [ template_filter ] --START--
INFO: Run Behavior\ContentReplaceBehavior [ RunTime:0.000186s ]
INFO: [ template_filter ] --END-- [ RunTime:0.000393s ]
INFO: Run Behavior\ParseTemplateBehavior [ RunTime:0.012176s ]
INFO: [ view_parse ] --END-- [ RunTime:0.012365s ]
INFO: [ view_filter ] --START--
INFO: Run Behavior\WriteHtmlCacheBehavior [ RunTime:0.000858s ]
INFO: [ view_filter ] --END-- [ RunTime:0.001028s ]
INFO: [ app_end ] --START--
INFO: Run Behavior\ShowPageTraceBehavior [ RunTime:0.001186s ]
INFO: [ app_end ] --END-- [ RunTime:0.001397s ]

[ 2016-10-19T12:43:29+08:00 ] 127.0.0.1 /mz/index.php/admin/shoptypeattr/index.html
INFO: [ app_init ] --START--
INFO: Run Behavior\BuildLiteBehavior [ RunTime:0.000072s ]
INFO: [ app_init ] --END-- [ RunTime:0.001204s ]
INFO: [ app_begin ] --START--
INFO: Run Behavior\ReadHtmlCacheBehavior [ RunTime:0.001009s ]
INFO: [ app_begin ] --END-- [ RunTime:0.001303s ]
SQL: select * from shop_type_attr t1 left join shop_type t2 on t1.type_id = t2.type_id [ RunTime:0.0007s ]
SQL: select * from shop_type_attr t1 left join shop_type t2 on t1.type_id = t2.type_id limit 0,15 [ RunTime:0.0006s ]
INFO: [ view_parse ] --START--
INFO: [ template_filter ] --START--
INFO: Run Behavior\ContentReplaceBehavior [ RunTime:0.000270s ]
INFO: [ template_filter ] --END-- [ RunTime:0.000616s ]
INFO: Run Behavior\ParseTemplateBehavior [ RunTime:0.021479s ]
INFO: [ view_parse ] --END-- [ RunTime:0.021686s ]
INFO: [ view_filter ] --START--
INFO: Run Behavior\WriteHtmlCacheBehavior [ RunTime:0.000944s ]
INFO: [ view_filter ] --END-- [ RunTime:0.001117s ]
INFO: [ app_end ] --START--
INFO: Run Behavior\ShowPageTraceBehavior [ RunTime:0.001228s ]
INFO: [ app_end ] --END-- [ RunTime:0.001477s ]

[ 2016-10-19T12:43:29+08:00 ] 127.0.0.1 /mz/index.php/admin/shoptypeattr/index.html
INFO: [ app_init ] --START--
INFO: Run Behavior\BuildLiteBehavior [ RunTime:0.000066s ]
INFO: [ app_init ] --END-- [ RunTime:0.000983s ]
INFO: [ app_begin ] --START--
INFO: Run Behavior\ReadHtmlCacheBehavior [ RunTime:0.001251s ]
INFO: [ app_begin ] --END-- [ RunTime:0.001636s ]
SQL: select * from shop_type_attr t1 left join shop_type t2 on t1.type_id = t2.type_id [ RunTime:0.0007s ]
SQL: select * from shop_type_attr t1 left join shop_type t2 on t1.type_id = t2.type_id limit 0,15 [ RunTime:0.0007s ]
INFO: [ view_parse ] --START--
INFO: [ template_filter ] --START--
INFO: Run Behavior\ContentReplaceBehavior [ RunTime:0.000170s ]
INFO: [ template_filter ] --END-- [ RunTime:0.000394s ]
INFO: Run Behavior\ParseTemplateBehavior [ RunTime:0.020259s ]
INFO: [ view_parse ] --END-- [ RunTime:0.020537s ]
INFO: [ view_filter ] --START--
INFO: Run Behavior\WriteHtmlCacheBehavior [ RunTime:0.000977s ]
INFO: [ view_filter ] --END-- [ RunTime:0.001163s ]
INFO: [ app_end ] --START--
INFO: Run Behavior\ShowPageTraceBehavior [ RunTime:0.001890s ]
INFO: [ app_end ] --END-- [ RunTime:0.002197s ]

[ 2016-10-19T12:43:32+08:00 ] 127.0.0.1 /mz/index.php/admin/shoptypeattr/editattr/attr_id/17.html
INFO: [ app_init ] --START--
INFO: Run Behavior\BuildLiteBehavior [ RunTime:0.000041s ]
INFO: [ app_init ] --END-- [ RunTime:0.000894s ]
INFO: [ app_begin ] --START--
INFO: Run Behavior\ReadHtmlCacheBehavior [ RunTime:0.001003s ]
INFO: [ app_begin ] --END-- [ RunTime:0.001253s ]
SQL: select * from shop_type_attr where attr_id = '17' [ RunTime:0.0006s ]
SQL: select * from shop_type [ RunTime:0.0005s ]
INFO: [ view_parse ] --START--
INFO: [ template_filter ] --START--
INFO: Run Behavior\ContentReplaceBehavior [ RunTime:0.000143s ]
INFO: [ template_filter ] --END-- [ RunTime:0.000344s ]
INFO: Run Behavior\ParseTemplateBehavior [ RunTime:0.013018s ]
INFO: [ view_parse ] --END-- [ RunTime:0.013210s ]
INFO: [ view_filter ] --START--
INFO: Run Behavior\WriteHtmlCacheBehavior [ RunTime:0.000848s ]
INFO: [ view_filter ] --END-- [ RunTime:0.001020s ]
INFO: [ app_end ] --START--
INFO: Run Behavior\ShowPageTraceBehavior [ RunTime:0.001135s ]
INFO: [ app_end ] --END-- [ RunTime:0.001348s ]

[ 2016-10-19T12:43:34+08:00 ] 127.0.0.1 /mz/index.php/admin/shoptypeattr/index.html
INFO: [ app_init ] --START--
INFO: Run Behavior\BuildLiteBehavior [ RunTime:0.000041s ]
INFO: [ app_init ] --END-- [ RunTime:0.000732s ]
INFO: [ app_begin ] --START--
INFO: Run Behavior\ReadHtmlCacheBehavior [ RunTime:0.000729s ]
INFO: [ app_begin ] --END-- [ RunTime:0.000929s ]
SQL: select * from shop_type_attr t1 left join shop_type t2 on t1.type_id = t2.type_id [ RunTime:0.0007s ]
SQL: select * from shop_type_attr t1 left join shop_type t2 on t1.type_id = t2.type_id limit 0,15 [ RunTime:0.0008s ]
INFO: [ view_parse ] --START--
INFO: [ template_filter ] --START--
INFO: Run Behavior\ContentReplaceBehavior [ RunTime:0.000157s ]
INFO: [ template_filter ] --END-- [ RunTime:0.000363s ]
INFO: Run Behavior\ParseTemplateBehavior [ RunTime:0.018030s ]
INFO: [ view_parse ] --END-- [ RunTime:0.018301s ]
INFO: [ view_filter ] --START--
INFO: Run Behavior\WriteHtmlCacheBehavior [ RunTime:0.000914s ]
INFO: [ view_filter ] --END-- [ RunTime:0.001117s ]
INFO: [ app_end ] --START--
INFO: Run Behavior\ShowPageTraceBehavior [ RunTime:0.001394s ]
INFO: [ app_end ] --END-- [ RunTime:0.001708s ]

[ 2016-10-19T12:46:12+08:00 ] 127.0.0.1 /mz/index.php/admin/shopcate/index.html
INFO: [ app_init ] --START--
INFO: Run Behavior\BuildLiteBehavior [ RunTime:0.000043s ]
INFO: [ app_init ] --END-- [ RunTime:0.000840s ]
INFO: [ app_begin ] --START--
INFO: Run Behavior\ReadHtmlCacheBehavior [ RunTime:0.001903s ]
INFO: [ app_begin ] --END-- [ RunTime:0.002622s ]
SQL: select * from shop_category t1 left join shop_type t2 on t1.type_id = t2.type_id order by t1.sort asc [ RunTime:0.0006s ]
SQL: SHOW COLUMNS FROM `shop_type` [ RunTime:0.0058s ]
SQL: SELECT * FROM `shop_type`  [ RunTime:0.0005s ]
INFO: [ view_parse ] --START--
INFO: [ template_filter ] --START--
INFO: Run Behavior\ContentReplaceBehavior [ RunTime:0.000157s ]
INFO: [ template_filter ] --END-- [ RunTime:0.000364s ]
INFO: Run Behavior\ParseTemplateBehavior [ RunTime:0.014997s ]
INFO: [ view_parse ] --END-- [ RunTime:0.015202s ]
INFO: [ view_filter ] --START--
INFO: Run Behavior\WriteHtmlCacheBehavior [ RunTime:0.000682s ]
INFO: [ view_filter ] --END-- [ RunTime:0.000856s ]
INFO: [ app_end ] --START--
INFO: Run Behavior\ShowPageTraceBehavior [ RunTime:0.000932s ]
INFO: [ app_end ] --END-- [ RunTime:0.001112s ]

[ 2016-10-19T12:46:12+08:00 ] 127.0.0.1 /mz/index.php/admin/shopcate/index.html
INFO: [ app_init ] --START--
INFO: Run Behavior\BuildLiteBehavior [ RunTime:0.000044s ]
INFO: [ app_init ] --END-- [ RunTime:0.001154s ]
INFO: [ app_begin ] --START--
INFO: Run Behavior\ReadHtmlCacheBehavior [ RunTime:0.000905s ]
INFO: [ app_begin ] --END-- [ RunTime:0.001107s ]
SQL: select * from shop_category t1 left join shop_type t2 on t1.type_id = t2.type_id order by t1.sort asc [ RunTime:0.0006s ]
SQL: SHOW COLUMNS FROM `shop_type` [ RunTime:0.0039s ]
SQL: SELECT * FROM `shop_type`  [ RunTime:0.0003s ]
INFO: [ view_parse ] --START--
INFO: [ template_filter ] --START--
INFO: Run Behavior\ContentReplaceBehavior [ RunTime:0.000161s ]
INFO: [ template_filter ] --END-- [ RunTime:0.000375s ]
INFO: Run Behavior\ParseTemplateBehavior [ RunTime:0.016838s ]
INFO: [ view_parse ] --END-- [ RunTime:0.017045s ]
INFO: [ view_filter ] --START--
INFO: Run Behavior\WriteHtmlCacheBehavior [ RunTime:0.000783s ]
INFO: [ view_filter ] --END-- [ RunTime:0.000958s ]
INFO: [ app_end ] --START--
INFO: Run Behavior\ShowPageTraceBehavior [ RunTime:0.001654s ]
INFO: [ app_end ] --END-- [ RunTime:0.002011s ]

[ 2016-10-19T12:46:28+08:00 ] 127.0.0.1 /mz/index.php/admin/shopcate/index.html
INFO: [ app_init ] --START--
INFO: Run Behavior\BuildLiteBehavior [ RunTime:0.000040s ]
INFO: [ app_init ] --END-- [ RunTime:0.000837s ]
INFO: [ app_begin ] --START--
INFO: Run Behavior\ReadHtmlCacheBehavior [ RunTime:0.000868s ]
INFO: [ app_begin ] --END-- [ RunTime:0.001050s ]
SQL: select * from shop_category t1 left join shop_type t2 on t1.type_id = t2.type_id order by t1.sort asc [ RunTime:0.0008s ]
SQL: SHOW COLUMNS FROM `shop_type` [ RunTime:0.0041s ]
SQL: SELECT * FROM `shop_type`  [ RunTime:0.0005s ]
INFO: [ view_parse ] --START--
INFO: [ template_filter ] --START--
INFO: Run Behavior\ContentReplaceBehavior [ RunTime:0.000298s ]
INFO: [ template_filter ] --END-- [ RunTime:0.000521s ]
INFO: Run Behavior\ParseTemplateBehavior [ RunTime:0.015742s ]
INFO: [ view_parse ] --END-- [ RunTime:0.016043s ]
INFO: [ view_filter ] --START--
INFO: Run Behavior\WriteHtmlCacheBehavior [ RunTime:0.000843s ]
INFO: [ view_filter ] --END-- [ RunTime:0.001016s ]
INFO: [ app_end ] --START--
INFO: Run Behavior\ShowPageTraceBehavior [ RunTime:0.001175s ]
INFO: [ app_end ] --END-- [ RunTime:0.001384s ]

[ 2016-10-19T12:46:29+08:00 ] 127.0.0.1 /mz/index.php/admin/shop/index.html
INFO: [ app_init ] --START--
INFO: Run Behavior\BuildLiteBehavior [ RunTime:0.000041s ]
INFO: [ app_init ] --END-- [ RunTime:0.000742s ]
INFO: [ app_begin ] --START--
INFO: Run Behavior\ReadHtmlCacheBehavior [ RunTime:0.000864s ]
INFO: [ app_begin ] --END-- [ RunTime:0.001126s ]
NOTIC: [8] Undefined index: cid F:\wamp\www\mz\meizu\Admin\Controller\ShopController.class.php 第 11 行.
SQL: select * from shop_goods t1 left join shop_category t2 on t1.cate_id = t2.cid order by  good_id desc [ RunTime:0.0015s ]
SQL: select * from shop_goods t1 left join shop_category t2 on t1.cate_id = t2.cid order by  good_id desc limit 0,5 [ RunTime:0.0006s ]
SQL: select count(good_listid) count from shop_goods_list where good_id='68' [ RunTime:0.0189s ]
SQL: select count(good_listid) count from shop_goods_list where good_id='67' [ RunTime:0.0005s ]
SQL: select count(good_listid) count from shop_goods_list where good_id='66' [ RunTime:0.0003s ]
SQL: select count(good_listid) count from shop_goods_list where good_id='65' [ RunTime:0.0003s ]
SQL: select count(good_listid) count from shop_goods_list where good_id='64' [ RunTime:0.0003s ]
SQL: select * from shop_category t1 left join shop_type t2 on t1.type_id = t2.type_id order by t1.sort asc [ RunTime:0.0004s ]
INFO: [ view_parse ] --START--
INFO: [ template_filter ] --START--
INFO: Run Behavior\ContentReplaceBehavior [ RunTime:0.000351s ]
INFO: [ template_filter ] --END-- [ RunTime:0.000714s ]
NOTIC: [8] Undefined index: cid F:\wamp\www\mz\meizu\Runtime\Cache\Admin\8595ca944caee70229fd2a300294a1fd.php 第 145 行.
NOTIC: [8] Undefined index: cid F:\wamp\www\mz\meizu\Runtime\Cache\Admin\8595ca944caee70229fd2a300294a1fd.php 第 145 行.
NOTIC: [8] Undefined index: cid F:\wamp\www\mz\meizu\Runtime\Cache\Admin\8595ca944caee70229fd2a300294a1fd.php 第 145 行.
NOTIC: [8] Undefined index: cid F:\wamp\www\mz\meizu\Runtime\Cache\Admin\8595ca944caee70229fd2a300294a1fd.php 第 145 行.
NOTIC: [8] Undefined index: cid F:\wamp\www\mz\meizu\Runtime\Cache\Admin\8595ca944caee70229fd2a300294a1fd.php 第 145 行.
NOTIC: [8] Undefined index: cid F:\wamp\www\mz\meizu\Runtime\Cache\Admin\8595ca944caee70229fd2a300294a1fd.php 第 145 行.
NOTIC: [8] Undefined index: cid F:\wamp\www\mz\meizu\Runtime\Cache\Admin\8595ca944caee70229fd2a300294a1fd.php 第 145 行.
NOTIC: [8] Undefined index: cid F:\wamp\www\mz\meizu\Runtime\Cache\Admin\8595ca944caee70229fd2a300294a1fd.php 第 145 行.
NOTIC: [8] Undefined index: cid F:\wamp\www\mz\meizu\Runtime\Cache\Admin\8595ca944caee70229fd2a300294a1fd.php 第 145 行.
NOTIC: [8] A non well formed numeric value encountered F:\wamp\www\mz\meizu\Runtime\Cache\Admin\8595ca944caee70229fd2a300294a1fd.php 第 170 行.
NOTIC: [8] A non well formed numeric value encountered F:\wamp\www\mz\meizu\Runtime\Cache\Admin\8595ca944caee70229fd2a300294a1fd.php 第 170 行.
NOTIC: [8] A non well formed numeric value encountered F:\wamp\www\mz\meizu\Runtime\Cache\Admin\8595ca944caee70229fd2a300294a1fd.php 第 170 行.
NOTIC: [8] A non well formed numeric value encountered F:\wamp\www\mz\meizu\Runtime\Cache\Admin\8595ca944caee70229fd2a300294a1fd.php 第 170 行.
NOTIC: [8] A non well formed numeric value encountered F:\wamp\www\mz\meizu\Runtime\Cache\Admin\8595ca944caee70229fd2a300294a1fd.php 第 170 行.
INFO: Run Behavior\ParseTemplateBehavior [ RunTime:0.027173s ]
INFO: [ view_parse ] --END-- [ RunTime:0.027431s ]
INFO: [ view_filter ] --START--
INFO: Run Behavior\WriteHtmlCacheBehavior [ RunTime:0.000929s ]
INFO: [ view_filter ] --END-- [ RunTime:0.001188s ]
INFO: [ app_end ] --START--
INFO: Run Behavior\ShowPageTraceBehavior [ RunTime:0.001160s ]
INFO: [ app_end ] --END-- [ RunTime:0.001468s ]

[ 2016-10-19T12:46:29+08:00 ] 127.0.0.1 /mz/index.php/admin/shop/index.html
INFO: [ app_init ] --START--
INFO: Run Behavior\BuildLiteBehavior [ RunTime:0.000104s ]
INFO: [ app_init ] --END-- [ RunTime:0.001260s ]
INFO: [ app_begin ] --START--
INFO: Run Behavior\ReadHtmlCacheBehavior [ RunTime:0.001076s ]
INFO: [ app_begin ] --END-- [ RunTime:0.001437s ]
NOTIC: [8] Undefined index: cid F:\wamp\www\mz\meizu\Admin\Controller\ShopController.class.php 第 11 行.
SQL: select * from shop_goods t1 left join shop_category t2 on t1.cate_id = t2.cid order by  good_id desc [ RunTime:0.0015s ]
SQL: select * from shop_goods t1 left join shop_category t2 on t1.cate_id = t2.cid order by  good_id desc limit 0,5 [ RunTime:0.0008s ]
SQL: select count(good_listid) count from shop_goods_list where good_id='68' [ RunTime:0.0007s ]
SQL: select count(good_listid) count from shop_goods_list where good_id='67' [ RunTime:0.0006s ]
SQL: select count(good_listid) count from shop_goods_list where good_id='66' [ RunTime:0.0004s ]
SQL: select count(good_listid) count from shop_goods_list where good_id='65' [ RunTime:0.0004s ]
SQL: select count(good_listid) count from shop_goods_list where good_id='64' [ RunTime:0.0004s ]
SQL: select * from shop_category t1 left join shop_type t2 on t1.type_id = t2.type_id order by t1.sort asc [ RunTime:0.0005s ]
INFO: [ view_parse ] --START--
INFO: [ template_filter ] --START--
INFO: Run Behavior\ContentReplaceBehavior [ RunTime:0.000379s ]
INFO: [ template_filter ] --END-- [ RunTime:0.000801s ]
NOTIC: [8] Undefined index: cid F:\wamp\www\mz\meizu\Runtime\Cache\Admin\8595ca944caee70229fd2a300294a1fd.php 第 145 行.
NOTIC: [8] Undefined index: cid F:\wamp\www\mz\meizu\Runtime\Cache\Admin\8595ca944caee70229fd2a300294a1fd.php 第 145 行.
NOTIC: [8] Undefined index: cid F:\wamp\www\mz\meizu\Runtime\Cache\Admin\8595ca944caee70229fd2a300294a1fd.php 第 145 行.
NOTIC: [8] Undefined index: cid F:\wamp\www\mz\meizu\Runtime\Cache\Admin\8595ca944caee70229fd2a300294a1fd.php 第 145 行.
NOTIC: [8] Undefined index: cid F:\wamp\www\mz\meizu\Runtime\Cache\Admin\8595ca944caee70229fd2a300294a1fd.php 第 145 行.
NOTIC: [8] Undefined index: cid F:\wamp\www\mz\meizu\Runtime\Cache\Admin\8595ca944caee70229fd2a300294a1fd.php 第 145 行.
NOTIC: [8] Undefined index: cid F:\wamp\www\mz\meizu\Runtime\Cache\Admin\8595ca944caee70229fd2a300294a1fd.php 第 145 行.
NOTIC: [8] Undefined index: cid F:\wamp\www\mz\meizu\Runtime\Cache\Admin\8595ca944caee70229fd2a300294a1fd.php 第 145 行.
NOTIC: [8] Undefined index: cid F:\wamp\www\mz\meizu\Runtime\Cache\Admin\8595ca944caee70229fd2a300294a1fd.php 第 145 行.
NOTIC: [8] A non well formed numeric value encountered F:\wamp\www\mz\meizu\Runtime\Cache\Admin\8595ca944caee70229fd2a300294a1fd.php 第 170 行.
NOTIC: [8] A non well formed numeric value encountered F:\wamp\www\mz\meizu\Runtime\Cache\Admin\8595ca944caee70229fd2a300294a1fd.php 第 170 行.
NOTIC: [8] A non well formed numeric value encountered F:\wamp\www\mz\meizu\Runtime\Cache\Admin\8595ca944caee70229fd2a300294a1fd.php 第 170 行.
NOTIC: [8] A non well formed numeric value encountered F:\wamp\www\mz\meizu\Runtime\Cache\Admin\8595ca944caee70229fd2a300294a1fd.php 第 170 行.
NOTIC: [8] A non well formed numeric value encountered F:\wamp\www\mz\meizu\Runtime\Cache\Admin\8595ca944caee70229fd2a300294a1fd.php 第 170 行.
INFO: Run Behavior\ParseTemplateBehavior [ RunTime:0.030976s ]
INFO: [ view_parse ] --END-- [ RunTime:0.031284s ]
INFO: [ view_filter ] --START--
INFO: Run Behavior\WriteHtmlCacheBehavior [ RunTime:0.001096s ]
INFO: [ view_filter ] --END-- [ RunTime:0.001403s ]
INFO: [ app_end ] --START--
INFO: Run Behavior\ShowPageTraceBehavior [ RunTime:0.001645s ]
INFO: [ app_end ] --END-- [ RunTime:0.002285s ]

[ 2016-10-19T12:46:34+08:00 ] 127.0.0.1 /mz/index.php/admin/shop/shopskulist/good_id/68/type_id/7.html
INFO: [ app_init ] --START--
INFO: Run Behavior\BuildLiteBehavior [ RunTime:0.000040s ]
INFO: [ app_init ] --END-- [ RunTime:0.000830s ]
INFO: [ app_begin ] --START--
INFO: Run Behavior\ReadHtmlCacheBehavior [ RunTime:0.000880s ]
INFO: [ app_begin ] --END-- [ RunTime:0.001065s ]
SQL: select t1.*,t2.ispublish,t2.good_name,t2.create_time from shop_goods_list t1 left join shop_goods t2 on t1.good_id = t2.good_id where t1.good_id = 68 [ RunTime:0.0009s ]
SQL: select  good_attr_value from  shop_goods_attr where good_attr_id = 152 [ RunTime:0.0004s ]
NOTIC: [8] Undefined index: sku_detail F:\wamp\www\mz\meizu\Admin\Controller\ShopController.class.php 第 308 行.
SQL: select  good_attr_value from  shop_goods_attr where good_attr_id = 153 [ RunTime:0.0005s ]
NOTIC: [8] Undefined index: sku_detail F:\wamp\www\mz\meizu\Admin\Controller\ShopController.class.php 第 308 行.
SQL: select  good_attr_value from  shop_goods_attr where good_attr_id = 154 [ RunTime:0.0004s ]
NOTIC: [8] Undefined index: sku_detail F:\wamp\www\mz\meizu\Admin\Controller\ShopController.class.php 第 308 行.
SQL: select  good_attr_value from  shop_goods_attr where good_attr_id = 155 [ RunTime:0.0004s ]
NOTIC: [8] Undefined index: sku_detail F:\wamp\www\mz\meizu\Admin\Controller\ShopController.class.php 第 308 行.
SQL: select  good_attr_value from  shop_goods_attr where good_attr_id = 156 [ RunTime:0.0004s ]
NOTIC: [8] Undefined index: sku_detail F:\wamp\www\mz\meizu\Admin\Controller\ShopController.class.php 第 308 行.
SQL: select  good_attr_value from  shop_goods_attr where good_attr_id = 157 [ RunTime:0.0005s ]
NOTIC: [8] Undefined index: sku_detail F:\wamp\www\mz\meizu\Admin\Controller\ShopController.class.php 第 308 行.
SQL: select  good_attr_value from  shop_goods_attr where good_attr_id = 158 [ RunTime:0.0005s ]
NOTIC: [8] Undefined index: sku_detail F:\wamp\www\mz\meizu\Admin\Controller\ShopController.class.php 第 308 行.
SQL: select  good_attr_value from  shop_goods_attr where good_attr_id = 159 [ RunTime:0.0003s ]
NOTIC: [8] Undefined index: sku_detail F:\wamp\www\mz\meizu\Admin\Controller\ShopController.class.php 第 308 行.
INFO: [ view_parse ] --START--
INFO: [ template_filter ] --START--
INFO: Run Behavior\ContentReplaceBehavior [ RunTime:0.000176s ]
INFO: [ template_filter ] --END-- [ RunTime:0.000385s ]
INFO: Run Behavior\ParseTemplateBehavior [ RunTime:0.020117s ]
INFO: [ view_parse ] --END-- [ RunTime:0.020402s ]
INFO: [ view_filter ] --START--
INFO: Run Behavior\WriteHtmlCacheBehavior [ RunTime:0.001096s ]
INFO: [ view_filter ] --END-- [ RunTime:0.001325s ]
INFO: [ app_end ] --START--
INFO: Run Behavior\ShowPageTraceBehavior [ RunTime:0.001177s ]
INFO: [ app_end ] --END-- [ RunTime:0.001397s ]

[ 2016-10-19T12:46:42+08:00 ] 127.0.0.1 /mz/index.php/admin/shop/index.html
INFO: [ app_init ] --START--
INFO: Run Behavior\BuildLiteBehavior [ RunTime:0.000042s ]
INFO: [ app_init ] --END-- [ RunTime:0.000814s ]
INFO: [ app_begin ] --START--
INFO: Run Behavior\ReadHtmlCacheBehavior [ RunTime:0.000825s ]
INFO: [ app_begin ] --END-- [ RunTime:0.001006s ]
NOTIC: [8] Undefined index: cid F:\wamp\www\mz\meizu\Admin\Controller\ShopController.class.php 第 11 行.
SQL: select * from shop_goods t1 left join shop_category t2 on t1.cate_id = t2.cid order by  good_id desc [ RunTime:0.0014s ]
SQL: select * from shop_goods t1 left join shop_category t2 on t1.cate_id = t2.cid order by  good_id desc limit 0,5 [ RunTime:0.0007s ]
SQL: select count(good_listid) count from shop_goods_list where good_id='68' [ RunTime:0.0005s ]
SQL: select count(good_listid) count from shop_goods_list where good_id='67' [ RunTime:0.0004s ]
SQL: select count(good_listid) count from shop_goods_list where good_id='66' [ RunTime:0.0005s ]
SQL: select count(good_listid) count from shop_goods_list where good_id='65' [ RunTime:0.0005s ]
SQL: select count(good_listid) count from shop_goods_list where good_id='64' [ RunTime:0.0005s ]
SQL: select * from shop_category t1 left join shop_type t2 on t1.type_id = t2.type_id order by t1.sort asc [ RunTime:0.0005s ]
INFO: [ view_parse ] --START--
INFO: [ template_filter ] --START--
INFO: Run Behavior\ContentReplaceBehavior [ RunTime:0.000225s ]
INFO: [ template_filter ] --END-- [ RunTime:0.000505s ]
NOTIC: [8] Undefined index: cid F:\wamp\www\mz\meizu\Runtime\Cache\Admin\8595ca944caee70229fd2a300294a1fd.php 第 145 行.
NOTIC: [8] Undefined index: cid F:\wamp\www\mz\meizu\Runtime\Cache\Admin\8595ca944caee70229fd2a300294a1fd.php 第 145 行.
NOTIC: [8] Undefined index: cid F:\wamp\www\mz\meizu\Runtime\Cache\Admin\8595ca944caee70229fd2a300294a1fd.php 第 145 行.
NOTIC: [8] Undefined index: cid F:\wamp\www\mz\meizu\Runtime\Cache\Admin\8595ca944caee70229fd2a300294a1fd.php 第 145 行.
NOTIC: [8] Undefined index: cid F:\wamp\www\mz\meizu\Runtime\Cache\Admin\8595ca944caee70229fd2a300294a1fd.php 第 145 行.
NOTIC: [8] Undefined index: cid F:\wamp\www\mz\meizu\Runtime\Cache\Admin\8595ca944caee70229fd2a300294a1fd.php 第 145 行.
NOTIC: [8] Undefined index: cid F:\wamp\www\mz\meizu\Runtime\Cache\Admin\8595ca944caee70229fd2a300294a1fd.php 第 145 行.
NOTIC: [8] Undefined index: cid F:\wamp\www\mz\meizu\Runtime\Cache\Admin\8595ca944caee70229fd2a300294a1fd.php 第 145 行.
NOTIC: [8] Undefined index: cid F:\wamp\www\mz\meizu\Runtime\Cache\Admin\8595ca944caee70229fd2a300294a1fd.php 第 145 行.
NOTIC: [8] A non well formed numeric value encountered F:\wamp\www\mz\meizu\Runtime\Cache\Admin\8595ca944caee70229fd2a300294a1fd.php 第 170 行.
NOTIC: [8] A non well formed numeric value encountered F:\wamp\www\mz\meizu\Runtime\Cache\Admin\8595ca944caee70229fd2a300294a1fd.php 第 170 行.
NOTIC: [8] A non well formed numeric value encountered F:\wamp\www\mz\meizu\Runtime\Cache\Admin\8595ca944caee70229fd2a300294a1fd.php 第 170 行.
NOTIC: [8] A non well formed numeric value encountered F:\wamp\www\mz\meizu\Runtime\Cache\Admin\8595ca944caee70229fd2a300294a1fd.php 第 170 行.
NOTIC: [8] A non well formed numeric value encountered F:\wamp\www\mz\meizu\Runtime\Cache\Admin\8595ca944caee70229fd2a300294a1fd.php 第 170 行.
INFO: Run Behavior\ParseTemplateBehavior [ RunTime:0.024539s ]
INFO: [ view_parse ] --END-- [ RunTime:0.024790s ]
INFO: [ view_filter ] --START--
INFO: Run Behavior\WriteHtmlCacheBehavior [ RunTime:0.001004s ]
INFO: [ view_filter ] --END-- [ RunTime:0.001182s ]
INFO: [ app_end ] --START--
INFO: Run Behavior\ShowPageTraceBehavior [ RunTime:0.001182s ]
INFO: [ app_end ] --END-- [ RunTime:0.001452s ]

[ 2016-10-19T12:46:45+08:00 ] 127.0.0.1 /mz/index.php/Admin/Shop/index/p/8.html
INFO: [ app_init ] --START--
INFO: Run Behavior\BuildLiteBehavior [ RunTime:0.000041s ]
INFO: [ app_init ] --END-- [ RunTime:0.000816s ]
INFO: [ app_begin ] --START--
INFO: Run Behavior\ReadHtmlCacheBehavior [ RunTime:0.000805s ]
INFO: [ app_begin ] --END-- [ RunTime:0.000979s ]
NOTIC: [8] Undefined index: cid F:\wamp\www\mz\meizu\Admin\Controller\ShopController.class.php 第 11 行.
SQL: select * from shop_goods t1 left join shop_category t2 on t1.cate_id = t2.cid order by  good_id desc [ RunTime:0.0014s ]
SQL: select * from shop_goods t1 left join shop_category t2 on t1.cate_id = t2.cid order by  good_id desc limit 35,5 [ RunTime:0.0013s ]
SQL: select count(good_listid) count from shop_goods_list where good_id='27' [ RunTime:0.0006s ]
SQL: select count(good_listid) count from shop_goods_list where good_id='26' [ RunTime:0.0006s ]
SQL: select count(good_listid) count from shop_goods_list where good_id='25' [ RunTime:0.0004s ]
SQL: select count(good_listid) count from shop_goods_list where good_id='24' [ RunTime:0.0005s ]
SQL: select * from shop_category t1 left join shop_type t2 on t1.type_id = t2.type_id order by t1.sort asc [ RunTime:0.0006s ]
INFO: [ view_parse ] --START--
INFO: [ template_filter ] --START--
INFO: Run Behavior\ContentReplaceBehavior [ RunTime:0.064256s ]
INFO: [ template_filter ] --END-- [ RunTime:0.064565s ]
NOTIC: [8] Undefined index: cid F:\wamp\www\mz\meizu\Runtime\Cache\Admin\8595ca944caee70229fd2a300294a1fd.php 第 145 行.
NOTIC: [8] Undefined index: cid F:\wamp\www\mz\meizu\Runtime\Cache\Admin\8595ca944caee70229fd2a300294a1fd.php 第 145 行.
NOTIC: [8] Undefined index: cid F:\wamp\www\mz\meizu\Runtime\Cache\Admin\8595ca944caee70229fd2a300294a1fd.php 第 145 行.
NOTIC: [8] Undefined index: cid F:\wamp\www\mz\meizu\Runtime\Cache\Admin\8595ca944caee70229fd2a300294a1fd.php 第 145 行.
NOTIC: [8] Undefined index: cid F:\wamp\www\mz\meizu\Runtime\Cache\Admin\8595ca944caee70229fd2a300294a1fd.php 第 145 行.
NOTIC: [8] Undefined index: cid F:\wamp\www\mz\meizu\Runtime\Cache\Admin\8595ca944caee70229fd2a300294a1fd.php 第 145 行.
NOTIC: [8] Undefined index: cid F:\wamp\www\mz\meizu\Runtime\Cache\Admin\8595ca944caee70229fd2a300294a1fd.php 第 145 行.
NOTIC: [8] Undefined index: cid F:\wamp\www\mz\meizu\Runtime\Cache\Admin\8595ca944caee70229fd2a300294a1fd.php 第 145 行.
NOTIC: [8] Undefined index: cid F:\wamp\www\mz\meizu\Runtime\Cache\Admin\8595ca944caee70229fd2a300294a1fd.php 第 145 行.
NOTIC: [8] A non well formed numeric value encountered F:\wamp\www\mz\meizu\Runtime\Cache\Admin\8595ca944caee70229fd2a300294a1fd.php 第 170 行.
NOTIC: [8] A non well formed numeric value encountered F:\wamp\www\mz\meizu\Runtime\Cache\Admin\8595ca944caee70229fd2a300294a1fd.php 第 170 行.
NOTIC: [8] A non well formed numeric value encountered F:\wamp\www\mz\meizu\Runtime\Cache\Admin\8595ca944caee70229fd2a300294a1fd.php 第 170 行.
NOTIC: [8] A non well formed numeric value encountered F:\wamp\www\mz\meizu\Runtime\Cache\Admin\8595ca944caee70229fd2a300294a1fd.php 第 170 行.
INFO: Run Behavior\ParseTemplateBehavior [ RunTime:0.087643s ]
INFO: [ view_parse ] --END-- [ RunTime:0.087832s ]
INFO: [ view_filter ] --START--
INFO: Run Behavior\WriteHtmlCacheBehavior [ RunTime:0.000918s ]
INFO: [ view_filter ] --END-- [ RunTime:0.001088s ]
INFO: [ app_end ] --START--
INFO: Run Behavior\ShowPageTraceBehavior [ RunTime:0.001220s ]
INFO: [ app_end ] --END-- [ RunTime:0.001494s ]

[ 2016-10-19T12:46:49+08:00 ] 127.0.0.1 /mz/index.php/admin/shop/shopskulist/good_id/27/type_id/1.html
INFO: [ app_init ] --START--
INFO: Run Behavior\BuildLiteBehavior [ RunTime:0.000040s ]
INFO: [ app_init ] --END-- [ RunTime:0.000965s ]
INFO: [ app_begin ] --START--
INFO: Run Behavior\ReadHtmlCacheBehavior [ RunTime:0.000780s ]
INFO: [ app_begin ] --END-- [ RunTime:0.000966s ]
SQL: select t1.*,t2.ispublish,t2.good_name,t2.create_time from shop_goods_list t1 left join shop_goods t2 on t1.good_id = t2.good_id where t1.good_id = 27 [ RunTime:0.0010s ]
SQL: select  good_attr_value from  shop_goods_attr where good_attr_id = 19 [ RunTime:0.0005s ]
NOTIC: [8] Undefined index: sku_detail F:\wamp\www\mz\meizu\Admin\Controller\ShopController.class.php 第 308 行.
SQL: select  good_attr_value from  shop_goods_attr where good_attr_id = 20 [ RunTime:0.0003s ]
SQL: select  good_attr_value from  shop_goods_attr where good_attr_id = 21 [ RunTime:0.0004s ]
SQL: select  good_attr_value from  shop_goods_attr where good_attr_id = 19 [ RunTime:0.0004s ]
NOTIC: [8] Undefined index: sku_detail F:\wamp\www\mz\meizu\Admin\Controller\ShopController.class.php 第 308 行.
SQL: select  good_attr_value from  shop_goods_attr where good_attr_id = 20 [ RunTime:0.0005s ]
SQL: select  good_attr_value from  shop_goods_attr where good_attr_id = 22 [ RunTime:0.0004s ]
SQL: select  good_attr_value from  shop_goods_attr where good_attr_id = 19 [ RunTime:0.0004s ]
NOTIC: [8] Undefined index: sku_detail F:\wamp\www\mz\meizu\Admin\Controller\ShopController.class.php 第 308 行.
SQL: select  good_attr_value from  shop_goods_attr where good_attr_id = 20 [ RunTime:0.0004s ]
SQL: select  good_attr_value from  shop_goods_attr where good_attr_id = 23 [ RunTime:0.0004s ]
INFO: [ view_parse ] --START--
INFO: [ template_filter ] --START--
INFO: Run Behavior\ContentReplaceBehavior [ RunTime:0.000174s ]
INFO: [ template_filter ] --END-- [ RunTime:0.000385s ]
INFO: Run Behavior\ParseTemplateBehavior [ RunTime:0.016690s ]
INFO: [ view_parse ] --END-- [ RunTime:0.016947s ]
INFO: [ view_filter ] --START--
INFO: Run Behavior\WriteHtmlCacheBehavior [ RunTime:0.000916s ]
INFO: [ view_filter ] --END-- [ RunTime:0.001084s ]
INFO: [ app_end ] --START--
INFO: Run Behavior\ShowPageTraceBehavior [ RunTime:0.001402s ]
INFO: [ app_end ] --END-- [ RunTime:0.001612s ]

